2026-03-29 18:51:27,391 [INFO] 로그 파일: /mnt/yoonju/SC/output/train_ppo/20260329_185123/run.log
2026-03-29 18:51:36,464 [INFO] Generator 로드 중: /mnt/yoonju/SC/checkpoints/sft/20260322_202515/epoch3
2026-03-29 18:51:36,705 [INFO] config.vocab_size(152064) != 체크포인트 가중치 크기(151668), config 패치 후 로드
2026-03-29 18:51:42,691 [INFO] Generator 로드 중: /mnt/yoonju/SC/checkpoints/sft/20260322_202515/epoch3
2026-03-29 18:51:42,946 [INFO] config.vocab_size(152064) != 체크포인트 가중치 크기(151668), config 패치 후 로드
2026-03-29 18:51:50,348 [INFO] PPOTrainer 초기화 완료 (cuda:4)  training → /mnt/yoonju/SC/output/train_ppo/20260329_185123/training.jsonl
2026-03-29 18:51:50,373 [INFO] 문제 16000개  |  ts=20260329_185123
2026-03-29 18:51:50,373 [INFO]   rollout  → /mnt/yoonju/SC/output/train_ppo/20260329_185123/rollouts_worker_0.jsonl
2026-03-29 18:51:50,373 [INFO]   rollout  → /mnt/yoonju/SC/output/train_ppo/20260329_185123/rollouts_worker_1.jsonl
2026-03-29 18:51:50,373 [INFO]   rollout  → /mnt/yoonju/SC/output/train_ppo/20260329_185123/rollouts_worker_2.jsonl
2026-03-29 18:51:50,373 [INFO]   rollout  → /mnt/yoonju/SC/output/train_ppo/20260329_185123/rollouts_worker_3.jsonl
2026-03-29 18:51:50,373 [INFO]   training → /mnt/yoonju/SC/output/train_ppo/20260329_185123/training.jsonl
2026-03-29 19:06:44,672 [INFO] [iter    0]  generated=512  ppo_usable=512/512  timeout=0  correct=63  boxed=161  total_ppo=512
2026-03-29 19:06:50,122 [WARNING] [update] seq_len=2438 > MAX_SEQ_LEN=2048, skip step
2026-03-29 19:06:51,613 [WARNING] [update] seq_len=2119 > MAX_SEQ_LEN=2048, skip step
2026-03-29 19:06:51,615 [WARNING] [update] seq_len=2134 > MAX_SEQ_LEN=2048, skip step
2026-03-29 19:10:34,146 [INFO]            PPO → loss=0.0581  pg=0.0581  kl=0.000000  entropy=0.4249
2026-03-29 19:13:10,260 [INFO]            ckpt → /mnt/yoonju/SC/checkpoints/ppo/20260329_185123/iter_0000
2026-03-29 19:28:01,480 [INFO] [iter    1]  generated=512  ppo_usable=512/512  timeout=0  correct=67  boxed=161  total_ppo=1024
2026-03-29 19:28:16,878 [WARNING] [update] seq_len=2077 > MAX_SEQ_LEN=2048, skip step
2026-03-29 19:28:16,879 [WARNING] [update] seq_len=2091 > MAX_SEQ_LEN=2048, skip step
2026-03-29 19:31:49,584 [INFO]            PPO → loss=0.0810  pg=0.0810  kl=-0.000359  entropy=0.3722
2026-03-29 19:34:06,527 [INFO]            ckpt → /mnt/yoonju/SC/checkpoints/ppo/20260329_185123/iter_0001
2026-03-29 19:48:31,395 [INFO] [iter    2]  generated=512  ppo_usable=512/512  timeout=0  correct=62  boxed=162  total_ppo=1536
2026-03-29 19:50:36,068 [WARNING] [update] seq_len=2338 > MAX_SEQ_LEN=2048, skip step
2026-03-29 19:50:36,070 [WARNING] [update] seq_len=2356 > MAX_SEQ_LEN=2048, skip step
2026-03-29 19:52:24,456 [INFO]            PPO → loss=0.0605  pg=0.0605  kl=-0.000632  entropy=0.3950
2026-03-29 19:54:51,361 [INFO]            ckpt → /mnt/yoonju/SC/checkpoints/ppo/20260329_185123/iter_0002
2026-03-29 20:09:59,945 [INFO] [iter    3]  generated=512  ppo_usable=512/512  timeout=0  correct=74  boxed=167  total_ppo=2048
2026-03-29 20:10:51,231 [WARNING] [update] seq_len=2115 > MAX_SEQ_LEN=2048, skip step
2026-03-29 20:13:57,062 [INFO]            PPO → loss=0.0681  pg=0.0681  kl=-0.001107  entropy=0.3990
2026-03-29 20:16:24,560 [INFO]            ckpt → /mnt/yoonju/SC/checkpoints/ppo/20260329_185123/iter_0003
2026-03-29 20:30:05,840 [INFO] [iter    4]  generated=512  ppo_usable=512/512  timeout=0  correct=59  boxed=154  total_ppo=2560
2026-03-29 20:33:55,254 [INFO]            PPO → loss=0.0430  pg=0.0430  kl=-0.001043  entropy=0.3488
2026-03-29 20:36:31,110 [INFO]            ckpt → /mnt/yoonju/SC/checkpoints/ppo/20260329_185123/iter_0004
2026-03-29 20:50:39,190 [INFO] [iter    5]  generated=512  ppo_usable=512/512  timeout=0  correct=74  boxed=169  total_ppo=3072
2026-03-29 20:54:26,681 [INFO]            PPO → loss=0.0516  pg=0.0516  kl=-0.001120  entropy=0.3171
2026-03-29 20:57:13,809 [INFO]            ckpt → /mnt/yoonju/SC/checkpoints/ppo/20260329_185123/iter_0005
2026-03-29 21:09:45,070 [INFO] [iter    6]  generated=512  ppo_usable=512/512  timeout=0  correct=76  boxed=183  total_ppo=3584
2026-03-29 21:10:01,004 [WARNING] [update] seq_len=2242 > MAX_SEQ_LEN=2048, skip step
2026-03-29 21:10:01,006 [WARNING] [update] seq_len=2758 > MAX_SEQ_LEN=2048, skip step
2026-03-29 21:10:01,006 [WARNING] [update] seq_len=3272 > MAX_SEQ_LEN=2048, skip step
2026-03-29 21:10:01,006 [WARNING] [update] seq_len=3288 > MAX_SEQ_LEN=2048, skip step
2026-03-29 21:13:38,194 [INFO]            PPO → loss=0.0237  pg=0.0237  kl=-0.001128  entropy=0.3402
2026-03-29 21:16:18,770 [INFO]            ckpt → /mnt/yoonju/SC/checkpoints/ppo/20260329_185123/iter_0006
2026-03-29 21:24:17,137 [INFO] [iter    7]  generated=512  ppo_usable=512/512  timeout=0  correct=58  boxed=173  total_ppo=4096
2026-03-29 21:24:45,668 [WARNING] [update] seq_len=2329 > MAX_SEQ_LEN=2048, skip step
2026-03-29 21:24:45,670 [WARNING] [update] seq_len=2845 > MAX_SEQ_LEN=2048, skip step
2026-03-29 21:24:45,670 [WARNING] [update] seq_len=2906 > MAX_SEQ_LEN=2048, skip step
2026-03-29 21:28:04,337 [INFO]            PPO → loss=-0.0034  pg=-0.0034  kl=-0.001122  entropy=0.3249
2026-03-29 21:30:24,547 [INFO]            ckpt → /mnt/yoonju/SC/checkpoints/ppo/20260329_185123/iter_0007
2026-03-29 21:37:56,432 [INFO] [iter    8]  generated=512  ppo_usable=512/512  timeout=0  correct=82  boxed=185  total_ppo=4608
2026-03-29 21:39:45,687 [WARNING] [update] seq_len=2225 > MAX_SEQ_LEN=2048, skip step
2026-03-29 21:39:45,688 [WARNING] [update] seq_len=2241 > MAX_SEQ_LEN=2048, skip step
2026-03-29 21:41:49,496 [INFO]            PPO → loss=0.0035  pg=0.0035  kl=-0.000942  entropy=0.2944
2026-03-29 21:43:59,682 [INFO]            ckpt → /mnt/yoonju/SC/checkpoints/ppo/20260329_185123/iter_0008
2026-03-29 21:51:21,070 [INFO] [iter    9]  generated=512  ppo_usable=512/512  timeout=0  correct=80  boxed=191  total_ppo=5120
2026-03-29 21:53:28,736 [WARNING] [update] seq_len=2337 > MAX_SEQ_LEN=2048, skip step
2026-03-29 21:53:28,738 [WARNING] [update] seq_len=2354 > MAX_SEQ_LEN=2048, skip step
2026-03-29 21:53:39,819 [WARNING] [update] seq_len=2308 > MAX_SEQ_LEN=2048, skip step
2026-03-29 21:53:39,821 [WARNING] [update] seq_len=2326 > MAX_SEQ_LEN=2048, skip step
2026-03-29 21:53:40,998 [WARNING] [update] seq_len=2645 > MAX_SEQ_LEN=2048, skip step
2026-03-29 21:54:41,530 [WARNING] [update] seq_len=2182 > MAX_SEQ_LEN=2048, skip step
2026-03-29 21:54:41,531 [WARNING] [update] seq_len=2200 > MAX_SEQ_LEN=2048, skip step
2026-03-29 21:55:05,933 [INFO]            PPO → loss=0.0172  pg=0.0172  kl=-0.001171  entropy=0.3102
2026-03-29 21:55:05,934 [INFO]            validation 시작 (MATH-500)...
2026-03-29 22:28:36,071 [INFO]            val accuracy=0.0000  (0/500)
2026-03-29 22:30:51,043 [INFO]            ckpt → /mnt/yoonju/SC/checkpoints/ppo/20260329_185123/iter_0009
2026-03-29 22:39:03,500 [INFO] [iter   10]  generated=512  ppo_usable=512/512  timeout=0  correct=67  boxed=174  total_ppo=5632
2026-03-29 22:42:09,726 [WARNING] [update] seq_len=2091 > MAX_SEQ_LEN=2048, skip step
2026-03-29 22:42:33,922 [WARNING] [update] seq_len=2393 > MAX_SEQ_LEN=2048, skip step
2026-03-29 22:42:33,924 [WARNING] [update] seq_len=2714 > MAX_SEQ_LEN=2048, skip step
2026-03-29 22:42:33,924 [WARNING] [update] seq_len=3230 > MAX_SEQ_LEN=2048, skip step
2026-03-29 22:42:33,925 [WARNING] [update] seq_len=3247 > MAX_SEQ_LEN=2048, skip step
2026-03-29 22:42:46,871 [INFO]            PPO → loss=0.0050  pg=0.0050  kl=-0.000731  entropy=0.2627
2026-03-29 22:45:03,479 [INFO]            ckpt → /mnt/yoonju/SC/checkpoints/ppo/20260329_185123/iter_0010
2026-03-29 22:52:56,416 [INFO] [iter   11]  generated=512  ppo_usable=512/512  timeout=0  correct=76  boxed=193  total_ppo=6144
2026-03-29 22:54:48,033 [WARNING] [update] seq_len=2153 > MAX_SEQ_LEN=2048, skip step
2026-03-29 22:54:48,035 [WARNING] [update] seq_len=2169 > MAX_SEQ_LEN=2048, skip step
2026-03-29 22:56:57,286 [INFO]            PPO → loss=0.0061  pg=0.0061  kl=-0.001060  entropy=0.3034
2026-03-29 22:59:37,355 [INFO]            ckpt → /mnt/yoonju/SC/checkpoints/ppo/20260329_185123/iter_0011
2026-03-29 23:06:53,825 [INFO] [iter   12]  generated=512  ppo_usable=512/512  timeout=0  correct=75  boxed=173  total_ppo=6656
2026-03-29 23:10:39,660 [INFO]            PPO → loss=0.0115  pg=0.0115  kl=-0.001323  entropy=0.3162
2026-03-29 23:13:07,480 [INFO]            ckpt → /mnt/yoonju/SC/checkpoints/ppo/20260329_185123/iter_0012
2026-03-29 23:20:27,502 [INFO] [iter   13]  generated=512  ppo_usable=512/512  timeout=0  correct=67  boxed=184  total_ppo=7168
2026-03-29 23:20:53,646 [WARNING] [update] seq_len=2266 > MAX_SEQ_LEN=2048, skip step
2026-03-29 23:20:53,648 [WARNING] [update] seq_len=2283 > MAX_SEQ_LEN=2048, skip step
2026-03-29 23:23:11,578 [WARNING] [update] seq_len=2254 > MAX_SEQ_LEN=2048, skip step
2026-03-29 23:24:15,407 [INFO]            PPO → loss=0.0083  pg=0.0083  kl=-0.001747  entropy=0.3459
2026-03-29 23:26:23,430 [INFO]            ckpt → /mnt/yoonju/SC/checkpoints/ppo/20260329_185123/iter_0013
2026-03-29 23:33:17,457 [INFO] [iter   14]  generated=512  ppo_usable=512/512  timeout=0  correct=79  boxed=185  total_ppo=7680
2026-03-29 23:37:01,718 [INFO]            PPO → loss=0.0037  pg=0.0037  kl=-0.001544  entropy=0.3146
2026-03-29 23:39:17,042 [INFO]            ckpt → /mnt/yoonju/SC/checkpoints/ppo/20260329_185123/iter_0014
2026-03-29 23:46:57,383 [INFO] [iter   15]  generated=512  ppo_usable=512/512  timeout=0  correct=62  boxed=162  total_ppo=8192
2026-03-29 23:49:13,597 [WARNING] [update] seq_len=2055 > MAX_SEQ_LEN=2048, skip step
2026-03-29 23:50:48,534 [INFO]            PPO → loss=0.0143  pg=0.0143  kl=-0.001255  entropy=0.3101
2026-03-29 23:52:54,323 [INFO]            ckpt → /mnt/yoonju/SC/checkpoints/ppo/20260329_185123/iter_0015
2026-03-29 23:59:52,567 [INFO] [iter   16]  generated=512  ppo_usable=512/512  timeout=0  correct=83  boxed=189  total_ppo=8704
2026-03-30 00:02:55,864 [WARNING] [update] seq_len=2102 > MAX_SEQ_LEN=2048, skip step
2026-03-30 00:02:55,866 [WARNING] [update] seq_len=2119 > MAX_SEQ_LEN=2048, skip step
2026-03-30 00:03:39,623 [INFO]            PPO → loss=0.0129  pg=0.0130  kl=-0.001393  entropy=0.3060
2026-03-30 00:05:46,583 [INFO]            ckpt → /mnt/yoonju/SC/checkpoints/ppo/20260329_185123/iter_0016
2026-03-30 00:06:07,032 [WARNING] socket.send() raised exception.
2026-03-30 00:06:07,033 [WARNING] socket.send() raised exception.
2026-03-30 00:06:07,034 [WARNING] socket.send() raised exception.
2026-03-30 00:06:07,034 [WARNING] socket.send() raised exception.
2026-03-30 00:06:07,034 [WARNING] socket.send() raised exception.
2026-03-30 00:06:07,034 [WARNING] socket.send() raised exception.
2026-03-30 00:06:07,034 [WARNING] socket.send() raised exception.
2026-03-30 00:06:07,034 [WARNING] socket.send() raised exception.
