2026-03-22 22:45:27,820 [INFO] 로그 파일: ../output/prototype/20260322_224527/run.log
2026-03-22 22:45:37,920 [INFO] [load_problems] 16000개 로드 (../datasets/deepmath_16k.parquet)
2026-03-22 22:45:38,221 [INFO] [load_math500] 500개 로드 (../datasets/math500.parquet)
2026-03-22 22:45:38,237 [INFO] Generator 로드 중: /mnt/yoonju/SC/checkpoints/sft/20260322_202515/epoch3
2026-03-22 22:45:50,215 [INFO] Generator 로드 완료.
2026-03-22 22:45:50,216 [INFO] Generator 로드 중: /mnt/yoonju/SC/checkpoints/sft/20260322_061039/epoch2
2026-03-22 22:45:50,499 [INFO]   스페셜 토큰 1개 추가됨: ['<|solve|>', '<|correct|>', '<|end|>']
2026-03-22 22:45:54,226 [INFO]   임베딩 리사이즈: 151668 vocab
2026-03-22 22:45:54,228 [INFO] Generator 로드 완료.
2026-03-22 22:45:55,704 [INFO] PPOTrainer 체크포인트 로드: /mnt/yoonju/SC/checkpoints/sft/20260322_202515/epoch3
2026-03-22 22:45:55,704 [INFO] PPOTrainer 초기화 완료 (cuda:4)  training → ../output/prototype/20260322_224527/training.jsonl
2026-03-22 22:45:55,733 [INFO] 문제 16000개  |  ts=20260322_224527
2026-03-22 22:45:55,734 [INFO]   rollout  → ../output/prototype/20260322_224527/rollouts_worker_0.jsonl
2026-03-22 22:45:55,734 [INFO]   rollout  → ../output/prototype/20260322_224527/rollouts_worker_1.jsonl
2026-03-22 22:45:55,735 [INFO]   rollout  → ../output/prototype/20260322_224527/rollouts_worker_2.jsonl
2026-03-22 22:45:55,735 [INFO]   rollout  → ../output/prototype/20260322_224527/rollouts_worker_3.jsonl
2026-03-22 22:45:55,736 [INFO]   training → ../output/prototype/20260322_224527/training.jsonl
2026-03-22 23:03:34,698 [INFO] [iter    0]  generated=80  ppo_usable=64/64  timeout=16  correct=12  boxed=24  total_ppo=64
2026-03-22 23:05:08,159 [INFO]            PPO → loss=470710.4466  pg=470710.4477  kl=-0.022008  entropy=0.9852
2026-03-22 23:05:08,160 [INFO]            validation 시작 (MATH-500)...
2026-03-22 23:17:34,932 [INFO] [validate_math500] accuracy=200/500 (40.0%)
2026-03-22 23:17:34,933 [INFO]            val accuracy=0.4000  (200/500)
2026-03-22 23:20:15,902 [INFO]            ckpt → /mnt/yoonju/SC/prototype/../checkpoints/prototype/20260322_224527/iter_0000
2026-03-22 23:28:38,042 [INFO] [iter    1]  generated=64  ppo_usable=64/64  timeout=0  correct=31  boxed=53  total_ppo=128
2026-03-22 23:29:16,956 [INFO]            PPO → loss=0.2088  pg=0.1708  kl=0.758938  entropy=0.5624
2026-03-22 23:29:16,957 [INFO]            validation 시작 (MATH-500)...
2026-03-22 23:43:28,240 [INFO] [validate_math500] accuracy=222/500 (44.4%)
2026-03-22 23:43:28,242 [INFO]            val accuracy=0.4440  (222/500)
2026-03-22 23:45:15,554 [WARNING] socket.send() raised exception.
2026-03-22 23:45:15,554 [WARNING] socket.send() raised exception.
