2026-03-22 05:33:44,134 [Worker3] Generator 로드 중: /mnt/yoonju/SC/output/sft_checkpoints/20260321_215307/epoch2
2026-03-22 05:33:51,496 [Worker3] We will use 90% of the memory on device 0 for storing the model, and 10% for the buffer to avoid OOM. You can set `max_memory` in to a higher value to use more memory (at your own risk).
2026-03-22 05:33:54,096 [Worker3] Generator 로드 완료.
2026-03-22 05:33:54,096 [Worker3] Rollout 파일 생성: ../output/prototype/20260322_053332/rollouts_worker_3.jsonl
2026-03-22 05:33:54,096 [Worker3] 준비 완료  rollout → ../output/prototype/20260322_053332/rollouts_worker_3.jsonl  log → ../output/prototype/20260322_053332/log_worker_3.log
2026-03-22 05:34:06,015 [Worker3] [batch] [I000] GPU_GEN  batch=8  elapsed=11.91s  pids=['1045', '46411', '48327', '51766', '27758', '22056', '24804', '99827']
2026-03-22 05:34:06,022 [Worker3] [batch] [I000] done=0  gen=0  api=8  patch=0  elapsed=11.9s
2026-03-22 05:34:08,396 [Worker3] [reward][SAMPLE] messages=
[
  {
    "role": "system",
    "content": "You are a strict mathematical reasoning evaluator.\nEvaluate ONLY the single CURRENT STEP — not the whole solution.\n\nScoring rules (return a single float, nothing else):\n  0.0  — ANY error: wrong arithmetic, wrong algebra, incorrect logic,\n         or contradicts previous steps.\n  0.1  — correct but trivial (restates something already said).\n  0.5  — correct and makes meaningful progress.\n  1.0  — correct, significant progress, or reaches the right final answer.\n\nIMPORTANT: If the current step merely repeats or rephrases what was already\nestablished, assign at most 0.1 even if correct.\nBe strict. Return ONLY the numeric score."
  },
  {
    "role": "user",
    "content": "[Problem]\nWhat is the degree of the polynomial $(x^4+ax^7+bx+c)(x^3+dx^2+e)(x+f)$, where letters $a$ through $f$ are all nonzero constants?"
  },
  {
    "role": "assistant",
    "content": "Understood. Show me each step to evaluate."
  },
  {
    "role": "user",
    "content": "[SOLVE]\nTo find the degree of the polynomial, we need to determine the highest power of \\( x \\) in the expression \\((x^4 + ax^7 + bx + c)(x^3 + dx^2 + e)(x + f)\\).\n\nFirst, let's identify the degrees of each individual polynomial factor:\n- The degree of \\( x^4 + ax^7 + bx + c \\) is 7 (since the term with the highest power of \\( x \\) is \\( ax^7 \\)).\n- The degree of \\( x^3 + dx^2 + e \\) is 3.\n- The degree of \\( x + f \\) is 1.\n\nThe degree of the product of polynomials is the sum of their degrees. Therefore, we add the degrees of the three factors together:\n\n\\[ 7 + 3 + 1 = 11 \\]\n\nThus, the degree of the polynomial \\((x^4 + ax^7 + bx + c)(x^3 + dx^2 + e)(x + f)\\) is 11.<|im_end|>"
  }
]
[reward][SAMPLE] raw_response='1.0'
2026-03-22 05:34:08,396 [Worker3] [batch] [I001] done=0  gen=0  api=8  patch=0  elapsed=14.3s
2026-03-22 05:34:08,496 [Worker3] [batch] [I002] log_probs  n=1  elapsed=0.10s
2026-03-22 05:34:08,496 [Worker3] [P99827] [S00] SOLVE  reward=1.00  next=solve  answer=False
2026-03-22 05:34:08,642 [Worker3] [batch] [I002] GPU_GEN  batch=1  elapsed=0.15s  pids=['99827']
2026-03-22 05:34:08,644 [Worker3] [batch] [I002] done=0  gen=0  api=8  patch=0  elapsed=14.5s
2026-03-22 05:34:08,681 [Worker3] [batch] [I003] done=0  gen=0  api=8  patch=0  elapsed=14.6s
2026-03-22 05:34:08,705 [Worker3] [batch] [I004] log_probs  n=1  elapsed=0.02s
2026-03-22 05:34:08,705 [Worker3] [P48327] [S00] SOLVE  reward=0.10  next=correct  answer=False
2026-03-22 05:34:09,724 [Worker3] [batch] [I004] GPU_GEN  batch=1  elapsed=1.02s  pids=['48327']
2026-03-22 05:34:09,725 [Worker3] [batch] [I004] done=0  gen=0  api=8  patch=0  elapsed=15.6s
2026-03-22 05:34:09,813 [Worker3] [batch] [I005] log_probs  n=3  elapsed=0.09s
2026-03-22 05:34:09,813 [Worker3] [P01045] [S00] SOLVE  reward=0.00  next=correct  answer=False
2026-03-22 05:34:09,813 [Worker3] [P51766] [S00] SOLVE  reward=1.00  next=correct  answer=False
2026-03-22 05:34:09,813 [Worker3] [P27758] [S00] SOLVE  reward=0.50  next=solve  answer=False
2026-03-22 05:34:17,239 [Worker3] [reward] 숫자 없는 응답: "''", 0.0 반환
2026-03-22 05:34:20,408 [Worker3] [batch] [I005] GPU_GEN  batch=3  elapsed=10.59s  pids=['1045', '51766', '27758']
2026-03-22 05:34:20,408 [Worker3] [batch] [I005] done=0  gen=0  api=8  patch=0  elapsed=26.3s
2026-03-22 05:34:20,408 [Worker3] [P48327] [S01] PATCHER_SUBMIT  reward=0.10
2026-03-22 05:34:20,633 [Worker3] [batch] [I006] log_probs  n=5  elapsed=0.23s
2026-03-22 05:34:20,634 [Worker3] [P46411] [S00] SOLVE  reward=1.00  next=solve  answer=False
2026-03-22 05:34:20,634 [Worker3] [P48327] [S01] CORRECT(fail)  reward=0.10  → patcher
2026-03-22 05:34:20,634 [Worker3] [P22056] [S00] SOLVE  reward=0.00  next=correct  answer=False
2026-03-22 05:34:20,634 [Worker3] [P24804] [S00] SOLVE  reward=0.00  next=correct  answer=False
2026-03-22 05:34:20,634 [Worker3] [P99827] [S01] SOLVE  reward=1.00  next=correct  answer=False
2026-03-22 05:34:32,727 [Worker3] [batch] [I006] GPU_GEN  batch=4  elapsed=12.09s  pids=['46411', '22056', '24804', '99827']
2026-03-22 05:34:32,727 [Worker3] [batch] [I006] done=0  gen=0  api=7  patch=1  elapsed=38.6s
2026-03-22 05:34:32,727 [Worker3] [P01045] [S01] PATCHER_SUBMIT  reward=0.00
2026-03-22 05:34:32,727 [Worker3] [P51766] [S01] PATCHER_SUBMIT  reward=0.10
2026-03-22 05:34:35,852 [Worker3] [P48327] [S02] PATCHER_ARRIVED  reward=1.00  gt=solve
2026-03-22 05:34:36,039 [Worker3] [batch] [I007] log_probs  n=4  elapsed=0.19s
2026-03-22 05:34:36,039 [Worker3] [P01045] [S01] CORRECT(fail)  reward=0.00  → patcher
2026-03-22 05:34:36,039 [Worker3] [P51766] [S01] CORRECT(fail)  reward=0.10  → patcher
2026-03-22 05:34:36,039 [Worker3] [P27758] [S01] SOLVE  reward=0.50  next=solve  answer=False
2026-03-22 05:34:36,039 [Worker3] [P48327] [S02] PATCHER  reward=1.00  answer=False
2026-03-22 05:34:41,664 [Worker3] [batch] [I007] GPU_GEN  batch=2  elapsed=5.62s  pids=['48327', '27758']
2026-03-22 05:34:41,665 [Worker3] [batch] [I007] done=0  gen=0  api=6  patch=2  elapsed=47.6s
2026-03-22 05:34:41,665 [Worker3] [P99827] [S02] PATCHER_SUBMIT  reward=0.10
2026-03-22 05:34:41,690 [Worker3] [reward] 숫자 없는 응답: "''", 0.0 반환
2026-03-22 05:34:47,225 [Worker3] [P01045] [S02] PATCHER_ARRIVED  reward=1.00  gt=solve
2026-03-22 05:34:50,052 [Worker3] [P51766] [S02] PATCHER_ARRIVED  reward=0.10  gt=correct
2026-03-22 05:34:50,454 [Worker3] [batch] [I008] log_probs  n=5  elapsed=0.40s
2026-03-22 05:34:50,455 [Worker3] [P46411] [S01] SOLVE  reward=1.00  next=solve  answer=False
2026-03-22 05:34:50,455 [Worker3] [P24804] [S01] CORRECT  reward=0.50  next=solve  answer=False
2026-03-22 05:34:50,455 [Worker3] [P99827] [S02] CORRECT(fail)  reward=0.10  → patcher
2026-03-22 05:34:50,456 [Worker3] [P01045] [S02] PATCHER  reward=1.00  answer=False
2026-03-22 05:34:50,456 [Worker3] [P51766] [S02] PATCHER  reward=0.10  → WRONG  total=3
2026-03-22 05:34:50,456 [Worker3] ────────────────────────────────────────────────────────────
[PATCHER_WRONG] problem_id=51766  steps=3
  pred    : ['<|solve|>', '<|solve|>', '<|solve|>']
  gt      : ['<|solve|>', '<|correct|>', '<|correct|>']
  is_gen  : [True, True, False]
  rewards : [1.0, 0.1, 0.1]
2026-03-22 05:35:01,283 [Worker3] [batch] [I008] GPU_GEN  batch=3  elapsed=10.83s  pids=['1045', '46411', '24804']
2026-03-22 05:35:01,283 [Worker3] [batch] [I008] done=1  gen=0  api=6  patch=1  elapsed=67.2s
2026-03-22 05:35:01,283 [Worker3] [P22056] [S01] PATCHER_SUBMIT  reward=0.00
2026-03-22 05:35:02,687 [Worker3] [P99827] [S03] PATCHER_ARRIVED  reward=0.10  gt=correct
2026-03-22 05:35:03,015 [Worker3] [batch] [I009] log_probs  n=4  elapsed=0.33s
2026-03-22 05:35:03,015 [Worker3] [P48327] [S03] SOLVE  reward=0.00  next=correct  answer=False
2026-03-22 05:35:03,016 [Worker3] [P27758] [S02] SOLVE  reward=0.00  next=correct  answer=False
2026-03-22 05:35:03,016 [Worker3] [P22056] [S01] CORRECT(fail)  reward=0.00  → patcher
2026-03-22 05:35:03,016 [Worker3] [P99827] [S03] PATCHER  reward=0.10  → WRONG  total=4
2026-03-22 05:35:03,016 [Worker3] ────────────────────────────────────────────────────────────
[PATCHER_WRONG] problem_id=99827  steps=4
  pred    : ['<|solve|>', '<|solve|>', '<|solve|>', '<|solve|>']
  gt      : ['<|solve|>', '<|solve|>', '<|correct|>', '<|correct|>']
  is_gen  : [True, True, True, False]
  rewards : [1.0, 1.0, 0.1, 0.1]
2026-03-22 05:35:09,369 [Worker3] [batch] [I009] GPU_GEN  batch=2  elapsed=6.35s  pids=['48327', '27758']
2026-03-22 05:35:09,370 [Worker3] [batch] [I009] done=2  gen=0  api=5  patch=1  elapsed=75.3s
2026-03-22 05:35:13,163 [Worker3] [P22056] [S02] PATCHER_ARRIVED  reward=0.50  gt=solve
2026-03-22 05:35:13,552 [Worker3] [batch] [I010] log_probs  n=4  elapsed=0.39s
2026-03-22 05:35:13,553 [Worker3] [P01045] [S03] SOLVE  reward=1.00  next=correct  answer=False
2026-03-22 05:35:13,553 [Worker3] [P46411] [S02] SOLVE  reward=1.00  next=correct  answer=False
2026-03-22 05:35:13,553 [Worker3] [P24804] [S02] SOLVE  reward=0.50  next=solve  answer=False
2026-03-22 05:35:13,553 [Worker3] [P22056] [S02] PATCHER  reward=0.50  answer=False
2026-03-22 05:35:25,118 [Worker3] [batch] [I010] GPU_GEN  batch=4  elapsed=11.56s  pids=['1045', '46411', '22056', '24804']
2026-03-22 05:35:25,118 [Worker3] [batch] [I010] done=2  gen=0  api=6  patch=0  elapsed=91.0s
2026-03-22 05:35:25,118 [Worker3] [P48327] [S04] PATCHER_SUBMIT  reward=0.10
2026-03-22 05:35:25,340 [Worker3] [batch] [I011] log_probs  n=2  elapsed=0.22s
2026-03-22 05:35:25,341 [Worker3] [P48327] [S04] CORRECT(fail)  reward=0.10  → patcher
2026-03-22 05:35:25,341 [Worker3] [P27758] [S03] CORRECT  reward=0.50  next=solve  answer=False
2026-03-22 05:35:32,891 [Worker3] [batch] [I011] GPU_GEN  batch=1  elapsed=7.55s  pids=['27758']
2026-03-22 05:35:32,891 [Worker3] [batch] [I011] done=2  gen=0  api=5  patch=1  elapsed=98.8s
2026-03-22 05:35:32,891 [Worker3] [P01045] [S04] PATCHER_SUBMIT  reward=0.00
2026-03-22 05:35:32,891 [Worker3] [P46411] [S03] PATCHER_SUBMIT  reward=0.10
2026-03-22 05:35:33,230 [Worker3] [batch] [I012] log_probs  n=3  elapsed=0.34s
2026-03-22 05:35:33,230 [Worker3] [P01045] [S04] CORRECT(fail)  reward=0.00  → patcher
2026-03-22 05:35:33,230 [Worker3] [P46411] [S03] CORRECT(fail)  reward=0.10  → patcher
2026-03-22 05:35:33,230 [Worker3] [P24804] [S03] SOLVE  reward=0.50  next=solve  answer=False
2026-03-22 05:35:34,362 [Worker3] [reward] 숫자 없는 응답: "''", 0.0 반환
2026-03-22 05:35:35,472 [Worker3] [batch] [I012] GPU_GEN  batch=1  elapsed=2.24s  pids=['24804']
2026-03-22 05:35:35,472 [Worker3] [batch] [I012] done=2  gen=0  api=3  patch=3  elapsed=101.4s
2026-03-22 05:35:35,568 [Worker3] [batch] [I013] log_probs  n=1  elapsed=0.10s
2026-03-22 05:35:35,568 [Worker3] [P22056] [S03] SOLVE  reward=0.00  next=correct  answer=False
2026-03-22 05:35:35,840 [Worker3] [batch] [I013] GPU_GEN  batch=1  elapsed=0.27s  pids=['22056']
2026-03-22 05:35:35,840 [Worker3] [batch] [I013] done=2  gen=0  api=3  patch=3  elapsed=101.7s
2026-03-22 05:35:36,234 [Worker3] [batch] [I014] done=2  gen=0  api=3  patch=3  elapsed=102.1s
2026-03-22 05:35:36,348 [Worker3] [batch] [I015] log_probs  n=1  elapsed=0.11s
2026-03-22 05:35:36,348 [Worker3] [P27758] [S04] SOLVE  reward=1.00  next=solve  answer=False
2026-03-22 05:35:37,311 [Worker3] [batch] [I015] GPU_GEN  batch=1  elapsed=0.96s  pids=['27758']
2026-03-22 05:35:37,311 [Worker3] [batch] [I015] done=2  gen=0  api=3  patch=3  elapsed=103.2s
2026-03-22 05:35:40,559 [Worker3] [P01045] [S05] PATCHER_ARRIVED  reward=1.00  gt=solve
2026-03-22 05:35:40,637 [Worker3] [batch] [I016] log_probs  n=1  elapsed=0.08s
2026-03-22 05:35:40,637 [Worker3] [P01045] [S05] PATCHER  reward=1.00  answer=True
2026-03-22 05:35:40,637 [Worker3] [P01045] DONE  status=ANSWER  total_steps=6
2026-03-22 05:35:40,638 [Worker3] [batch] [I016] done=3  gen=0  api=3  patch=2  elapsed=106.5s
2026-03-22 05:35:41,588 [Worker3] [batch] [I017] done=3  gen=0  api=3  patch=2  elapsed=107.5s
2026-03-22 05:35:42,007 [Worker3] [reward] 숫자 없는 응답: "''", 0.0 반환
2026-03-22 05:35:43,297 [Worker3] [P46411] [S04] PATCHER_ARRIVED  reward=1.00  gt=solve
2026-03-22 05:35:43,407 [Worker3] [batch] [I018] log_probs  n=1  elapsed=0.11s
2026-03-22 05:35:43,407 [Worker3] [P46411] [S04] PATCHER  reward=1.00  answer=True
2026-03-22 05:35:43,407 [Worker3] [P46411] DONE  status=ANSWER  total_steps=5
2026-03-22 05:35:43,408 [Worker3] [batch] [I018] done=4  gen=0  api=3  patch=1  elapsed=109.3s
2026-03-22 05:35:43,522 [Worker3] [batch] [I019] log_probs  n=1  elapsed=0.11s
2026-03-22 05:35:43,523 [Worker3] [P24804] [S04] SOLVE  reward=0.00  next=correct  answer=False
2026-03-22 05:35:44,833 [Worker3] [batch] [I019] GPU_GEN  batch=1  elapsed=1.31s  pids=['24804']
2026-03-22 05:35:44,834 [Worker3] [batch] [I019] done=4  gen=0  api=3  patch=1  elapsed=110.7s
2026-03-22 05:35:44,951 [Worker3] [reward] 숫자 없는 응답: "''", 0.0 반환
2026-03-22 05:35:44,952 [Worker3] [batch] [I020] done=4  gen=0  api=3  patch=1  elapsed=110.9s
2026-03-22 05:35:44,952 [Worker3] [P22056] [S04] PATCHER_SUBMIT  reward=0.00
2026-03-22 05:35:45,070 [Worker3] [batch] [I021] log_probs  n=1  elapsed=0.12s
2026-03-22 05:35:45,070 [Worker3] [P22056] [S04] CORRECT(fail)  reward=0.00  → patcher
2026-03-22 05:35:45,070 [Worker3] [batch] [I021] done=4  gen=0  api=2  patch=2  elapsed=111.0s
2026-03-22 05:35:45,102 [Worker3] [batch] [I022] done=4  gen=0  api=2  patch=2  elapsed=111.0s
2026-03-22 05:35:48,800 [Worker3] [reward] 숫자 없는 응답: "''", 0.0 반환
2026-03-22 05:35:49,570 [Worker3] [P48327] [S05] PATCHER_ARRIVED  reward=0.00  gt=correct
2026-03-22 05:35:49,662 [Worker3] [batch] [I023] log_probs  n=1  elapsed=0.09s
2026-03-22 05:35:49,663 [Worker3] [P48327] [S05] PATCHER  reward=0.00  → WRONG  total=6
2026-03-22 05:35:49,663 [Worker3] ────────────────────────────────────────────────────────────
[PATCHER_WRONG] problem_id=48327  steps=6
  pred    : ['<|solve|>', '<|solve|>', '<|solve|>', '<|solve|>', '<|solve|>', '<|solve|>']
  gt      : ['<|solve|>', '<|correct|>', '<|correct|>', '<|solve|>', '<|correct|>', '<|correct|>']
  is_gen  : [True, True, False, True, True, False]
  rewards : [0.1, 0.1, 1.0, 0.0, 0.1, 0.0]
2026-03-22 05:35:49,663 [Worker3] [batch] [I023] done=5  gen=0  api=2  patch=1  elapsed=115.6s
2026-03-22 05:35:49,951 [Worker3] [batch] [I024] log_probs  n=2  elapsed=0.29s
2026-03-22 05:35:49,952 [Worker3] [P27758] [S05] SOLVE  reward=0.00  next=correct  answer=False
2026-03-22 05:35:49,952 [Worker3] [P24804] [S05] CORRECT  reward=0.50  next=solve  answer=False
2026-03-22 05:36:01,776 [Worker3] [batch] [I024] GPU_GEN  batch=2  elapsed=11.82s  pids=['27758', '24804']
2026-03-22 05:36:01,776 [Worker3] [batch] [I024] done=5  gen=0  api=2  patch=1  elapsed=127.7s
2026-03-22 05:36:09,794 [Worker3] [reward] 숫자 없는 응답: "''", 0.0 반환
2026-03-22 05:36:09,797 [Worker3] [P22056] [S05] PATCHER_ARRIVED  reward=0.00  gt=correct
2026-03-22 05:36:09,926 [Worker3] [batch] [I025] log_probs  n=1  elapsed=0.13s
2026-03-22 05:36:09,926 [Worker3] [P22056] [S05] PATCHER  reward=0.00  → WRONG  total=6
2026-03-22 05:36:09,926 [Worker3] ────────────────────────────────────────────────────────────
[PATCHER_WRONG] problem_id=22056  steps=6
  pred    : ['<|solve|>', '<|solve|>', '<|solve|>', '<|solve|>', '<|solve|>', '<|solve|>']
  gt      : ['<|solve|>', '<|correct|>', '<|correct|>', '<|solve|>', '<|correct|>', '<|correct|>']
  is_gen  : [True, True, False, True, True, False]
  rewards : [0.0, 0.0, 0.5, 0.0, 0.0, 0.0]
2026-03-22 05:36:09,926 [Worker3] [batch] [I025] done=6  gen=0  api=2  patch=0  elapsed=135.8s
2026-03-22 05:36:10,055 [Worker3] [batch] [I026] log_probs  n=1  elapsed=0.13s
2026-03-22 05:36:10,055 [Worker3] [P27758] [S06] CORRECT  reward=1.00  next=solve  answer=True
2026-03-22 05:36:10,055 [Worker3] [P27758] DONE  status=ANSWER  total_steps=7
2026-03-22 05:36:10,055 [Worker3] [batch] [I026] done=7  gen=0  api=1  patch=0  elapsed=136.0s
2026-03-22 05:36:10,103 [Worker3] [batch] [I027] done=7  gen=0  api=1  patch=0  elapsed=136.0s
2026-03-22 05:36:10,241 [Worker3] [batch] [I028] log_probs  n=1  elapsed=0.14s
2026-03-22 05:36:10,241 [Worker3] [P24804] [S06] SOLVE  reward=0.50  next=solve  answer=False
2026-03-22 05:36:16,936 [Worker3] [batch] [I028] GPU_GEN  batch=1  elapsed=6.69s  pids=['24804']
2026-03-22 05:36:16,936 [Worker3] [batch] [I028] done=7  gen=0  api=1  patch=0  elapsed=142.8s
2026-03-22 05:36:29,354 [Worker3] [reward] 숫자 없는 응답: "''", 0.0 반환
2026-03-22 05:36:29,355 [Worker3] [batch] [I029] done=7  gen=0  api=1  patch=0  elapsed=155.3s
2026-03-22 05:36:29,515 [Worker3] [batch] [I030] log_probs  n=1  elapsed=0.16s
2026-03-22 05:36:29,515 [Worker3] [P24804] [S07] SOLVE  reward=0.00  next=correct  answer=False
2026-03-22 05:36:29,818 [Worker3] [batch] [I030] GPU_GEN  batch=1  elapsed=0.30s  pids=['24804']
2026-03-22 05:36:29,818 [Worker3] [batch] [I030] done=7  gen=0  api=1  patch=0  elapsed=155.7s
2026-03-22 05:36:33,209 [Worker3] [batch] [I031] done=7  gen=0  api=1  patch=0  elapsed=159.1s
2026-03-22 05:36:33,400 [Worker3] [batch] [I032] log_probs  n=1  elapsed=0.19s
2026-03-22 05:36:33,400 [Worker3] [P24804] [S08] CORRECT  reward=1.00  next=solve  answer=False
2026-03-22 05:36:41,028 [Worker3] [batch] [I032] GPU_GEN  batch=1  elapsed=7.63s  pids=['24804']
2026-03-22 05:36:41,029 [Worker3] [batch] [I032] done=7  gen=0  api=1  patch=0  elapsed=166.9s
2026-03-22 05:36:42,657 [Worker3] [batch] [I033] done=7  gen=0  api=1  patch=0  elapsed=168.6s
2026-03-22 05:36:42,816 [Worker3] [batch] [I034] log_probs  n=1  elapsed=0.16s
2026-03-22 05:36:42,817 [Worker3] [P24804] [S09] SOLVE  reward=0.10  next=correct  answer=False
2026-03-22 05:36:44,347 [Worker3] [batch] [I034] GPU_GEN  batch=1  elapsed=1.53s  pids=['24804']
2026-03-22 05:36:44,348 [Worker3] [batch] [I034] done=7  gen=0  api=1  patch=0  elapsed=170.2s
2026-03-22 05:36:46,042 [Worker3] [batch] [I035] done=7  gen=0  api=1  patch=0  elapsed=171.9s
2026-03-22 05:36:46,043 [Worker3] [P24804] [S10] PATCHER_SUBMIT  reward=0.10
2026-03-22 05:36:46,218 [Worker3] [batch] [I036] log_probs  n=1  elapsed=0.18s
2026-03-22 05:36:46,219 [Worker3] [P24804] [S10] CORRECT(fail)  reward=0.10  → patcher
2026-03-22 05:36:46,219 [Worker3] [batch] [I036] done=7  gen=0  api=0  patch=1  elapsed=172.1s
2026-03-22 05:36:50,848 [Worker3] [batch] [I037] done=7  gen=0  api=0  patch=1  elapsed=176.7s
2026-03-22 05:36:57,523 [Worker3] [reward] GPT 실패 (Error code: 400 - {'error': {'message': 'Failed to generate output due to special tokens in the input.', 'type': 'invalid_request_error', 'param': None, 'code': None}}), 0.0 반환
2026-03-22 05:36:57,531 [Worker3] [P24804] [S11] PATCHER_ARRIVED  reward=0.00  gt=correct
2026-03-22 05:36:57,721 [Worker3] [batch] [I038] log_probs  n=1  elapsed=0.19s
2026-03-22 05:36:57,721 [Worker3] [P24804] [S11] PATCHER  reward=0.00  → WRONG  total=12
2026-03-22 05:36:57,722 [Worker3] ────────────────────────────────────────────────────────────
[PATCHER_WRONG] problem_id=24804  steps=12
  pred    : ['<|solve|>', '<|solve|>', '<|solve|>', '<|solve|>', '<|solve|>', '<|solve|>', '<|solve|>', '<|solve|>', '<|solve|>', '<|solve|>', '<|solve|>', '<|solve|>']
  gt      : ['<|solve|>', '<|correct|>', '<|solve|>', '<|solve|>', '<|solve|>', '<|correct|>', '<|solve|>', '<|solve|>', '<|correct|>', '<|solve|>', '<|correct|>', '<|correct|>']
  is_gen  : [True, True, True, True, True, True, True, True, True, True, True, False]
  rewards : [0.0, 0.5, 0.5, 0.5, 0.0, 0.5, 0.5, 0.0, 1.0, 0.1, 0.1, 0.0]
2026-03-22 05:36:57,722 [Worker3] [batch] BATCH_DONE  problems=8  answered=3  total_steps=49  iters=38  elapsed=183.6s
2026-03-22 05:40:03,136 [Worker3] [batch] [I000] GPU_GEN  batch=8  elapsed=12.16s  pids=['92161', '39596', '102926', '17539', '76116', '77696', '62503', '35475']
2026-03-22 05:40:03,152 [Worker3] [batch] [I000] done=0  gen=0  api=8  patch=0  elapsed=12.2s
2026-03-22 05:40:04,547 [Worker3] [batch] [I001] done=0  gen=0  api=8  patch=0  elapsed=13.6s
2026-03-22 05:40:04,610 [Worker3] [batch] [I002] log_probs  n=1  elapsed=0.06s
2026-03-22 05:40:04,610 [Worker3] [P77696] [S00] SOLVE  reward=0.10  next=correct  answer=False
2026-03-22 05:40:05,420 [Worker3] [batch] [I002] GPU_GEN  batch=1  elapsed=0.81s  pids=['77696']
2026-03-22 05:40:05,421 [Worker3] [batch] [I002] done=0  gen=0  api=8  patch=0  elapsed=14.4s
2026-03-22 05:40:05,446 [Worker3] [batch] [I003] log_probs  n=1  elapsed=0.03s
2026-03-22 05:40:05,446 [Worker3] [P76116] [S00] SOLVE  reward=0.10  next=correct  answer=False
2026-03-22 05:40:06,271 [Worker3] [batch] [I003] GPU_GEN  batch=1  elapsed=0.82s  pids=['76116']
2026-03-22 05:40:06,271 [Worker3] [batch] [I003] done=0  gen=0  api=8  patch=0  elapsed=15.3s
2026-03-22 05:40:06,339 [Worker3] [batch] [I004] log_probs  n=2  elapsed=0.07s
2026-03-22 05:40:06,339 [Worker3] [P17539] [S00] SOLVE  reward=0.00  next=correct  answer=False
2026-03-22 05:40:06,339 [Worker3] [P35475] [S00] SOLVE  reward=0.50  next=solve  answer=False
2026-03-22 05:40:09,551 [Worker3] [reward] 숫자 없는 응답: "''", 0.0 반환
2026-03-22 05:40:12,096 [Worker3] [reward] 숫자 없는 응답: "''", 0.0 반환
2026-03-22 05:40:14,456 [Worker3] [batch] [I004] GPU_GEN  batch=2  elapsed=8.12s  pids=['17539', '35475']
2026-03-22 05:40:14,457 [Worker3] [batch] [I004] done=0  gen=0  api=8  patch=0  elapsed=23.5s
2026-03-22 05:40:14,457 [Worker3] [P76116] [S01] PATCHER_SUBMIT  reward=0.10
2026-03-22 05:40:14,457 [Worker3] [P77696] [S01] PATCHER_SUBMIT  reward=0.10
2026-03-22 05:40:14,982 [Worker3] [batch] [I005] log_probs  n=6  elapsed=0.53s
2026-03-22 05:40:14,982 [Worker3] [P92161] [S00] SOLVE  reward=0.00  next=correct  answer=False
2026-03-22 05:40:14,982 [Worker3] [P39596] [S00] SOLVE  reward=0.00  next=correct  answer=False
2026-03-22 05:40:14,982 [Worker3] [P102926] [S00] SOLVE  reward=0.50  next=solve  answer=False
2026-03-22 05:40:14,982 [Worker3] [P76116] [S01] CORRECT(fail)  reward=0.10  → patcher
2026-03-22 05:40:14,982 [Worker3] [P77696] [S01] CORRECT(fail)  reward=0.10  → patcher
2026-03-22 05:40:14,982 [Worker3] [P62503] [S00] SOLVE  reward=0.50  next=solve  answer=False
2026-03-22 05:40:27,182 [Worker3] [batch] [I005] GPU_GEN  batch=4  elapsed=12.20s  pids=['92161', '39596', '102926', '62503']
2026-03-22 05:40:27,183 [Worker3] [batch] [I005] done=0  gen=0  api=6  patch=2  elapsed=36.2s
2026-03-22 05:40:30,049 [Worker3] [P76116] [S02] PATCHER_ARRIVED  reward=0.10  gt=correct
2026-03-22 05:40:38,036 [Worker3] [reward] 숫자 없는 응답: "''", 0.0 반환
2026-03-22 05:40:38,262 [Worker3] [reward] 숫자 없는 응답: "''", 0.0 반환
2026-03-22 05:40:38,272 [Worker3] [P77696] [S02] PATCHER_ARRIVED  reward=0.00  gt=correct
2026-03-22 05:40:38,903 [Worker3] [batch] [I006] log_probs  n=4  elapsed=0.63s
2026-03-22 05:40:38,903 [Worker3] [P17539] [S01] CORRECT  reward=0.50  next=solve  answer=False
2026-03-22 05:40:38,903 [Worker3] [P35475] [S01] SOLVE  reward=1.00  next=solve  answer=False
2026-03-22 05:40:38,903 [Worker3] [P76116] [S02] PATCHER  reward=0.10  → WRONG  total=3
2026-03-22 05:40:38,903 [Worker3] ────────────────────────────────────────────────────────────
[PATCHER_WRONG] problem_id=76116  steps=3
  pred    : ['<|solve|>', '<|solve|>', '<|solve|>']
  gt      : ['<|solve|>', '<|correct|>', '<|correct|>']
  is_gen  : [True, True, False]
  rewards : [0.1, 0.1, 0.1]
2026-03-22 05:40:38,904 [Worker3] [P77696] [S02] PATCHER  reward=0.00  → WRONG  total=3
2026-03-22 05:40:38,904 [Worker3] ────────────────────────────────────────────────────────────
[PATCHER_WRONG] problem_id=77696  steps=3
  pred    : ['<|solve|>', '<|solve|>', '<|solve|>']
  gt      : ['<|solve|>', '<|correct|>', '<|correct|>']
  is_gen  : [True, True, False]
  rewards : [0.1, 0.1, 0.0]
2026-03-22 05:40:49,574 [Worker3] [batch] [I006] GPU_GEN  batch=2  elapsed=10.67s  pids=['17539', '35475']
2026-03-22 05:40:49,575 [Worker3] [batch] [I006] done=2  gen=0  api=6  patch=0  elapsed=58.6s
2026-03-22 05:40:49,575 [Worker3] [P92161] [S01] PATCHER_SUBMIT  reward=0.00
2026-03-22 05:40:49,969 [Worker3] [batch] [I007] log_probs  n=4  elapsed=0.39s
2026-03-22 05:40:49,970 [Worker3] [P92161] [S01] CORRECT(fail)  reward=0.00  → patcher
2026-03-22 05:40:49,970 [Worker3] [P39596] [S01] CORRECT  reward=1.00  next=solve  answer=False
2026-03-22 05:40:49,970 [Worker3] [P102926] [S01] SOLVE  reward=1.00  next=solve  answer=False
2026-03-22 05:40:49,970 [Worker3] [P62503] [S01] SOLVE  reward=0.50  next=solve  answer=False
2026-03-22 05:40:58,021 [Worker3] [reward] 숫자 없는 응답: "''", 0.0 반환
2026-03-22 05:41:01,365 [Worker3] [batch] [I007] GPU_GEN  batch=3  elapsed=11.39s  pids=['39596', '102926', '62503']
2026-03-22 05:41:01,365 [Worker3] [batch] [I007] done=2  gen=0  api=5  patch=1  elapsed=70.4s
2026-03-22 05:41:01,499 [Worker3] [batch] [I008] log_probs  n=2  elapsed=0.13s
2026-03-22 05:41:01,500 [Worker3] [P17539] [S02] SOLVE  reward=0.00  next=correct  answer=False
2026-03-22 05:41:01,500 [Worker3] [P35475] [S02] SOLVE  reward=0.00  next=correct  answer=False
2026-03-22 05:41:09,674 [Worker3] [batch] [I008] GPU_GEN  batch=2  elapsed=8.17s  pids=['17539', '35475']
2026-03-22 05:41:09,675 [Worker3] [batch] [I008] done=2  gen=0  api=5  patch=1  elapsed=78.7s
2026-03-22 05:41:09,917 [Worker3] [batch] [I009] log_probs  n=3  elapsed=0.24s
2026-03-22 05:41:09,918 [Worker3] [P39596] [S02] SOLVE  reward=1.00  next=solve  answer=False
2026-03-22 05:41:09,918 [Worker3] [P102926] [S02] SOLVE  reward=1.00  next=solve  answer=False
2026-03-22 05:41:09,918 [Worker3] [P62503] [S02] SOLVE  reward=0.50  next=solve  answer=False
2026-03-22 05:41:12,995 [Worker3] [batch] [I009] GPU_GEN  batch=3  elapsed=3.08s  pids=['39596', '102926', '62503']
2026-03-22 05:41:12,995 [Worker3] [batch] [I009] done=2  gen=0  api=5  patch=1  elapsed=82.0s
2026-03-22 05:41:13,934 [Worker3] [batch] [I010] done=2  gen=0  api=5  patch=1  elapsed=83.0s
2026-03-22 05:41:13,997 [Worker3] [batch] [I011] log_probs  n=1  elapsed=0.06s
2026-03-22 05:41:13,997 [Worker3] [P39596] [S03] SOLVE  reward=0.10  next=correct  answer=False
2026-03-22 05:41:16,841 [Worker3] [batch] [I011] GPU_GEN  batch=1  elapsed=2.84s  pids=['39596']
2026-03-22 05:41:16,841 [Worker3] [batch] [I011] done=2  gen=0  api=5  patch=1  elapsed=85.9s
2026-03-22 05:41:16,841 [Worker3] [P35475] [S03] PATCHER_SUBMIT  reward=0.00
2026-03-22 05:41:17,177 [Worker3] [batch] [I012] log_probs  n=3  elapsed=0.34s
2026-03-22 05:41:17,178 [Worker3] [P102926] [S03] SOLVE  reward=1.00  next=solve  answer=False
2026-03-22 05:41:17,178 [Worker3] [P62503] [S03] SOLVE  reward=0.50  next=solve  answer=False
2026-03-22 05:41:17,178 [Worker3] [P35475] [S03] CORRECT(fail)  reward=0.00  → patcher
2026-03-22 05:41:17,983 [Worker3] [reward] 숫자 없는 응답: "''", 0.0 반환
2026-03-22 05:41:28,377 [Worker3] [batch] [I012] GPU_GEN  batch=2  elapsed=11.20s  pids=['102926', '62503']
2026-03-22 05:41:28,377 [Worker3] [batch] [I012] done=2  gen=0  api=4  patch=2  elapsed=97.4s
2026-03-22 05:41:28,377 [Worker3] [P39596] [S04] PATCHER_SUBMIT  reward=0.10
2026-03-22 05:41:28,377 [Worker3] [P17539] [S03] PATCHER_SUBMIT  reward=0.00
2026-03-22 05:41:36,580 [Worker3] [reward] 숫자 없는 응답: "''", 0.0 반환
2026-03-22 05:41:36,643 [Worker3] [reward] 숫자 없는 응답: "''", 0.0 반환
2026-03-22 05:41:36,646 [Worker3] [P92161] [S02] PATCHER_ARRIVED  reward=0.00  gt=correct
2026-03-22 05:41:37,029 [Worker3] [batch] [I013] log_probs  n=3  elapsed=0.38s
2026-03-22 05:41:37,030 [Worker3] [P39596] [S04] CORRECT(fail)  reward=0.10  → patcher
2026-03-22 05:41:37,030 [Worker3] [P17539] [S03] CORRECT(fail)  reward=0.00  → patcher
2026-03-22 05:41:37,030 [Worker3] [P92161] [S02] PATCHER  reward=0.00  → WRONG  total=3
2026-03-22 05:41:37,030 [Worker3] ────────────────────────────────────────────────────────────
[PATCHER_WRONG] problem_id=92161  steps=3
  pred    : ['<|solve|>', '<|solve|>', '<|solve|>']
  gt      : ['<|solve|>', '<|correct|>', '<|correct|>']
  is_gen  : [True, True, False]
  rewards : [0.0, 0.0, 0.0]
2026-03-22 05:41:37,030 [Worker3] [batch] [I013] done=3  gen=0  api=2  patch=3  elapsed=106.1s
2026-03-22 05:41:39,464 [Worker3] [P39596] [S05] PATCHER_ARRIVED  reward=0.10  gt=correct
2026-03-22 05:41:46,271 [Worker3] [reward] 숫자 없는 응답: "''", 0.0 반환
2026-03-22 05:41:46,279 [Worker3] [P35475] [S04] PATCHER_ARRIVED  reward=0.00  gt=correct
2026-03-22 05:41:46,824 [Worker3] [batch] [I014] log_probs  n=4  elapsed=0.55s
2026-03-22 05:41:46,825 [Worker3] [P102926] [S04] SOLVE  reward=0.10  next=correct  answer=False
2026-03-22 05:41:46,825 [Worker3] [P62503] [S04] SOLVE  reward=0.00  next=correct  answer=False
2026-03-22 05:41:46,825 [Worker3] [P39596] [S05] PATCHER  reward=0.10  → WRONG  total=6
2026-03-22 05:41:46,825 [Worker3] ────────────────────────────────────────────────────────────
[PATCHER_WRONG] problem_id=39596  steps=6
  pred    : ['<|solve|>', '<|solve|>', '<|solve|>', '<|solve|>', '<|solve|>', '<|solve|>']
  gt      : ['<|solve|>', '<|correct|>', '<|solve|>', '<|solve|>', '<|correct|>', '<|correct|>']
  is_gen  : [True, True, True, True, True, False]
  rewards : [0.0, 1.0, 1.0, 0.1, 0.1, 0.1]
2026-03-22 05:41:46,826 [Worker3] [P35475] [S04] PATCHER  reward=0.00  → WRONG  total=5
2026-03-22 05:41:46,826 [Worker3] ────────────────────────────────────────────────────────────
[PATCHER_WRONG] problem_id=35475  steps=5
  pred    : ['<|solve|>', '<|solve|>', '<|solve|>', '<|solve|>', '<|solve|>']
  gt      : ['<|solve|>', '<|solve|>', '<|solve|>', '<|correct|>', '<|correct|>']
  is_gen  : [True, True, True, True, False]
  rewards : [0.5, 1.0, 0.0, 0.0, 0.0]
2026-03-22 05:41:56,320 [Worker3] [batch] [I014] GPU_GEN  batch=2  elapsed=9.49s  pids=['102926', '62503']
2026-03-22 05:41:56,321 [Worker3] [batch] [I014] done=5  gen=0  api=2  patch=1  elapsed=125.3s
2026-03-22 05:42:04,872 [Worker3] [reward] 숫자 없는 응답: "''", 0.0 반환
2026-03-22 05:42:04,875 [Worker3] [P17539] [S04] PATCHER_ARRIVED  reward=0.00  gt=correct
2026-03-22 05:42:04,968 [Worker3] [batch] [I015] log_probs  n=1  elapsed=0.09s
2026-03-22 05:42:04,969 [Worker3] [P17539] [S04] PATCHER  reward=0.00  → WRONG  total=5
2026-03-22 05:42:04,969 [Worker3] ────────────────────────────────────────────────────────────
[PATCHER_WRONG] problem_id=17539  steps=5
  pred    : ['<|solve|>', '<|solve|>', '<|solve|>', '<|solve|>', '<|solve|>']
  gt      : ['<|solve|>', '<|correct|>', '<|solve|>', '<|correct|>', '<|correct|>']
  is_gen  : [True, True, True, True, False]
  rewards : [0.0, 0.5, 0.0, 0.0, 0.0]
2026-03-22 05:42:04,969 [Worker3] [batch] [I015] done=6  gen=0  api=2  patch=0  elapsed=134.0s
2026-03-22 05:42:04,969 [Worker3] [P102926] [S05] PATCHER_SUBMIT  reward=0.10
2026-03-22 05:42:04,969 [Worker3] [P62503] [S05] PATCHER_SUBMIT  reward=0.00
2026-03-22 05:42:05,329 [Worker3] [batch] [I016] log_probs  n=2  elapsed=0.36s
2026-03-22 05:42:05,329 [Worker3] [P102926] [S05] CORRECT(fail)  reward=0.10  → patcher
2026-03-22 05:42:05,329 [Worker3] [P62503] [S05] CORRECT(fail)  reward=0.00  → patcher
2026-03-22 05:42:05,329 [Worker3] [batch] [I016] done=6  gen=0  api=0  patch=2  elapsed=134.4s
2026-03-22 05:42:10,389 [Worker3] [batch] [I017] done=6  gen=0  api=0  patch=2  elapsed=139.4s
2026-03-22 05:42:11,726 [Worker3] [P102926] [S06] PATCHER_ARRIVED  reward=0.10  gt=correct
2026-03-22 05:42:11,822 [Worker3] [batch] [I018] log_probs  n=1  elapsed=0.10s
2026-03-22 05:42:11,822 [Worker3] [P102926] [S06] PATCHER  reward=0.10  → WRONG  total=7
2026-03-22 05:42:11,822 [Worker3] ────────────────────────────────────────────────────────────
[PATCHER_WRONG] problem_id=102926  steps=7
  pred    : ['<|solve|>', '<|solve|>', '<|solve|>', '<|solve|>', '<|solve|>', '<|solve|>', '<|solve|>']
  gt      : ['<|solve|>', '<|solve|>', '<|solve|>', '<|solve|>', '<|solve|>', '<|correct|>', '<|correct|>']
  is_gen  : [True, True, True, True, True, True, False]
  rewards : [0.5, 1.0, 1.0, 1.0, 0.1, 0.1, 0.1]
2026-03-22 05:42:11,822 [Worker3] [batch] [I018] done=7  gen=0  api=0  patch=1  elapsed=140.8s
2026-03-22 05:42:13,072 [Worker3] [batch] [I019] done=7  gen=0  api=0  patch=1  elapsed=142.1s
2026-03-22 05:42:17,798 [Worker3] [P62503] [S06] PATCHER_ARRIVED  reward=1.00  gt=solve
2026-03-22 05:42:17,956 [Worker3] [batch] [I020] log_probs  n=1  elapsed=0.16s
2026-03-22 05:42:17,956 [Worker3] [P62503] [S06] PATCHER  reward=1.00  answer=False
2026-03-22 05:42:21,330 [Worker3] [batch] [I020] GPU_GEN  batch=1  elapsed=3.37s  pids=['62503']
2026-03-22 05:42:21,331 [Worker3] [batch] [I020] done=7  gen=0  api=1  patch=0  elapsed=150.4s
2026-03-22 05:42:25,054 [Worker3] [batch] [I021] done=7  gen=0  api=1  patch=0  elapsed=154.1s
2026-03-22 05:42:25,208 [Worker3] [batch] [I022] log_probs  n=1  elapsed=0.15s
2026-03-22 05:42:25,208 [Worker3] [P62503] [S07] SOLVE  reward=1.00  next=correct  answer=False
2026-03-22 05:42:25,516 [Worker3] [batch] [I022] GPU_GEN  batch=1  elapsed=0.31s  pids=['62503']
2026-03-22 05:42:25,516 [Worker3] [batch] [I022] done=7  gen=0  api=1  patch=0  elapsed=154.5s
2026-03-22 05:42:27,899 [Worker3] [batch] [I023] done=7  gen=0  api=1  patch=0  elapsed=156.9s
2026-03-22 05:42:28,053 [Worker3] [batch] [I024] log_probs  n=1  elapsed=0.15s
2026-03-22 05:42:28,053 [Worker3] [P62503] [S08] CORRECT  reward=1.00  next=solve  answer=True
2026-03-22 05:42:28,053 [Worker3] [P62503] DONE  status=ANSWER  total_steps=9
2026-03-22 05:42:28,053 [Worker3] [batch] BATCH_DONE  problems=8  answered=1  total_steps=41  iters=24  elapsed=157.1s
2026-03-22 05:44:17,150 [Worker3] [batch] [I000] GPU_GEN  batch=8  elapsed=11.09s  pids=['59091', '53425', '83364', '48579', '21666', '52272', '41636', '5866']
2026-03-22 05:44:17,157 [Worker3] [batch] [I000] done=0  gen=0  api=8  patch=0  elapsed=11.1s
2026-03-22 05:44:18,327 [Worker3] [batch] [I001] done=0  gen=0  api=8  patch=0  elapsed=12.3s
2026-03-22 05:44:18,353 [Worker3] [batch] [I002] log_probs  n=1  elapsed=0.03s
2026-03-22 05:44:18,353 [Worker3] [P53425] [S00] SOLVE  reward=0.10  next=correct  answer=False
2026-03-22 05:44:23,026 [Worker3] [batch] [I002] GPU_GEN  batch=1  elapsed=4.67s  pids=['53425']
2026-03-22 05:44:23,026 [Worker3] [batch] [I002] done=0  gen=0  api=8  patch=0  elapsed=17.0s
2026-03-22 05:44:23,266 [Worker3] [batch] [I003] log_probs  n=6  elapsed=0.24s
2026-03-22 05:44:23,266 [Worker3] [P59091] [S00] SOLVE  reward=0.50  next=solve  answer=False
2026-03-22 05:44:23,266 [Worker3] [P83364] [S00] SOLVE  reward=0.00  next=correct  answer=False
2026-03-22 05:44:23,266 [Worker3] [P48579] [S00] SOLVE  reward=0.00  next=correct  answer=False
2026-03-22 05:44:23,266 [Worker3] [P21666] [S00] SOLVE  reward=0.50  next=solve  answer=False
2026-03-22 05:44:23,266 [Worker3] [P52272] [S00] SOLVE  reward=0.00  next=correct  answer=False
2026-03-22 05:44:23,266 [Worker3] [P41636] [S00] SOLVE  reward=0.10  next=correct  answer=False
2026-03-22 05:44:32,692 [Worker3] [batch] [I003] GPU_GEN  batch=6  elapsed=9.43s  pids=['59091', '83364', '48579', '21666', '52272', '41636']
2026-03-22 05:44:32,693 [Worker3] [batch] [I003] done=0  gen=0  api=8  patch=0  elapsed=26.6s
2026-03-22 05:44:32,693 [Worker3] [P53425] [S01] PATCHER_SUBMIT  reward=0.10
2026-03-22 05:44:32,783 [Worker3] [batch] [I004] log_probs  n=2  elapsed=0.09s
2026-03-22 05:44:32,783 [Worker3] [P53425] [S01] CORRECT(fail)  reward=0.10  → patcher
2026-03-22 05:44:32,783 [Worker3] [P05866] [S00] SOLVE  reward=0.00  next=correct  answer=False
2026-03-22 05:44:33,893 [Worker3] [batch] [I004] GPU_GEN  batch=1  elapsed=1.11s  pids=['5866']
2026-03-22 05:44:33,894 [Worker3] [batch] [I004] done=0  gen=0  api=7  patch=1  elapsed=27.8s
2026-03-22 05:44:34,448 [Worker3] [batch] [I005] done=0  gen=0  api=7  patch=1  elapsed=28.4s
2026-03-22 05:44:34,514 [Worker3] [batch] [I006] log_probs  n=1  elapsed=0.07s
2026-03-22 05:44:34,514 [Worker3] [P21666] [S01] SOLVE  reward=1.00  next=solve  answer=False
2026-03-22 05:44:39,323 [Worker3] [batch] [I006] GPU_GEN  batch=1  elapsed=4.81s  pids=['21666']
2026-03-22 05:44:39,324 [Worker3] [batch] [I006] done=0  gen=0  api=7  patch=1  elapsed=33.3s
2026-03-22 05:44:39,324 [Worker3] [P83364] [S01] PATCHER_SUBMIT  reward=0.00
2026-03-22 05:44:39,324 [Worker3] [P48579] [S01] PATCHER_SUBMIT  reward=0.00
2026-03-22 05:44:39,324 [Worker3] [P52272] [S01] PATCHER_SUBMIT  reward=0.00
2026-03-22 05:44:39,324 [Worker3] [P05866] [S01] PATCHER_SUBMIT  reward=0.00
2026-03-22 05:44:39,934 [Worker3] [batch] [I007] log_probs  n=6  elapsed=0.61s
2026-03-22 05:44:39,934 [Worker3] [P59091] [S01] SOLVE  reward=0.50  next=solve  answer=False
2026-03-22 05:44:39,934 [Worker3] [P83364] [S01] CORRECT(fail)  reward=0.00  → patcher
2026-03-22 05:44:39,934 [Worker3] [P48579] [S01] CORRECT(fail)  reward=0.00  → patcher
2026-03-22 05:44:39,934 [Worker3] [P52272] [S01] CORRECT(fail)  reward=0.00  → patcher
2026-03-22 05:44:39,934 [Worker3] [P41636] [S01] CORRECT  reward=0.50  next=solve  answer=False
2026-03-22 05:44:39,934 [Worker3] [P05866] [S01] CORRECT(fail)  reward=0.00  → patcher
2026-03-22 05:44:49,852 [Worker3] [batch] [I007] GPU_GEN  batch=2  elapsed=9.92s  pids=['59091', '41636']
2026-03-22 05:44:49,852 [Worker3] [batch] [I007] done=0  gen=0  api=3  patch=5  elapsed=43.8s
2026-03-22 05:44:53,892 [Worker3] [P53425] [S02] PATCHER_ARRIVED  reward=0.00  gt=correct
2026-03-22 05:44:56,807 [Worker3] [P83364] [S02] PATCHER_ARRIVED  reward=1.00  gt=solve
2026-03-22 05:45:01,037 [Worker3] [P48579] [S02] PATCHER_ARRIVED  reward=0.50  gt=solve
2026-03-22 05:45:04,292 [Worker3] [P52272] [S02] PATCHER_ARRIVED  reward=1.00  gt=solve
2026-03-22 05:45:08,359 [Worker3] [P05866] [S02] PATCHER_ARRIVED  reward=0.50  gt=solve
2026-03-22 05:45:08,994 [Worker3] [batch] [I008] log_probs  n=6  elapsed=0.63s
2026-03-22 05:45:08,994 [Worker3] [P21666] [S02] SOLVE  reward=0.00  next=correct  answer=False
2026-03-22 05:45:08,994 [Worker3] [P53425] [S02] PATCHER  reward=0.00  → WRONG  total=3
2026-03-22 05:45:08,994 [Worker3] ────────────────────────────────────────────────────────────
[PATCHER_WRONG] problem_id=53425  steps=3
  pred    : ['<|solve|>', '<|solve|>', '<|solve|>']
  gt      : ['<|solve|>', '<|correct|>', '<|correct|>']
  is_gen  : [True, True, False]
  rewards : [0.1, 0.1, 0.0]
2026-03-22 05:45:08,995 [Worker3] [P83364] [S02] PATCHER  reward=1.00  answer=False
2026-03-22 05:45:08,995 [Worker3] [P48579] [S02] PATCHER  reward=0.50  answer=False
2026-03-22 05:45:08,995 [Worker3] [P52272] [S02] PATCHER  reward=1.00  answer=False
2026-03-22 05:45:08,995 [Worker3] [P05866] [S02] PATCHER  reward=0.50  answer=False
2026-03-22 05:45:22,290 [Worker3] [batch] [I008] GPU_GEN  batch=5  elapsed=13.29s  pids=['83364', '48579', '21666', '52272', '5866']
2026-03-22 05:45:22,291 [Worker3] [batch] [I008] done=1  gen=0  api=7  patch=0  elapsed=76.2s
2026-03-22 05:45:22,462 [Worker3] [batch] [I009] log_probs  n=2  elapsed=0.17s
2026-03-22 05:45:22,462 [Worker3] [P59091] [S02] SOLVE  reward=0.50  next=solve  answer=False
2026-03-22 05:45:22,462 [Worker3] [P41636] [S02] SOLVE  reward=0.50  next=solve  answer=False
2026-03-22 05:45:34,452 [Worker3] [batch] [I009] GPU_GEN  batch=2  elapsed=11.99s  pids=['59091', '41636']
2026-03-22 05:45:34,453 [Worker3] [batch] [I009] done=1  gen=0  api=7  patch=0  elapsed=88.4s
2026-03-22 05:45:34,453 [Worker3] [P21666] [S03] PATCHER_SUBMIT  reward=0.00
2026-03-22 05:45:35,148 [Worker3] [batch] [I010] log_probs  n=5  elapsed=0.70s
2026-03-22 05:45:35,149 [Worker3] [P83364] [S03] SOLVE  reward=0.10  next=correct  answer=False
2026-03-22 05:45:35,149 [Worker3] [P48579] [S03] SOLVE  reward=0.00  next=correct  answer=False
2026-03-22 05:45:35,149 [Worker3] [P21666] [S03] CORRECT(fail)  reward=0.00  → patcher
2026-03-22 05:45:35,149 [Worker3] [P52272] [S03] SOLVE  reward=0.00  next=correct  answer=False
2026-03-22 05:45:35,149 [Worker3] [P05866] [S03] SOLVE  reward=0.50  next=solve  answer=False
2026-03-22 05:45:44,446 [Worker3] [batch] [I010] GPU_GEN  batch=4  elapsed=9.30s  pids=['83364', '48579', '52272', '5866']
2026-03-22 05:45:44,446 [Worker3] [batch] [I010] done=1  gen=0  api=6  patch=1  elapsed=98.4s
2026-03-22 05:45:46,067 [Worker3] [P21666] [S04] PATCHER_ARRIVED  reward=0.50  gt=solve
2026-03-22 05:45:46,483 [Worker3] [batch] [I011] log_probs  n=3  elapsed=0.42s
2026-03-22 05:45:46,483 [Worker3] [P59091] [S03] SOLVE  reward=1.00  next=correct  answer=False
2026-03-22 05:45:46,483 [Worker3] [P41636] [S03] SOLVE  reward=0.50  next=solve  answer=False
2026-03-22 05:45:46,483 [Worker3] [P21666] [S04] PATCHER  reward=0.50  answer=False
2026-03-22 05:45:50,917 [Worker3] [reward] 숫자 없는 응답: "''", 0.0 반환
2026-03-22 05:45:58,495 [Worker3] [batch] [I011] GPU_GEN  batch=3  elapsed=12.01s  pids=['59091', '21666', '41636']
2026-03-22 05:45:58,495 [Worker3] [batch] [I011] done=1  gen=0  api=7  patch=0  elapsed=112.4s
2026-03-22 05:45:58,495 [Worker3] [P83364] [S04] PATCHER_SUBMIT  reward=0.10
2026-03-22 05:45:58,495 [Worker3] [P48579] [S04] PATCHER_SUBMIT  reward=0.00
2026-03-22 05:45:58,495 [Worker3] [P52272] [S04] PATCHER_SUBMIT  reward=0.00
2026-03-22 05:45:58,925 [Worker3] [batch] [I012] log_probs  n=4  elapsed=0.43s
2026-03-22 05:45:58,925 [Worker3] [P83364] [S04] CORRECT(fail)  reward=0.10  → patcher
2026-03-22 05:45:58,925 [Worker3] [P48579] [S04] CORRECT(fail)  reward=0.00  → patcher
2026-03-22 05:45:58,925 [Worker3] [P52272] [S04] CORRECT(fail)  reward=0.00  → patcher
2026-03-22 05:45:58,925 [Worker3] [P05866] [S04] SOLVE  reward=0.00  next=correct  answer=False
2026-03-22 05:46:03,160 [Worker3] [batch] [I012] GPU_GEN  batch=1  elapsed=4.23s  pids=['5866']
2026-03-22 05:46:03,160 [Worker3] [batch] [I012] done=1  gen=0  api=4  patch=3  elapsed=117.1s
2026-03-22 05:46:04,526 [Worker3] [P83364] [S05] PATCHER_ARRIVED  reward=0.10  gt=correct
2026-03-22 05:46:04,816 [Worker3] [batch] [I013] log_probs  n=2  elapsed=0.29s
2026-03-22 05:46:04,817 [Worker3] [P21666] [S05] SOLVE  reward=0.00  next=correct  answer=False
2026-03-22 05:46:04,817 [Worker3] [P83364] [S05] PATCHER  reward=0.10  → WRONG  total=6
2026-03-22 05:46:04,817 [Worker3] ────────────────────────────────────────────────────────────
[PATCHER_WRONG] problem_id=83364  steps=6
  pred    : ['<|solve|>', '<|solve|>', '<|solve|>', '<|solve|>', '<|solve|>', '<|solve|>']
  gt      : ['<|solve|>', '<|correct|>', '<|correct|>', '<|solve|>', '<|correct|>', '<|correct|>']
  is_gen  : [True, True, False, True, True, False]
  rewards : [0.0, 0.0, 1.0, 0.1, 0.1, 0.1]
2026-03-22 05:46:05,156 [Worker3] [batch] [I013] GPU_GEN  batch=1  elapsed=0.34s  pids=['21666']
2026-03-22 05:46:05,156 [Worker3] [batch] [I013] done=2  gen=0  api=4  patch=2  elapsed=119.1s
2026-03-22 05:46:05,296 [Worker3] [batch] [I014] log_probs  n=1  elapsed=0.14s
2026-03-22 05:46:05,296 [Worker3] [P59091] [S04] CORRECT  reward=0.50  next=solve  answer=True
2026-03-22 05:46:05,296 [Worker3] [P59091] DONE  status=ANSWER  total_steps=5
2026-03-22 05:46:05,296 [Worker3] [batch] [I014] done=3  gen=0  api=3  patch=2  elapsed=119.2s
2026-03-22 05:46:06,605 [Worker3] [batch] [I015] done=3  gen=0  api=3  patch=2  elapsed=120.5s
2026-03-22 05:46:06,973 [Worker3] [reward] 숫자 없는 응답: "''", 0.0 반환
2026-03-22 05:46:14,610 [Worker3] [reward] 숫자 없는 응답: "''", 0.0 반환
2026-03-22 05:46:14,615 [Worker3] [P48579] [S05] PATCHER_ARRIVED  reward=0.00  gt=correct
2026-03-22 05:46:14,696 [Worker3] [batch] [I016] log_probs  n=1  elapsed=0.08s
2026-03-22 05:46:14,696 [Worker3] [P48579] [S05] PATCHER  reward=0.00  → WRONG  total=6
2026-03-22 05:46:14,696 [Worker3] ────────────────────────────────────────────────────────────
[PATCHER_WRONG] problem_id=48579  steps=6
  pred    : ['<|solve|>', '<|solve|>', '<|solve|>', '<|solve|>', '<|solve|>', '<|solve|>']
  gt      : ['<|solve|>', '<|correct|>', '<|correct|>', '<|solve|>', '<|correct|>', '<|correct|>']
  is_gen  : [True, True, False, True, True, False]
  rewards : [0.0, 0.0, 0.5, 0.0, 0.0, 0.0]
2026-03-22 05:46:14,696 [Worker3] [batch] [I016] done=4  gen=0  api=3  patch=1  elapsed=128.6s
2026-03-22 05:46:14,697 [Worker3] [P05866] [S05] PATCHER_SUBMIT  reward=0.00
2026-03-22 05:46:19,000 [Worker3] [P52272] [S05] PATCHER_ARRIVED  reward=0.50  gt=solve
2026-03-22 05:46:19,759 [Worker3] [batch] [I017] log_probs  n=4  elapsed=0.76s
2026-03-22 05:46:19,759 [Worker3] [P21666] [S06] CORRECT  reward=1.00  next=solve  answer=False
2026-03-22 05:46:19,759 [Worker3] [P41636] [S04] SOLVE  reward=0.00  next=correct  answer=False
2026-03-22 05:46:19,759 [Worker3] [P05866] [S05] CORRECT(fail)  reward=0.00  → patcher
2026-03-22 05:46:19,759 [Worker3] [P52272] [S05] PATCHER  reward=0.50  answer=False
2026-03-22 05:46:30,720 [Worker3] [batch] [I017] GPU_GEN  batch=3  elapsed=10.96s  pids=['21666', '52272', '41636']
2026-03-22 05:46:30,720 [Worker3] [batch] [I017] done=4  gen=0  api=3  patch=1  elapsed=144.7s
2026-03-22 05:46:33,257 [Worker3] [P05866] [S06] PATCHER_ARRIVED  reward=0.50  gt=solve
2026-03-22 05:46:33,375 [Worker3] [batch] [I018] log_probs  n=1  elapsed=0.12s
2026-03-22 05:46:33,375 [Worker3] [P05866] [S06] PATCHER  reward=0.50  answer=False
2026-03-22 05:46:36,016 [Worker3] [batch] [I018] GPU_GEN  batch=1  elapsed=2.64s  pids=['5866']
2026-03-22 05:46:36,016 [Worker3] [batch] [I018] done=4  gen=0  api=4  patch=0  elapsed=150.0s
2026-03-22 05:46:36,147 [Worker3] [batch] [I019] log_probs  n=1  elapsed=0.13s
2026-03-22 05:46:36,148 [Worker3] [P21666] [S07] SOLVE  reward=0.10  next=correct  answer=False
2026-03-22 05:46:36,462 [Worker3] [batch] [I019] GPU_GEN  batch=1  elapsed=0.31s  pids=['21666']
2026-03-22 05:46:36,462 [Worker3] [batch] [I019] done=4  gen=0  api=4  patch=0  elapsed=150.4s
2026-03-22 05:46:36,654 [Worker3] [batch] [I020] done=4  gen=0  api=4  patch=0  elapsed=150.6s
2026-03-22 05:46:36,766 [Worker3] [batch] [I021] log_probs  n=1  elapsed=0.11s
2026-03-22 05:46:36,766 [Worker3] [P52272] [S06] SOLVE  reward=1.00  next=correct  answer=False
2026-03-22 05:46:36,957 [Worker3] [batch] [I021] GPU_GEN  batch=1  elapsed=0.19s  pids=['52272']
2026-03-22 05:46:36,958 [Worker3] [batch] [I021] done=4  gen=0  api=4  patch=0  elapsed=150.9s
2026-03-22 05:46:38,088 [Worker3] [batch] [I022] done=4  gen=0  api=4  patch=0  elapsed=152.0s
2026-03-22 05:46:38,088 [Worker3] [P21666] [S08] PATCHER_SUBMIT  reward=0.10
2026-03-22 05:46:38,218 [Worker3] [batch] [I023] log_probs  n=1  elapsed=0.13s
2026-03-22 05:46:38,218 [Worker3] [P21666] [S08] CORRECT(fail)  reward=0.10  → patcher
2026-03-22 05:46:38,218 [Worker3] [batch] [I023] done=4  gen=0  api=3  patch=1  elapsed=152.2s
2026-03-22 05:46:38,218 [Worker3] [P41636] [S05] PATCHER_SUBMIT  reward=0.00
2026-03-22 05:46:38,382 [Worker3] [batch] [I024] log_probs  n=1  elapsed=0.16s
2026-03-22 05:46:38,383 [Worker3] [P41636] [S05] CORRECT(fail)  reward=0.00  → patcher
2026-03-22 05:46:38,383 [Worker3] [batch] [I024] done=4  gen=0  api=2  patch=2  elapsed=152.3s
2026-03-22 05:46:38,450 [Worker3] [batch] [I025] done=4  gen=0  api=2  patch=2  elapsed=152.4s
2026-03-22 05:46:38,563 [Worker3] [batch] [I026] log_probs  n=1  elapsed=0.11s
2026-03-22 05:46:38,563 [Worker3] [P05866] [S07] SOLVE  reward=0.50  next=solve  answer=False
2026-03-22 05:46:44,289 [Worker3] [batch] [I026] GPU_GEN  batch=1  elapsed=5.73s  pids=['5866']
2026-03-22 05:46:44,289 [Worker3] [batch] [I026] done=4  gen=0  api=2  patch=2  elapsed=158.2s
2026-03-22 05:46:47,297 [Worker3] [P21666] [S09] PATCHER_ARRIVED  reward=0.50  gt=solve
2026-03-22 05:46:47,601 [Worker3] [batch] [I027] log_probs  n=2  elapsed=0.30s
2026-03-22 05:46:47,602 [Worker3] [P52272] [S07] CORRECT  reward=1.00  next=solve  answer=True
2026-03-22 05:46:47,602 [Worker3] [P52272] DONE  status=ANSWER  total_steps=8
2026-03-22 05:46:47,602 [Worker3] [P21666] [S09] PATCHER  reward=0.50  answer=True
2026-03-22 05:46:47,602 [Worker3] [P21666] DONE  status=ANSWER  total_steps=10
2026-03-22 05:46:47,602 [Worker3] [batch] [I027] done=6  gen=0  api=1  patch=1  elapsed=161.5s
2026-03-22 05:46:48,745 [Worker3] [batch] [I028] done=6  gen=0  api=1  patch=1  elapsed=162.7s
2026-03-22 05:46:53,222 [Worker3] [P41636] [S06] PATCHER_ARRIVED  reward=1.00  gt=solve
2026-03-22 05:46:53,382 [Worker3] [batch] [I029] log_probs  n=1  elapsed=0.16s
2026-03-22 05:46:53,382 [Worker3] [P41636] [S06] PATCHER  reward=1.00  answer=False
2026-03-22 05:46:54,768 [Worker3] [batch] [I029] GPU_GEN  batch=1  elapsed=1.39s  pids=['41636']
2026-03-22 05:46:54,768 [Worker3] [batch] [I029] done=6  gen=0  api=2  patch=0  elapsed=168.7s
2026-03-22 05:46:54,903 [Worker3] [batch] [I030] log_probs  n=1  elapsed=0.13s
2026-03-22 05:46:54,904 [Worker3] [P05866] [S08] SOLVE  reward=0.00  next=correct  answer=False
2026-03-22 05:46:58,334 [Worker3] [batch] [I030] GPU_GEN  batch=1  elapsed=3.43s  pids=['5866']
2026-03-22 05:46:58,334 [Worker3] [batch] [I030] done=6  gen=0  api=2  patch=0  elapsed=172.3s
2026-03-22 05:46:58,485 [Worker3] [batch] [I031] log_probs  n=1  elapsed=0.15s
2026-03-22 05:46:58,486 [Worker3] [P41636] [S07] SOLVE  reward=1.00  next=solve  answer=False
2026-03-22 05:47:02,696 [Worker3] [batch] [I031] GPU_GEN  batch=1  elapsed=4.21s  pids=['41636']
2026-03-22 05:47:02,696 [Worker3] [batch] [I031] done=6  gen=0  api=2  patch=0  elapsed=176.6s
2026-03-22 05:47:04,345 [Worker3] [batch] [I032] done=6  gen=0  api=2  patch=0  elapsed=178.3s
2026-03-22 05:47:04,345 [Worker3] [P05866] [S09] PATCHER_SUBMIT  reward=0.00
2026-03-22 05:47:04,520 [Worker3] [batch] [I033] log_probs  n=1  elapsed=0.17s
2026-03-22 05:47:04,520 [Worker3] [P05866] [S09] CORRECT(fail)  reward=0.00  → patcher
2026-03-22 05:47:04,520 [Worker3] [batch] [I033] done=6  gen=0  api=1  patch=1  elapsed=178.5s
2026-03-22 05:47:09,325 [Worker3] [reward] 숫자 없는 응답: "''", 0.0 반환
2026-03-22 05:47:09,325 [Worker3] [batch] [I034] done=6  gen=0  api=1  patch=1  elapsed=183.3s
2026-03-22 05:47:09,483 [Worker3] [batch] [I035] log_probs  n=1  elapsed=0.16s
2026-03-22 05:47:09,483 [Worker3] [P41636] [S08] SOLVE  reward=0.00  next=correct  answer=False
2026-03-22 05:47:12,446 [Worker3] [batch] [I035] GPU_GEN  batch=1  elapsed=2.96s  pids=['41636']
2026-03-22 05:47:12,446 [Worker3] [batch] [I035] done=6  gen=0  api=1  patch=1  elapsed=186.4s
2026-03-22 05:47:16,140 [Worker3] [batch] [I036] done=6  gen=0  api=1  patch=1  elapsed=190.1s
2026-03-22 05:47:16,339 [Worker3] [batch] [I037] log_probs  n=1  elapsed=0.20s
2026-03-22 05:47:16,339 [Worker3] [P41636] [S09] CORRECT  reward=1.00  next=solve  answer=False
2026-03-22 05:47:17,548 [Worker3] [batch] [I037] GPU_GEN  batch=1  elapsed=1.21s  pids=['41636']
2026-03-22 05:47:17,548 [Worker3] [batch] [I037] done=6  gen=0  api=1  patch=1  elapsed=191.5s
2026-03-22 05:47:18,716 [Worker3] [batch] [I038] done=6  gen=0  api=1  patch=1  elapsed=192.7s
2026-03-22 05:47:18,897 [Worker3] [batch] [I039] log_probs  n=1  elapsed=0.18s
2026-03-22 05:47:18,898 [Worker3] [P41636] [S10] SOLVE  reward=0.10  next=correct  answer=False
2026-03-22 05:47:19,645 [Worker3] [batch] [I039] GPU_GEN  batch=1  elapsed=0.75s  pids=['41636']
2026-03-22 05:47:19,646 [Worker3] [batch] [I039] done=6  gen=0  api=1  patch=1  elapsed=193.6s
2026-03-22 05:47:20,644 [Worker3] [batch] [I040] done=6  gen=0  api=1  patch=1  elapsed=194.6s
2026-03-22 05:47:20,644 [Worker3] [P41636] [S11] PATCHER_SUBMIT  reward=0.10
2026-03-22 05:47:20,834 [Worker3] [batch] [I041] log_probs  n=1  elapsed=0.19s
2026-03-22 05:47:20,834 [Worker3] [P41636] [S11] CORRECT(fail)  reward=0.10  → patcher
2026-03-22 05:47:20,834 [Worker3] [batch] [I041] done=6  gen=0  api=0  patch=2  elapsed=194.8s
2026-03-22 05:47:24,890 [Worker3] [batch] [I042] done=6  gen=0  api=0  patch=2  elapsed=198.8s
2026-03-22 05:47:26,239 [Worker3] [P41636] [S12] PATCHER_ARRIVED  reward=0.10  gt=correct
2026-03-22 05:47:26,435 [Worker3] [batch] [I043] log_probs  n=1  elapsed=0.20s
2026-03-22 05:47:26,435 [Worker3] [P41636] [S12] PATCHER  reward=0.10  → WRONG  total=13
2026-03-22 05:47:26,435 [Worker3] ────────────────────────────────────────────────────────────
[PATCHER_WRONG] problem_id=41636  steps=13
  pred    : ['<|solve|>', '<|solve|>', '<|solve|>', '<|solve|>', '<|solve|>', '<|solve|>', '<|solve|>', '<|solve|>', '<|solve|>', '<|solve|>', '<|solve|>', '<|solve|>', '<|solve|>']
  gt      : ['<|solve|>', '<|correct|>', '<|solve|>', '<|solve|>', '<|solve|>', '<|correct|>', '<|correct|>', '<|solve|>', '<|solve|>', '<|correct|>', '<|solve|>', '<|correct|>', '<|correct|>']
  is_gen  : [True, True, True, True, True, True, False, True, True, True, True, True, False]
  rewards : [0.1, 0.5, 0.5, 0.5, 0.0, 0.0, 1.0, 1.0, 0.0, 1.0, 0.1, 0.1, 0.1]
2026-03-22 05:47:26,436 [Worker3] [batch] [I043] done=7  gen=0  api=0  patch=1  elapsed=200.4s
2026-03-22 05:47:33,461 [Worker3] [P05866] [S10] PATCHER_ARRIVED  reward=0.00  gt=correct
2026-03-22 05:47:33,638 [Worker3] [batch] [I044] log_probs  n=1  elapsed=0.18s
2026-03-22 05:47:33,638 [Worker3] [P05866] [S10] PATCHER  reward=0.00  → WRONG  total=11
2026-03-22 05:47:33,638 [Worker3] ────────────────────────────────────────────────────────────
[PATCHER_WRONG] problem_id=5866  steps=11
  pred    : ['<|solve|>', '<|solve|>', '<|solve|>', '<|solve|>', '<|solve|>', '<|solve|>', '<|solve|>', '<|solve|>', '<|solve|>', '<|solve|>', '<|solve|>']
  gt      : ['<|solve|>', '<|correct|>', '<|correct|>', '<|solve|>', '<|solve|>', '<|correct|>', '<|correct|>', '<|solve|>', '<|solve|>', '<|correct|>', '<|correct|>']
  is_gen  : [True, True, False, True, True, True, False, True, True, True, False]
  rewards : [0.0, 0.0, 0.5, 0.5, 0.0, 0.0, 0.5, 0.5, 0.0, 0.0, 0.0]
2026-03-22 05:47:33,638 [Worker3] [batch] BATCH_DONE  problems=8  answered=3  total_steps=62  iters=44  elapsed=207.6s
