2026-03-22 05:33:44,082 [Worker1] Generator 로드 중: /mnt/yoonju/SC/output/sft_checkpoints/20260321_215307/epoch2
2026-03-22 05:33:51,233 [Worker1] We will use 90% of the memory on device 0 for storing the model, and 10% for the buffer to avoid OOM. You can set `max_memory` in to a higher value to use more memory (at your own risk).
2026-03-22 05:33:54,030 [Worker1] Generator 로드 완료.
2026-03-22 05:33:54,030 [Worker1] Rollout 파일 생성: ../output/prototype/20260322_053332/rollouts_worker_1.jsonl
2026-03-22 05:33:54,030 [Worker1] 준비 완료  rollout → ../output/prototype/20260322_053332/rollouts_worker_1.jsonl  log → ../output/prototype/20260322_053332/log_worker_1.log
2026-03-22 05:34:04,329 [Worker1] [batch] [I000] GPU_GEN  batch=8  elapsed=10.28s  pids=['12600', '94222', '575', '71065', '55198', '69452', '11250', '85342']
2026-03-22 05:34:04,335 [Worker1] [batch] [I000] done=0  gen=0  api=8  patch=0  elapsed=10.3s
2026-03-22 05:34:07,965 [Worker1] [reward][SAMPLE] messages=
[
  {
    "role": "system",
    "content": "You are a strict mathematical reasoning evaluator.\nEvaluate ONLY the single CURRENT STEP — not the whole solution.\n\nScoring rules (return a single float, nothing else):\n  0.0  — ANY error: wrong arithmetic, wrong algebra, incorrect logic,\n         or contradicts previous steps.\n  0.1  — correct but trivial (restates something already said).\n  0.5  — correct and makes meaningful progress.\n  1.0  — correct, significant progress, or reaches the right final answer.\n\nIMPORTANT: If the current step merely repeats or rephrases what was already\nestablished, assign at most 0.1 even if correct.\nBe strict. Return ONLY the numeric score."
  },
  {
    "role": "user",
    "content": "[Problem]\nDetermine whether the following statement is true or false: For any even integer \\( n > 50 \\), there exists a prime \\( p < \\sqrt{n} \\) such that \\( n - p \\) is also a prime."
  },
  {
    "role": "assistant",
    "content": "Understood. Show me each step to evaluate."
  },
  {
    "role": "user",
    "content": "[SOLVE]\nWe need to check if for any even integer \\( n > 50 \\), there exists a prime \\( p < \\sqrt{n} \\) such that \\( n - p \\) is also a prime. Let's start by considering the smallest even integer greater than 50, which is 52.<|im_end|>"
  }
]
[reward][SAMPLE] raw_response='0.1'
2026-03-22 05:34:07,966 [Worker1] [batch] [I001] done=0  gen=0  api=8  patch=0  elapsed=13.9s
2026-03-22 05:34:08,076 [Worker1] [batch] [I002] log_probs  n=1  elapsed=0.11s
2026-03-22 05:34:08,076 [Worker1] [P69452] [S00] SOLVE  reward=0.10  next=correct  answer=False
2026-03-22 05:34:09,257 [Worker1] [batch] [I002] GPU_GEN  batch=1  elapsed=1.18s  pids=['69452']
2026-03-22 05:34:09,257 [Worker1] [batch] [I002] done=0  gen=0  api=8  patch=0  elapsed=15.2s
2026-03-22 05:34:09,362 [Worker1] [batch] [I003] log_probs  n=4  elapsed=0.10s
2026-03-22 05:34:09,362 [Worker1] [P12600] [S00] SOLVE  reward=0.10  next=correct  answer=False
2026-03-22 05:34:09,362 [Worker1] [P00575] [S00] SOLVE  reward=0.50  next=solve  answer=False
2026-03-22 05:34:09,362 [Worker1] [P55198] [S00] SOLVE  reward=0.10  next=correct  answer=False
2026-03-22 05:34:09,362 [Worker1] [P11250] [S00] SOLVE  reward=0.50  next=solve  answer=False
2026-03-22 05:34:15,539 [Worker1] [reward] 숫자 없는 응답: "''", 0.0 반환
2026-03-22 05:34:19,927 [Worker1] [batch] [I003] GPU_GEN  batch=4  elapsed=10.56s  pids=['12600', '575', '55198', '11250']
2026-03-22 05:34:19,927 [Worker1] [batch] [I003] done=0  gen=0  api=8  patch=0  elapsed=25.9s
2026-03-22 05:34:19,927 [Worker1] [P69452] [S01] PATCHER_SUBMIT  reward=0.00
2026-03-22 05:34:20,084 [Worker1] [batch] [I004] log_probs  n=4  elapsed=0.16s
2026-03-22 05:34:20,085 [Worker1] [P94222] [S00] SOLVE  reward=0.00  next=correct  answer=False
2026-03-22 05:34:20,085 [Worker1] [P71065] [S00] SOLVE  reward=0.50  next=solve  answer=False
2026-03-22 05:34:20,085 [Worker1] [P69452] [S01] CORRECT(fail)  reward=0.00  → patcher
2026-03-22 05:34:20,085 [Worker1] [P85342] [S00] SOLVE  reward=0.00  next=correct  answer=False
2026-03-22 05:34:25,765 [Worker1] [batch] [I004] GPU_GEN  batch=3  elapsed=5.68s  pids=['94222', '71065', '85342']
2026-03-22 05:34:25,765 [Worker1] [batch] [I004] done=0  gen=0  api=7  patch=1  elapsed=31.7s
2026-03-22 05:34:25,970 [Worker1] [batch] [I005] log_probs  n=4  elapsed=0.20s
2026-03-22 05:34:25,970 [Worker1] [P12600] [S01] CORRECT  reward=0.50  next=solve  answer=False
2026-03-22 05:34:25,970 [Worker1] [P00575] [S01] SOLVE  reward=1.00  next=solve  answer=False
2026-03-22 05:34:25,970 [Worker1] [P55198] [S01] CORRECT  reward=0.50  next=solve  answer=False
2026-03-22 05:34:25,970 [Worker1] [P11250] [S01] SOLVE  reward=0.00  next=correct  answer=False
2026-03-22 05:34:34,114 [Worker1] [reward] 숫자 없는 응답: "''", 0.0 반환
2026-03-22 05:34:37,754 [Worker1] [batch] [I005] GPU_GEN  batch=4  elapsed=11.78s  pids=['12600', '575', '55198', '11250']
2026-03-22 05:34:37,755 [Worker1] [batch] [I005] done=0  gen=0  api=7  patch=1  elapsed=43.7s
2026-03-22 05:34:37,755 [Worker1] [P94222] [S01] PATCHER_SUBMIT  reward=0.00
2026-03-22 05:34:37,755 [Worker1] [P85342] [S01] PATCHER_SUBMIT  reward=0.00
2026-03-22 05:34:39,477 [Worker1] [P69452] [S02] PATCHER_ARRIVED  reward=0.50  gt=solve
2026-03-22 05:34:39,748 [Worker1] [batch] [I006] log_probs  n=4  elapsed=0.27s
2026-03-22 05:34:39,748 [Worker1] [P94222] [S01] CORRECT(fail)  reward=0.00  → patcher
2026-03-22 05:34:39,748 [Worker1] [P71065] [S01] SOLVE  reward=1.00  next=solve  answer=False
2026-03-22 05:34:39,748 [Worker1] [P85342] [S01] CORRECT(fail)  reward=0.00  → patcher
2026-03-22 05:34:39,749 [Worker1] [P69452] [S02] PATCHER  reward=0.50  answer=False
2026-03-22 05:34:50,149 [Worker1] [batch] [I006] GPU_GEN  batch=2  elapsed=10.40s  pids=['71065', '69452']
2026-03-22 05:34:50,149 [Worker1] [batch] [I006] done=0  gen=0  api=6  patch=2  elapsed=56.1s
2026-03-22 05:34:50,149 [Worker1] [P11250] [S02] PATCHER_SUBMIT  reward=0.10
2026-03-22 05:34:56,137 [Worker1] [reward] 숫자 없는 응답: "''", 0.0 반환
2026-03-22 05:34:56,138 [Worker1] [P94222] [S02] PATCHER_ARRIVED  reward=0.00  gt=correct
2026-03-22 05:34:56,550 [Worker1] [batch] [I007] log_probs  n=5  elapsed=0.41s
2026-03-22 05:34:56,550 [Worker1] [P12600] [S02] SOLVE  reward=0.10  next=correct  answer=False
2026-03-22 05:34:56,550 [Worker1] [P00575] [S02] SOLVE  reward=1.00  next=solve  answer=False
2026-03-22 05:34:56,550 [Worker1] [P55198] [S02] SOLVE  reward=0.50  next=solve  answer=False
2026-03-22 05:34:56,550 [Worker1] [P11250] [S02] CORRECT(fail)  reward=0.10  → patcher
2026-03-22 05:34:56,550 [Worker1] [P94222] [S02] PATCHER  reward=0.00  → WRONG  total=3
2026-03-22 05:34:56,550 [Worker1] ────────────────────────────────────────────────────────────
[PATCHER_WRONG] problem_id=94222  steps=3
  pred    : ['<|solve|>', '<|solve|>', '<|solve|>']
  gt      : ['<|solve|>', '<|correct|>', '<|correct|>']
  is_gen  : [True, True, False]
  rewards : [0.0, 0.0, 0.0]
2026-03-22 05:35:00,189 [Worker1] [reward] 숫자 없는 응답: "''", 0.0 반환
2026-03-22 05:35:06,031 [Worker1] [batch] [I007] GPU_GEN  batch=3  elapsed=9.48s  pids=['12600', '575', '55198']
2026-03-22 05:35:06,031 [Worker1] [batch] [I007] done=1  gen=0  api=5  patch=2  elapsed=72.0s
2026-03-22 05:35:14,467 [Worker1] [reward] 숫자 없는 응답: "''", 0.0 반환
2026-03-22 05:35:14,471 [Worker1] [P11250] [S03] PATCHER_ARRIVED  reward=0.00  gt=correct
2026-03-22 05:35:20,935 [Worker1] [P85342] [S02] PATCHER_ARRIVED  reward=1.00  gt=solve
2026-03-22 05:35:21,316 [Worker1] [batch] [I008] log_probs  n=4  elapsed=0.38s
2026-03-22 05:35:21,317 [Worker1] [P71065] [S02] SOLVE  reward=0.00  next=correct  answer=False
2026-03-22 05:35:21,317 [Worker1] [P69452] [S03] SOLVE  reward=0.50  next=solve  answer=False
2026-03-22 05:35:21,317 [Worker1] [P11250] [S03] PATCHER  reward=0.00  → WRONG  total=4
2026-03-22 05:35:21,317 [Worker1] ────────────────────────────────────────────────────────────
[PATCHER_WRONG] problem_id=11250  steps=4
  pred    : ['<|solve|>', '<|solve|>', '<|solve|>', '<|solve|>']
  gt      : ['<|solve|>', '<|solve|>', '<|correct|>', '<|correct|>']
  is_gen  : [True, True, True, False]
  rewards : [0.5, 0.0, 0.1, 0.0]
2026-03-22 05:35:21,317 [Worker1] [P85342] [S02] PATCHER  reward=1.00  answer=False
2026-03-22 05:35:33,297 [Worker1] [batch] [I008] GPU_GEN  batch=3  elapsed=11.98s  pids=['71065', '69452', '85342']
2026-03-22 05:35:33,298 [Worker1] [batch] [I008] done=2  gen=0  api=6  patch=0  elapsed=99.3s
2026-03-22 05:35:33,605 [Worker1] [batch] [I009] log_probs  n=3  elapsed=0.31s
2026-03-22 05:35:33,605 [Worker1] [P12600] [S03] CORRECT  reward=0.50  next=solve  answer=False
2026-03-22 05:35:33,606 [Worker1] [P00575] [S03] SOLVE  reward=1.00  next=correct  answer=False
2026-03-22 05:35:33,606 [Worker1] [P55198] [S03] SOLVE  reward=1.00  next=solve  answer=False
2026-03-22 05:35:38,433 [Worker1] [batch] [I009] GPU_GEN  batch=3  elapsed=4.83s  pids=['12600', '575', '55198']
2026-03-22 05:35:38,434 [Worker1] [batch] [I009] done=2  gen=0  api=6  patch=0  elapsed=104.4s
2026-03-22 05:35:38,434 [Worker1] [P71065] [S03] PATCHER_SUBMIT  reward=0.00
2026-03-22 05:35:38,853 [Worker1] [batch] [I010] log_probs  n=3  elapsed=0.42s
2026-03-22 05:35:38,853 [Worker1] [P71065] [S03] CORRECT(fail)  reward=0.00  → patcher
2026-03-22 05:35:38,853 [Worker1] [P69452] [S04] SOLVE  reward=0.10  next=correct  answer=False
2026-03-22 05:35:38,853 [Worker1] [P85342] [S03] SOLVE  reward=1.00  next=solve  answer=False
2026-03-22 05:35:50,177 [Worker1] [batch] [I010] GPU_GEN  batch=2  elapsed=11.32s  pids=['69452', '85342']
2026-03-22 05:35:50,177 [Worker1] [batch] [I010] done=2  gen=0  api=5  patch=1  elapsed=116.1s
2026-03-22 05:35:50,178 [Worker1] [P00575] [S04] PATCHER_SUBMIT  reward=0.10
2026-03-22 05:35:52,761 [Worker1] [P71065] [S04] PATCHER_ARRIVED  reward=1.00  gt=solve
2026-03-22 05:35:53,363 [Worker1] [batch] [I011] log_probs  n=4  elapsed=0.60s
2026-03-22 05:35:53,363 [Worker1] [P12600] [S04] SOLVE  reward=0.50  next=solve  answer=False
2026-03-22 05:35:53,363 [Worker1] [P00575] [S04] CORRECT(fail)  reward=0.10  → patcher
2026-03-22 05:35:53,363 [Worker1] [P55198] [S04] SOLVE  reward=0.99  next=solve  answer=False
2026-03-22 05:35:53,363 [Worker1] [P71065] [S04] PATCHER  reward=1.00  answer=False
2026-03-22 05:36:05,511 [Worker1] [batch] [I011] GPU_GEN  batch=3  elapsed=12.15s  pids=['12600', '71065', '55198']
2026-03-22 05:36:05,512 [Worker1] [batch] [I011] done=2  gen=0  api=5  patch=1  elapsed=131.5s
2026-03-22 05:36:05,512 [Worker1] [P69452] [S05] PATCHER_SUBMIT  reward=0.10
2026-03-22 05:36:07,387 [Worker1] [P00575] [S05] PATCHER_ARRIVED  reward=0.10  gt=correct
2026-03-22 05:36:07,778 [Worker1] [batch] [I012] log_probs  n=3  elapsed=0.39s
2026-03-22 05:36:07,778 [Worker1] [P69452] [S05] CORRECT(fail)  reward=0.10  → patcher
2026-03-22 05:36:07,778 [Worker1] [P85342] [S04] SOLVE  reward=1.00  next=solve  answer=False
2026-03-22 05:36:07,778 [Worker1] [P00575] [S05] PATCHER  reward=0.10  → WRONG  total=6
2026-03-22 05:36:07,778 [Worker1] ────────────────────────────────────────────────────────────
[PATCHER_WRONG] problem_id=575  steps=6
  pred    : ['<|solve|>', '<|solve|>', '<|solve|>', '<|solve|>', '<|solve|>', '<|solve|>']
  gt      : ['<|solve|>', '<|solve|>', '<|solve|>', '<|solve|>', '<|correct|>', '<|correct|>']
  is_gen  : [True, True, True, True, True, False]
  rewards : [0.5, 1.0, 1.0, 1.0, 0.1, 0.1]
2026-03-22 05:36:15,304 [Worker1] [batch] [I012] GPU_GEN  batch=1  elapsed=7.53s  pids=['85342']
2026-03-22 05:36:15,304 [Worker1] [batch] [I012] done=3  gen=0  api=4  patch=1  elapsed=141.3s
2026-03-22 05:36:17,761 [Worker1] [P69452] [S06] PATCHER_ARRIVED  reward=1.00  gt=solve
2026-03-22 05:36:18,367 [Worker1] [batch] [I013] log_probs  n=4  elapsed=0.61s
2026-03-22 05:36:18,368 [Worker1] [P12600] [S05] SOLVE  reward=0.50  next=solve  answer=False
2026-03-22 05:36:18,368 [Worker1] [P71065] [S05] SOLVE  reward=0.00  next=correct  answer=False
2026-03-22 05:36:18,368 [Worker1] [P55198] [S05] SOLVE  reward=0.10  next=correct  answer=False
2026-03-22 05:36:18,368 [Worker1] [P69452] [S06] PATCHER  reward=1.00  answer=False
2026-03-22 05:36:30,479 [Worker1] [batch] [I013] GPU_GEN  batch=4  elapsed=12.11s  pids=['12600', '71065', '55198', '69452']
2026-03-22 05:36:30,480 [Worker1] [batch] [I013] done=3  gen=0  api=5  patch=0  elapsed=156.4s
2026-03-22 05:36:30,619 [Worker1] [batch] [I014] log_probs  n=1  elapsed=0.14s
2026-03-22 05:36:30,619 [Worker1] [P85342] [S05] SOLVE  reward=1.00  next=solve  answer=False
2026-03-22 05:36:34,383 [Worker1] [batch] [I014] GPU_GEN  batch=1  elapsed=3.76s  pids=['85342']
2026-03-22 05:36:34,383 [Worker1] [batch] [I014] done=3  gen=0  api=5  patch=0  elapsed=160.3s
2026-03-22 05:36:34,383 [Worker1] [P55198] [S06] PATCHER_SUBMIT  reward=0.10
2026-03-22 05:36:34,610 [Worker1] [batch] [I015] log_probs  n=2  elapsed=0.23s
2026-03-22 05:36:34,610 [Worker1] [P55198] [S06] CORRECT(fail)  reward=0.10  → patcher
2026-03-22 05:36:34,610 [Worker1] [P69452] [S07] SOLVE  reward=0.10  next=correct  answer=False
2026-03-22 05:36:34,812 [Worker1] [batch] [I015] GPU_GEN  batch=1  elapsed=0.20s  pids=['69452']
2026-03-22 05:36:34,812 [Worker1] [batch] [I015] done=3  gen=0  api=4  patch=1  elapsed=160.8s
2026-03-22 05:36:35,954 [Worker1] [batch] [I016] done=3  gen=0  api=4  patch=1  elapsed=161.9s
2026-03-22 05:36:36,046 [Worker1] [batch] [I017] log_probs  n=1  elapsed=0.09s
2026-03-22 05:36:36,046 [Worker1] [P12600] [S06] SOLVE  reward=0.00  next=correct  answer=False
2026-03-22 05:36:41,907 [Worker1] [batch] [I017] GPU_GEN  batch=1  elapsed=5.86s  pids=['12600']
2026-03-22 05:36:41,907 [Worker1] [batch] [I017] done=3  gen=0  api=4  patch=1  elapsed=167.9s
2026-03-22 05:36:41,907 [Worker1] [P71065] [S06] PATCHER_SUBMIT  reward=0.00
2026-03-22 05:36:41,907 [Worker1] [P69452] [S08] PATCHER_SUBMIT  reward=0.10
2026-03-22 05:36:44,258 [Worker1] [P55198] [S07] PATCHER_ARRIVED  reward=1.00  gt=solve
2026-03-22 05:36:44,909 [Worker1] [batch] [I018] log_probs  n=3  elapsed=0.65s
2026-03-22 05:36:44,909 [Worker1] [P71065] [S06] CORRECT(fail)  reward=0.00  → patcher
2026-03-22 05:36:44,909 [Worker1] [P69452] [S08] CORRECT(fail)  reward=0.10  → patcher
2026-03-22 05:36:44,909 [Worker1] [P55198] [S07] PATCHER  reward=1.00  answer=True
2026-03-22 05:36:44,909 [Worker1] [P55198] DONE  status=ANSWER  total_steps=8
2026-03-22 05:36:44,909 [Worker1] [batch] [I018] done=4  gen=0  api=2  patch=2  elapsed=170.9s
2026-03-22 05:36:45,076 [Worker1] [batch] [I019] log_probs  n=1  elapsed=0.17s
2026-03-22 05:36:45,077 [Worker1] [P85342] [S06] SOLVE  reward=1.00  next=correct  answer=False
2026-03-22 05:36:45,357 [Worker1] [batch] [I019] GPU_GEN  batch=1  elapsed=0.28s  pids=['85342']
2026-03-22 05:36:45,358 [Worker1] [batch] [I019] done=4  gen=0  api=2  patch=2  elapsed=171.3s
2026-03-22 05:36:46,996 [Worker1] [P69452] [S09] PATCHER_ARRIVED  reward=0.10  gt=correct
2026-03-22 05:36:47,078 [Worker1] [batch] [I020] log_probs  n=1  elapsed=0.08s
2026-03-22 05:36:47,078 [Worker1] [P69452] [S09] PATCHER  reward=0.10  → WRONG  total=10
2026-03-22 05:36:47,078 [Worker1] ────────────────────────────────────────────────────────────
[PATCHER_WRONG] problem_id=69452  steps=10
  pred    : ['<|solve|>', '<|solve|>', '<|solve|>', '<|solve|>', '<|solve|>', '<|solve|>', '<|solve|>', '<|solve|>', '<|solve|>', '<|solve|>']
  gt      : ['<|solve|>', '<|correct|>', '<|correct|>', '<|solve|>', '<|solve|>', '<|correct|>', '<|correct|>', '<|solve|>', '<|correct|>', '<|correct|>']
  is_gen  : [True, True, False, True, True, True, False, True, True, False]
  rewards : [0.1, 0.0, 0.5, 0.5, 0.1, 0.1, 1.0, 0.1, 0.1, 0.1]
2026-03-22 05:36:47,079 [Worker1] [batch] [I020] done=5  gen=0  api=2  patch=1  elapsed=173.0s
2026-03-22 05:36:47,079 [Worker1] [P12600] [S07] PATCHER_SUBMIT  reward=0.00
2026-03-22 05:36:47,217 [Worker1] [batch] [I021] log_probs  n=1  elapsed=0.14s
2026-03-22 05:36:47,217 [Worker1] [P12600] [S07] CORRECT(fail)  reward=0.00  → patcher
2026-03-22 05:36:47,217 [Worker1] [batch] [I021] done=5  gen=0  api=1  patch=2  elapsed=173.2s
2026-03-22 05:36:48,468 [Worker1] [batch] [I022] done=5  gen=0  api=1  patch=2  elapsed=174.4s
2026-03-22 05:36:51,514 [Worker1] [P71065] [S07] PATCHER_ARRIVED  reward=0.50  gt=solve
2026-03-22 05:36:51,707 [Worker1] [batch] [I023] log_probs  n=1  elapsed=0.19s
2026-03-22 05:36:51,707 [Worker1] [P71065] [S07] PATCHER  reward=0.50  answer=False
2026-03-22 05:36:56,868 [Worker1] [batch] [I023] GPU_GEN  batch=1  elapsed=5.16s  pids=['71065']
2026-03-22 05:36:56,868 [Worker1] [batch] [I023] done=5  gen=0  api=2  patch=1  elapsed=182.8s
2026-03-22 05:37:00,326 [Worker1] [P12600] [S08] PATCHER_ARRIVED  reward=1.00  gt=solve
2026-03-22 05:37:00,678 [Worker1] [batch] [I024] log_probs  n=2  elapsed=0.35s
2026-03-22 05:37:00,679 [Worker1] [P85342] [S07] CORRECT  reward=1.00  next=solve  answer=True
2026-03-22 05:37:00,679 [Worker1] [P85342] DONE  status=ANSWER  total_steps=8
2026-03-22 05:37:00,679 [Worker1] [P12600] [S08] PATCHER  reward=1.00  answer=False
2026-03-22 05:37:08,204 [Worker1] [batch] [I024] GPU_GEN  batch=1  elapsed=7.52s  pids=['12600']
2026-03-22 05:37:08,204 [Worker1] [batch] [I024] done=6  gen=0  api=2  patch=0  elapsed=194.2s
2026-03-22 05:37:08,403 [Worker1] [batch] [I025] log_probs  n=1  elapsed=0.20s
2026-03-22 05:37:08,403 [Worker1] [P71065] [S08] SOLVE  reward=0.50  next=solve  answer=False
2026-03-22 05:37:14,148 [Worker1] [batch] [I025] GPU_GEN  batch=1  elapsed=5.74s  pids=['71065']
2026-03-22 05:37:14,148 [Worker1] [batch] [I025] done=6  gen=0  api=2  patch=0  elapsed=200.1s
2026-03-22 05:37:14,295 [Worker1] [batch] [I026] log_probs  n=1  elapsed=0.15s
2026-03-22 05:37:14,296 [Worker1] [P12600] [S09] SOLVE  reward=1.00  next=solve  answer=False
2026-03-22 05:37:21,918 [Worker1] [batch] [I026] GPU_GEN  batch=1  elapsed=7.62s  pids=['12600']
2026-03-22 05:37:21,918 [Worker1] [batch] [I026] done=6  gen=0  api=2  patch=0  elapsed=207.9s
2026-03-22 05:37:22,139 [Worker1] [batch] [I027] log_probs  n=1  elapsed=0.22s
2026-03-22 05:37:22,139 [Worker1] [P71065] [S09] SOLVE  reward=0.50  next=solve  answer=False
2026-03-22 05:37:28,000 [Worker1] [batch] [I027] GPU_GEN  batch=1  elapsed=5.86s  pids=['71065']
2026-03-22 05:37:28,000 [Worker1] [batch] [I027] done=6  gen=0  api=2  patch=0  elapsed=214.0s
2026-03-22 05:37:28,169 [Worker1] [batch] [I028] log_probs  n=1  elapsed=0.17s
2026-03-22 05:37:28,169 [Worker1] [P12600] [S10] SOLVE  reward=1.00  next=solve  answer=False
2026-03-22 05:37:33,904 [Worker1] [batch] [I028] GPU_GEN  batch=1  elapsed=5.74s  pids=['12600']
2026-03-22 05:37:33,905 [Worker1] [batch] [I028] done=6  gen=0  api=2  patch=0  elapsed=219.9s
2026-03-22 05:37:34,150 [Worker1] [batch] [I029] log_probs  n=1  elapsed=0.24s
2026-03-22 05:37:34,150 [Worker1] [P71065] [S10] SOLVE  reward=0.10  next=correct  answer=False
2026-03-22 05:37:34,500 [Worker1] [batch] [I029] GPU_GEN  batch=1  elapsed=0.35s  pids=['71065']
2026-03-22 05:37:34,500 [Worker1] [batch] [I029] done=6  gen=0  api=2  patch=0  elapsed=220.5s
2026-03-22 05:37:37,496 [Worker1] [batch] [I030] done=6  gen=0  api=2  patch=0  elapsed=223.5s
2026-03-22 05:37:37,763 [Worker1] [batch] [I031] log_probs  n=1  elapsed=0.27s
2026-03-22 05:37:37,763 [Worker1] [P71065] [S11] CORRECT  reward=1.00  next=solve  answer=False
2026-03-22 05:37:38,081 [Worker1] [batch] [I031] GPU_GEN  batch=1  elapsed=0.32s  pids=['71065']
2026-03-22 05:37:38,081 [Worker1] [batch] [I031] done=6  gen=0  api=2  patch=0  elapsed=224.0s
2026-03-22 05:37:39,085 [Worker1] [batch] [I032] done=6  gen=0  api=2  patch=0  elapsed=225.0s
2026-03-22 05:37:39,278 [Worker1] [batch] [I033] log_probs  n=1  elapsed=0.19s
2026-03-22 05:37:39,278 [Worker1] [P12600] [S11] SOLVE  reward=0.50  next=solve  answer=False
2026-03-22 05:37:45,347 [Worker1] [batch] [I033] GPU_GEN  batch=1  elapsed=6.07s  pids=['12600']
2026-03-22 05:37:45,347 [Worker1] [batch] [I033] done=6  gen=0  api=2  patch=0  elapsed=231.3s
2026-03-22 05:37:45,593 [Worker1] [batch] [I034] log_probs  n=1  elapsed=0.25s
2026-03-22 05:37:45,593 [Worker1] [P71065] [S12] SOLVE  reward=1.00  next=correct  answer=False
2026-03-22 05:37:46,286 [Worker1] [batch] [I034] GPU_GEN  batch=1  elapsed=0.69s  pids=['71065']
2026-03-22 05:37:46,286 [Worker1] [batch] [I034] done=6  gen=0  api=2  patch=0  elapsed=232.2s
2026-03-22 05:37:47,827 [Worker1] [batch] [I035] done=6  gen=0  api=2  patch=0  elapsed=233.8s
2026-03-22 05:37:48,041 [Worker1] [batch] [I036] log_probs  n=1  elapsed=0.21s
2026-03-22 05:37:48,041 [Worker1] [P12600] [S12] SOLVE  reward=0.00  next=correct  answer=False
2026-03-22 05:37:48,372 [Worker1] [batch] [I036] GPU_GEN  batch=1  elapsed=0.33s  pids=['12600']
2026-03-22 05:37:48,372 [Worker1] [batch] [I036] done=6  gen=0  api=2  patch=0  elapsed=234.3s
2026-03-22 05:37:50,527 [Worker1] [batch] [I037] done=6  gen=0  api=2  patch=0  elapsed=236.5s
2026-03-22 05:37:50,775 [Worker1] [batch] [I038] log_probs  n=1  elapsed=0.25s
2026-03-22 05:37:50,776 [Worker1] [P71065] [S13] CORRECT  reward=1.00  next=solve  answer=True
2026-03-22 05:37:50,776 [Worker1] [P71065] DONE  status=ANSWER  total_steps=14
2026-03-22 05:37:50,776 [Worker1] [batch] [I038] done=7  gen=0  api=1  patch=0  elapsed=236.7s
2026-03-22 05:37:53,005 [Worker1] [batch] [I039] done=7  gen=0  api=1  patch=0  elapsed=239.0s
2026-03-22 05:37:53,260 [Worker1] [batch] [I040] log_probs  n=1  elapsed=0.25s
2026-03-22 05:37:53,260 [Worker1] [P12600] [S13] CORRECT  reward=1.00  next=solve  answer=False
2026-03-22 05:37:53,554 [Worker1] [batch] [I040] GPU_GEN  batch=1  elapsed=0.29s  pids=['12600']
2026-03-22 05:37:53,554 [Worker1] [batch] [I040] done=7  gen=0  api=1  patch=0  elapsed=239.5s
2026-03-22 05:38:00,621 [Worker1] [batch] [I041] done=7  gen=0  api=1  patch=0  elapsed=246.6s
2026-03-22 05:38:00,844 [Worker1] [batch] [I042] log_probs  n=1  elapsed=0.22s
2026-03-22 05:38:00,845 [Worker1] [P12600] [S14] SOLVE  reward=1.00  next=correct  answer=False
2026-03-22 05:38:01,153 [Worker1] [batch] [I042] GPU_GEN  batch=1  elapsed=0.31s  pids=['12600']
2026-03-22 05:38:01,153 [Worker1] [batch] [I042] done=7  gen=0  api=1  patch=0  elapsed=247.1s
2026-03-22 05:38:09,553 [Worker1] [reward] 숫자 없는 응답: "''", 0.0 반환
2026-03-22 05:38:09,554 [Worker1] [batch] [I043] done=7  gen=0  api=1  patch=0  elapsed=255.5s
2026-03-22 05:38:09,554 [Worker1] [P12600] [S15] PATCHER_SUBMIT  reward=0.00
2026-03-22 05:38:09,780 [Worker1] [batch] [I044] log_probs  n=1  elapsed=0.22s
2026-03-22 05:38:09,780 [Worker1] [P12600] [S15] CORRECT(fail)  reward=0.00  → patcher
2026-03-22 05:38:09,780 [Worker1] [batch] [I044] done=7  gen=0  api=0  patch=1  elapsed=255.7s
2026-03-22 05:38:15,460 [Worker1] [batch] [I045] done=7  gen=0  api=0  patch=1  elapsed=261.4s
2026-03-22 05:38:22,650 [Worker1] [P12600] [S16] PATCHER_ARRIVED  reward=1.00  gt=solve
2026-03-22 05:38:22,885 [Worker1] [batch] [I046] log_probs  n=1  elapsed=0.24s
2026-03-22 05:38:22,886 [Worker1] [P12600] [S16] PATCHER  reward=1.00  answer=True
2026-03-22 05:38:22,886 [Worker1] [P12600] DONE  status=ANSWER  total_steps=17
2026-03-22 05:38:22,886 [Worker1] [batch] BATCH_DONE  problems=8  answered=4  total_steps=70  iters=46  elapsed=268.8s
2026-03-22 05:39:55,180 [Worker1] [batch] [I000] GPU_GEN  batch=8  elapsed=4.20s  pids=['28144', '46832', '53399', '33222', '31895', '68642', '42047', '44399']
2026-03-22 05:39:55,188 [Worker1] [batch] [I000] done=0  gen=0  api=8  patch=0  elapsed=4.2s
2026-03-22 05:39:56,436 [Worker1] [batch] [I001] done=0  gen=0  api=8  patch=0  elapsed=5.5s
2026-03-22 05:39:56,460 [Worker1] [batch] [I002] log_probs  n=1  elapsed=0.02s
2026-03-22 05:39:56,460 [Worker1] [P53399] [S00] SOLVE  reward=0.10  next=correct  answer=False
2026-03-22 05:39:56,946 [Worker1] [batch] [I002] GPU_GEN  batch=1  elapsed=0.49s  pids=['53399']
2026-03-22 05:39:56,946 [Worker1] [batch] [I002] done=0  gen=0  api=8  patch=0  elapsed=6.0s
2026-03-22 05:39:56,998 [Worker1] [batch] [I003] log_probs  n=2  elapsed=0.05s
2026-03-22 05:39:56,998 [Worker1] [P33222] [S00] SOLVE  reward=0.50  next=solve  answer=False
2026-03-22 05:39:56,998 [Worker1] [P31895] [S00] SOLVE  reward=0.50  next=solve  answer=False
2026-03-22 05:39:59,954 [Worker1] [batch] [I003] GPU_GEN  batch=2  elapsed=2.96s  pids=['33222', '31895']
2026-03-22 05:39:59,955 [Worker1] [batch] [I003] done=0  gen=0  api=8  patch=0  elapsed=9.0s
2026-03-22 05:39:59,955 [Worker1] [P53399] [S01] PATCHER_SUBMIT  reward=0.10
2026-03-22 05:40:00,081 [Worker1] [batch] [I004] log_probs  n=6  elapsed=0.13s
2026-03-22 05:40:00,082 [Worker1] [P28144] [S00] SOLVE  reward=0.00  next=correct  answer=False
2026-03-22 05:40:00,082 [Worker1] [P46832] [S00] SOLVE  reward=0.50  next=solve  answer=False
2026-03-22 05:40:00,082 [Worker1] [P53399] [S01] CORRECT(fail)  reward=0.10  → patcher
2026-03-22 05:40:00,082 [Worker1] [P68642] [S00] SOLVE  reward=0.10  next=correct  answer=False
2026-03-22 05:40:00,082 [Worker1] [P42047] [S00] SOLVE  reward=0.50  next=solve  answer=False
2026-03-22 05:40:00,082 [Worker1] [P44399] [S00] SOLVE  reward=0.50  next=solve  answer=False
2026-03-22 05:40:04,476 [Worker1] [batch] [I004] GPU_GEN  batch=5  elapsed=4.39s  pids=['28144', '46832', '68642', '42047', '44399']
2026-03-22 05:40:04,477 [Worker1] [batch] [I004] done=0  gen=0  api=7  patch=1  elapsed=13.5s
2026-03-22 05:40:04,547 [Worker1] [batch] [I005] log_probs  n=2  elapsed=0.07s
2026-03-22 05:40:04,548 [Worker1] [P33222] [S01] SOLVE  reward=0.50  next=solve  answer=False
2026-03-22 05:40:04,548 [Worker1] [P31895] [S01] SOLVE  reward=0.50  next=solve  answer=False
2026-03-22 05:40:11,083 [Worker1] [batch] [I005] GPU_GEN  batch=2  elapsed=6.54s  pids=['33222', '31895']
2026-03-22 05:40:11,084 [Worker1] [batch] [I005] done=0  gen=0  api=7  patch=1  elapsed=20.1s
2026-03-22 05:40:11,084 [Worker1] [P28144] [S01] PATCHER_SUBMIT  reward=0.00
2026-03-22 05:40:18,942 [Worker1] [P53399] [S02] PATCHER_ARRIVED  reward=1.00  gt=solve
2026-03-22 05:40:19,179 [Worker1] [batch] [I006] log_probs  n=6  elapsed=0.24s
2026-03-22 05:40:19,179 [Worker1] [P28144] [S01] CORRECT(fail)  reward=0.00  → patcher
2026-03-22 05:40:19,179 [Worker1] [P46832] [S01] SOLVE  reward=0.50  next=solve  answer=False
2026-03-22 05:40:19,179 [Worker1] [P68642] [S01] CORRECT  reward=0.50  next=solve  answer=False
2026-03-22 05:40:19,179 [Worker1] [P42047] [S01] SOLVE  reward=0.10  next=correct  answer=False
2026-03-22 05:40:19,179 [Worker1] [P44399] [S01] SOLVE  reward=0.50  next=solve  answer=False
2026-03-22 05:40:19,179 [Worker1] [P53399] [S02] PATCHER  reward=1.00  answer=False
2026-03-22 05:40:29,992 [Worker1] [batch] [I006] GPU_GEN  batch=5  elapsed=10.81s  pids=['46832', '53399', '68642', '42047', '44399']
2026-03-22 05:40:29,992 [Worker1] [batch] [I006] done=0  gen=0  api=7  patch=1  elapsed=39.0s
2026-03-22 05:40:31,846 [Worker1] [P28144] [S02] PATCHER_ARRIVED  reward=0.50  gt=solve
2026-03-22 05:40:31,995 [Worker1] [batch] [I007] log_probs  n=2  elapsed=0.15s
2026-03-22 05:40:31,995 [Worker1] [P31895] [S02] SOLVE  reward=0.00  next=correct  answer=False
2026-03-22 05:40:31,995 [Worker1] [P28144] [S02] PATCHER  reward=0.50  answer=False
2026-03-22 05:40:34,916 [Worker1] [batch] [I007] GPU_GEN  batch=2  elapsed=2.92s  pids=['28144', '31895']
2026-03-22 05:40:34,916 [Worker1] [batch] [I007] done=0  gen=0  api=8  patch=0  elapsed=43.9s
2026-03-22 05:40:34,916 [Worker1] [P42047] [S02] PATCHER_SUBMIT  reward=0.10
2026-03-22 05:40:35,178 [Worker1] [batch] [I008] log_probs  n=4  elapsed=0.26s
2026-03-22 05:40:35,178 [Worker1] [P46832] [S02] SOLVE  reward=0.50  next=solve  answer=False
2026-03-22 05:40:35,178 [Worker1] [P53399] [S03] SOLVE  reward=0.50  next=solve  answer=False
2026-03-22 05:40:35,178 [Worker1] [P33222] [S02] SOLVE  reward=0.00  next=correct  answer=False
2026-03-22 05:40:35,178 [Worker1] [P42047] [S02] CORRECT(fail)  reward=0.10  → patcher
2026-03-22 05:40:46,226 [Worker1] [batch] [I008] GPU_GEN  batch=3  elapsed=11.05s  pids=['46832', '53399', '33222']
2026-03-22 05:40:46,227 [Worker1] [batch] [I008] done=0  gen=0  api=7  patch=1  elapsed=55.2s
2026-03-22 05:40:49,290 [Worker1] [P42047] [S03] PATCHER_ARRIVED  reward=1.00  gt=solve
2026-03-22 05:40:49,665 [Worker1] [batch] [I009] log_probs  n=5  elapsed=0.38s
2026-03-22 05:40:49,666 [Worker1] [P28144] [S03] SOLVE  reward=0.50  next=solve  answer=False
2026-03-22 05:40:49,666 [Worker1] [P31895] [S03] CORRECT  reward=0.50  next=solve  answer=False
2026-03-22 05:40:49,666 [Worker1] [P68642] [S02] SOLVE  reward=0.00  next=correct  answer=False
2026-03-22 05:40:49,666 [Worker1] [P44399] [S02] SOLVE  reward=0.50  next=solve  answer=False
2026-03-22 05:40:49,666 [Worker1] [P42047] [S03] PATCHER  reward=1.00  answer=False
2026-03-22 05:40:55,500 [Worker1] [reward] 숫자 없는 응답: "''", 0.0 반환
2026-03-22 05:41:01,584 [Worker1] [batch] [I009] GPU_GEN  batch=5  elapsed=11.92s  pids=['28144', '31895', '68642', '42047', '44399']
2026-03-22 05:41:01,584 [Worker1] [batch] [I009] done=0  gen=0  api=8  patch=0  elapsed=70.6s
2026-03-22 05:41:01,584 [Worker1] [P33222] [S03] PATCHER_SUBMIT  reward=0.00
2026-03-22 05:41:01,899 [Worker1] [batch] [I010] log_probs  n=3  elapsed=0.31s
2026-03-22 05:41:01,899 [Worker1] [P46832] [S03] SOLVE  reward=1.00  next=solve  answer=False
2026-03-22 05:41:01,899 [Worker1] [P53399] [S04] SOLVE  reward=0.10  next=correct  answer=False
2026-03-22 05:41:01,899 [Worker1] [P33222] [S03] CORRECT(fail)  reward=0.00  → patcher
2026-03-22 05:41:03,810 [Worker1] [batch] [I010] GPU_GEN  batch=2  elapsed=1.91s  pids=['46832', '53399']
2026-03-22 05:41:03,810 [Worker1] [batch] [I010] done=0  gen=0  api=7  patch=1  elapsed=72.8s
2026-03-22 05:41:03,863 [Worker1] [batch] [I011] log_probs  n=1  elapsed=0.05s
2026-03-22 05:41:03,863 [Worker1] [P28144] [S04] SOLVE  reward=0.50  next=solve  answer=False
2026-03-22 05:41:05,949 [Worker1] [batch] [I011] GPU_GEN  batch=1  elapsed=2.09s  pids=['28144']
2026-03-22 05:41:05,949 [Worker1] [batch] [I011] done=0  gen=0  api=7  patch=1  elapsed=75.0s
2026-03-22 05:41:05,949 [Worker1] [P53399] [S05] PATCHER_SUBMIT  reward=0.10
2026-03-22 05:41:06,055 [Worker1] [batch] [I012] log_probs  n=2  elapsed=0.11s
2026-03-22 05:41:06,055 [Worker1] [P53399] [S05] CORRECT(fail)  reward=0.10  → patcher
2026-03-22 05:41:06,055 [Worker1] [P31895] [S04] SOLVE  reward=0.00  next=correct  answer=False
2026-03-22 05:41:06,202 [Worker1] [batch] [I012] GPU_GEN  batch=1  elapsed=0.15s  pids=['31895']
2026-03-22 05:41:06,203 [Worker1] [batch] [I012] done=0  gen=0  api=6  patch=2  elapsed=75.2s
2026-03-22 05:41:06,361 [Worker1] [batch] [I013] done=0  gen=0  api=6  patch=2  elapsed=75.4s
2026-03-22 05:41:07,485 [Worker1] [reward] 숫자 없는 응답: "''", 0.0 반환
2026-03-22 05:41:08,828 [Worker1] [P33222] [S04] PATCHER_ARRIVED  reward=1.00  gt=solve
2026-03-22 05:41:08,940 [Worker1] [batch] [I014] log_probs  n=1  elapsed=0.11s
2026-03-22 05:41:08,940 [Worker1] [P33222] [S04] PATCHER  reward=1.00  answer=False
2026-03-22 05:41:11,829 [Worker1] [batch] [I014] GPU_GEN  batch=1  elapsed=2.89s  pids=['33222']
2026-03-22 05:41:11,830 [Worker1] [batch] [I014] done=0  gen=0  api=7  patch=1  elapsed=80.9s
2026-03-22 05:41:11,830 [Worker1] [P31895] [S05] PATCHER_SUBMIT  reward=0.00
2026-03-22 05:41:11,830 [Worker1] [P68642] [S03] PATCHER_SUBMIT  reward=0.00
2026-03-22 05:41:13,772 [Worker1] [P53399] [S06] PATCHER_ARRIVED  reward=0.50  gt=solve
2026-03-22 05:41:14,653 [Worker1] [batch] [I015] log_probs  n=7  elapsed=0.88s
2026-03-22 05:41:14,653 [Worker1] [P28144] [S05] SOLVE  reward=0.50  next=solve  answer=False
2026-03-22 05:41:14,653 [Worker1] [P46832] [S04] SOLVE  reward=1.00  next=correct  answer=False
2026-03-22 05:41:14,653 [Worker1] [P31895] [S05] CORRECT(fail)  reward=0.00  → patcher
2026-03-22 05:41:14,653 [Worker1] [P68642] [S03] CORRECT(fail)  reward=0.00  → patcher
2026-03-22 05:41:14,653 [Worker1] [P42047] [S04] SOLVE  reward=0.50  next=solve  answer=False
2026-03-22 05:41:14,653 [Worker1] [P44399] [S03] SOLVE  reward=0.00  next=correct  answer=False
2026-03-22 05:41:14,653 [Worker1] [P53399] [S06] PATCHER  reward=0.50  answer=False
2026-03-22 05:41:25,707 [Worker1] [batch] [I015] GPU_GEN  batch=5  elapsed=11.05s  pids=['28144', '46832', '53399', '42047', '44399']
2026-03-22 05:41:25,707 [Worker1] [batch] [I015] done=0  gen=0  api=6  patch=2  elapsed=94.7s
2026-03-22 05:41:29,059 [Worker1] [P31895] [S06] PATCHER_ARRIVED  reward=1.00  gt=solve
2026-03-22 05:41:32,133 [Worker1] [P68642] [S04] PATCHER_ARRIVED  reward=0.50  gt=solve
2026-03-22 05:41:32,532 [Worker1] [batch] [I016] log_probs  n=3  elapsed=0.40s
2026-03-22 05:41:32,533 [Worker1] [P33222] [S05] SOLVE  reward=1.00  next=solve  answer=False
2026-03-22 05:41:32,533 [Worker1] [P31895] [S06] PATCHER  reward=1.00  answer=True
2026-03-22 05:41:32,533 [Worker1] [P31895] DONE  status=ANSWER  total_steps=7
2026-03-22 05:41:32,533 [Worker1] [P68642] [S04] PATCHER  reward=0.50  answer=False
2026-03-22 05:41:39,515 [Worker1] [batch] [I016] GPU_GEN  batch=2  elapsed=6.98s  pids=['33222', '68642']
2026-03-22 05:41:39,516 [Worker1] [batch] [I016] done=1  gen=0  api=7  patch=0  elapsed=108.5s
2026-03-22 05:41:39,516 [Worker1] [P46832] [S05] PATCHER_SUBMIT  reward=0.10
2026-03-22 05:41:40,226 [Worker1] [batch] [I017] log_probs  n=5  elapsed=0.71s
2026-03-22 05:41:40,226 [Worker1] [P28144] [S06] SOLVE  reward=0.50  next=solve  answer=False
2026-03-22 05:41:40,226 [Worker1] [P46832] [S05] CORRECT(fail)  reward=0.10  → patcher
2026-03-22 05:41:40,226 [Worker1] [P53399] [S07] SOLVE  reward=0.50  next=solve  answer=False
2026-03-22 05:41:40,226 [Worker1] [P42047] [S05] SOLVE  reward=0.00  next=correct  answer=False
2026-03-22 05:41:40,226 [Worker1] [P44399] [S04] CORRECT  reward=1.00  next=solve  answer=False
2026-03-22 05:41:45,645 [Worker1] [reward] 숫자 없는 응답: "''", 0.0 반환
2026-03-22 05:41:52,620 [Worker1] [batch] [I017] GPU_GEN  batch=4  elapsed=12.39s  pids=['28144', '53399', '42047', '44399']
2026-03-22 05:41:52,620 [Worker1] [batch] [I017] done=1  gen=0  api=6  patch=1  elapsed=121.6s
2026-03-22 05:41:54,625 [Worker1] [P46832] [S06] PATCHER_ARRIVED  reward=1.00  gt=solve
2026-03-22 05:41:54,986 [Worker1] [batch] [I018] log_probs  n=3  elapsed=0.36s
2026-03-22 05:41:54,986 [Worker1] [P33222] [S06] SOLVE  reward=0.00  next=correct  answer=False
2026-03-22 05:41:54,986 [Worker1] [P68642] [S05] SOLVE  reward=1.00  next=correct  answer=False
2026-03-22 05:41:54,986 [Worker1] [P46832] [S06] PATCHER  reward=1.00  answer=True
2026-03-22 05:41:54,986 [Worker1] [P46832] DONE  status=ANSWER  total_steps=7
2026-03-22 05:41:55,462 [Worker1] [batch] [I018] GPU_GEN  batch=2  elapsed=0.48s  pids=['33222', '68642']
2026-03-22 05:41:55,462 [Worker1] [batch] [I018] done=2  gen=0  api=6  patch=0  elapsed=124.5s
2026-03-22 05:41:55,612 [Worker1] [batch] [I019] log_probs  n=2  elapsed=0.15s
2026-03-22 05:41:55,612 [Worker1] [P28144] [S07] SOLVE  reward=0.50  next=solve  answer=False
2026-03-22 05:41:55,612 [Worker1] [P53399] [S08] SOLVE  reward=0.00  next=correct  answer=False
2026-03-22 05:41:57,635 [Worker1] [batch] [I019] GPU_GEN  batch=2  elapsed=2.02s  pids=['28144', '53399']
2026-03-22 05:41:57,635 [Worker1] [batch] [I019] done=2  gen=0  api=6  patch=0  elapsed=126.7s
2026-03-22 05:41:57,922 [Worker1] [batch] [I020] done=2  gen=0  api=6  patch=0  elapsed=126.9s
2026-03-22 05:41:58,034 [Worker1] [batch] [I021] log_probs  n=1  elapsed=0.11s
2026-03-22 05:41:58,035 [Worker1] [P33222] [S07] CORRECT  reward=1.00  next=solve  answer=True
2026-03-22 05:41:58,035 [Worker1] [P33222] DONE  status=ANSWER  total_steps=8
2026-03-22 05:41:58,035 [Worker1] [batch] [I021] done=3  gen=0  api=5  patch=0  elapsed=127.1s
2026-03-22 05:42:00,336 [Worker1] [batch] [I022] done=3  gen=0  api=5  patch=0  elapsed=129.4s
2026-03-22 05:42:00,336 [Worker1] [P42047] [S06] PATCHER_SUBMIT  reward=0.00
2026-03-22 05:42:00,458 [Worker1] [batch] [I023] log_probs  n=1  elapsed=0.12s
2026-03-22 05:42:00,458 [Worker1] [P42047] [S06] CORRECT(fail)  reward=0.00  → patcher
2026-03-22 05:42:00,458 [Worker1] [batch] [I023] done=3  gen=0  api=4  patch=1  elapsed=129.5s
2026-03-22 05:42:00,548 [Worker1] [batch] [I024] log_probs  n=1  elapsed=0.09s
2026-03-22 05:42:00,548 [Worker1] [P28144] [S08] SOLVE  reward=0.50  next=solve  answer=False
2026-03-22 05:42:03,242 [Worker1] [reward] 숫자 없는 응답: "''", 0.0 반환
2026-03-22 05:42:03,248 [Worker1] [reward] 숫자 없는 응답: "''", 0.0 반환
2026-03-22 05:42:07,971 [Worker1] [batch] [I024] GPU_GEN  batch=1  elapsed=7.42s  pids=['28144']
2026-03-22 05:42:07,972 [Worker1] [batch] [I024] done=3  gen=0  api=4  patch=1  elapsed=137.0s
2026-03-22 05:42:07,972 [Worker1] [P53399] [S09] PATCHER_SUBMIT  reward=0.00
2026-03-22 05:42:07,972 [Worker1] [P68642] [S06] PATCHER_SUBMIT  reward=0.00
2026-03-22 05:42:08,393 [Worker1] [batch] [I025] log_probs  n=3  elapsed=0.42s
2026-03-22 05:42:08,393 [Worker1] [P53399] [S09] CORRECT(fail)  reward=0.00  → patcher
2026-03-22 05:42:08,393 [Worker1] [P68642] [S06] CORRECT(fail)  reward=0.00  → patcher
2026-03-22 05:42:08,393 [Worker1] [P44399] [S05] SOLVE  reward=0.00  next=correct  answer=False
2026-03-22 05:42:10,914 [Worker1] [batch] [I025] GPU_GEN  batch=1  elapsed=2.52s  pids=['44399']
2026-03-22 05:42:10,914 [Worker1] [batch] [I025] done=3  gen=0  api=2  patch=3  elapsed=139.9s
2026-03-22 05:42:12,313 [Worker1] [batch] [I026] done=3  gen=0  api=2  patch=3  elapsed=141.3s
2026-03-22 05:42:14,437 [Worker1] [P53399] [S10] PATCHER_ARRIVED  reward=1.00  gt=solve
2026-03-22 05:42:14,517 [Worker1] [batch] [I027] log_probs  n=1  elapsed=0.08s
2026-03-22 05:42:14,517 [Worker1] [P53399] [S10] PATCHER  reward=1.00  answer=False
2026-03-22 05:42:15,006 [Worker1] [batch] [I027] GPU_GEN  batch=1  elapsed=0.49s  pids=['53399']
2026-03-22 05:42:15,007 [Worker1] [batch] [I027] done=3  gen=0  api=3  patch=2  elapsed=144.0s
2026-03-22 05:42:18,985 [Worker1] [reward] 숫자 없는 응답: "''", 0.0 반환
2026-03-22 05:42:20,175 [Worker1] [P68642] [S07] PATCHER_ARRIVED  reward=1.00  gt=solve
2026-03-22 05:42:26,391 [Worker1] [P42047] [S07] PATCHER_ARRIVED  reward=1.00  gt=solve
2026-03-22 05:42:26,714 [Worker1] [batch] [I028] log_probs  n=2  elapsed=0.32s
2026-03-22 05:42:26,714 [Worker1] [P68642] [S07] PATCHER  reward=1.00  answer=True
2026-03-22 05:42:26,714 [Worker1] [P68642] DONE  status=ANSWER  total_steps=8
2026-03-22 05:42:26,715 [Worker1] [P42047] [S07] PATCHER  reward=1.00  answer=False
2026-03-22 05:42:27,914 [Worker1] [batch] [I028] GPU_GEN  batch=1  elapsed=1.20s  pids=['42047']
2026-03-22 05:42:27,915 [Worker1] [batch] [I028] done=4  gen=0  api=4  patch=0  elapsed=156.9s
2026-03-22 05:42:27,915 [Worker1] [P44399] [S06] PATCHER_SUBMIT  reward=0.00
2026-03-22 05:42:28,482 [Worker1] [batch] [I029] log_probs  n=3  elapsed=0.57s
2026-03-22 05:42:28,483 [Worker1] [P28144] [S09] SOLVE  reward=0.50  next=correct  answer=False
2026-03-22 05:42:28,483 [Worker1] [P53399] [S11] SOLVE  reward=0.50  next=solve  answer=False
2026-03-22 05:42:28,483 [Worker1] [P44399] [S06] CORRECT(fail)  reward=0.00  → patcher
2026-03-22 05:42:39,818 [Worker1] [batch] [I029] GPU_GEN  batch=2  elapsed=11.33s  pids=['28144', '53399']
2026-03-22 05:42:39,818 [Worker1] [batch] [I029] done=4  gen=0  api=3  patch=1  elapsed=168.8s
2026-03-22 05:42:46,050 [Worker1] [P44399] [S07] PATCHER_ARRIVED  reward=1.00  gt=solve
2026-03-22 05:42:46,429 [Worker1] [batch] [I030] log_probs  n=2  elapsed=0.38s
2026-03-22 05:42:46,429 [Worker1] [P42047] [S08] SOLVE  reward=0.10  next=correct  answer=False
2026-03-22 05:42:46,429 [Worker1] [P44399] [S07] PATCHER  reward=1.00  answer=False
2026-03-22 05:42:49,804 [Worker1] [batch] [I030] GPU_GEN  batch=2  elapsed=3.37s  pids=['42047', '44399']
2026-03-22 05:42:49,805 [Worker1] [batch] [I030] done=4  gen=0  api=4  patch=0  elapsed=178.8s
2026-03-22 05:42:49,805 [Worker1] [P28144] [S10] PATCHER_SUBMIT  reward=0.10
2026-03-22 05:42:49,975 [Worker1] [batch] [I031] log_probs  n=2  elapsed=0.17s
2026-03-22 05:42:49,975 [Worker1] [P28144] [S10] CORRECT(fail)  reward=0.10  → patcher
2026-03-22 05:42:49,975 [Worker1] [P53399] [S12] SOLVE  reward=0.00  next=correct  answer=False
2026-03-22 05:42:51,676 [Worker1] [batch] [I031] GPU_GEN  batch=1  elapsed=1.70s  pids=['53399']
2026-03-22 05:42:51,677 [Worker1] [batch] [I031] done=4  gen=0  api=3  patch=1  elapsed=180.7s
2026-03-22 05:42:52,265 [Worker1] [batch] [I032] done=4  gen=0  api=3  patch=1  elapsed=181.3s
2026-03-22 05:42:52,265 [Worker1] [P42047] [S09] PATCHER_SUBMIT  reward=0.10
2026-03-22 05:42:52,394 [Worker1] [batch] [I033] log_probs  n=1  elapsed=0.13s
2026-03-22 05:42:52,394 [Worker1] [P42047] [S09] CORRECT(fail)  reward=0.10  → patcher
2026-03-22 05:42:52,394 [Worker1] [batch] [I033] done=4  gen=0  api=2  patch=2  elapsed=181.4s
2026-03-22 05:42:54,893 [Worker1] [batch] [I034] done=4  gen=0  api=2  patch=2  elapsed=183.9s
2026-03-22 05:42:57,668 [Worker1] [P28144] [S11] PATCHER_ARRIVED  reward=0.50  gt=solve
2026-03-22 05:42:57,760 [Worker1] [batch] [I035] log_probs  n=1  elapsed=0.09s
2026-03-22 05:42:57,760 [Worker1] [P28144] [S11] PATCHER  reward=0.50  answer=True
2026-03-22 05:42:57,760 [Worker1] [P28144] DONE  status=ANSWER  total_steps=12
2026-03-22 05:42:57,760 [Worker1] [batch] [I035] done=5  gen=0  api=2  patch=1  elapsed=186.8s
2026-03-22 05:42:57,760 [Worker1] [P53399] [S13] PATCHER_SUBMIT  reward=0.00
2026-03-22 05:42:59,117 [Worker1] [P42047] [S10] PATCHER_ARRIVED  reward=0.10  gt=correct
2026-03-22 05:42:59,622 [Worker1] [batch] [I036] log_probs  n=3  elapsed=0.50s
2026-03-22 05:42:59,622 [Worker1] [P53399] [S13] CORRECT(fail)  reward=0.00  → patcher
2026-03-22 05:42:59,622 [Worker1] [P44399] [S08] SOLVE  reward=1.00  next=correct  answer=False
2026-03-22 05:42:59,622 [Worker1] [P42047] [S10] PATCHER  reward=0.10  → WRONG  total=11
2026-03-22 05:42:59,622 [Worker1] ────────────────────────────────────────────────────────────
[PATCHER_WRONG] problem_id=42047  steps=11
  pred    : ['<|solve|>', '<|solve|>', '<|solve|>', '<|solve|>', '<|solve|>', '<|solve|>', '<|solve|>', '<|solve|>', '<|solve|>', '<|solve|>', '<|solve|>']
  gt      : ['<|solve|>', '<|solve|>', '<|correct|>', '<|correct|>', '<|solve|>', '<|solve|>', '<|correct|>', '<|correct|>', '<|solve|>', '<|correct|>', '<|correct|>']
  is_gen  : [True, True, True, False, True, True, True, False, True, True, False]
  rewards : [0.5, 0.1, 0.1, 1.0, 0.5, 0.0, 0.0, 1.0, 0.1, 0.1, 0.1]
2026-03-22 05:43:00,249 [Worker1] [batch] [I036] GPU_GEN  batch=1  elapsed=0.63s  pids=['44399']
2026-03-22 05:43:00,250 [Worker1] [batch] [I036] done=6  gen=0  api=1  patch=1  elapsed=189.3s
2026-03-22 05:43:04,457 [Worker1] [batch] [I037] done=6  gen=0  api=1  patch=1  elapsed=193.5s
2026-03-22 05:43:07,501 [Worker1] [P53399] [S14] PATCHER_ARRIVED  reward=1.00  gt=solve
2026-03-22 05:43:07,594 [Worker1] [batch] [I038] log_probs  n=1  elapsed=0.09s
2026-03-22 05:43:07,594 [Worker1] [P53399] [S14] PATCHER  reward=1.00  answer=False
2026-03-22 05:43:08,136 [Worker1] [batch] [I038] GPU_GEN  batch=1  elapsed=0.54s  pids=['53399']
2026-03-22 05:43:08,136 [Worker1] [batch] [I038] done=6  gen=0  api=2  patch=0  elapsed=197.2s
2026-03-22 05:43:08,136 [Worker1] [P44399] [S09] PATCHER_SUBMIT  reward=0.10
2026-03-22 05:43:08,292 [Worker1] [batch] [I039] log_probs  n=1  elapsed=0.16s
2026-03-22 05:43:08,292 [Worker1] [P44399] [S09] CORRECT(fail)  reward=0.10  → patcher
2026-03-22 05:43:08,292 [Worker1] [batch] [I039] done=6  gen=0  api=1  patch=1  elapsed=197.3s
2026-03-22 05:43:09,953 [Worker1] [batch] [I040] done=6  gen=0  api=1  patch=1  elapsed=199.0s
2026-03-22 05:43:10,044 [Worker1] [batch] [I041] log_probs  n=1  elapsed=0.09s
2026-03-22 05:43:10,044 [Worker1] [P53399] [S15] SOLVE  reward=0.50  next=solve  answer=False
2026-03-22 05:43:11,771 [Worker1] [batch] [I041] GPU_GEN  batch=1  elapsed=1.73s  pids=['53399']
2026-03-22 05:43:11,771 [Worker1] [batch] [I041] done=6  gen=0  api=1  patch=1  elapsed=200.8s
2026-03-22 05:43:12,817 [Worker1] [batch] [I042] done=6  gen=0  api=1  patch=1  elapsed=201.8s
2026-03-22 05:43:14,863 [Worker1] [P44399] [S10] PATCHER_ARRIVED  reward=0.10  gt=correct
2026-03-22 05:43:15,016 [Worker1] [batch] [I043] log_probs  n=1  elapsed=0.15s
2026-03-22 05:43:15,016 [Worker1] [P44399] [S10] PATCHER  reward=0.10  → WRONG  total=11
2026-03-22 05:43:15,016 [Worker1] ────────────────────────────────────────────────────────────
[PATCHER_WRONG] problem_id=44399  steps=11
  pred    : ['<|solve|>', '<|solve|>', '<|solve|>', '<|solve|>', '<|solve|>', '<|solve|>', '<|solve|>', '<|solve|>', '<|solve|>', '<|solve|>', '<|solve|>']
  gt      : ['<|solve|>', '<|solve|>', '<|solve|>', '<|solve|>', '<|correct|>', '<|solve|>', '<|correct|>', '<|correct|>', '<|solve|>', '<|correct|>', '<|correct|>']
  is_gen  : [True, True, True, True, True, True, True, False, True, True, False]
  rewards : [0.5, 0.5, 0.5, 0.0, 1.0, 0.0, 0.0, 1.0, 1.0, 0.1, 0.1]
2026-03-22 05:43:15,016 [Worker1] [batch] [I043] done=7  gen=0  api=1  patch=0  elapsed=204.0s
2026-03-22 05:43:16,393 [Worker1] [batch] [I044] done=7  gen=0  api=1  patch=0  elapsed=205.4s
2026-03-22 05:43:16,488 [Worker1] [batch] [I045] log_probs  n=1  elapsed=0.09s
2026-03-22 05:43:16,488 [Worker1] [P53399] [S16] SOLVE  reward=0.00  next=correct  answer=False
2026-03-22 05:43:18,234 [Worker1] [batch] [I045] GPU_GEN  batch=1  elapsed=1.75s  pids=['53399']
2026-03-22 05:43:18,234 [Worker1] [batch] [I045] done=7  gen=0  api=1  patch=0  elapsed=207.3s
2026-03-22 05:43:22,347 [Worker1] [batch] [I046] done=7  gen=0  api=1  patch=0  elapsed=211.4s
2026-03-22 05:43:22,347 [Worker1] [P53399] [S17] PATCHER_SUBMIT  reward=0.00
2026-03-22 05:43:22,465 [Worker1] [batch] [I047] log_probs  n=1  elapsed=0.12s
2026-03-22 05:43:22,466 [Worker1] [P53399] [S17] CORRECT(fail)  reward=0.00  → patcher
2026-03-22 05:43:22,466 [Worker1] [batch] [I047] done=7  gen=0  api=0  patch=1  elapsed=211.5s
2026-03-22 05:43:28,172 [Worker1] [batch] [I048] done=7  gen=0  api=0  patch=1  elapsed=217.2s
2026-03-22 05:43:32,247 [Worker1] [P53399] [S18] PATCHER_ARRIVED  reward=1.00  gt=solve
2026-03-22 05:43:32,365 [Worker1] [batch] [I049] log_probs  n=1  elapsed=0.12s
2026-03-22 05:43:32,365 [Worker1] [P53399] [S18] PATCHER  reward=1.00  answer=False
2026-03-22 05:43:32,902 [Worker1] [batch] [I049] GPU_GEN  batch=1  elapsed=0.54s  pids=['53399']
2026-03-22 05:43:32,903 [Worker1] [batch] [I049] done=7  gen=0  api=1  patch=0  elapsed=221.9s
2026-03-22 05:43:34,723 [Worker1] [batch] [I050] done=7  gen=0  api=1  patch=0  elapsed=223.7s
2026-03-22 05:43:34,840 [Worker1] [batch] [I051] log_probs  n=1  elapsed=0.12s
2026-03-22 05:43:34,840 [Worker1] [P53399] [S19] SOLVE  reward=0.50  next=solve  answer=False
2026-03-22 05:43:36,223 [Worker1] [batch] [I051] GPU_GEN  batch=1  elapsed=1.38s  pids=['53399']
2026-03-22 05:43:36,223 [Worker1] [batch] [I051] done=7  gen=0  api=1  patch=0  elapsed=225.2s
2026-03-22 05:43:38,057 [Worker1] [batch] [I052] done=7  gen=0  api=1  patch=0  elapsed=227.1s
2026-03-22 05:43:38,176 [Worker1] [batch] [I053] log_probs  n=1  elapsed=0.12s
2026-03-22 05:43:38,176 [Worker1] [P53399] [S20] SOLVE  reward=0.50  next=solve  answer=False
2026-03-22 05:43:38,732 [Worker1] [batch] [I053] GPU_GEN  batch=1  elapsed=0.56s  pids=['53399']
2026-03-22 05:43:38,732 [Worker1] [batch] [I053] done=7  gen=0  api=1  patch=0  elapsed=227.8s
2026-03-22 05:43:40,136 [Worker1] [batch] [I054] done=7  gen=0  api=1  patch=0  elapsed=229.2s
2026-03-22 05:43:40,258 [Worker1] [batch] [I055] log_probs  n=1  elapsed=0.12s
2026-03-22 05:43:40,260 [Worker1] [P53399] [S21] SOLVE  reward=0.50  next=solve  answer=False
2026-03-22 05:43:41,923 [Worker1] [batch] [I055] GPU_GEN  batch=1  elapsed=1.66s  pids=['53399']
2026-03-22 05:43:41,923 [Worker1] [batch] [I055] done=7  gen=0  api=1  patch=0  elapsed=230.9s
2026-03-22 05:43:43,370 [Worker1] [batch] [I056] done=7  gen=0  api=1  patch=0  elapsed=232.4s
2026-03-22 05:43:43,500 [Worker1] [batch] [I057] log_probs  n=1  elapsed=0.13s
2026-03-22 05:43:43,500 [Worker1] [P53399] [S22] SOLVE  reward=0.00  next=correct  answer=False
2026-03-22 05:43:43,766 [Worker1] [batch] [I057] GPU_GEN  batch=1  elapsed=0.27s  pids=['53399']
2026-03-22 05:43:43,766 [Worker1] [batch] [I057] done=7  gen=0  api=1  patch=0  elapsed=232.8s
2026-03-22 05:43:46,025 [Worker1] [batch] [I058] done=7  gen=0  api=1  patch=0  elapsed=235.0s
2026-03-22 05:43:46,026 [Worker1] [P53399] [S23] PATCHER_SUBMIT  reward=0.00
2026-03-22 05:43:46,163 [Worker1] [batch] [I059] log_probs  n=1  elapsed=0.14s
2026-03-22 05:43:46,163 [Worker1] [P53399] [S23] CORRECT(fail)  reward=0.00  → patcher
2026-03-22 05:43:46,163 [Worker1] [batch] [I059] done=7  gen=0  api=0  patch=1  elapsed=235.2s
2026-03-22 05:43:50,049 [Worker1] [batch] [I060] done=7  gen=0  api=0  patch=1  elapsed=239.1s
2026-03-22 05:43:51,394 [Worker1] [P53399] [S24] PATCHER_ARRIVED  reward=1.00  gt=solve
2026-03-22 05:43:51,533 [Worker1] [batch] [I061] log_probs  n=1  elapsed=0.14s
2026-03-22 05:43:51,533 [Worker1] [P53399] [S24] PATCHER  reward=1.00  answer=False
2026-03-22 05:43:51,811 [Worker1] [batch] [I061] GPU_GEN  batch=1  elapsed=0.28s  pids=['53399']
2026-03-22 05:43:51,811 [Worker1] [batch] [I061] done=7  gen=0  api=1  patch=0  elapsed=240.8s
2026-03-22 05:43:54,168 [Worker1] [batch] [I062] done=7  gen=0  api=1  patch=0  elapsed=243.2s
2026-03-22 05:43:54,305 [Worker1] [batch] [I063] log_probs  n=1  elapsed=0.14s
2026-03-22 05:43:54,305 [Worker1] [P53399] [S25] SOLVE  reward=0.00  next=correct  answer=False
2026-03-22 05:43:54,581 [Worker1] [batch] [I063] GPU_GEN  batch=1  elapsed=0.28s  pids=['53399']
2026-03-22 05:43:54,581 [Worker1] [batch] [I063] done=7  gen=0  api=1  patch=0  elapsed=243.6s
2026-03-22 05:43:56,896 [Worker1] [batch] [I064] done=7  gen=0  api=1  patch=0  elapsed=245.9s
2026-03-22 05:43:56,896 [Worker1] [P53399] [S26] PATCHER_SUBMIT  reward=0.00
2026-03-22 05:43:57,033 [Worker1] [batch] [I065] log_probs  n=1  elapsed=0.14s
2026-03-22 05:43:57,033 [Worker1] [P53399] [S26] CORRECT(fail)  reward=0.00  → patcher
2026-03-22 05:43:57,033 [Worker1] [batch] [I065] done=7  gen=0  api=0  patch=1  elapsed=246.1s
2026-03-22 05:44:02,057 [Worker1] [batch] [I066] done=7  gen=0  api=0  patch=1  elapsed=251.1s
2026-03-22 05:44:05,820 [Worker1] [P53399] [S27] PATCHER_ARRIVED  reward=0.10  gt=correct
2026-03-22 05:44:05,966 [Worker1] [batch] [I067] log_probs  n=1  elapsed=0.15s
2026-03-22 05:44:05,968 [Worker1] [P53399] [S27] PATCHER  reward=0.10  → WRONG  total=28
2026-03-22 05:44:05,968 [Worker1] ────────────────────────────────────────────────────────────
[PATCHER_WRONG] problem_id=53399  steps=28
  pred    : ['<|solve|>', '<|solve|>', '<|solve|>', '<|solve|>', '<|solve|>', '<|solve|>', '<|solve|>', '<|solve|>', '<|solve|>', '<|solve|>', '<|solve|>', '<|solve|>', '<|solve|>', '<|solve|>', '<|solve|>', '<|solve|>', '<|solve|>', '<|solve|>', '<|solve|>', '<|solve|>', '<|solve|>', '<|solve|>', '<|solve|>', '<|solve|>', '<|solve|>', '<|solve|>', '<|solve|>', '<|solve|>']
  gt      : ['<|solve|>', '<|correct|>', '<|correct|>', '<|solve|>', '<|solve|>', '<|correct|>', '<|correct|>', '<|solve|>', '<|solve|>', '<|correct|>', '<|correct|>', '<|solve|>', '<|solve|>', '<|correct|>', '<|correct|>', '<|solve|>', '<|solve|>', '<|correct|>', '<|correct|>', '<|solve|>', '<|solve|>', '<|solve|>', '<|solve|>', '<|correct|>', '<|correct|>', '<|solve|>', '<|correct|>', '<|correct|>']
  is_gen  : [True, True, False, True, True, True, False, True, True, True, False, True, True, True, False, True, True, True, False, True, True, True, True, True, False, True, True, False]
  rewards : [0.1, 0.1, 1.0, 0.5, 0.1, 0.1, 0.5, 0.5, 0.0, 0.0, 1.0, 0.5, 0.0, 0.0, 1.0, 0.5, 0.0, 0.0, 1.0, 0.5, 0.5, 0.5, 0.0, 0.0, 1.0, 0.0, 0.0, 0.1]
2026-03-22 05:44:05,968 [Worker1] [batch] BATCH_DONE  problems=8  answered=5  total_steps=92  iters=67  elapsed=255.0s
2026-03-22 05:44:17,435 [Worker1] [batch] [I000] GPU_GEN  batch=8  elapsed=11.38s  pids=['23239', '10791', '52173', '83552', '44524', '47337', '24586', '16644']
2026-03-22 05:44:17,440 [Worker1] [batch] [I000] done=0  gen=0  api=8  patch=0  elapsed=11.4s
2026-03-22 05:44:19,345 [Worker1] [batch] [I001] done=0  gen=0  api=8  patch=0  elapsed=13.3s
2026-03-22 05:44:19,384 [Worker1] [batch] [I002] log_probs  n=1  elapsed=0.04s
2026-03-22 05:44:19,384 [Worker1] [P47337] [S00] SOLVE  reward=0.50  next=solve  answer=False
2026-03-22 05:44:26,742 [Worker1] [batch] [I002] GPU_GEN  batch=1  elapsed=7.36s  pids=['47337']
2026-03-22 05:44:26,742 [Worker1] [batch] [I002] done=0  gen=0  api=8  patch=0  elapsed=20.7s
2026-03-22 05:44:26,986 [Worker1] [batch] [I003] log_probs  n=6  elapsed=0.24s
2026-03-22 05:44:26,986 [Worker1] [P10791] [S00] SOLVE  reward=0.50  next=solve  answer=False
2026-03-22 05:44:26,986 [Worker1] [P52173] [S00] SOLVE  reward=0.10  next=correct  answer=False
2026-03-22 05:44:26,986 [Worker1] [P83552] [S00] SOLVE  reward=0.10  next=correct  answer=False
2026-03-22 05:44:26,986 [Worker1] [P44524] [S00] SOLVE  reward=0.50  next=solve  answer=False
2026-03-22 05:44:26,986 [Worker1] [P24586] [S00] SOLVE  reward=0.50  next=solve  answer=False
2026-03-22 05:44:26,986 [Worker1] [P16644] [S00] SOLVE  reward=0.50  next=solve  answer=False
2026-03-22 05:44:37,106 [Worker1] [batch] [I003] GPU_GEN  batch=6  elapsed=10.12s  pids=['10791', '52173', '83552', '44524', '24586', '16644']
2026-03-22 05:44:37,106 [Worker1] [batch] [I003] done=0  gen=0  api=8  patch=0  elapsed=31.0s
2026-03-22 05:44:37,217 [Worker1] [batch] [I004] log_probs  n=2  elapsed=0.11s
2026-03-22 05:44:37,217 [Worker1] [P23239] [S00] SOLVE  reward=0.00  next=correct  answer=False
2026-03-22 05:44:37,217 [Worker1] [P47337] [S01] SOLVE  reward=1.00  next=solve  answer=False
2026-03-22 05:44:46,054 [Worker1] [batch] [I004] GPU_GEN  batch=2  elapsed=8.84s  pids=['23239', '47337']
2026-03-22 05:44:46,054 [Worker1] [batch] [I004] done=0  gen=0  api=8  patch=0  elapsed=40.0s
2026-03-22 05:44:46,054 [Worker1] [P52173] [S01] PATCHER_SUBMIT  reward=0.10
2026-03-22 05:44:46,054 [Worker1] [P83552] [S01] PATCHER_SUBMIT  reward=0.10
2026-03-22 05:44:46,464 [Worker1] [batch] [I005] log_probs  n=6  elapsed=0.41s
2026-03-22 05:44:46,464 [Worker1] [P10791] [S01] SOLVE  reward=0.50  next=solve  answer=False
2026-03-22 05:44:46,464 [Worker1] [P52173] [S01] CORRECT(fail)  reward=0.10  → patcher
2026-03-22 05:44:46,464 [Worker1] [P83552] [S01] CORRECT(fail)  reward=0.10  → patcher
2026-03-22 05:44:46,464 [Worker1] [P44524] [S01] SOLVE  reward=1.00  next=solve  answer=False
2026-03-22 05:44:46,464 [Worker1] [P24586] [S01] SOLVE  reward=0.50  next=solve  answer=False
2026-03-22 05:44:46,464 [Worker1] [P16644] [S01] SOLVE  reward=0.10  next=correct  answer=False
2026-03-22 05:44:54,641 [Worker1] [batch] [I005] GPU_GEN  batch=4  elapsed=8.18s  pids=['10791', '44524', '24586', '16644']
2026-03-22 05:44:54,641 [Worker1] [batch] [I005] done=0  gen=0  api=6  patch=2  elapsed=48.6s
2026-03-22 05:44:54,641 [Worker1] [P23239] [S01] PATCHER_SUBMIT  reward=0.00
2026-03-22 05:44:57,438 [Worker1] [P52173] [S02] PATCHER_ARRIVED  reward=1.00  gt=solve
2026-03-22 05:45:00,108 [Worker1] [P83552] [S02] PATCHER_ARRIVED  reward=0.50  gt=solve
2026-03-22 05:45:00,504 [Worker1] [batch] [I006] log_probs  n=4  elapsed=0.40s
2026-03-22 05:45:00,504 [Worker1] [P23239] [S01] CORRECT(fail)  reward=0.00  → patcher
2026-03-22 05:45:00,504 [Worker1] [P47337] [S02] SOLVE  reward=1.00  next=correct  answer=False
2026-03-22 05:45:00,504 [Worker1] [P52173] [S02] PATCHER  reward=1.00  answer=False
2026-03-22 05:45:00,504 [Worker1] [P83552] [S02] PATCHER  reward=0.50  answer=False
2026-03-22 05:45:01,994 [Worker1] [batch] [I006] GPU_GEN  batch=3  elapsed=1.49s  pids=['52173', '83552', '47337']
2026-03-22 05:45:01,994 [Worker1] [batch] [I006] done=0  gen=0  api=7  patch=1  elapsed=55.9s
2026-03-22 05:45:03,897 [Worker1] [reward] 숫자 없는 응답: "''", 0.0 반환
2026-03-22 05:45:05,508 [Worker1] [P23239] [S02] PATCHER_ARRIVED  reward=0.50  gt=solve
2026-03-22 05:45:05,850 [Worker1] [batch] [I007] log_probs  n=3  elapsed=0.34s
2026-03-22 05:45:05,851 [Worker1] [P24586] [S02] SOLVE  reward=1.00  next=correct  answer=False
2026-03-22 05:45:05,851 [Worker1] [P16644] [S02] CORRECT  reward=0.50  next=solve  answer=False
2026-03-22 05:45:05,851 [Worker1] [P23239] [S02] PATCHER  reward=0.50  answer=False
2026-03-22 05:45:12,403 [Worker1] [batch] [I007] GPU_GEN  batch=3  elapsed=6.55s  pids=['23239', '24586', '16644']
2026-03-22 05:45:12,403 [Worker1] [batch] [I007] done=0  gen=0  api=8  patch=0  elapsed=66.3s
2026-03-22 05:45:12,736 [Worker1] [batch] [I008] log_probs  n=5  elapsed=0.33s
2026-03-22 05:45:12,737 [Worker1] [P10791] [S02] SOLVE  reward=0.00  next=correct  answer=False
2026-03-22 05:45:12,737 [Worker1] [P52173] [S03] SOLVE  reward=1.00  next=solve  answer=False
2026-03-22 05:45:12,737 [Worker1] [P83552] [S03] SOLVE  reward=0.10  next=correct  answer=False
2026-03-22 05:45:12,737 [Worker1] [P44524] [S02] SOLVE  reward=1.00  next=correct  answer=False
2026-03-22 05:45:12,737 [Worker1] [P47337] [S03] CORRECT  reward=1.00  next=solve  answer=True
2026-03-22 05:45:12,737 [Worker1] [P47337] DONE  status=ANSWER  total_steps=4
2026-03-22 05:45:24,908 [Worker1] [batch] [I008] GPU_GEN  batch=4  elapsed=12.17s  pids=['10791', '52173', '83552', '44524']
2026-03-22 05:45:24,908 [Worker1] [batch] [I008] done=1  gen=0  api=7  patch=0  elapsed=78.8s
2026-03-22 05:45:24,908 [Worker1] [P24586] [S03] PATCHER_SUBMIT  reward=0.10
2026-03-22 05:45:25,232 [Worker1] [batch] [I009] log_probs  n=3  elapsed=0.32s
2026-03-22 05:45:25,232 [Worker1] [P23239] [S03] SOLVE  reward=0.00  next=correct  answer=False
2026-03-22 05:45:25,232 [Worker1] [P24586] [S03] CORRECT(fail)  reward=0.10  → patcher
2026-03-22 05:45:25,232 [Worker1] [P16644] [S03] SOLVE  reward=0.50  next=solve  answer=False
