2026-03-22 05:33:44,024 [Worker2] Generator 로드 중: /mnt/yoonju/SC/output/sft_checkpoints/20260321_215307/epoch2
2026-03-22 05:33:51,618 [Worker2] We will use 90% of the memory on device 0 for storing the model, and 10% for the buffer to avoid OOM. You can set `max_memory` in to a higher value to use more memory (at your own risk).
2026-03-22 05:33:54,494 [Worker2] Generator 로드 완료.
2026-03-22 05:33:54,495 [Worker2] Rollout 파일 생성: ../output/prototype/20260322_053332/rollouts_worker_2.jsonl
2026-03-22 05:33:54,495 [Worker2] 준비 완료  rollout → ../output/prototype/20260322_053332/rollouts_worker_2.jsonl  log → ../output/prototype/20260322_053332/log_worker_2.log
2026-03-22 05:34:06,694 [Worker2] [batch] [I000] GPU_GEN  batch=8  elapsed=12.19s  pids=['96495', '41740', '96850', '17364', '84233', '26322', '5718', '47134']
2026-03-22 05:34:06,699 [Worker2] [batch] [I000] done=0  gen=0  api=8  patch=0  elapsed=12.2s
2026-03-22 05:34:09,899 [Worker2] [reward][SAMPLE] messages=
[
  {
    "role": "system",
    "content": "You are a strict mathematical reasoning evaluator.\nEvaluate ONLY the single CURRENT STEP — not the whole solution.\n\nScoring rules (return a single float, nothing else):\n  0.0  — ANY error: wrong arithmetic, wrong algebra, incorrect logic,\n         or contradicts previous steps.\n  0.1  — correct but trivial (restates something already said).\n  0.5  — correct and makes meaningful progress.\n  1.0  — correct, significant progress, or reaches the right final answer.\n\nIMPORTANT: If the current step merely repeats or rephrases what was already\nestablished, assign at most 0.1 even if correct.\nBe strict. Return ONLY the numeric score."
  },
  {
    "role": "user",
    "content": "[Problem]\nEvaluate the contour integral \\( \\int_C \\frac{2z-1}{z^4-2z^2+1} \\, dz \\) where \\( C \\) is the circle \\( |z|=10 \\) oriented clockwise."
  },
  {
    "role": "assistant",
    "content": "Understood. Show me each step to evaluate."
  },
  {
    "role": "user",
    "content": "[SOLVE]\nFirst, we need to find the poles of the function \\( f(z) = \\frac{2z-1}{z^4-2z^2+1} \\). The poles are the roots of the denominator \\( z^4 - 2z^2 + 1 = 0 \\). Let's solve this equation.<|im_end|>"
  }
]
[reward][SAMPLE] raw_response='0.1'
2026-03-22 05:34:09,901 [Worker2] [batch] [I001] done=0  gen=0  api=8  patch=0  elapsed=15.4s
2026-03-22 05:34:09,974 [Worker2] [batch] [I002] log_probs  n=1  elapsed=0.07s
2026-03-22 05:34:09,974 [Worker2] [P17364] [S00] SOLVE  reward=0.10  next=correct  answer=False
2026-03-22 05:34:13,615 [Worker2] [batch] [I002] GPU_GEN  batch=1  elapsed=3.64s  pids=['17364']
2026-03-22 05:34:13,616 [Worker2] [batch] [I002] done=0  gen=0  api=8  patch=0  elapsed=19.1s
2026-03-22 05:34:13,761 [Worker2] [batch] [I003] log_probs  n=3  elapsed=0.15s
2026-03-22 05:34:13,762 [Worker2] [P96495] [S00] SOLVE  reward=1.00  next=solve  answer=False
2026-03-22 05:34:13,762 [Worker2] [P41740] [S00] SOLVE  reward=0.50  next=solve  answer=False
2026-03-22 05:34:13,762 [Worker2] [P96850] [S00] SOLVE  reward=0.50  next=solve  answer=False
2026-03-22 05:34:24,774 [Worker2] [batch] [I003] GPU_GEN  batch=3  elapsed=11.01s  pids=['96495', '41740', '96850']
2026-03-22 05:34:24,775 [Worker2] [batch] [I003] done=0  gen=0  api=8  patch=0  elapsed=30.3s
2026-03-22 05:34:24,953 [Worker2] [batch] [I004] log_probs  n=5  elapsed=0.18s
2026-03-22 05:34:24,954 [Worker2] [P17364] [S01] CORRECT  reward=0.50  next=solve  answer=False
2026-03-22 05:34:24,954 [Worker2] [P84233] [S00] SOLVE  reward=0.50  next=solve  answer=False
2026-03-22 05:34:24,954 [Worker2] [P26322] [S00] SOLVE  reward=0.00  next=correct  answer=False
2026-03-22 05:34:24,954 [Worker2] [P05718] [S00] SOLVE  reward=0.00  next=correct  answer=False
2026-03-22 05:34:24,954 [Worker2] [P47134] [S00] SOLVE  reward=0.50  next=solve  answer=False
2026-03-22 05:34:31,047 [Worker2] [reward] 숫자 없는 응답: "''", 0.0 반환
2026-03-22 05:34:31,978 [Worker2] [batch] [I004] GPU_GEN  batch=5  elapsed=7.02s  pids=['17364', '84233', '26322', '5718', '47134']
2026-03-22 05:34:31,979 [Worker2] [batch] [I004] done=0  gen=0  api=8  patch=0  elapsed=37.5s
2026-03-22 05:34:32,188 [Worker2] [batch] [I005] log_probs  n=3  elapsed=0.21s
2026-03-22 05:34:32,188 [Worker2] [P96495] [S01] SOLVE  reward=0.00  next=correct  answer=False
2026-03-22 05:34:32,188 [Worker2] [P41740] [S01] SOLVE  reward=0.50  next=solve  answer=False
2026-03-22 05:34:32,188 [Worker2] [P96850] [S01] SOLVE  reward=0.50  next=solve  answer=False
2026-03-22 05:34:44,181 [Worker2] [batch] [I005] GPU_GEN  batch=3  elapsed=11.99s  pids=['96495', '41740', '96850']
2026-03-22 05:34:44,181 [Worker2] [batch] [I005] done=0  gen=0  api=8  patch=0  elapsed=49.7s
2026-03-22 05:34:44,182 [Worker2] [P26322] [S01] PATCHER_SUBMIT  reward=0.00
2026-03-22 05:34:44,591 [Worker2] [batch] [I006] log_probs  n=5  elapsed=0.41s
2026-03-22 05:34:44,591 [Worker2] [P17364] [S02] SOLVE  reward=0.50  next=solve  answer=False
2026-03-22 05:34:44,591 [Worker2] [P84233] [S01] SOLVE  reward=0.50  next=solve  answer=False
2026-03-22 05:34:44,591 [Worker2] [P26322] [S01] CORRECT(fail)  reward=0.00  → patcher
2026-03-22 05:34:44,591 [Worker2] [P05718] [S01] CORRECT  reward=0.50  next=solve  answer=False
2026-03-22 05:34:44,591 [Worker2] [P47134] [S01] SOLVE  reward=0.00  next=correct  answer=False
2026-03-22 05:34:57,534 [Worker2] [batch] [I006] GPU_GEN  batch=4  elapsed=12.94s  pids=['17364', '84233', '5718', '47134']
2026-03-22 05:34:57,535 [Worker2] [batch] [I006] done=0  gen=0  api=7  patch=1  elapsed=63.0s
2026-03-22 05:34:57,535 [Worker2] [P96495] [S02] PATCHER_SUBMIT  reward=0.00
2026-03-22 05:35:01,859 [Worker2] [P26322] [S02] PATCHER_ARRIVED  reward=1.00  gt=solve
2026-03-22 05:35:02,397 [Worker2] [batch] [I007] log_probs  n=4  elapsed=0.54s
2026-03-22 05:35:02,397 [Worker2] [P96495] [S02] CORRECT(fail)  reward=0.00  → patcher
2026-03-22 05:35:02,397 [Worker2] [P41740] [S02] SOLVE  reward=0.50  next=solve  answer=False
2026-03-22 05:35:02,397 [Worker2] [P96850] [S02] SOLVE  reward=0.50  next=solve  answer=False
2026-03-22 05:35:02,397 [Worker2] [P26322] [S02] PATCHER  reward=1.00  answer=False
2026-03-22 05:35:11,813 [Worker2] [batch] [I007] GPU_GEN  batch=3  elapsed=9.42s  pids=['41740', '96850', '26322']
2026-03-22 05:35:11,814 [Worker2] [batch] [I007] done=0  gen=0  api=7  patch=1  elapsed=77.3s
2026-03-22 05:35:15,853 [Worker2] [P96495] [S03] PATCHER_ARRIVED  reward=1.00  gt=solve
2026-03-22 05:35:16,590 [Worker2] [batch] [I008] log_probs  n=5  elapsed=0.74s
2026-03-22 05:35:16,591 [Worker2] [P17364] [S03] SOLVE  reward=0.50  next=solve  answer=False
2026-03-22 05:35:16,591 [Worker2] [P84233] [S02] SOLVE  reward=0.00  next=correct  answer=False
2026-03-22 05:35:16,591 [Worker2] [P05718] [S02] SOLVE  reward=0.00  next=correct  answer=False
2026-03-22 05:35:16,591 [Worker2] [P47134] [S02] CORRECT  reward=0.50  next=solve  answer=False
2026-03-22 05:35:16,591 [Worker2] [P96495] [S03] PATCHER  reward=1.00  answer=False
2026-03-22 05:35:26,953 [Worker2] [batch] [I008] GPU_GEN  batch=5  elapsed=10.36s  pids=['96495', '17364', '84233', '5718', '47134']
2026-03-22 05:35:26,953 [Worker2] [batch] [I008] done=0  gen=0  api=8  patch=0  elapsed=92.5s
2026-03-22 05:35:27,286 [Worker2] [batch] [I009] log_probs  n=3  elapsed=0.33s
2026-03-22 05:35:27,286 [Worker2] [P41740] [S03] SOLVE  reward=0.50  next=solve  answer=False
2026-03-22 05:35:27,286 [Worker2] [P96850] [S03] SOLVE  reward=1.00  next=solve  answer=False
2026-03-22 05:35:27,286 [Worker2] [P26322] [S03] SOLVE  reward=0.10  next=correct  answer=False
2026-03-22 05:35:37,536 [Worker2] [batch] [I009] GPU_GEN  batch=3  elapsed=10.25s  pids=['41740', '96850', '26322']
2026-03-22 05:35:37,536 [Worker2] [batch] [I009] done=0  gen=0  api=8  patch=0  elapsed=103.0s
2026-03-22 05:35:37,537 [Worker2] [P84233] [S03] PATCHER_SUBMIT  reward=0.10
2026-03-22 05:35:37,537 [Worker2] [P05718] [S03] PATCHER_SUBMIT  reward=0.10
2026-03-22 05:35:38,241 [Worker2] [batch] [I010] log_probs  n=5  elapsed=0.70s
2026-03-22 05:35:38,241 [Worker2] [P96495] [S04] SOLVE  reward=1.00  next=correct  answer=False
2026-03-22 05:35:38,241 [Worker2] [P17364] [S04] SOLVE  reward=0.00  next=correct  answer=False
2026-03-22 05:35:38,241 [Worker2] [P84233] [S03] CORRECT(fail)  reward=0.10  → patcher
2026-03-22 05:35:38,241 [Worker2] [P05718] [S03] CORRECT(fail)  reward=0.10  → patcher
2026-03-22 05:35:38,241 [Worker2] [P47134] [S03] SOLVE  reward=0.50  next=solve  answer=False
2026-03-22 05:35:45,443 [Worker2] [reward] 숫자 없는 응답: "''", 0.0 반환
2026-03-22 05:35:48,266 [Worker2] [batch] [I010] GPU_GEN  batch=3  elapsed=10.02s  pids=['96495', '17364', '47134']
2026-03-22 05:35:48,266 [Worker2] [batch] [I010] done=0  gen=0  api=6  patch=2  elapsed=113.8s
2026-03-22 05:35:48,266 [Worker2] [P26322] [S04] PATCHER_SUBMIT  reward=0.00
2026-03-22 05:35:48,699 [Worker2] [batch] [I011] log_probs  n=3  elapsed=0.43s
2026-03-22 05:35:48,699 [Worker2] [P41740] [S04] SOLVE  reward=0.10  next=correct  answer=False
2026-03-22 05:35:48,699 [Worker2] [P96850] [S04] SOLVE  reward=1.00  next=solve  answer=False
2026-03-22 05:35:48,699 [Worker2] [P26322] [S04] CORRECT(fail)  reward=0.00  → patcher
2026-03-22 05:35:57,550 [Worker2] [reward] 숫자 없는 응답: "''", 0.0 반환
2026-03-22 05:35:59,208 [Worker2] [batch] [I011] GPU_GEN  batch=2  elapsed=10.51s  pids=['41740', '96850']
2026-03-22 05:35:59,208 [Worker2] [batch] [I011] done=0  gen=0  api=5  patch=3  elapsed=124.7s
2026-03-22 05:35:59,208 [Worker2] [P17364] [S05] PATCHER_SUBMIT  reward=0.00
2026-03-22 05:36:09,757 [Worker2] [reward] 숫자 없는 응답: "''", 0.0 반환
2026-03-22 05:36:09,764 [Worker2] [P84233] [S04] PATCHER_ARRIVED  reward=0.00  gt=correct
2026-03-22 05:36:14,268 [Worker2] [P26322] [S05] PATCHER_ARRIVED  reward=1.00  gt=solve
2026-03-22 05:36:19,588 [Worker2] [P05718] [S04] PATCHER_ARRIVED  reward=1.00  gt=solve
2026-03-22 05:36:20,632 [Worker2] [batch] [I012] log_probs  n=6  elapsed=1.04s
2026-03-22 05:36:20,634 [Worker2] [P96495] [S05] CORRECT  reward=1.00  next=solve  answer=True
2026-03-22 05:36:20,634 [Worker2] [P96495] DONE  status=ANSWER  total_steps=6
2026-03-22 05:36:20,634 [Worker2] [P17364] [S05] CORRECT(fail)  reward=0.00  → patcher
2026-03-22 05:36:20,634 [Worker2] [P47134] [S04] SOLVE  reward=0.50  next=solve  answer=False
2026-03-22 05:36:20,634 [Worker2] [P84233] [S04] PATCHER  reward=0.00  → WRONG  total=5
2026-03-22 05:36:20,634 [Worker2] ────────────────────────────────────────────────────────────
[PATCHER_WRONG] problem_id=84233  steps=5
  pred    : ['<|solve|>', '<|solve|>', '<|solve|>', '<|solve|>', '<|solve|>']
  gt      : ['<|solve|>', '<|solve|>', '<|solve|>', '<|correct|>', '<|correct|>']
  is_gen  : [True, True, True, True, False]
  rewards : [0.5, 0.5, 0.0, 0.1, 0.0]
2026-03-22 05:36:20,634 [Worker2] [P26322] [S05] PATCHER  reward=1.00  answer=False
2026-03-22 05:36:20,635 [Worker2] [P05718] [S04] PATCHER  reward=1.00  answer=False
2026-03-22 05:36:33,465 [Worker2] [batch] [I012] GPU_GEN  batch=3  elapsed=12.83s  pids=['26322', '5718', '47134']
2026-03-22 05:36:33,465 [Worker2] [batch] [I012] done=2  gen=0  api=5  patch=1  elapsed=159.0s
2026-03-22 05:36:33,465 [Worker2] [P41740] [S05] PATCHER_SUBMIT  reward=0.10
2026-03-22 05:36:36,417 [Worker2] [P17364] [S06] PATCHER_ARRIVED  reward=1.00  gt=solve
2026-03-22 05:36:37,052 [Worker2] [batch] [I013] log_probs  n=3  elapsed=0.64s
2026-03-22 05:36:37,052 [Worker2] [P41740] [S05] CORRECT(fail)  reward=0.10  → patcher
2026-03-22 05:36:37,053 [Worker2] [P96850] [S05] SOLVE  reward=0.50  next=solve  answer=False
2026-03-22 05:36:37,053 [Worker2] [P17364] [S06] PATCHER  reward=1.00  answer=False
2026-03-22 05:36:45,375 [Worker2] [batch] [I013] GPU_GEN  batch=2  elapsed=8.32s  pids=['96850', '17364']
2026-03-22 05:36:45,375 [Worker2] [batch] [I013] done=2  gen=0  api=5  patch=1  elapsed=170.9s
2026-03-22 05:36:47,421 [Worker2] [P41740] [S06] PATCHER_ARRIVED  reward=1.00  gt=solve
2026-03-22 05:36:48,324 [Worker2] [batch] [I014] log_probs  n=4  elapsed=0.90s
2026-03-22 05:36:48,325 [Worker2] [P26322] [S06] SOLVE  reward=1.00  next=correct  answer=False
2026-03-22 05:36:48,325 [Worker2] [P05718] [S05] SOLVE  reward=1.00  next=solve  answer=False
2026-03-22 05:36:48,325 [Worker2] [P47134] [S05] SOLVE  reward=0.50  next=solve  answer=False
2026-03-22 05:36:48,325 [Worker2] [P41740] [S06] PATCHER  reward=1.00  answer=False
2026-03-22 05:36:58,908 [Worker2] [batch] [I014] GPU_GEN  batch=4  elapsed=10.58s  pids=['41740', '26322', '5718', '47134']
2026-03-22 05:36:58,908 [Worker2] [batch] [I014] done=2  gen=0  api=6  patch=0  elapsed=184.4s
2026-03-22 05:36:59,196 [Worker2] [batch] [I015] log_probs  n=2  elapsed=0.29s
2026-03-22 05:36:59,197 [Worker2] [P96850] [S06] SOLVE  reward=0.10  next=correct  answer=False
2026-03-22 05:36:59,197 [Worker2] [P17364] [S07] SOLVE  reward=0.50  next=solve  answer=False
2026-03-22 05:37:11,815 [Worker2] [batch] [I015] GPU_GEN  batch=2  elapsed=12.62s  pids=['96850', '17364']
2026-03-22 05:37:11,815 [Worker2] [batch] [I015] done=2  gen=0  api=6  patch=0  elapsed=197.3s
2026-03-22 05:37:11,815 [Worker2] [P26322] [S07] PATCHER_SUBMIT  reward=0.00
2026-03-22 05:37:12,719 [Worker2] [batch] [I016] log_probs  n=4  elapsed=0.90s
2026-03-22 05:37:12,719 [Worker2] [P41740] [S07] SOLVE  reward=0.00  next=correct  answer=False
2026-03-22 05:37:12,719 [Worker2] [P26322] [S07] CORRECT(fail)  reward=0.00  → patcher
2026-03-22 05:37:12,719 [Worker2] [P05718] [S06] SOLVE  reward=0.10  next=correct  answer=False
2026-03-22 05:37:12,719 [Worker2] [P47134] [S06] SOLVE  reward=0.00  next=correct  answer=False
2026-03-22 05:37:27,602 [Worker2] [batch] [I016] GPU_GEN  batch=3  elapsed=14.88s  pids=['41740', '5718', '47134']
2026-03-22 05:37:27,603 [Worker2] [batch] [I016] done=2  gen=0  api=5  patch=1  elapsed=213.1s
2026-03-22 05:37:27,603 [Worker2] [P96850] [S07] PATCHER_SUBMIT  reward=0.00
2026-03-22 05:37:33,173 [Worker2] [P26322] [S08] PATCHER_ARRIVED  reward=1.00  gt=solve
2026-03-22 05:37:33,715 [Worker2] [batch] [I017] log_probs  n=3  elapsed=0.54s
2026-03-22 05:37:33,715 [Worker2] [P96850] [S07] CORRECT(fail)  reward=0.00  → patcher
2026-03-22 05:37:33,715 [Worker2] [P17364] [S08] SOLVE  reward=0.00  next=correct  answer=False
2026-03-22 05:37:33,715 [Worker2] [P26322] [S08] PATCHER  reward=1.00  answer=True
2026-03-22 05:37:33,715 [Worker2] [P26322] DONE  status=ANSWER  total_steps=9
2026-03-22 05:37:41,390 [Worker2] [batch] [I017] GPU_GEN  batch=1  elapsed=7.67s  pids=['17364']
2026-03-22 05:37:41,390 [Worker2] [batch] [I017] done=3  gen=0  api=4  patch=1  elapsed=226.9s
2026-03-22 05:37:41,390 [Worker2] [P41740] [S08] PATCHER_SUBMIT  reward=0.00
2026-03-22 05:37:41,390 [Worker2] [P05718] [S07] PATCHER_SUBMIT  reward=0.10
2026-03-22 05:37:41,390 [Worker2] [P47134] [S07] PATCHER_SUBMIT  reward=0.00
2026-03-22 05:37:44,686 [Worker2] [P96850] [S08] PATCHER_ARRIVED  reward=0.10  gt=correct
2026-03-22 05:37:45,903 [Worker2] [batch] [I018] log_probs  n=4  elapsed=1.22s
2026-03-22 05:37:45,903 [Worker2] [P41740] [S08] CORRECT(fail)  reward=0.00  → patcher
2026-03-22 05:37:45,903 [Worker2] [P05718] [S07] CORRECT(fail)  reward=0.10  → patcher
2026-03-22 05:37:45,903 [Worker2] [P47134] [S07] CORRECT(fail)  reward=0.00  → patcher
2026-03-22 05:37:45,903 [Worker2] [P96850] [S08] PATCHER  reward=0.10  → WRONG  total=9
2026-03-22 05:37:45,903 [Worker2] ────────────────────────────────────────────────────────────
[PATCHER_WRONG] problem_id=96850  steps=9
  pred    : ['<|solve|>', '<|solve|>', '<|solve|>', '<|solve|>', '<|solve|>', '<|solve|>', '<|solve|>', '<|solve|>', '<|solve|>']
  gt      : ['<|solve|>', '<|solve|>', '<|solve|>', '<|solve|>', '<|solve|>', '<|solve|>', '<|solve|>', '<|correct|>', '<|correct|>']
  is_gen  : [True, True, True, True, True, True, True, True, False]
  rewards : [0.5, 0.5, 0.5, 1.0, 1.0, 0.5, 0.1, 0.0, 0.1]
2026-03-22 05:37:45,904 [Worker2] [batch] [I018] done=4  gen=0  api=1  patch=3  elapsed=231.4s
2026-03-22 05:37:47,818 [Worker2] [batch] [I019] done=4  gen=0  api=1  patch=3  elapsed=233.3s
2026-03-22 05:37:49,212 [Worker2] [reward] 숫자 없는 응답: "''", 0.0 반환
2026-03-22 05:37:56,379 [Worker2] [P05718] [S08] PATCHER_ARRIVED  reward=0.50  gt=solve
2026-03-22 05:37:56,552 [Worker2] [batch] [I020] log_probs  n=1  elapsed=0.17s
2026-03-22 05:37:56,552 [Worker2] [P05718] [S08] PATCHER  reward=0.50  answer=False
2026-03-22 05:37:57,917 [Worker2] [batch] [I020] GPU_GEN  batch=1  elapsed=1.36s  pids=['5718']
2026-03-22 05:37:57,917 [Worker2] [batch] [I020] done=4  gen=0  api=2  patch=2  elapsed=243.4s
2026-03-22 05:37:57,917 [Worker2] [P17364] [S09] PATCHER_SUBMIT  reward=0.00
2026-03-22 05:38:00,999 [Worker2] [P41740] [S09] PATCHER_ARRIVED  reward=0.50  gt=solve
2026-03-22 05:38:03,518 [Worker2] [P47134] [S08] PATCHER_ARRIVED  reward=0.50  gt=solve
2026-03-22 05:38:04,449 [Worker2] [batch] [I021] log_probs  n=3  elapsed=0.93s
2026-03-22 05:38:04,449 [Worker2] [P17364] [S09] CORRECT(fail)  reward=0.00  → patcher
2026-03-22 05:38:04,449 [Worker2] [P41740] [S09] PATCHER  reward=0.50  answer=False
2026-03-22 05:38:04,449 [Worker2] [P47134] [S08] PATCHER  reward=0.50  answer=True
2026-03-22 05:38:04,449 [Worker2] [P47134] DONE  status=ANSWER  total_steps=9
2026-03-22 05:38:09,543 [Worker2] [batch] [I021] GPU_GEN  batch=1  elapsed=5.09s  pids=['41740']
2026-03-22 05:38:09,544 [Worker2] [batch] [I021] done=5  gen=0  api=2  patch=1  elapsed=255.0s
2026-03-22 05:38:12,568 [Worker2] [P17364] [S10] PATCHER_ARRIVED  reward=1.00  gt=solve
2026-03-22 05:38:13,003 [Worker2] [batch] [I022] log_probs  n=2  elapsed=0.44s
2026-03-22 05:38:13,004 [Worker2] [P05718] [S09] SOLVE  reward=0.10  next=correct  answer=False
2026-03-22 05:38:13,004 [Worker2] [P17364] [S10] PATCHER  reward=1.00  answer=False
2026-03-22 05:38:16,064 [Worker2] [batch] [I022] GPU_GEN  batch=2  elapsed=3.06s  pids=['17364', '5718']
2026-03-22 05:38:16,064 [Worker2] [batch] [I022] done=5  gen=0  api=3  patch=0  elapsed=261.6s
2026-03-22 05:38:16,309 [Worker2] [batch] [I023] log_probs  n=1  elapsed=0.25s
2026-03-22 05:38:16,309 [Worker2] [P41740] [S10] SOLVE  reward=0.50  next=solve  answer=False
2026-03-22 05:38:19,674 [Worker2] [batch] [I023] GPU_GEN  batch=1  elapsed=3.36s  pids=['41740']
2026-03-22 05:38:19,674 [Worker2] [batch] [I023] done=5  gen=0  api=3  patch=0  elapsed=265.2s
2026-03-22 05:38:19,674 [Worker2] [P05718] [S10] PATCHER_SUBMIT  reward=0.00
2026-03-22 05:38:20,074 [Worker2] [batch] [I024] log_probs  n=2  elapsed=0.40s
2026-03-22 05:38:20,074 [Worker2] [P17364] [S11] SOLVE  reward=0.00  next=correct  answer=False
2026-03-22 05:38:20,074 [Worker2] [P05718] [S10] CORRECT(fail)  reward=0.00  → patcher
2026-03-22 05:38:27,083 [Worker2] [batch] [I024] GPU_GEN  batch=1  elapsed=7.01s  pids=['17364']
2026-03-22 05:38:27,083 [Worker2] [batch] [I024] done=5  gen=0  api=2  patch=1  elapsed=272.6s
2026-03-22 05:38:27,343 [Worker2] [batch] [I025] log_probs  n=1  elapsed=0.26s
2026-03-22 05:38:27,343 [Worker2] [P41740] [S11] SOLVE  reward=0.50  next=solve  answer=False
2026-03-22 05:38:34,356 [Worker2] [reward] 숫자 없는 응답: "''", 0.0 반환
2026-03-22 05:38:35,639 [Worker2] [batch] [I025] GPU_GEN  batch=1  elapsed=8.30s  pids=['41740']
2026-03-22 05:38:35,639 [Worker2] [batch] [I025] done=5  gen=0  api=2  patch=1  elapsed=281.1s
2026-03-22 05:38:35,639 [Worker2] [P17364] [S12] PATCHER_SUBMIT  reward=0.00
2026-03-22 05:38:41,060 [Worker2] [P05718] [S11] PATCHER_ARRIVED  reward=0.10  gt=correct
2026-03-22 05:38:41,529 [Worker2] [batch] [I026] log_probs  n=2  elapsed=0.47s
2026-03-22 05:38:41,530 [Worker2] [P17364] [S12] CORRECT(fail)  reward=0.00  → patcher
2026-03-22 05:38:41,530 [Worker2] [P05718] [S11] PATCHER  reward=0.10  → WRONG  total=12
2026-03-22 05:38:41,530 [Worker2] ────────────────────────────────────────────────────────────
[PATCHER_WRONG] problem_id=5718  steps=12
  pred    : ['<|solve|>', '<|solve|>', '<|solve|>', '<|solve|>', '<|solve|>', '<|solve|>', '<|solve|>', '<|solve|>', '<|solve|>', '<|solve|>', '<|solve|>', '<|solve|>']
  gt      : ['<|solve|>', '<|correct|>', '<|solve|>', '<|correct|>', '<|correct|>', '<|solve|>', '<|solve|>', '<|correct|>', '<|correct|>', '<|solve|>', '<|correct|>', '<|correct|>']
  is_gen  : [True, True, True, True, False, True, True, True, False, True, True, False]
  rewards : [0.0, 0.5, 0.0, 0.1, 1.0, 1.0, 0.1, 0.1, 0.5, 0.1, 0.0, 0.1]
2026-03-22 05:38:41,530 [Worker2] [batch] [I026] done=6  gen=0  api=1  patch=1  elapsed=287.0s
2026-03-22 05:38:41,827 [Worker2] [batch] [I027] log_probs  n=1  elapsed=0.30s
2026-03-22 05:38:41,828 [Worker2] [P41740] [S12] SOLVE  reward=0.00  next=correct  answer=False
2026-03-22 05:38:42,226 [Worker2] [batch] [I027] GPU_GEN  batch=1  elapsed=0.40s  pids=['41740']
2026-03-22 05:38:42,226 [Worker2] [batch] [I027] done=6  gen=0  api=1  patch=1  elapsed=287.7s
2026-03-22 05:38:46,097 [Worker2] [P17364] [S13] PATCHER_ARRIVED  reward=1.00  gt=solve
2026-03-22 05:38:46,299 [Worker2] [batch] [I028] log_probs  n=1  elapsed=0.20s
2026-03-22 05:38:46,299 [Worker2] [P17364] [S13] PATCHER  reward=1.00  answer=False
2026-03-22 05:38:49,954 [Worker2] [reward] 숫자 없는 응답: "''", 0.0 반환
2026-03-22 05:38:50,458 [Worker2] [batch] [I028] GPU_GEN  batch=1  elapsed=4.16s  pids=['17364']
2026-03-22 05:38:50,458 [Worker2] [batch] [I028] done=6  gen=0  api=2  patch=0  elapsed=296.0s
2026-03-22 05:38:50,458 [Worker2] [P41740] [S13] PATCHER_SUBMIT  reward=0.00
2026-03-22 05:38:50,764 [Worker2] [batch] [I029] log_probs  n=1  elapsed=0.31s
2026-03-22 05:38:50,764 [Worker2] [P41740] [S13] CORRECT(fail)  reward=0.00  → patcher
2026-03-22 05:38:50,764 [Worker2] [batch] [I029] done=6  gen=0  api=1  patch=1  elapsed=296.3s
2026-03-22 05:38:53,186 [Worker2] [batch] [I030] done=6  gen=0  api=1  patch=1  elapsed=298.7s
2026-03-22 05:38:53,406 [Worker2] [batch] [I031] log_probs  n=1  elapsed=0.22s
2026-03-22 05:38:53,407 [Worker2] [P17364] [S14] SOLVE  reward=1.00  next=correct  answer=False
2026-03-22 05:38:53,706 [Worker2] [batch] [I031] GPU_GEN  batch=1  elapsed=0.30s  pids=['17364']
2026-03-22 05:38:53,706 [Worker2] [batch] [I031] done=6  gen=0  api=1  patch=1  elapsed=299.2s
2026-03-22 05:38:59,401 [Worker2] [batch] [I032] done=6  gen=0  api=1  patch=1  elapsed=304.9s
2026-03-22 05:38:59,620 [Worker2] [batch] [I033] log_probs  n=1  elapsed=0.22s
2026-03-22 05:38:59,620 [Worker2] [P17364] [S15] CORRECT  reward=1.00  next=solve  answer=True
2026-03-22 05:38:59,620 [Worker2] [P17364] DONE  status=ANSWER  total_steps=16
2026-03-22 05:38:59,621 [Worker2] [batch] [I033] done=7  gen=0  api=0  patch=1  elapsed=305.1s
2026-03-22 05:39:03,459 [Worker2] [batch] [I034] done=7  gen=0  api=0  patch=1  elapsed=309.0s
2026-03-22 05:39:05,844 [Worker2] [P41740] [S14] PATCHER_ARRIVED  reward=0.50  gt=solve
2026-03-22 05:39:06,153 [Worker2] [batch] [I035] log_probs  n=1  elapsed=0.31s
2026-03-22 05:39:06,153 [Worker2] [P41740] [S14] PATCHER  reward=0.50  answer=False
2026-03-22 05:39:14,014 [Worker2] [batch] [I035] GPU_GEN  batch=1  elapsed=7.86s  pids=['41740']
2026-03-22 05:39:14,014 [Worker2] [batch] [I035] done=7  gen=0  api=1  patch=0  elapsed=319.5s
2026-03-22 05:39:22,833 [Worker2] [reward] 숫자 없는 응답: "''", 0.0 반환
2026-03-22 05:39:22,833 [Worker2] [batch] [I036] done=7  gen=0  api=1  patch=0  elapsed=328.3s
2026-03-22 05:39:23,143 [Worker2] [batch] [I037] log_probs  n=1  elapsed=0.31s
2026-03-22 05:39:23,143 [Worker2] [P41740] [S15] SOLVE  reward=0.00  next=correct  answer=False
2026-03-22 05:39:23,592 [Worker2] [batch] [I037] GPU_GEN  batch=1  elapsed=0.45s  pids=['41740']
2026-03-22 05:39:23,592 [Worker2] [batch] [I037] done=7  gen=0  api=1  patch=0  elapsed=329.1s
2026-03-22 05:39:32,700 [Worker2] [reward] 숫자 없는 응답: "''", 0.0 반환
2026-03-22 05:39:32,700 [Worker2] [batch] [I038] done=7  gen=0  api=1  patch=0  elapsed=338.2s
2026-03-22 05:39:32,700 [Worker2] [P41740] [S16] PATCHER_SUBMIT  reward=0.00
2026-03-22 05:39:33,052 [Worker2] [batch] [I039] log_probs  n=1  elapsed=0.35s
2026-03-22 05:39:33,052 [Worker2] [P41740] [S16] CORRECT(fail)  reward=0.00  → patcher
2026-03-22 05:39:33,052 [Worker2] [batch] [I039] done=7  gen=0  api=0  patch=1  elapsed=338.6s
2026-03-22 05:39:43,882 [Worker2] [batch] [I040] done=7  gen=0  api=0  patch=1  elapsed=349.4s
2026-03-22 05:39:50,470 [Worker2] [reward] 숫자 없는 응답: "''", 0.0 반환
2026-03-22 05:39:50,485 [Worker2] [P41740] [S17] PATCHER_ARRIVED  reward=0.00  gt=correct
2026-03-22 05:39:50,855 [Worker2] [batch] [I041] log_probs  n=1  elapsed=0.37s
2026-03-22 05:39:50,855 [Worker2] [P41740] [S17] PATCHER  reward=0.00  → WRONG  total=18
2026-03-22 05:39:50,855 [Worker2] ────────────────────────────────────────────────────────────
[PATCHER_WRONG] problem_id=41740  steps=18
  pred    : ['<|solve|>', '<|solve|>', '<|solve|>', '<|solve|>', '<|solve|>', '<|solve|>', '<|solve|>', '<|solve|>', '<|solve|>', '<|solve|>', '<|solve|>', '<|solve|>', '<|solve|>', '<|solve|>', '<|solve|>', '<|solve|>', '<|solve|>', '<|solve|>']
  gt      : ['<|solve|>', '<|solve|>', '<|solve|>', '<|solve|>', '<|solve|>', '<|correct|>', '<|correct|>', '<|solve|>', '<|correct|>', '<|correct|>', '<|solve|>', '<|solve|>', '<|solve|>', '<|correct|>', '<|correct|>', '<|solve|>', '<|correct|>', '<|correct|>']
  is_gen  : [True, True, True, True, True, True, False, True, True, False, True, True, True, True, False, True, True, False]
  rewards : [0.5, 0.5, 0.5, 0.5, 0.1, 0.1, 1.0, 0.0, 0.0, 0.5, 0.5, 0.5, 0.0, 0.0, 0.5, 0.0, 0.0, 0.0]
2026-03-22 05:39:50,856 [Worker2] [batch] BATCH_DONE  problems=8  answered=4  total_steps=84  iters=41  elapsed=356.4s
2026-03-22 05:40:00,346 [Worker2] [batch] [I000] GPU_GEN  batch=8  elapsed=9.37s  pids=['27963', '29837', '44850', '9853', '56079', '96201', '101084', '23445']
2026-03-22 05:40:00,350 [Worker2] [batch] [I000] done=0  gen=0  api=8  patch=0  elapsed=9.4s
2026-03-22 05:40:01,756 [Worker2] [batch] [I001] done=0  gen=0  api=8  patch=0  elapsed=10.8s
2026-03-22 05:40:01,843 [Worker2] [batch] [I002] log_probs  n=1  elapsed=0.09s
2026-03-22 05:40:01,843 [Worker2] [P09853] [S00] SOLVE  reward=0.50  next=solve  answer=False
2026-03-22 05:40:12,524 [Worker2] [reward] 숫자 없는 응답: "''", 0.0 반환
2026-03-22 05:40:15,116 [Worker2] [batch] [I002] GPU_GEN  batch=1  elapsed=13.27s  pids=['9853']
2026-03-22 05:40:15,116 [Worker2] [batch] [I002] done=0  gen=0  api=8  patch=0  elapsed=24.1s
2026-03-22 05:40:15,437 [Worker2] [batch] [I003] log_probs  n=7  elapsed=0.32s
2026-03-22 05:40:15,437 [Worker2] [P27963] [S00] SOLVE  reward=0.50  next=solve  answer=False
2026-03-22 05:40:15,437 [Worker2] [P29837] [S00] SOLVE  reward=0.50  next=solve  answer=False
2026-03-22 05:40:15,437 [Worker2] [P44850] [S00] SOLVE  reward=0.00  next=correct  answer=False
2026-03-22 05:40:15,437 [Worker2] [P56079] [S00] SOLVE  reward=0.00  next=correct  answer=False
2026-03-22 05:40:15,437 [Worker2] [P96201] [S00] SOLVE  reward=1.00  next=solve  answer=False
2026-03-22 05:40:15,437 [Worker2] [P101084] [S00] SOLVE  reward=0.10  next=correct  answer=False
2026-03-22 05:40:15,437 [Worker2] [P23445] [S00] SOLVE  reward=0.50  next=solve  answer=False
2026-03-22 05:40:38,526 [Worker2] [batch] [I003] GPU_GEN  batch=7  elapsed=23.09s  pids=['27963', '29837', '44850', '56079', '96201', '101084', '23445']
2026-03-22 05:40:38,526 [Worker2] [batch] [I003] done=0  gen=0  api=8  patch=0  elapsed=47.5s
2026-03-22 05:40:38,671 [Worker2] [batch] [I004] log_probs  n=1  elapsed=0.15s
2026-03-22 05:40:38,672 [Worker2] [P09853] [S01] SOLVE  reward=0.50  next=solve  answer=False
2026-03-22 05:40:48,131 [Worker2] [batch] [I004] GPU_GEN  batch=1  elapsed=9.46s  pids=['9853']
2026-03-22 05:40:48,132 [Worker2] [batch] [I004] done=0  gen=0  api=8  patch=0  elapsed=57.2s
2026-03-22 05:40:48,132 [Worker2] [P101084] [S01] PATCHER_SUBMIT  reward=0.10
2026-03-22 05:40:48,801 [Worker2] [batch] [I005] log_probs  n=6  elapsed=0.67s
2026-03-22 05:40:48,801 [Worker2] [P27963] [S01] SOLVE  reward=0.00  next=correct  answer=False
2026-03-22 05:40:48,801 [Worker2] [P29837] [S01] SOLVE  reward=0.50  next=solve  answer=False
2026-03-22 05:40:48,801 [Worker2] [P56079] [S01] CORRECT  reward=0.50  next=solve  answer=False
2026-03-22 05:40:48,801 [Worker2] [P96201] [S01] SOLVE  reward=0.10  next=correct  answer=False
2026-03-22 05:40:48,801 [Worker2] [P101084] [S01] CORRECT(fail)  reward=0.10  → patcher
2026-03-22 05:40:48,801 [Worker2] [P23445] [S01] SOLVE  reward=0.00  next=correct  answer=False
2026-03-22 05:40:50,506 [Worker2] [reward] 숫자 없는 응답: "''", 0.0 반환
2026-03-22 05:41:08,218 [Worker2] [batch] [I005] GPU_GEN  batch=5  elapsed=19.42s  pids=['27963', '29837', '56079', '96201', '23445']
2026-03-22 05:41:08,218 [Worker2] [batch] [I005] done=0  gen=0  api=7  patch=1  elapsed=77.2s
2026-03-22 05:41:08,219 [Worker2] [P44850] [S01] PATCHER_SUBMIT  reward=0.00
2026-03-22 05:41:09,438 [Worker2] [P101084] [S02] PATCHER_ARRIVED  reward=0.10  gt=correct
2026-03-22 05:41:09,681 [Worker2] [batch] [I006] log_probs  n=3  elapsed=0.24s
2026-03-22 05:41:09,681 [Worker2] [P44850] [S01] CORRECT(fail)  reward=0.00  → patcher
2026-03-22 05:41:09,681 [Worker2] [P09853] [S02] SOLVE  reward=0.50  next=solve  answer=False
2026-03-22 05:41:09,681 [Worker2] [P101084] [S02] PATCHER  reward=0.10  → WRONG  total=3
2026-03-22 05:41:09,681 [Worker2] ────────────────────────────────────────────────────────────
[PATCHER_WRONG] problem_id=101084  steps=3
  pred    : ['<|solve|>', '<|solve|>', '<|solve|>']
  gt      : ['<|solve|>', '<|correct|>', '<|correct|>']
  is_gen  : [True, True, False]
  rewards : [0.1, 0.1, 0.1]
2026-03-22 05:41:14,261 [Worker2] [batch] [I006] GPU_GEN  batch=1  elapsed=4.58s  pids=['9853']
2026-03-22 05:41:14,261 [Worker2] [batch] [I006] done=1  gen=0  api=6  patch=1  elapsed=83.3s
2026-03-22 05:41:14,261 [Worker2] [P96201] [S02] PATCHER_SUBMIT  reward=0.10
2026-03-22 05:41:14,261 [Worker2] [P23445] [S02] PATCHER_SUBMIT  reward=0.00
2026-03-22 05:41:17,033 [Worker2] [reward] 숫자 없는 응답: "''", 0.0 반환
2026-03-22 05:41:24,481 [Worker2] [reward] 숫자 없는 응답: "''", 0.0 반환
2026-03-22 05:41:24,483 [Worker2] [P44850] [S02] PATCHER_ARRIVED  reward=0.00  gt=correct
2026-03-22 05:41:25,094 [Worker2] [batch] [I007] log_probs  n=5  elapsed=0.61s
2026-03-22 05:41:25,094 [Worker2] [P29837] [S02] SOLVE  reward=0.50  next=solve  answer=False
2026-03-22 05:41:25,094 [Worker2] [P56079] [S02] SOLVE  reward=0.00  next=correct  answer=False
2026-03-22 05:41:25,094 [Worker2] [P96201] [S02] CORRECT(fail)  reward=0.10  → patcher
2026-03-22 05:41:25,094 [Worker2] [P23445] [S02] CORRECT(fail)  reward=0.00  → patcher
2026-03-22 05:41:25,094 [Worker2] [P44850] [S02] PATCHER  reward=0.00  → WRONG  total=3
2026-03-22 05:41:25,094 [Worker2] ────────────────────────────────────────────────────────────
[PATCHER_WRONG] problem_id=44850  steps=3
  pred    : ['<|solve|>', '<|solve|>', '<|solve|>']
  gt      : ['<|solve|>', '<|correct|>', '<|correct|>']
  is_gen  : [True, True, False]
  rewards : [0.0, 0.0, 0.0]
2026-03-22 05:41:28,685 [Worker2] [batch] [I007] GPU_GEN  batch=2  elapsed=3.59s  pids=['29837', '56079']
2026-03-22 05:41:28,685 [Worker2] [batch] [I007] done=2  gen=0  api=4  patch=2  elapsed=97.7s
2026-03-22 05:41:28,686 [Worker2] [P27963] [S02] PATCHER_SUBMIT  reward=0.00
2026-03-22 05:41:30,571 [Worker2] [P96201] [S03] PATCHER_ARRIVED  reward=0.10  gt=correct
2026-03-22 05:41:33,694 [Worker2] [P23445] [S03] PATCHER_ARRIVED  reward=1.00  gt=solve
2026-03-22 05:41:34,126 [Worker2] [batch] [I008] log_probs  n=4  elapsed=0.43s
2026-03-22 05:41:34,126 [Worker2] [P27963] [S02] CORRECT(fail)  reward=0.00  → patcher
2026-03-22 05:41:34,126 [Worker2] [P09853] [S03] SOLVE  reward=1.00  next=solve  answer=False
2026-03-22 05:41:34,126 [Worker2] [P96201] [S03] PATCHER  reward=0.10  → WRONG  total=4
2026-03-22 05:41:34,126 [Worker2] ────────────────────────────────────────────────────────────
[PATCHER_WRONG] problem_id=96201  steps=4
  pred    : ['<|solve|>', '<|solve|>', '<|solve|>', '<|solve|>']
  gt      : ['<|solve|>', '<|solve|>', '<|correct|>', '<|correct|>']
  is_gen  : [True, True, True, False]
  rewards : [1.0, 0.1, 0.1, 0.1]
2026-03-22 05:41:34,126 [Worker2] [P23445] [S03] PATCHER  reward=1.00  answer=False
2026-03-22 05:41:53,043 [Worker2] [batch] [I008] GPU_GEN  batch=2  elapsed=18.92s  pids=['9853', '23445']
2026-03-22 05:41:53,043 [Worker2] [batch] [I008] done=3  gen=0  api=4  patch=1  elapsed=122.1s
2026-03-22 05:41:53,043 [Worker2] [P56079] [S03] PATCHER_SUBMIT  reward=0.10
2026-03-22 05:41:56,780 [Worker2] [P27963] [S03] PATCHER_ARRIVED  reward=1.00  gt=solve
2026-03-22 05:41:57,297 [Worker2] [batch] [I009] log_probs  n=3  elapsed=0.52s
2026-03-22 05:41:57,298 [Worker2] [P29837] [S03] SOLVE  reward=0.50  next=solve  answer=False
2026-03-22 05:41:57,298 [Worker2] [P56079] [S03] CORRECT(fail)  reward=0.10  → patcher
2026-03-22 05:41:57,298 [Worker2] [P27963] [S03] PATCHER  reward=1.00  answer=False
2026-03-22 05:42:06,265 [Worker2] [batch] [I009] GPU_GEN  batch=2  elapsed=8.97s  pids=['27963', '29837']
2026-03-22 05:42:06,265 [Worker2] [batch] [I009] done=3  gen=0  api=4  patch=1  elapsed=135.3s
2026-03-22 05:42:07,704 [Worker2] [P56079] [S04] PATCHER_ARRIVED  reward=1.00  gt=solve
2026-03-22 05:42:08,059 [Worker2] [batch] [I010] log_probs  n=3  elapsed=0.35s
2026-03-22 05:42:08,059 [Worker2] [P09853] [S04] SOLVE  reward=0.50  next=solve  answer=False
2026-03-22 05:42:08,059 [Worker2] [P23445] [S04] SOLVE  reward=1.00  next=solve  answer=False
2026-03-22 05:42:08,059 [Worker2] [P56079] [S04] PATCHER  reward=1.00  answer=False
2026-03-22 05:42:25,181 [Worker2] [batch] [I010] GPU_GEN  batch=3  elapsed=17.12s  pids=['9853', '56079', '23445']
2026-03-22 05:42:25,181 [Worker2] [batch] [I010] done=3  gen=0  api=5  patch=0  elapsed=154.2s
2026-03-22 05:42:25,367 [Worker2] [batch] [I011] log_probs  n=2  elapsed=0.19s
2026-03-22 05:42:25,367 [Worker2] [P27963] [S04] SOLVE  reward=1.00  next=correct  answer=False
2026-03-22 05:42:25,368 [Worker2] [P29837] [S04] SOLVE  reward=0.50  next=solve  answer=False
2026-03-22 05:42:35,291 [Worker2] [batch] [I011] GPU_GEN  batch=2  elapsed=9.92s  pids=['27963', '29837']
2026-03-22 05:42:35,291 [Worker2] [batch] [I011] done=3  gen=0  api=5  patch=0  elapsed=164.3s
2026-03-22 05:42:35,339 [Worker2] [reward] 숫자 없는 응답: "''", 0.0 반환
2026-03-22 05:42:35,607 [Worker2] [batch] [I012] log_probs  n=2  elapsed=0.31s
2026-03-22 05:42:35,607 [Worker2] [P09853] [S05] SOLVE  reward=1.00  next=solve  answer=False
2026-03-22 05:42:35,607 [Worker2] [P23445] [S05] SOLVE  reward=1.00  next=correct  answer=False
2026-03-22 05:42:48,376 [Worker2] [batch] [I012] GPU_GEN  batch=2  elapsed=12.77s  pids=['9853', '23445']
2026-03-22 05:42:48,376 [Worker2] [batch] [I012] done=3  gen=0  api=5  patch=0  elapsed=177.4s
2026-03-22 05:42:48,376 [Worker2] [P27963] [S05] PATCHER_SUBMIT  reward=0.10
2026-03-22 05:42:48,667 [Worker2] [batch] [I013] log_probs  n=3  elapsed=0.29s
2026-03-22 05:42:48,667 [Worker2] [P27963] [S05] CORRECT(fail)  reward=0.10  → patcher
2026-03-22 05:42:48,667 [Worker2] [P29837] [S05] SOLVE  reward=1.00  next=solve  answer=False
2026-03-22 05:42:48,667 [Worker2] [P56079] [S05] SOLVE  reward=0.00  next=correct  answer=False
2026-03-22 05:42:50,945 [Worker2] [batch] [I013] GPU_GEN  batch=2  elapsed=2.28s  pids=['29837', '56079']
2026-03-22 05:42:50,945 [Worker2] [batch] [I013] done=3  gen=0  api=4  patch=1  elapsed=180.0s
2026-03-22 05:42:52,380 [Worker2] [batch] [I014] done=3  gen=0  api=4  patch=1  elapsed=181.4s
2026-03-22 05:42:52,474 [Worker2] [batch] [I015] log_probs  n=1  elapsed=0.09s
2026-03-22 05:42:52,474 [Worker2] [P29837] [S06] SOLVE  reward=1.00  next=solve  answer=False
2026-03-22 05:42:52,662 [Worker2] [batch] [I015] GPU_GEN  batch=1  elapsed=0.19s  pids=['29837']
2026-03-22 05:42:52,662 [Worker2] [batch] [I015] done=3  gen=0  api=4  patch=1  elapsed=181.7s
2026-03-22 05:42:52,842 [Worker2] [batch] [I016] done=3  gen=0  api=4  patch=1  elapsed=181.9s
2026-03-22 05:42:52,842 [Worker2] [P23445] [S06] PATCHER_SUBMIT  reward=0.10
2026-03-22 05:42:52,953 [Worker2] [batch] [I017] log_probs  n=1  elapsed=0.11s
2026-03-22 05:42:52,953 [Worker2] [P23445] [S06] CORRECT(fail)  reward=0.10  → patcher
2026-03-22 05:42:52,953 [Worker2] [batch] [I017] done=3  gen=0  api=3  patch=2  elapsed=182.0s
2026-03-22 05:42:53,284 [Worker2] [batch] [I018] done=3  gen=0  api=3  patch=2  elapsed=182.3s
2026-03-22 05:42:54,111 [Worker2] [reward] 숫자 없는 응답: "''", 0.0 반환
2026-03-22 05:42:54,773 [Worker2] [P27963] [S06] PATCHER_ARRIVED  reward=1.00  gt=solve
2026-03-22 05:42:54,869 [Worker2] [batch] [I019] log_probs  n=1  elapsed=0.09s
2026-03-22 05:42:54,869 [Worker2] [P27963] [S06] PATCHER  reward=1.00  answer=True
2026-03-22 05:42:54,869 [Worker2] [P27963] DONE  status=ANSWER  total_steps=7
2026-03-22 05:42:54,869 [Worker2] [batch] [I019] done=4  gen=0  api=3  patch=1  elapsed=183.9s
2026-03-22 05:42:54,869 [Worker2] [P56079] [S06] PATCHER_SUBMIT  reward=0.10
2026-03-22 05:42:55,180 [Worker2] [batch] [I020] log_probs  n=2  elapsed=0.31s
2026-03-22 05:42:55,180 [Worker2] [P09853] [S06] SOLVE  reward=0.00  next=correct  answer=False
2026-03-22 05:42:55,180 [Worker2] [P56079] [S06] CORRECT(fail)  reward=0.10  → patcher
2026-03-22 05:42:55,534 [Worker2] [batch] [I020] GPU_GEN  batch=1  elapsed=0.35s  pids=['9853']
2026-03-22 05:42:55,534 [Worker2] [batch] [I020] done=4  gen=0  api=2  patch=2  elapsed=184.6s
2026-03-22 05:42:55,631 [Worker2] [batch] [I021] log_probs  n=1  elapsed=0.10s
2026-03-22 05:42:55,631 [Worker2] [P29837] [S07] SOLVE  reward=1.00  next=correct  answer=False
2026-03-22 05:42:57,700 [Worker2] [batch] [I021] GPU_GEN  batch=1  elapsed=2.07s  pids=['29837']
2026-03-22 05:42:57,700 [Worker2] [batch] [I021] done=4  gen=0  api=2  patch=2  elapsed=186.7s
2026-03-22 05:42:59,196 [Worker2] [P23445] [S07] PATCHER_ARRIVED  reward=0.10  gt=correct
2026-03-22 05:42:59,308 [Worker2] [batch] [I022] log_probs  n=1  elapsed=0.11s
2026-03-22 05:42:59,309 [Worker2] [P23445] [S07] PATCHER  reward=0.10  → WRONG  total=8
2026-03-22 05:42:59,309 [Worker2] ────────────────────────────────────────────────────────────
[PATCHER_WRONG] problem_id=23445  steps=8
  pred    : ['<|solve|>', '<|solve|>', '<|solve|>', '<|solve|>', '<|solve|>', '<|solve|>', '<|solve|>', '<|solve|>']
  gt      : ['<|solve|>', '<|solve|>', '<|correct|>', '<|correct|>', '<|solve|>', '<|solve|>', '<|correct|>', '<|correct|>']
  is_gen  : [True, True, True, False, True, True, True, False]
  rewards : [0.5, 0.0, 0.0, 1.0, 1.0, 1.0, 0.1, 0.1]
2026-03-22 05:42:59,309 [Worker2] [batch] [I022] done=5  gen=0  api=2  patch=1  elapsed=188.3s
2026-03-22 05:43:01,890 [Worker2] [P56079] [S07] PATCHER_ARRIVED  reward=0.10  gt=correct
2026-03-22 05:43:01,968 [Worker2] [batch] [I023] log_probs  n=1  elapsed=0.08s
2026-03-22 05:43:01,969 [Worker2] [P56079] [S07] PATCHER  reward=0.10  → WRONG  total=8
2026-03-22 05:43:01,969 [Worker2] ────────────────────────────────────────────────────────────
[PATCHER_WRONG] problem_id=56079  steps=8
  pred    : ['<|solve|>', '<|solve|>', '<|solve|>', '<|solve|>', '<|solve|>', '<|solve|>', '<|solve|>', '<|solve|>']
  gt      : ['<|solve|>', '<|correct|>', '<|solve|>', '<|correct|>', '<|correct|>', '<|solve|>', '<|correct|>', '<|correct|>']
  is_gen  : [True, True, True, True, False, True, True, False]
  rewards : [0.0, 0.5, 0.0, 0.1, 1.0, 0.0, 0.1, 0.1]
2026-03-22 05:43:01,969 [Worker2] [batch] [I023] done=6  gen=0  api=2  patch=0  elapsed=191.0s
2026-03-22 05:43:01,969 [Worker2] [P29837] [S08] PATCHER_SUBMIT  reward=0.10
2026-03-22 05:43:01,969 [Worker2] [P09853] [S07] PATCHER_SUBMIT  reward=0.00
2026-03-22 05:43:02,290 [Worker2] [batch] [I024] log_probs  n=2  elapsed=0.32s
2026-03-22 05:43:02,290 [Worker2] [P29837] [S08] CORRECT(fail)  reward=0.10  → patcher
2026-03-22 05:43:02,290 [Worker2] [P09853] [S07] CORRECT(fail)  reward=0.00  → patcher
2026-03-22 05:43:02,290 [Worker2] [batch] [I024] done=6  gen=0  api=0  patch=2  elapsed=191.3s
2026-03-22 05:43:06,926 [Worker2] [batch] [I025] done=6  gen=0  api=0  patch=2  elapsed=195.9s
2026-03-22 05:43:08,313 [Worker2] [P29837] [S09] PATCHER_ARRIVED  reward=0.10  gt=correct
2026-03-22 05:43:08,430 [Worker2] [batch] [I026] log_probs  n=1  elapsed=0.12s
2026-03-22 05:43:08,430 [Worker2] [P29837] [S09] PATCHER  reward=0.10  → WRONG  total=10
2026-03-22 05:43:08,430 [Worker2] ────────────────────────────────────────────────────────────
[PATCHER_WRONG] problem_id=29837  steps=10
  pred    : ['<|solve|>', '<|solve|>', '<|solve|>', '<|solve|>', '<|solve|>', '<|solve|>', '<|solve|>', '<|solve|>', '<|solve|>', '<|solve|>']
  gt      : ['<|solve|>', '<|solve|>', '<|solve|>', '<|solve|>', '<|solve|>', '<|solve|>', '<|solve|>', '<|solve|>', '<|correct|>', '<|correct|>']
  is_gen  : [True, True, True, True, True, True, True, True, True, False]
  rewards : [0.5, 0.5, 0.5, 0.5, 0.5, 1.0, 1.0, 1.0, 0.1, 0.1]
2026-03-22 05:43:08,430 [Worker2] [batch] [I026] done=7  gen=0  api=0  patch=1  elapsed=197.5s
2026-03-22 05:43:12,462 [Worker2] [batch] [I027] done=7  gen=0  api=0  patch=1  elapsed=201.5s
2026-03-22 05:43:19,081 [Worker2] [P09853] [S08] PATCHER_ARRIVED  reward=1.00  gt=solve
2026-03-22 05:43:19,235 [Worker2] [batch] [I028] log_probs  n=1  elapsed=0.15s
2026-03-22 05:43:19,236 [Worker2] [P09853] [S08] PATCHER  reward=1.00  answer=True
2026-03-22 05:43:19,236 [Worker2] [P09853] DONE  status=ANSWER  total_steps=9
2026-03-22 05:43:19,236 [Worker2] [batch] BATCH_DONE  problems=8  answered=2  total_steps=52  iters=28  elapsed=208.3s
2026-03-22 05:44:17,376 [Worker2] [batch] [I000] GPU_GEN  batch=8  elapsed=11.31s  pids=['95744', '43203', '14361', '93320', '12772', '57257', '33438', '87747']
2026-03-22 05:44:17,380 [Worker2] [batch] [I000] done=0  gen=0  api=8  patch=0  elapsed=11.3s
2026-03-22 05:44:18,726 [Worker2] [batch] [I001] done=0  gen=0  api=8  patch=0  elapsed=12.7s
2026-03-22 05:44:18,761 [Worker2] [batch] [I002] log_probs  n=1  elapsed=0.03s
2026-03-22 05:44:18,761 [Worker2] [P43203] [S00] SOLVE  reward=0.50  next=solve  answer=False
2026-03-22 05:44:24,059 [Worker2] [batch] [I002] GPU_GEN  batch=1  elapsed=5.30s  pids=['43203']
2026-03-22 05:44:24,059 [Worker2] [batch] [I002] done=0  gen=0  api=8  patch=0  elapsed=18.0s
2026-03-22 05:44:24,309 [Worker2] [batch] [I003] log_probs  n=6  elapsed=0.25s
2026-03-22 05:44:24,309 [Worker2] [P95744] [S00] SOLVE  reward=0.50  next=solve  answer=False
2026-03-22 05:44:24,309 [Worker2] [P14361] [S00] SOLVE  reward=0.00  next=correct  answer=False
2026-03-22 05:44:24,309 [Worker2] [P93320] [S00] SOLVE  reward=0.50  next=solve  answer=False
2026-03-22 05:44:24,309 [Worker2] [P57257] [S00] SOLVE  reward=0.50  next=solve  answer=False
2026-03-22 05:44:24,309 [Worker2] [P33438] [S00] SOLVE  reward=0.50  next=solve  answer=False
2026-03-22 05:44:24,309 [Worker2] [P87747] [S00] SOLVE  reward=0.00  next=correct  answer=False
2026-03-22 05:44:26,564 [Worker2] [reward] 숫자 없는 응답: "''", 0.0 반환
2026-03-22 05:44:35,046 [Worker2] [batch] [I003] GPU_GEN  batch=6  elapsed=10.74s  pids=['95744', '14361', '93320', '57257', '33438', '87747']
2026-03-22 05:44:35,046 [Worker2] [batch] [I003] done=0  gen=0  api=8  patch=0  elapsed=29.0s
2026-03-22 05:44:35,135 [Worker2] [batch] [I004] log_probs  n=2  elapsed=0.09s
2026-03-22 05:44:35,135 [Worker2] [P43203] [S01] SOLVE  reward=0.00  next=correct  answer=False
2026-03-22 05:44:35,136 [Worker2] [P12772] [S00] SOLVE  reward=0.00  next=correct  answer=False
2026-03-22 05:44:41,885 [Worker2] [batch] [I004] GPU_GEN  batch=2  elapsed=6.75s  pids=['43203', '12772']
2026-03-22 05:44:41,885 [Worker2] [batch] [I004] done=0  gen=0  api=8  patch=0  elapsed=35.8s
2026-03-22 05:44:41,885 [Worker2] [P14361] [S01] PATCHER_SUBMIT  reward=0.10
2026-03-22 05:44:41,885 [Worker2] [P87747] [S01] PATCHER_SUBMIT  reward=0.00
2026-03-22 05:44:42,345 [Worker2] [batch] [I005] log_probs  n=6  elapsed=0.46s
2026-03-22 05:44:42,345 [Worker2] [P95744] [S01] SOLVE  reward=1.00  next=solve  answer=False
2026-03-22 05:44:42,346 [Worker2] [P14361] [S01] CORRECT(fail)  reward=0.10  → patcher
2026-03-22 05:44:42,346 [Worker2] [P93320] [S01] SOLVE  reward=0.00  next=correct  answer=False
2026-03-22 05:44:42,346 [Worker2] [P57257] [S01] SOLVE  reward=1.00  next=solve  answer=False
2026-03-22 05:44:42,346 [Worker2] [P33438] [S01] SOLVE  reward=1.00  next=solve  answer=False
2026-03-22 05:44:42,346 [Worker2] [P87747] [S01] CORRECT(fail)  reward=0.00  → patcher
2026-03-22 05:44:47,617 [Worker2] [batch] [I005] GPU_GEN  batch=4  elapsed=5.27s  pids=['95744', '93320', '57257', '33438']
2026-03-22 05:44:47,617 [Worker2] [batch] [I005] done=0  gen=0  api=6  patch=2  elapsed=41.6s
2026-03-22 05:44:48,918 [Worker2] [reward] 숫자 없는 응답: "''", 0.0 반환
2026-03-22 05:44:49,367 [Worker2] [P87747] [S02] PATCHER_ARRIVED  reward=1.00  gt=solve
2026-03-22 05:44:49,449 [Worker2] [batch] [I006] log_probs  n=1  elapsed=0.08s
2026-03-22 05:44:49,449 [Worker2] [P87747] [S02] PATCHER  reward=1.00  answer=False
2026-03-22 05:44:57,005 [Worker2] [batch] [I006] GPU_GEN  batch=1  elapsed=7.56s  pids=['87747']
2026-03-22 05:44:57,005 [Worker2] [batch] [I006] done=0  gen=0  api=7  patch=1  elapsed=50.9s
2026-03-22 05:44:57,005 [Worker2] [P43203] [S02] PATCHER_SUBMIT  reward=0.00
2026-03-22 05:44:57,005 [Worker2] [P93320] [S02] PATCHER_SUBMIT  reward=0.00
2026-03-22 05:44:57,005 [Worker2] [P12772] [S01] PATCHER_SUBMIT  reward=0.00
2026-03-22 05:45:01,492 [Worker2] [P14361] [S02] PATCHER_ARRIVED  reward=0.00  gt=correct
2026-03-22 05:45:02,046 [Worker2] [batch] [I007] log_probs  n=7  elapsed=0.55s
2026-03-22 05:45:02,046 [Worker2] [P95744] [S02] SOLVE  reward=0.50  next=solve  answer=False
2026-03-22 05:45:02,046 [Worker2] [P43203] [S02] CORRECT(fail)  reward=0.00  → patcher
2026-03-22 05:45:02,046 [Worker2] [P93320] [S02] CORRECT(fail)  reward=0.00  → patcher
2026-03-22 05:45:02,046 [Worker2] [P12772] [S01] CORRECT(fail)  reward=0.00  → patcher
2026-03-22 05:45:02,046 [Worker2] [P57257] [S02] SOLVE  reward=1.00  next=solve  answer=False
2026-03-22 05:45:02,046 [Worker2] [P33438] [S02] SOLVE  reward=0.10  next=correct  answer=False
2026-03-22 05:45:02,046 [Worker2] [P14361] [S02] PATCHER  reward=0.00  → WRONG  total=3
2026-03-22 05:45:02,046 [Worker2] ────────────────────────────────────────────────────────────
[PATCHER_WRONG] problem_id=14361  steps=3
  pred    : ['<|solve|>', '<|solve|>', '<|solve|>']
  gt      : ['<|solve|>', '<|correct|>', '<|correct|>']
  is_gen  : [True, True, False]
  rewards : [0.0, 0.1, 0.0]
2026-03-22 05:45:04,968 [Worker2] [batch] [I007] GPU_GEN  batch=3  elapsed=2.92s  pids=['95744', '57257', '33438']
2026-03-22 05:45:04,969 [Worker2] [batch] [I007] done=1  gen=0  api=4  patch=3  elapsed=58.9s
2026-03-22 05:45:08,101 [Worker2] [P93320] [S03] PATCHER_ARRIVED  reward=0.50  gt=solve
2026-03-22 05:45:08,290 [Worker2] [batch] [I008] log_probs  n=2  elapsed=0.19s
2026-03-22 05:45:08,291 [Worker2] [P87747] [S03] SOLVE  reward=0.00  next=correct  answer=False
2026-03-22 05:45:08,291 [Worker2] [P93320] [S03] PATCHER  reward=0.50  answer=False
2026-03-22 05:45:14,374 [Worker2] [batch] [I008] GPU_GEN  batch=2  elapsed=6.08s  pids=['93320', '87747']
2026-03-22 05:45:14,374 [Worker2] [batch] [I008] done=1  gen=0  api=5  patch=2  elapsed=68.3s
2026-03-22 05:45:14,374 [Worker2] [P33438] [S03] PATCHER_SUBMIT  reward=0.10
2026-03-22 05:45:20,180 [Worker2] [P43203] [S03] PATCHER_ARRIVED  reward=1.00  gt=solve
2026-03-22 05:45:30,669 [Worker2] [reward] 숫자 없는 응답: "''", 0.0 반환
2026-03-22 05:45:30,672 [Worker2] [P12772] [S02] PATCHER_ARRIVED  reward=0.00  gt=correct
2026-03-22 05:45:31,131 [Worker2] [batch] [I009] log_probs  n=5  elapsed=0.46s
2026-03-22 05:45:31,132 [Worker2] [P95744] [S03] SOLVE  reward=0.10  next=correct  answer=False
2026-03-22 05:45:31,132 [Worker2] [P57257] [S03] SOLVE  reward=0.10  next=correct  answer=False
2026-03-22 05:45:31,132 [Worker2] [P33438] [S03] CORRECT(fail)  reward=0.10  → patcher
2026-03-22 05:45:31,132 [Worker2] [P43203] [S03] PATCHER  reward=1.00  answer=False
2026-03-22 05:45:31,132 [Worker2] [P12772] [S02] PATCHER  reward=0.00  → WRONG  total=3
2026-03-22 05:45:31,132 [Worker2] ────────────────────────────────────────────────────────────
[PATCHER_WRONG] problem_id=12772  steps=3
  pred    : ['<|solve|>', '<|solve|>', '<|solve|>']
  gt      : ['<|solve|>', '<|correct|>', '<|correct|>']
  is_gen  : [True, True, False]
  rewards : [0.0, 0.0, 0.0]
2026-03-22 05:45:32,433 [Worker2] [batch] [I009] GPU_GEN  batch=3  elapsed=1.30s  pids=['95744', '43203', '57257']
2026-03-22 05:45:32,433 [Worker2] [batch] [I009] done=2  gen=0  api=5  patch=1  elapsed=86.4s
2026-03-22 05:45:44,396 [Worker2] [reward] 숫자 없는 응답: "''", 0.0 반환
2026-03-22 05:45:44,399 [Worker2] [P33438] [S04] PATCHER_ARRIVED  reward=0.00  gt=correct
2026-03-22 05:45:44,786 [Worker2] [batch] [I010] log_probs  n=3  elapsed=0.39s
2026-03-22 05:45:44,786 [Worker2] [P93320] [S04] SOLVE  reward=0.00  next=correct  answer=False
2026-03-22 05:45:44,786 [Worker2] [P87747] [S04] CORRECT  reward=0.50  next=solve  answer=False
2026-03-22 05:45:44,786 [Worker2] [P33438] [S04] PATCHER  reward=0.00  → WRONG  total=5
2026-03-22 05:45:44,787 [Worker2] ────────────────────────────────────────────────────────────
[PATCHER_WRONG] problem_id=33438  steps=5
  pred    : ['<|solve|>', '<|solve|>', '<|solve|>', '<|solve|>', '<|solve|>']
  gt      : ['<|solve|>', '<|solve|>', '<|solve|>', '<|correct|>', '<|correct|>']
  is_gen  : [True, True, True, True, False]
  rewards : [0.5, 1.0, 0.1, 0.1, 0.0]
2026-03-22 05:45:50,050 [Worker2] [batch] [I010] GPU_GEN  batch=2  elapsed=5.26s  pids=['93320', '87747']
2026-03-22 05:45:50,050 [Worker2] [batch] [I010] done=3  gen=0  api=5  patch=0  elapsed=104.0s
2026-03-22 05:45:50,051 [Worker2] [P95744] [S04] PATCHER_SUBMIT  reward=0.10
2026-03-22 05:45:50,051 [Worker2] [P57257] [S04] PATCHER_SUBMIT  reward=0.10
2026-03-22 05:45:50,269 [Worker2] [batch] [I011] log_probs  n=3  elapsed=0.22s
2026-03-22 05:45:50,269 [Worker2] [P95744] [S04] CORRECT(fail)  reward=0.10  → patcher
2026-03-22 05:45:50,269 [Worker2] [P43203] [S04] SOLVE  reward=1.00  next=correct  answer=False
2026-03-22 05:45:50,269 [Worker2] [P57257] [S04] CORRECT(fail)  reward=0.10  → patcher
2026-03-22 05:45:50,944 [Worker2] [batch] [I011] GPU_GEN  batch=1  elapsed=0.68s  pids=['43203']
2026-03-22 05:45:50,945 [Worker2] [batch] [I011] done=3  gen=0  api=3  patch=2  elapsed=104.9s
2026-03-22 05:45:52,421 [Worker2] [batch] [I012] done=3  gen=0  api=3  patch=2  elapsed=106.4s
2026-03-22 05:45:52,534 [Worker2] [batch] [I013] log_probs  n=1  elapsed=0.11s
2026-03-22 05:45:52,534 [Worker2] [P87747] [S05] SOLVE  reward=0.00  next=correct  answer=False
2026-03-22 05:45:52,772 [Worker2] [batch] [I013] GPU_GEN  batch=1  elapsed=0.24s  pids=['87747']
2026-03-22 05:45:52,772 [Worker2] [batch] [I013] done=3  gen=0  api=3  patch=2  elapsed=106.7s
2026-03-22 05:45:53,663 [Worker2] [batch] [I014] done=3  gen=0  api=3  patch=2  elapsed=107.6s
2026-03-22 05:45:53,663 [Worker2] [P93320] [S05] PATCHER_SUBMIT  reward=0.00
2026-03-22 05:45:53,758 [Worker2] [batch] [I015] log_probs  n=1  elapsed=0.09s
2026-03-22 05:45:53,758 [Worker2] [P93320] [S05] CORRECT(fail)  reward=0.00  → patcher
2026-03-22 05:45:53,759 [Worker2] [batch] [I015] done=3  gen=0  api=2  patch=3  elapsed=107.7s
2026-03-22 05:45:54,121 [Worker2] [batch] [I016] done=3  gen=0  api=2  patch=3  elapsed=108.1s
2026-03-22 05:45:55,830 [Worker2] [P95744] [S05] PATCHER_ARRIVED  reward=0.10  gt=correct
2026-03-22 05:45:55,902 [Worker2] [batch] [I017] log_probs  n=1  elapsed=0.07s
2026-03-22 05:45:55,902 [Worker2] [P95744] [S05] PATCHER  reward=0.10  → WRONG  total=6
2026-03-22 05:45:55,902 [Worker2] ────────────────────────────────────────────────────────────
[PATCHER_WRONG] problem_id=95744  steps=6
  pred    : ['<|solve|>', '<|solve|>', '<|solve|>', '<|solve|>', '<|solve|>', '<|solve|>']
  gt      : ['<|solve|>', '<|solve|>', '<|solve|>', '<|solve|>', '<|correct|>', '<|correct|>']
  is_gen  : [True, True, True, True, True, False]
  rewards : [0.5, 1.0, 0.5, 0.1, 0.1, 0.1]
2026-03-22 05:45:55,902 [Worker2] [batch] [I017] done=4  gen=0  api=2  patch=2  elapsed=109.8s
2026-03-22 05:45:55,902 [Worker2] [P87747] [S06] PATCHER_SUBMIT  reward=0.00
2026-03-22 05:45:56,021 [Worker2] [batch] [I018] log_probs  n=1  elapsed=0.12s
2026-03-22 05:45:56,021 [Worker2] [P87747] [S06] CORRECT(fail)  reward=0.00  → patcher
2026-03-22 05:45:56,021 [Worker2] [batch] [I018] done=4  gen=0  api=1  patch=3  elapsed=110.0s
2026-03-22 05:45:58,118 [Worker2] [reward] 숫자 없는 응답: "''", 0.0 반환
2026-03-22 05:45:58,119 [Worker2] [batch] [I019] done=4  gen=0  api=1  patch=3  elapsed=112.1s
2026-03-22 05:45:58,119 [Worker2] [P43203] [S05] PATCHER_SUBMIT  reward=0.00
2026-03-22 05:45:58,190 [Worker2] [batch] [I020] log_probs  n=1  elapsed=0.07s
2026-03-22 05:45:58,190 [Worker2] [P43203] [S05] CORRECT(fail)  reward=0.00  → patcher
2026-03-22 05:45:58,190 [Worker2] [batch] [I020] done=4  gen=0  api=0  patch=4  elapsed=112.1s
2026-03-22 05:45:58,640 [Worker2] [batch] [I021] done=4  gen=0  api=0  patch=4  elapsed=112.6s
2026-03-22 05:46:01,825 [Worker2] [P93320] [S06] PATCHER_ARRIVED  reward=1.00  gt=solve
2026-03-22 05:46:01,937 [Worker2] [batch] [I022] log_probs  n=1  elapsed=0.11s
2026-03-22 05:46:01,937 [Worker2] [P93320] [S06] PATCHER  reward=1.00  answer=False
2026-03-22 05:46:02,191 [Worker2] [batch] [I022] GPU_GEN  batch=1  elapsed=0.25s  pids=['93320']
2026-03-22 05:46:02,191 [Worker2] [batch] [I022] done=4  gen=0  api=1  patch=3  elapsed=116.1s
2026-03-22 05:46:03,452 [Worker2] [P57257] [S05] PATCHER_ARRIVED  reward=0.10  gt=correct
2026-03-22 05:46:03,533 [Worker2] [batch] [I023] log_probs  n=1  elapsed=0.08s
2026-03-22 05:46:03,533 [Worker2] [P57257] [S05] PATCHER  reward=0.10  → WRONG  total=6
2026-03-22 05:46:03,533 [Worker2] ────────────────────────────────────────────────────────────
[PATCHER_WRONG] problem_id=57257  steps=6
  pred    : ['<|solve|>', '<|solve|>', '<|solve|>', '<|solve|>', '<|solve|>', '<|solve|>']
  gt      : ['<|solve|>', '<|solve|>', '<|solve|>', '<|solve|>', '<|correct|>', '<|correct|>']
  is_gen  : [True, True, True, True, True, False]
  rewards : [0.5, 1.0, 1.0, 0.1, 0.1, 0.1]
2026-03-22 05:46:03,533 [Worker2] [batch] [I023] done=5  gen=0  api=1  patch=2  elapsed=117.5s
2026-03-22 05:46:03,589 [Worker2] [batch] [I024] done=5  gen=0  api=1  patch=2  elapsed=117.5s
2026-03-22 05:46:09,015 [Worker2] [P43203] [S06] PATCHER_ARRIVED  reward=1.00  gt=solve
2026-03-22 05:46:09,092 [Worker2] [batch] [I025] log_probs  n=1  elapsed=0.08s
2026-03-22 05:46:09,092 [Worker2] [P43203] [S06] PATCHER  reward=1.00  answer=True
2026-03-22 05:46:09,092 [Worker2] [P43203] DONE  status=ANSWER  total_steps=7
2026-03-22 05:46:09,093 [Worker2] [batch] [I025] done=6  gen=0  api=1  patch=1  elapsed=123.0s
2026-03-22 05:46:09,184 [Worker2] [batch] [I026] log_probs  n=1  elapsed=0.09s
2026-03-22 05:46:09,185 [Worker2] [P93320] [S07] SOLVE  reward=0.10  next=correct  answer=False
2026-03-22 05:46:10,118 [Worker2] [batch] [I026] GPU_GEN  batch=1  elapsed=0.93s  pids=['93320']
2026-03-22 05:46:10,118 [Worker2] [batch] [I026] done=6  gen=0  api=1  patch=1  elapsed=124.1s
2026-03-22 05:46:17,593 [Worker2] [reward] 숫자 없는 응답: "''", 0.0 반환
2026-03-22 05:46:17,596 [Worker2] [P87747] [S07] PATCHER_ARRIVED  reward=0.00  gt=correct
2026-03-22 05:46:17,716 [Worker2] [batch] [I027] log_probs  n=1  elapsed=0.12s
2026-03-22 05:46:17,716 [Worker2] [P87747] [S07] PATCHER  reward=0.00  → WRONG  total=8
2026-03-22 05:46:17,716 [Worker2] ────────────────────────────────────────────────────────────
[PATCHER_WRONG] problem_id=87747  steps=8
  pred    : ['<|solve|>', '<|solve|>', '<|solve|>', '<|solve|>', '<|solve|>', '<|solve|>', '<|solve|>', '<|solve|>']
  gt      : ['<|solve|>', '<|correct|>', '<|correct|>', '<|solve|>', '<|correct|>', '<|solve|>', '<|correct|>', '<|correct|>']
  is_gen  : [True, True, False, True, True, True, True, False]
  rewards : [0.0, 0.0, 1.0, 0.0, 0.5, 0.0, 0.0, 0.0]
2026-03-22 05:46:17,716 [Worker2] [batch] [I027] done=7  gen=0  api=1  patch=0  elapsed=131.7s
2026-03-22 05:46:17,716 [Worker2] [P93320] [S08] PATCHER_SUBMIT  reward=0.10
2026-03-22 05:46:17,814 [Worker2] [batch] [I028] log_probs  n=1  elapsed=0.10s
2026-03-22 05:46:17,814 [Worker2] [P93320] [S08] CORRECT(fail)  reward=0.10  → patcher
2026-03-22 05:46:17,814 [Worker2] [batch] [I028] done=7  gen=0  api=0  patch=1  elapsed=131.8s
2026-03-22 05:46:23,369 [Worker2] [batch] [I029] done=7  gen=0  api=0  patch=1  elapsed=137.3s
2026-03-22 05:46:26,406 [Worker2] [P93320] [S09] PATCHER_ARRIVED  reward=0.10  gt=correct
2026-03-22 05:46:26,501 [Worker2] [batch] [I030] log_probs  n=1  elapsed=0.10s
2026-03-22 05:46:26,502 [Worker2] [P93320] [S09] PATCHER  reward=0.10  → WRONG  total=10
2026-03-22 05:46:26,502 [Worker2] ────────────────────────────────────────────────────────────
[PATCHER_WRONG] problem_id=93320  steps=10
  pred    : ['<|solve|>', '<|solve|>', '<|solve|>', '<|solve|>', '<|solve|>', '<|solve|>', '<|solve|>', '<|solve|>', '<|solve|>', '<|solve|>']
  gt      : ['<|solve|>', '<|solve|>', '<|correct|>', '<|correct|>', '<|solve|>', '<|correct|>', '<|correct|>', '<|solve|>', '<|correct|>', '<|correct|>']
  is_gen  : [True, True, True, False, True, True, False, True, True, False]
  rewards : [0.5, 0.0, 0.0, 0.5, 0.0, 0.0, 1.0, 0.1, 0.1, 0.1]
2026-03-22 05:46:26,502 [Worker2] [batch] BATCH_DONE  problems=8  answered=1  total_steps=48  iters=30  elapsed=140.4s
