2026-03-22 23:57:40,715 [Worker0] Generator 로드 중: /mnt/yoonju/SC/checkpoints/sft/20260322_202515/epoch3
2026-03-22 23:57:48,291 [Worker0] We will use 90% of the memory on device 0 for storing the model, and 10% for the buffer to avoid OOM. You can set `max_memory` in to a higher value to use more memory (at your own risk).
2026-03-22 23:57:51,531 [Worker0] Generator 로드 완료.
2026-03-22 23:57:51,531 [Worker0] Rollout 파일 생성: ../output/prototype/20260322_235727/rollouts_worker_0.jsonl
2026-03-22 23:57:51,531 [Worker0] 준비 완료  rollout → ../output/prototype/20260322_235727/rollouts_worker_0.jsonl  log → ../output/prototype/20260322_235727/log_worker_0.log
2026-03-22 23:58:10,777 [Worker0] [batch] [I000] GPU_GEN  batch=16  elapsed=14.37s  pids=['26665', '8588', '99349', '62500', '13810', '95398', '1322', '11293', '12600', '94222', '575', '71065', '55198', '69452', '11250', '85342']
2026-03-22 23:58:10,797 [Worker0] [batch] [I000] done=0  gen=0  api=16  patch=0  elapsed=14.4s
2026-03-22 23:58:12,701 [Worker0] [reward][SAMPLE] messages=
[
  {
    "role": "system",
    "content": "You are a strict mathematical reasoning evaluator.\nEvaluate ONLY the single CURRENT STEP — not the whole solution.\n\nScoring rules (return a single float, nothing else):\n  0.0  — ANY error: wrong arithmetic, wrong algebra, incorrect logic,\n         or contradicts previous steps.\n  0.1  — correct but trivial (restates something already said).\n  0.5  — correct and makes meaningful progress.\n  1.0  — correct, significant progress, or reaches the right final answer.\n\nIMPORTANT: If the current step merely repeats or rephrases what was already\nestablished, assign at most 0.1 even if correct.\nBe strict. Return ONLY the numeric score."
  },
  {
    "role": "user",
    "content": "[Problem]\nGiven that events occur as a Poisson process with parameter \\( \\lambda \\) in a fixed size interval, and \\( Y \\) is a random variable defined as \\( Y = \\frac{\\text{count of intervals with 0 events}}{\\text{total count of intervals}} \\), where \\( E(Y) = e^{-\\lambda} \\). If an observed value of \\( Y \\) is \\( y \\), estimate \\( \\lambda \\) as a function of \\( y \\)."
  },
  {
    "role": "assistant",
    "content": "Understood. Show me each step to evaluate."
  },
  {
    "role": "user",
    "content": "[SOLVE]\nTo estimate \\(\\lambda\\) from the observed value \\(y\\) of \\(Y\\), we start with the given expected value \\(E(Y) = e^{-\\lambda}\\). We need to solve for \\(\\lambda\\) in terms of \\(y\\).\n\nGiven \\(E(Y) = e^{-\\lambda}\\), we can set up the equation:\n\\[ y = e^{-\\lambda} \\]\n\nTo isolate \\(\\lambda\\), take the natural logarithm of both sides:\n\\[ \\ln(y) = \\ln(e^{-\\lambda}) \\]\n\nUsing the property of logarithms \\(\\ln(e^x) = x\\), we get:\n\\[ \\ln(y) = -\\lambda \\]\n\nSolving for \\(\\lambda\\):\n\\[ \\lambda = -\\ln(y) \\]\n\nThus, the estimate of \\(\\lambda\\) as a function of \\(y\\) is:\n\\[ \\lambda = -\\ln(y) \\]<|solve|>\nTherefore, the final answer is \\boxed{-\\ln(y)}.<|solve|>\nTherefore, the final answer is \\boxed{-\\ln(y)}."
  }
]
[reward][SAMPLE] raw_response='1.0'
2026-03-22 23:58:12,702 [Worker0] [batch] [I001] done=0  gen=0  api=16  patch=0  elapsed=16.3s
2026-03-22 23:58:12,821 [Worker0] [batch] [I002] log_probs  n=1  elapsed=0.12s
2026-03-22 23:58:12,821 [Worker0] [P26665] [S00] SOLVE  reward=1.00  next=correct  answer=False
2026-03-22 23:58:15,240 [Worker0] [batch] [I002] GPU_GEN  batch=1  elapsed=2.42s  pids=['26665']
2026-03-22 23:58:15,240 [Worker0] [batch] [I002] done=0  gen=0  api=16  patch=0  elapsed=18.9s
2026-03-22 23:58:15,363 [Worker0] [batch] [I003] log_probs  n=5  elapsed=0.12s
2026-03-22 23:58:15,363 [Worker0] [P08588] [S00] SOLVE  reward=0.10  next=correct  answer=False
2026-03-22 23:58:15,363 [Worker0] [P13810] [S00] SOLVE  reward=0.10  next=correct  answer=False
2026-03-22 23:58:15,363 [Worker0] [P01322] [S00] SOLVE  reward=0.10  next=correct  answer=False
2026-03-22 23:58:15,363 [Worker0] [P11293] [S00] SOLVE  reward=0.10  next=correct  answer=False
2026-03-22 23:58:15,364 [Worker0] [P12600] [S00] SOLVE  reward=0.00  next=correct  answer=False
2026-03-22 23:58:26,799 [Worker0] [batch] [I003] GPU_GEN  batch=5  elapsed=11.44s  pids=['8588', '13810', '1322', '11293', '12600']
2026-03-22 23:58:26,799 [Worker0] [batch] [I003] done=0  gen=0  api=16  patch=0  elapsed=30.4s
2026-03-22 23:58:26,799 [Worker0] [P26665] [S01] PATCHER_SUBMIT  reward=0.10
2026-03-22 23:58:27,172 [Worker0] [batch] [I004] log_probs  n=9  elapsed=0.37s
2026-03-22 23:58:27,173 [Worker0] [P26665] [S01] CORRECT(fail)  reward=0.10  → patcher
2026-03-22 23:58:27,173 [Worker0] [P62500] [S00] SOLVE  reward=0.50  next=solve  answer=False
2026-03-22 23:58:27,173 [Worker0] [P95398] [S00] SOLVE  reward=0.50  next=solve  answer=False
2026-03-22 23:58:27,173 [Worker0] [P00575] [S00] SOLVE  reward=0.50  next=correct  answer=False
2026-03-22 23:58:27,173 [Worker0] [P71065] [S00] SOLVE  reward=0.00  next=correct  answer=False
2026-03-22 23:58:27,173 [Worker0] [P55198] [S00] SOLVE  reward=1.00  next=correct  answer=False
2026-03-22 23:58:27,173 [Worker0] [P69452] [S00] SOLVE  reward=0.50  next=solve  answer=False
2026-03-22 23:58:27,173 [Worker0] [P11250] [S00] SOLVE  reward=0.50  next=solve  answer=False
2026-03-22 23:58:27,173 [Worker0] [P85342] [S00] SOLVE  reward=0.00  next=correct  answer=False
2026-03-22 23:58:29,519 [Worker0] [reward] 숫자 없는 응답: "''", 0.0 반환
2026-03-22 23:58:42,500 [Worker0] [batch] [I004] GPU_GEN  batch=8  elapsed=15.33s  pids=['62500', '95398', '575', '71065', '55198', '69452', '11250', '85342']
2026-03-22 23:58:42,500 [Worker0] [batch] [I004] done=0  gen=0  api=15  patch=1  elapsed=46.1s
2026-03-22 23:58:42,501 [Worker0] [P08588] [S01] PATCHER_SUBMIT  reward=0.10
2026-03-22 23:58:42,501 [Worker0] [P13810] [S01] PATCHER_SUBMIT  reward=0.10
2026-03-22 23:58:42,501 [Worker0] [P01322] [S01] PATCHER_SUBMIT  reward=0.00
2026-03-22 23:58:44,217 [Worker0] [P26665] [S02] PATCHER_ARRIVED  reward=0.10  gt=correct
2026-03-22 23:58:44,610 [Worker0] [batch] [I005] log_probs  n=7  elapsed=0.39s
2026-03-22 23:58:44,610 [Worker0] [P08588] [S01] CORRECT(fail)  reward=0.10  → patcher
2026-03-22 23:58:44,610 [Worker0] [P99349] [S00] SOLVE  reward=0.50  next=solve  answer=False
2026-03-22 23:58:44,610 [Worker0] [P13810] [S01] CORRECT(fail)  reward=0.10  → patcher
2026-03-22 23:58:44,610 [Worker0] [P01322] [S01] CORRECT(fail)  reward=0.00  → patcher
2026-03-22 23:58:44,611 [Worker0] [P11293] [S01] CORRECT  reward=0.50  next=solve  answer=False
2026-03-22 23:58:44,611 [Worker0] [P94222] [S00] SOLVE  reward=0.00  next=correct  answer=False
2026-03-22 23:58:44,611 [Worker0] [P26665] [S02] PATCHER  reward=0.10  → WRONG  total=3
2026-03-22 23:58:44,611 [Worker0] ────────────────────────────────────────────────────────────
[PATCHER_WRONG] problem_id=26665  steps=3
  pred    : ['<|solve|>', '<|solve|>', '<|end|>']
  gt      : ['<|solve|>', '<|correct|>', '<|correct|>']
  is_gen  : [True, True, False]
  rewards : [1.0, 0.1, 0.1]
2026-03-22 23:58:56,188 [Worker0] [batch] [I005] GPU_GEN  batch=3  elapsed=11.58s  pids=['99349', '11293', '94222']
2026-03-22 23:58:56,189 [Worker0] [batch] [I005] done=1  gen=0  api=12  patch=3  elapsed=59.8s
2026-03-22 23:58:56,189 [Worker0] [P12600] [S01] PATCHER_SUBMIT  reward=0.00
2026-03-22 23:58:56,189 [Worker0] [P00575] [S01] PATCHER_SUBMIT  reward=0.00
2026-03-22 23:58:58,208 [Worker0] [reward] 숫자 없는 응답: "''", 0.0 반환
2026-03-22 23:58:59,381 [Worker0] [P13810] [S02] PATCHER_ARRIVED  reward=1.00  gt=solve
2026-03-22 23:58:59,785 [Worker0] [reward] 숫자 없는 응답: "''", 0.0 반환
2026-03-22 23:59:03,631 [Worker0] [P01322] [S02] PATCHER_ARRIVED  reward=1.00  gt=solve
2026-03-22 23:59:04,122 [Worker0] [batch] [I006] log_probs  n=8  elapsed=0.49s
2026-03-22 23:59:04,123 [Worker0] [P62500] [S01] SOLVE  reward=0.00  next=correct  answer=False
2026-03-22 23:59:04,123 [Worker0] [P95398] [S01] SOLVE  reward=1.00  next=correct  answer=False
2026-03-22 23:59:04,123 [Worker0] [P12600] [S01] CORRECT(fail)  reward=0.00  → patcher
2026-03-22 23:59:04,123 [Worker0] [P00575] [S01] CORRECT(fail)  reward=0.00  → patcher
2026-03-22 23:59:04,123 [Worker0] [P69452] [S01] SOLVE  reward=0.00  next=correct  answer=False
2026-03-22 23:59:04,123 [Worker0] [P11250] [S01] SOLVE  reward=0.00  next=correct  answer=False
2026-03-22 23:59:04,123 [Worker0] [P13810] [S02] PATCHER  reward=1.00  answer=False
2026-03-22 23:59:04,123 [Worker0] [P01322] [S02] PATCHER  reward=1.00  answer=False
2026-03-22 23:59:16,472 [Worker0] [batch] [I006] GPU_GEN  batch=6  elapsed=12.35s  pids=['62500', '13810', '95398', '1322', '69452', '11250']
2026-03-22 23:59:16,473 [Worker0] [batch] [I006] done=1  gen=0  api=12  patch=3  elapsed=80.1s
2026-03-22 23:59:16,473 [Worker0] [P94222] [S01] PATCHER_SUBMIT  reward=0.10
2026-03-22 23:59:16,473 [Worker0] [P71065] [S01] PATCHER_SUBMIT  reward=0.00
2026-03-22 23:59:16,473 [Worker0] [P55198] [S01] PATCHER_SUBMIT  reward=0.00
2026-03-22 23:59:16,473 [Worker0] [P85342] [S01] PATCHER_SUBMIT  reward=0.00
2026-03-22 23:59:29,742 [Worker0] [P08588] [S02] PATCHER_ARRIVED  reward=0.00  gt=correct
2026-03-22 23:59:32,233 [Worker0] [reward] 숫자 없는 응답: "''", 0.0 반환
2026-03-22 23:59:38,140 [Worker0] [P12600] [S02] PATCHER_ARRIVED  reward=1.00  gt=solve
2026-03-22 23:59:43,575 [Worker0] [P00575] [S02] PATCHER_ARRIVED  reward=0.00  gt=correct
2026-03-22 23:59:44,314 [Worker0] [batch] [I007] log_probs  n=9  elapsed=0.74s
2026-03-22 23:59:44,316 [Worker0] [P99349] [S01] SOLVE  reward=1.00  next=solve  answer=False
2026-03-22 23:59:44,316 [Worker0] [P11293] [S02] SOLVE  reward=0.50  next=solve  answer=False
2026-03-22 23:59:44,316 [Worker0] [P94222] [S01] CORRECT(fail)  reward=0.10  → patcher
2026-03-22 23:59:44,316 [Worker0] [P71065] [S01] CORRECT(fail)  reward=0.00  → patcher
2026-03-22 23:59:44,317 [Worker0] [P55198] [S01] CORRECT(fail)  reward=0.00  → patcher
2026-03-22 23:59:44,317 [Worker0] [P85342] [S01] CORRECT(fail)  reward=0.00  → patcher
2026-03-22 23:59:44,317 [Worker0] [P08588] [S02] PATCHER  reward=0.00  → WRONG  total=3
2026-03-22 23:59:44,317 [Worker0] ────────────────────────────────────────────────────────────
[PATCHER_WRONG] problem_id=8588  steps=3
  pred    : ['<|solve|>', '<|solve|>', '<|solve|>']
  gt      : ['<|solve|>', '<|correct|>', '<|correct|>']
  is_gen  : [True, True, False]
  rewards : [0.1, 0.1, 0.0]
2026-03-22 23:59:44,317 [Worker0] [P12600] [S02] PATCHER  reward=1.00  answer=True
2026-03-22 23:59:44,317 [Worker0] [P12600] DONE  status=ANSWER  total_steps=3
2026-03-22 23:59:44,318 [Worker0] [P00575] [S02] PATCHER  reward=0.00  → WRONG  total=3
2026-03-22 23:59:44,318 [Worker0] ────────────────────────────────────────────────────────────
[PATCHER_WRONG] problem_id=575  steps=3
  pred    : ['<|solve|>', '<|solve|>', '<|solve|>']
  gt      : ['<|solve|>', '<|correct|>', '<|correct|>']
  is_gen  : [True, True, False]
  rewards : [0.5, 0.0, 0.0]
2026-03-22 23:59:44,993 [Worker0] [batch] [I007] GPU_GEN  batch=2  elapsed=0.67s  pids=['99349', '11293']
2026-03-22 23:59:44,993 [Worker0] [batch] [I007] done=4  gen=0  api=8  patch=4  elapsed=108.6s
2026-03-22 23:59:44,993 [Worker0] [P62500] [S02] PATCHER_SUBMIT  reward=0.10
2026-03-22 23:59:44,993 [Worker0] [P95398] [S02] PATCHER_SUBMIT  reward=0.10
2026-03-22 23:59:44,993 [Worker0] [P69452] [S02] PATCHER_SUBMIT  reward=0.00
2026-03-22 23:59:44,993 [Worker0] [P11250] [S02] PATCHER_SUBMIT  reward=0.10
2026-03-22 23:59:52,855 [Worker0] [P94222] [S02] PATCHER_ARRIVED  reward=0.00  gt=correct
2026-03-22 23:59:56,546 [Worker0] [P71065] [S02] PATCHER_ARRIVED  reward=1.00  gt=solve
2026-03-23 00:00:01,443 [Worker0] [reward] 숫자 없는 응답: "''", 0.0 반환
2026-03-23 00:00:13,027 [Worker0] [P55198] [S02] PATCHER_ARRIVED  reward=1.00  gt=solve
2026-03-23 00:00:17,830 [Worker0] [P85342] [S02] PATCHER_ARRIVED  reward=0.50  gt=solve
2026-03-23 00:00:18,673 [Worker0] [batch] [I008] log_probs  n=10  elapsed=0.84s
2026-03-23 00:00:18,674 [Worker0] [P62500] [S02] CORRECT(fail)  reward=0.10  → patcher
2026-03-23 00:00:18,674 [Worker0] [P13810] [S03] SOLVE  reward=0.00  next=correct  answer=False
2026-03-23 00:00:18,674 [Worker0] [P95398] [S02] CORRECT(fail)  reward=0.10  → patcher
2026-03-23 00:00:18,674 [Worker0] [P01322] [S03] SOLVE  reward=0.00  next=correct  answer=False
2026-03-23 00:00:18,674 [Worker0] [P69452] [S02] CORRECT(fail)  reward=0.00  → patcher
2026-03-23 00:00:18,674 [Worker0] [P11250] [S02] CORRECT(fail)  reward=0.10  → patcher
2026-03-23 00:00:18,674 [Worker0] [P94222] [S02] PATCHER  reward=0.00  → WRONG  total=3
2026-03-23 00:00:18,674 [Worker0] ────────────────────────────────────────────────────────────
[PATCHER_WRONG] problem_id=94222  steps=3
  pred    : ['<|solve|>', '<|solve|>', '<|solve|>']
  gt      : ['<|solve|>', '<|correct|>', '<|correct|>']
  is_gen  : [True, True, False]
  rewards : [0.0, 0.1, 0.0]
2026-03-23 00:00:18,674 [Worker0] [P71065] [S02] PATCHER  reward=1.00  answer=True
2026-03-23 00:00:18,675 [Worker0] [P71065] DONE  status=ANSWER  total_steps=3
2026-03-23 00:00:18,675 [Worker0] [P55198] [S02] PATCHER  reward=1.00  answer=True
2026-03-23 00:00:18,675 [Worker0] [P55198] DONE  status=ANSWER  total_steps=3
2026-03-23 00:00:18,675 [Worker0] [P85342] [S02] PATCHER  reward=0.50  answer=False
2026-03-23 00:00:30,578 [Worker0] [batch] [I008] GPU_GEN  batch=3  elapsed=11.90s  pids=['13810', '1322', '85342']
2026-03-23 00:00:30,578 [Worker0] [batch] [I008] done=7  gen=0  api=5  patch=4  elapsed=154.2s
2026-03-23 00:00:37,929 [Worker0] [P62500] [S03] PATCHER_ARRIVED  reward=1.00  gt=solve
2026-03-23 00:00:45,347 [Worker0] [reward] 숫자 없는 응답: "''", 0.0 반환
2026-03-23 00:00:48,894 [Worker0] [reward] 숫자 없는 응답: "''", 0.0 반환
2026-03-23 00:00:52,397 [Worker0] [P95398] [S03] PATCHER_ARRIVED  reward=0.10  gt=correct
2026-03-23 00:00:57,574 [Worker0] [P69452] [S03] PATCHER_ARRIVED  reward=0.00  gt=correct
2026-03-23 00:01:00,202 [Worker0] [P11250] [S03] PATCHER_ARRIVED  reward=0.50  gt=solve
2026-03-23 00:01:00,666 [Worker0] [batch] [I009] log_probs  n=6  elapsed=0.46s
2026-03-23 00:01:00,668 [Worker0] [P99349] [S02] SOLVE  reward=0.00  next=correct  answer=False
2026-03-23 00:01:00,668 [Worker0] [P11293] [S03] SOLVE  reward=0.00  next=correct  answer=False
2026-03-23 00:01:00,668 [Worker0] [P62500] [S03] PATCHER  reward=1.00  answer=True
2026-03-23 00:01:00,668 [Worker0] [P62500] DONE  status=ANSWER  total_steps=4
2026-03-23 00:01:00,668 [Worker0] [P95398] [S03] PATCHER  reward=0.10  → WRONG  total=4
2026-03-23 00:01:00,668 [Worker0] ────────────────────────────────────────────────────────────
[PATCHER_WRONG] problem_id=95398  steps=4
  pred    : ['<|solve|>', '<|solve|>', '<|solve|>', '<|end|>']
  gt      : ['<|solve|>', '<|solve|>', '<|correct|>', '<|correct|>']
  is_gen  : [True, True, True, False]
  rewards : [0.5, 1.0, 0.1, 0.1]
2026-03-23 00:01:00,668 [Worker0] [P69452] [S03] PATCHER  reward=0.00  → WRONG  total=4
2026-03-23 00:01:00,669 [Worker0] ────────────────────────────────────────────────────────────
[PATCHER_WRONG] problem_id=69452  steps=4
  pred    : ['<|solve|>', '<|solve|>', '<|solve|>', '<|solve|>']
  gt      : ['<|solve|>', '<|solve|>', '<|correct|>', '<|correct|>']
  is_gen  : [True, True, True, False]
  rewards : [0.5, 0.0, 0.0, 0.0]
2026-03-23 00:01:00,669 [Worker0] [P11250] [S03] PATCHER  reward=0.50  answer=True
2026-03-23 00:01:00,669 [Worker0] [P11250] DONE  status=ANSWER  total_steps=4
2026-03-23 00:01:12,059 [Worker0] [batch] [I009] GPU_GEN  batch=2  elapsed=11.39s  pids=['99349', '11293']
2026-03-23 00:01:12,060 [Worker0] [batch] [I009] done=11  gen=0  api=5  patch=0  elapsed=195.7s
2026-03-23 00:01:12,060 [Worker0] [P13810] [S04] PATCHER_SUBMIT  reward=0.00
2026-03-23 00:01:12,060 [Worker0] [P01322] [S04] PATCHER_SUBMIT  reward=0.00
2026-03-23 00:01:12,390 [Worker0] [batch] [I010] log_probs  n=3  elapsed=0.33s
2026-03-23 00:01:12,390 [Worker0] [P13810] [S04] CORRECT(fail)  reward=0.00  → patcher
2026-03-23 00:01:12,390 [Worker0] [P01322] [S04] CORRECT(fail)  reward=0.00  → patcher
2026-03-23 00:01:12,390 [Worker0] [P85342] [S03] SOLVE  reward=0.00  next=correct  answer=False
2026-03-23 00:01:20,494 [Worker0] [batch] [I010] GPU_GEN  batch=1  elapsed=8.10s  pids=['85342']
2026-03-23 00:01:20,494 [Worker0] [batch] [I010] done=11  gen=0  api=3  patch=2  elapsed=204.1s
2026-03-23 00:01:20,494 [Worker0] [P11293] [S04] PATCHER_SUBMIT  reward=0.10
2026-03-23 00:01:27,171 [Worker0] [reward] 숫자 없는 응답: "''", 0.0 반환
2026-03-23 00:01:35,280 [Worker0] [P01322] [S05] PATCHER_ARRIVED  reward=0.00  gt=correct
2026-03-23 00:01:35,517 [Worker0] [batch] [I011] log_probs  n=2  elapsed=0.24s
2026-03-23 00:01:35,518 [Worker0] [P11293] [S04] CORRECT(fail)  reward=0.10  → patcher
2026-03-23 00:01:35,518 [Worker0] [P01322] [S05] PATCHER  reward=0.00  → WRONG  total=6
2026-03-23 00:01:35,518 [Worker0] ────────────────────────────────────────────────────────────
[PATCHER_WRONG] problem_id=1322  steps=6
  pred    : ['<|solve|>', '<|solve|>', '<|solve|>', '<|solve|>', '<|solve|>', '<|solve|>']
  gt      : ['<|solve|>', '<|correct|>', '<|correct|>', '<|solve|>', '<|correct|>', '<|correct|>']
  is_gen  : [True, True, False, True, True, False]
  rewards : [0.1, 0.0, 1.0, 0.0, 0.0, 0.0]
2026-03-23 00:01:35,518 [Worker0] [batch] [I011] done=12  gen=0  api=2  patch=2  elapsed=219.1s
2026-03-23 00:01:35,518 [Worker0] [P99349] [S03] PATCHER_SUBMIT  reward=0.00
2026-03-23 00:01:35,520 [Worker0] [P85342] [S04] PATCHER_SUBMIT  reward=0.10
2026-03-23 00:01:42,204 [Worker0] [P13810] [S05] PATCHER_ARRIVED  reward=1.00  gt=solve
2026-03-23 00:01:46,568 [Worker0] [P11293] [S05] PATCHER_ARRIVED  reward=1.00  gt=solve
2026-03-23 00:01:46,936 [Worker0] [batch] [I012] log_probs  n=4  elapsed=0.37s
2026-03-23 00:01:46,936 [Worker0] [P99349] [S03] CORRECT(fail)  reward=0.00  → patcher
2026-03-23 00:01:46,936 [Worker0] [P85342] [S04] CORRECT(fail)  reward=0.10  → patcher
2026-03-23 00:01:46,936 [Worker0] [P13810] [S05] PATCHER  reward=1.00  answer=True
2026-03-23 00:01:46,936 [Worker0] [P13810] DONE  status=ANSWER  total_steps=6
2026-03-23 00:01:46,936 [Worker0] [P11293] [S05] PATCHER  reward=1.00  answer=True
2026-03-23 00:01:46,936 [Worker0] [P11293] DONE  status=ANSWER  total_steps=6
2026-03-23 00:01:46,936 [Worker0] [batch] [I012] done=14  gen=0  api=0  patch=2  elapsed=230.5s
2026-03-23 00:01:59,193 [Worker0] [P99349] [S04] PATCHER_ARRIVED  reward=1.00  gt=solve
2026-03-23 00:02:02,113 [Worker0] [P85342] [S05] PATCHER_ARRIVED  reward=0.00  gt=correct
2026-03-23 00:02:02,279 [Worker0] [batch] [I013] log_probs  n=2  elapsed=0.17s
2026-03-23 00:02:02,281 [Worker0] [P99349] [S04] PATCHER  reward=1.00  answer=True
2026-03-23 00:02:02,281 [Worker0] [P99349] DONE  status=ANSWER  total_steps=5
2026-03-23 00:02:02,281 [Worker0] [P85342] [S05] PATCHER  reward=0.00  → WRONG  total=6
2026-03-23 00:02:02,281 [Worker0] ────────────────────────────────────────────────────────────
[PATCHER_WRONG] problem_id=85342  steps=6
  pred    : ['<|solve|>', '<|solve|>', '<|end|>', '<|solve|>', '<|solve|>', '<|solve|>']
  gt      : ['<|solve|>', '<|correct|>', '<|correct|>', '<|solve|>', '<|correct|>', '<|correct|>']
  is_gen  : [True, True, False, True, True, False]
  rewards : [0.0, 0.0, 0.5, 0.0, 0.1, 0.0]
2026-03-23 00:02:02,281 [Worker0] [batch] BATCH_DONE  problems=16  answered=8  total_steps=66  iters=13  elapsed=245.9s
2026-03-23 00:18:31,395 [Worker0] [batch] [I000] GPU_GEN  batch=16  elapsed=13.82s  pids=['26429', '57381', '60226', '93353', '19852', '39714', '89657', '2495', '23239', '10791', '52173', '83552', '44524', '47337', '24586', '16644']
2026-03-23 00:18:31,404 [Worker0] [batch] [I000] done=0  gen=0  api=16  patch=0  elapsed=13.8s
2026-03-23 00:18:33,585 [Worker0] [batch] [I001] done=0  gen=0  api=16  patch=0  elapsed=16.0s
2026-03-23 00:18:33,623 [Worker0] [batch] [I002] log_probs  n=1  elapsed=0.04s
2026-03-23 00:18:33,623 [Worker0] [P26429] [S00] SOLVE  reward=0.10  next=correct  answer=False
2026-03-23 00:18:43,425 [Worker0] [batch] [I002] GPU_GEN  batch=1  elapsed=9.80s  pids=['26429']
2026-03-23 00:18:43,426 [Worker0] [batch] [I002] done=0  gen=0  api=16  patch=0  elapsed=25.9s
2026-03-23 00:18:43,682 [Worker0] [reward] 숫자 없는 응답: "''", 0.0 반환
2026-03-23 00:18:43,935 [Worker0] [batch] [I003] log_probs  n=12  elapsed=0.51s
2026-03-23 00:18:43,935 [Worker0] [P60226] [S00] SOLVE  reward=0.00  next=correct  answer=False
2026-03-23 00:18:43,935 [Worker0] [P19852] [S00] SOLVE  reward=0.00  next=correct  answer=False
2026-03-23 00:18:43,935 [Worker0] [P39714] [S00] SOLVE  reward=0.50  next=solve  answer=False
2026-03-23 00:18:43,935 [Worker0] [P89657] [S00] SOLVE  reward=0.00  next=correct  answer=False
2026-03-23 00:18:43,935 [Worker0] [P02495] [S00] SOLVE  reward=0.00  next=correct  answer=False
2026-03-23 00:18:43,935 [Worker0] [P23239] [S00] SOLVE  reward=0.00  next=correct  answer=False
2026-03-23 00:18:43,935 [Worker0] [P10791] [S00] SOLVE  reward=1.00  next=correct  answer=False
2026-03-23 00:18:43,935 [Worker0] [P52173] [S00] SOLVE  reward=0.10  next=correct  answer=False
2026-03-23 00:18:43,935 [Worker0] [P44524] [S00] SOLVE  reward=0.50  next=solve  answer=False
2026-03-23 00:18:43,935 [Worker0] [P47337] [S00] SOLVE  reward=0.50  next=correct  answer=False
2026-03-23 00:18:43,935 [Worker0] [P24586] [S00] SOLVE  reward=0.00  next=correct  answer=False
2026-03-23 00:18:43,935 [Worker0] [P16644] [S00] SOLVE  reward=0.50  next=solve  answer=False
2026-03-23 00:18:46,702 [Worker0] [reward] 숫자 없는 응답: "''", 0.0 반환
2026-03-23 00:18:50,719 [Worker0] [reward] 숫자 없는 응답: "''", 0.0 반환
2026-03-23 00:19:00,560 [Worker0] [batch] [I003] GPU_GEN  batch=12  elapsed=16.62s  pids=['60226', '19852', '39714', '89657', '2495', '23239', '10791', '52173', '44524', '47337', '24586', '16644']
2026-03-23 00:19:00,560 [Worker0] [batch] [I003] done=0  gen=0  api=16  patch=0  elapsed=43.0s
2026-03-23 00:19:00,560 [Worker0] [P26429] [S01] PATCHER_SUBMIT  reward=0.00
2026-03-23 00:19:00,718 [Worker0] [batch] [I004] log_probs  n=4  elapsed=0.16s
2026-03-23 00:19:00,718 [Worker0] [P26429] [S01] CORRECT(fail)  reward=0.00  → patcher
2026-03-23 00:19:00,718 [Worker0] [P57381] [S00] SOLVE  reward=0.00  next=correct  answer=False
2026-03-23 00:19:00,718 [Worker0] [P93353] [S00] SOLVE  reward=0.00  next=correct  answer=False
2026-03-23 00:19:00,718 [Worker0] [P83552] [S00] SOLVE  reward=0.00  next=correct  answer=False
2026-03-23 00:19:04,167 [Worker0] [batch] [I004] GPU_GEN  batch=3  elapsed=3.45s  pids=['57381', '93353', '83552']
2026-03-23 00:19:04,167 [Worker0] [batch] [I004] done=0  gen=0  api=15  patch=1  elapsed=46.6s
2026-03-23 00:19:04,167 [Worker0] [P47337] [S01] PATCHER_SUBMIT  reward=0.10
2026-03-23 00:19:04,226 [Worker0] [batch] [I005] log_probs  n=2  elapsed=0.06s
2026-03-23 00:19:04,226 [Worker0] [P44524] [S01] SOLVE  reward=0.10  next=correct  answer=False
2026-03-23 00:19:04,226 [Worker0] [P47337] [S01] CORRECT(fail)  reward=0.10  → patcher
2026-03-23 00:19:12,070 [Worker0] [batch] [I005] GPU_GEN  batch=1  elapsed=7.84s  pids=['44524']
2026-03-23 00:19:12,070 [Worker0] [batch] [I005] done=0  gen=0  api=14  patch=2  elapsed=54.5s
2026-03-23 00:19:12,071 [Worker0] [P60226] [S01] PATCHER_SUBMIT  reward=0.00
2026-03-23 00:19:12,071 [Worker0] [P93353] [S01] PATCHER_SUBMIT  reward=0.00
2026-03-23 00:19:12,071 [Worker0] [P19852] [S01] PATCHER_SUBMIT  reward=0.00
2026-03-23 00:19:12,071 [Worker0] [P89657] [S01] PATCHER_SUBMIT  reward=0.00
2026-03-23 00:19:12,071 [Worker0] [P02495] [S01] PATCHER_SUBMIT  reward=0.00
2026-03-23 00:19:12,071 [Worker0] [P23239] [S01] PATCHER_SUBMIT  reward=0.00
2026-03-23 00:19:12,071 [Worker0] [P10791] [S01] PATCHER_SUBMIT  reward=0.10
2026-03-23 00:19:12,072 [Worker0] [P83552] [S01] PATCHER_SUBMIT  reward=0.10
2026-03-23 00:19:12,072 [Worker0] [P24586] [S01] PATCHER_SUBMIT  reward=0.00
2026-03-23 00:19:16,378 [Worker0] [P26429] [S02] PATCHER_ARRIVED  reward=1.00  gt=solve
2026-03-23 00:19:30,086 [Worker0] [P47337] [S02] PATCHER_ARRIVED  reward=1.00  gt=solve
2026-03-23 00:19:31,243 [Worker0] [batch] [I006] log_probs  n=15  elapsed=1.16s
2026-03-23 00:19:31,244 [Worker0] [P57381] [S01] CORRECT  reward=1.00  next=solve  answer=False
2026-03-23 00:19:31,244 [Worker0] [P60226] [S01] CORRECT(fail)  reward=0.00  → patcher
2026-03-23 00:19:31,244 [Worker0] [P93353] [S01] CORRECT(fail)  reward=0.00  → patcher
2026-03-23 00:19:31,244 [Worker0] [P19852] [S01] CORRECT(fail)  reward=0.00  → patcher
2026-03-23 00:19:31,244 [Worker0] [P39714] [S01] SOLVE  reward=0.50  next=solve  answer=False
2026-03-23 00:19:31,244 [Worker0] [P89657] [S01] CORRECT(fail)  reward=0.00  → patcher
2026-03-23 00:19:31,244 [Worker0] [P02495] [S01] CORRECT(fail)  reward=0.00  → patcher
2026-03-23 00:19:31,244 [Worker0] [P23239] [S01] CORRECT(fail)  reward=0.00  → patcher
2026-03-23 00:19:31,244 [Worker0] [P10791] [S01] CORRECT(fail)  reward=0.10  → patcher
2026-03-23 00:19:31,244 [Worker0] [P52173] [S01] CORRECT  reward=1.00  next=solve  answer=False
2026-03-23 00:19:31,244 [Worker0] [P83552] [S01] CORRECT(fail)  reward=0.10  → patcher
2026-03-23 00:19:31,244 [Worker0] [P24586] [S01] CORRECT(fail)  reward=0.00  → patcher
2026-03-23 00:19:31,244 [Worker0] [P16644] [S01] SOLVE  reward=0.00  next=correct  answer=False
2026-03-23 00:19:31,244 [Worker0] [P26429] [S02] PATCHER  reward=1.00  answer=True
2026-03-23 00:19:31,244 [Worker0] [P26429] DONE  status=ANSWER  total_steps=3
2026-03-23 00:19:31,244 [Worker0] [P47337] [S02] PATCHER  reward=1.00  answer=True
2026-03-23 00:19:31,244 [Worker0] [P47337] DONE  status=ANSWER  total_steps=3
2026-03-23 00:19:42,967 [Worker0] [batch] [I006] GPU_GEN  batch=4  elapsed=11.72s  pids=['57381', '39714', '52173', '16644']
2026-03-23 00:19:42,968 [Worker0] [batch] [I006] done=2  gen=0  api=5  patch=9  elapsed=85.4s
2026-03-23 00:19:42,968 [Worker0] [P44524] [S02] PATCHER_SUBMIT  reward=0.00
2026-03-23 00:19:52,758 [Worker0] [P60226] [S02] PATCHER_ARRIVED  reward=1.00  gt=solve
2026-03-23 00:20:03,453 [Worker0] [P93353] [S02] PATCHER_ARRIVED  reward=0.00  gt=correct
2026-03-23 00:20:09,658 [Worker0] [P19852] [S02] PATCHER_ARRIVED  reward=1.00  gt=solve
2026-03-23 00:20:11,565 [Worker0] [P89657] [S02] PATCHER_ARRIVED  reward=0.50  gt=solve
2026-03-23 00:20:17,712 [Worker0] [P02495] [S02] PATCHER_ARRIVED  reward=0.00  gt=correct
2026-03-23 00:20:24,100 [Worker0] [P23239] [S02] PATCHER_ARRIVED  reward=1.00  gt=solve
2026-03-23 00:20:25,699 [Worker0] [P10791] [S02] PATCHER_ARRIVED  reward=1.00  gt=solve
2026-03-23 00:20:38,771 [Worker0] [reward] 숫자 없는 응답: "''", 0.0 반환
2026-03-23 00:20:38,773 [Worker0] [P83552] [S02] PATCHER_ARRIVED  reward=0.00  gt=correct
2026-03-23 00:20:42,674 [Worker0] [P24586] [S02] PATCHER_ARRIVED  reward=1.00  gt=solve
2026-03-23 00:20:43,498 [Worker0] [batch] [I007] log_probs  n=10  elapsed=0.82s
2026-03-23 00:20:43,499 [Worker0] [P44524] [S02] CORRECT(fail)  reward=0.00  → patcher
2026-03-23 00:20:43,499 [Worker0] [P60226] [S02] PATCHER  reward=1.00  answer=True
2026-03-23 00:20:43,499 [Worker0] [P60226] DONE  status=ANSWER  total_steps=3
2026-03-23 00:20:43,500 [Worker0] [P93353] [S02] PATCHER  reward=0.00  → WRONG  total=3
2026-03-23 00:20:43,500 [Worker0] ────────────────────────────────────────────────────────────
[PATCHER_WRONG] problem_id=93353  steps=3
  pred    : ['<|solve|>', '<|solve|>', '<|solve|>']
  gt      : ['<|solve|>', '<|correct|>', '<|correct|>']
  is_gen  : [True, True, False]
  rewards : [0.0, 0.0, 0.0]
2026-03-23 00:20:43,500 [Worker0] [P19852] [S02] PATCHER  reward=1.00  answer=True
2026-03-23 00:20:43,500 [Worker0] [P19852] DONE  status=ANSWER  total_steps=3
2026-03-23 00:20:43,500 [Worker0] [P89657] [S02] PATCHER  reward=0.50  answer=False
2026-03-23 00:20:43,500 [Worker0] [P02495] [S02] PATCHER  reward=0.00  → WRONG  total=3
2026-03-23 00:20:43,500 [Worker0] ────────────────────────────────────────────────────────────
[PATCHER_WRONG] problem_id=2495  steps=3
  pred    : ['<|solve|>', '<|solve|>', '<|solve|>']
  gt      : ['<|solve|>', '<|correct|>', '<|correct|>']
  is_gen  : [True, True, False]
  rewards : [0.0, 0.0, 0.0]
2026-03-23 00:20:43,500 [Worker0] [P23239] [S02] PATCHER  reward=1.00  answer=False
2026-03-23 00:20:43,500 [Worker0] [P10791] [S02] PATCHER  reward=1.00  answer=True
2026-03-23 00:20:43,500 [Worker0] [P10791] DONE  status=ANSWER  total_steps=3
2026-03-23 00:20:43,500 [Worker0] [P83552] [S02] PATCHER  reward=0.00  → WRONG  total=3
2026-03-23 00:20:43,500 [Worker0] ────────────────────────────────────────────────────────────
[PATCHER_WRONG] problem_id=83552  steps=3
  pred    : ['<|solve|>', '<|solve|>', '<|solve|>']
  gt      : ['<|solve|>', '<|correct|>', '<|correct|>']
  is_gen  : [True, True, False]
  rewards : [0.0, 0.1, 0.0]
2026-03-23 00:20:43,500 [Worker0] [P24586] [S02] PATCHER  reward=1.00  answer=False
2026-03-23 00:20:46,794 [Worker0] [batch] [I007] GPU_GEN  batch=3  elapsed=3.29s  pids=['89657', '23239', '24586']
2026-03-23 00:20:46,795 [Worker0] [batch] [I007] done=8  gen=0  api=7  patch=1  elapsed=149.2s
2026-03-23 00:20:46,795 [Worker0] [P16644] [S02] PATCHER_SUBMIT  reward=0.10
2026-03-23 00:20:50,511 [Worker0] [P44524] [S03] PATCHER_ARRIVED  reward=1.00  gt=solve
2026-03-23 00:20:50,811 [Worker0] [batch] [I008] log_probs  n=5  elapsed=0.30s
2026-03-23 00:20:50,811 [Worker0] [P57381] [S02] SOLVE  reward=1.00  next=correct  answer=False
2026-03-23 00:20:50,811 [Worker0] [P39714] [S02] SOLVE  reward=0.00  next=correct  answer=False
2026-03-23 00:20:50,811 [Worker0] [P52173] [S02] SOLVE  reward=0.10  next=correct  answer=False
2026-03-23 00:20:50,811 [Worker0] [P16644] [S02] CORRECT(fail)  reward=0.10  → patcher
2026-03-23 00:20:50,811 [Worker0] [P44524] [S03] PATCHER  reward=1.00  answer=False
2026-03-23 00:21:02,563 [Worker0] [batch] [I008] GPU_GEN  batch=4  elapsed=11.75s  pids=['57381', '39714', '52173', '44524']
2026-03-23 00:21:02,564 [Worker0] [batch] [I008] done=8  gen=0  api=7  patch=1  elapsed=165.0s
2026-03-23 00:21:17,175 [Worker0] [reward] 숫자 없는 응답: "''", 0.0 반환
2026-03-23 00:21:17,177 [Worker0] [P16644] [S03] PATCHER_ARRIVED  reward=0.00  gt=correct
2026-03-23 00:21:17,481 [Worker0] [batch] [I009] log_probs  n=4  elapsed=0.30s
2026-03-23 00:21:17,481 [Worker0] [P89657] [S03] SOLVE  reward=0.10  next=correct  answer=False
2026-03-23 00:21:17,481 [Worker0] [P23239] [S03] SOLVE  reward=0.00  next=correct  answer=False
2026-03-23 00:21:17,481 [Worker0] [P24586] [S03] SOLVE  reward=0.10  next=correct  answer=False
2026-03-23 00:21:17,481 [Worker0] [P16644] [S03] PATCHER  reward=0.00  → WRONG  total=4
2026-03-23 00:21:17,481 [Worker0] ────────────────────────────────────────────────────────────
[PATCHER_WRONG] problem_id=16644  steps=4
  pred    : ['<|solve|>', '<|solve|>', '<|solve|>', '<|solve|>']
  gt      : ['<|solve|>', '<|solve|>', '<|correct|>', '<|correct|>']
  is_gen  : [True, True, True, False]
  rewards : [0.5, 0.0, 0.1, 0.0]
2026-03-23 00:21:17,741 [Worker0] [reward] 숫자 없는 응답: "''", 0.0 반환
2026-03-23 00:21:28,846 [Worker0] [batch] [I009] GPU_GEN  batch=3  elapsed=11.36s  pids=['89657', '23239', '24586']
2026-03-23 00:21:28,847 [Worker0] [batch] [I009] done=9  gen=0  api=7  patch=0  elapsed=191.3s
2026-03-23 00:21:28,847 [Worker0] [P39714] [S03] PATCHER_SUBMIT  reward=0.00
2026-03-23 00:21:28,847 [Worker0] [P52173] [S03] PATCHER_SUBMIT  reward=0.10
2026-03-23 00:21:29,101 [Worker0] [batch] [I010] log_probs  n=4  elapsed=0.25s
2026-03-23 00:21:29,101 [Worker0] [P57381] [S03] CORRECT  reward=1.00  next=solve  answer=True
2026-03-23 00:21:29,101 [Worker0] [P57381] DONE  status=ANSWER  total_steps=4
2026-03-23 00:21:29,102 [Worker0] [P39714] [S03] CORRECT(fail)  reward=0.00  → patcher
2026-03-23 00:21:29,102 [Worker0] [P52173] [S03] CORRECT(fail)  reward=0.10  → patcher
2026-03-23 00:21:29,102 [Worker0] [P44524] [S04] SOLVE  reward=0.00  next=correct  answer=False
2026-03-23 00:21:29,773 [Worker0] [batch] [I010] GPU_GEN  batch=1  elapsed=0.67s  pids=['44524']
2026-03-23 00:21:29,773 [Worker0] [batch] [I010] done=10  gen=0  api=4  patch=2  elapsed=192.2s
2026-03-23 00:21:32,105 [Worker0] [batch] [I011] done=10  gen=0  api=4  patch=2  elapsed=194.5s
2026-03-23 00:21:32,106 [Worker0] [P24586] [S04] PATCHER_SUBMIT  reward=0.10
2026-03-23 00:21:32,175 [Worker0] [batch] [I012] log_probs  n=1  elapsed=0.07s
2026-03-23 00:21:32,175 [Worker0] [P24586] [S04] CORRECT(fail)  reward=0.10  → patcher
2026-03-23 00:21:32,175 [Worker0] [batch] [I012] done=10  gen=0  api=3  patch=3  elapsed=194.6s
2026-03-23 00:21:32,450 [Worker0] [batch] [I013] done=10  gen=0  api=3  patch=3  elapsed=194.9s
2026-03-23 00:21:32,450 [Worker0] [P89657] [S04] PATCHER_SUBMIT  reward=0.10
2026-03-23 00:21:32,513 [Worker0] [batch] [I014] log_probs  n=1  elapsed=0.06s
2026-03-23 00:21:32,513 [Worker0] [P89657] [S04] CORRECT(fail)  reward=0.10  → patcher
2026-03-23 00:21:32,513 [Worker0] [batch] [I014] done=10  gen=0  api=2  patch=4  elapsed=194.9s
2026-03-23 00:21:33,228 [Worker0] [batch] [I015] done=10  gen=0  api=2  patch=4  elapsed=195.7s
2026-03-23 00:21:37,277 [Worker0] [P39714] [S04] PATCHER_ARRIVED  reward=1.00  gt=solve
2026-03-23 00:21:37,348 [Worker0] [batch] [I016] log_probs  n=1  elapsed=0.07s
2026-03-23 00:21:37,348 [Worker0] [P39714] [S04] PATCHER  reward=1.00  answer=True
2026-03-23 00:21:37,348 [Worker0] [P39714] DONE  status=ANSWER  total_steps=5
2026-03-23 00:21:37,348 [Worker0] [batch] [I016] done=11  gen=0  api=2  patch=3  elapsed=199.8s
2026-03-23 00:21:40,457 [Worker0] [P52173] [S04] PATCHER_ARRIVED  reward=1.00  gt=solve
2026-03-23 00:21:44,145 [Worker0] [reward] 숫자 없는 응답: "''", 0.0 반환
2026-03-23 00:21:47,593 [Worker0] [P24586] [S05] PATCHER_ARRIVED  reward=1.00  gt=solve
2026-03-23 00:21:47,742 [Worker0] [batch] [I017] log_probs  n=2  elapsed=0.15s
2026-03-23 00:21:47,742 [Worker0] [P52173] [S04] PATCHER  reward=1.00  answer=True
2026-03-23 00:21:47,742 [Worker0] [P52173] DONE  status=ANSWER  total_steps=5
2026-03-23 00:21:47,743 [Worker0] [P24586] [S05] PATCHER  reward=1.00  answer=True
2026-03-23 00:21:47,743 [Worker0] [P24586] DONE  status=ANSWER  total_steps=6
2026-03-23 00:21:47,743 [Worker0] [batch] [I017] done=13  gen=0  api=2  patch=1  elapsed=210.2s
2026-03-23 00:21:47,743 [Worker0] [P23239] [S04] PATCHER_SUBMIT  reward=0.00
2026-03-23 00:21:47,743 [Worker0] [P44524] [S05] PATCHER_SUBMIT  reward=0.00
2026-03-23 00:22:04,035 [Worker0] [P89657] [S05] PATCHER_ARRIVED  reward=0.00  gt=correct
2026-03-23 00:22:04,233 [Worker0] [batch] [I018] log_probs  n=3  elapsed=0.20s
2026-03-23 00:22:04,233 [Worker0] [P23239] [S04] CORRECT(fail)  reward=0.00  → patcher
2026-03-23 00:22:04,233 [Worker0] [P44524] [S05] CORRECT(fail)  reward=0.00  → patcher
2026-03-23 00:22:04,233 [Worker0] [P89657] [S05] PATCHER  reward=0.00  → WRONG  total=6
2026-03-23 00:22:04,233 [Worker0] ────────────────────────────────────────────────────────────
[PATCHER_WRONG] problem_id=89657  steps=6
  pred    : ['<|solve|>', '<|solve|>', '<|solve|>', '<|solve|>', '<|solve|>', '<|solve|>']
  gt      : ['<|solve|>', '<|correct|>', '<|correct|>', '<|solve|>', '<|correct|>', '<|correct|>']
  is_gen  : [True, True, False, True, True, False]
  rewards : [0.0, 0.0, 0.5, 0.1, 0.1, 0.0]
2026-03-23 00:22:04,233 [Worker0] [batch] [I018] done=14  gen=0  api=0  patch=2  elapsed=226.7s
2026-03-23 00:22:16,735 [Worker0] [reward] 숫자 없는 응답: "''", 0.0 반환
2026-03-23 00:22:16,737 [Worker0] [P23239] [S05] PATCHER_ARRIVED  reward=0.00  gt=correct
2026-03-23 00:22:31,532 [Worker0] [P44524] [S06] PATCHER_ARRIVED  reward=1.00  gt=solve
2026-03-23 00:22:31,673 [Worker0] [batch] [I019] log_probs  n=2  elapsed=0.14s
2026-03-23 00:22:31,673 [Worker0] [P23239] [S05] PATCHER  reward=0.00  → WRONG  total=6
2026-03-23 00:22:31,673 [Worker0] ────────────────────────────────────────────────────────────
[PATCHER_WRONG] problem_id=23239  steps=6
  pred    : ['<|solve|>', '<|solve|>', '<|solve|>', '<|solve|>', '<|solve|>', '<|solve|>']
  gt      : ['<|solve|>', '<|correct|>', '<|correct|>', '<|solve|>', '<|correct|>', '<|correct|>']
  is_gen  : [True, True, False, True, True, False]
  rewards : [0.0, 0.0, 1.0, 0.0, 0.0, 0.0]
2026-03-23 00:22:31,673 [Worker0] [P44524] [S06] PATCHER  reward=1.00  answer=True
2026-03-23 00:22:31,673 [Worker0] [P44524] DONE  status=ANSWER  total_steps=7
2026-03-23 00:22:31,673 [Worker0] [batch] BATCH_DONE  problems=16  answered=10  total_steps=67  iters=19  elapsed=254.1s
2026-03-23 00:38:22,448 [Worker0] [batch] [I000] GPU_GEN  batch=16  elapsed=13.22s  pids=['20330', '97729', '36803', '81722', '89567', '26591', '72281', '80801', '16824', '47828', '53877', '46844', '73435', '30379', '22881', '17247']
2026-03-23 00:38:22,456 [Worker0] [batch] [I000] done=0  gen=0  api=16  patch=0  elapsed=13.2s
2026-03-23 00:38:26,763 [Worker0] [batch] [I001] done=0  gen=0  api=16  patch=0  elapsed=17.5s
2026-03-23 00:38:26,808 [Worker0] [batch] [I002] log_probs  n=1  elapsed=0.05s
2026-03-23 00:38:26,808 [Worker0] [P20330] [S00] SOLVE  reward=0.00  next=correct  answer=False
2026-03-23 00:38:34,241 [Worker0] [reward] 숫자 없는 응답: "''", 0.0 반환
2026-03-23 00:38:36,382 [Worker0] [reward] 숫자 없는 응답: "''", 0.0 반환
2026-03-23 00:38:37,022 [Worker0] [batch] [I002] GPU_GEN  batch=1  elapsed=10.21s  pids=['20330']
2026-03-23 00:38:37,023 [Worker0] [batch] [I002] done=0  gen=0  api=16  patch=0  elapsed=27.8s
2026-03-23 00:38:37,544 [Worker0] [batch] [I003] log_probs  n=13  elapsed=0.52s
2026-03-23 00:38:37,545 [Worker0] [P97729] [S00] SOLVE  reward=0.00  next=correct  answer=False
2026-03-23 00:38:37,545 [Worker0] [P81722] [S00] SOLVE  reward=0.00  next=correct  answer=False
2026-03-23 00:38:37,545 [Worker0] [P89567] [S00] SOLVE  reward=0.50  next=solve  answer=False
2026-03-23 00:38:37,545 [Worker0] [P26591] [S00] SOLVE  reward=0.00  next=correct  answer=False
2026-03-23 00:38:37,545 [Worker0] [P72281] [S00] SOLVE  reward=0.50  next=solve  answer=False
2026-03-23 00:38:37,545 [Worker0] [P80801] [S00] SOLVE  reward=0.00  next=correct  answer=False
2026-03-23 00:38:37,545 [Worker0] [P16824] [S00] SOLVE  reward=0.50  next=solve  answer=False
2026-03-23 00:38:37,545 [Worker0] [P47828] [S00] SOLVE  reward=0.50  next=solve  answer=False
2026-03-23 00:38:37,545 [Worker0] [P53877] [S00] SOLVE  reward=0.00  next=correct  answer=False
2026-03-23 00:38:37,545 [Worker0] [P73435] [S00] SOLVE  reward=0.00  next=correct  answer=False
2026-03-23 00:38:37,545 [Worker0] [P30379] [S00] SOLVE  reward=0.00  next=correct  answer=False
2026-03-23 00:38:37,545 [Worker0] [P22881] [S00] SOLVE  reward=0.50  next=solve  answer=False
2026-03-23 00:38:37,545 [Worker0] [P17247] [S00] SOLVE  reward=0.50  next=solve  answer=False
2026-03-23 00:38:38,445 [Worker0] [reward] 숫자 없는 응답: "''", 0.0 반환
2026-03-23 00:38:54,506 [Worker0] [batch] [I003] GPU_GEN  batch=13  elapsed=16.96s  pids=['97729', '81722', '89567', '26591', '72281', '80801', '16824', '47828', '53877', '73435', '30379', '22881', '17247']
2026-03-23 00:38:54,506 [Worker0] [batch] [I003] done=0  gen=0  api=16  patch=0  elapsed=45.3s
2026-03-23 00:38:54,506 [Worker0] [P20330] [S01] PATCHER_SUBMIT  reward=0.10
2026-03-23 00:38:54,698 [Worker0] [batch] [I004] log_probs  n=3  elapsed=0.19s
2026-03-23 00:38:54,698 [Worker0] [P20330] [S01] CORRECT(fail)  reward=0.10  → patcher
2026-03-23 00:38:54,698 [Worker0] [P36803] [S00] SOLVE  reward=0.00  next=correct  answer=False
2026-03-23 00:38:54,698 [Worker0] [P46844] [S00] SOLVE  reward=0.00  next=correct  answer=False
2026-03-23 00:39:02,251 [Worker0] [batch] [I004] GPU_GEN  batch=2  elapsed=7.55s  pids=['36803', '46844']
2026-03-23 00:39:02,251 [Worker0] [batch] [I004] done=0  gen=0  api=15  patch=1  elapsed=53.0s
2026-03-23 00:39:02,251 [Worker0] [P26591] [S01] PATCHER_SUBMIT  reward=0.00
2026-03-23 00:39:02,291 [Worker0] [batch] [I005] log_probs  n=1  elapsed=0.04s
2026-03-23 00:39:02,291 [Worker0] [P26591] [S01] CORRECT(fail)  reward=0.00  → patcher
2026-03-23 00:39:02,291 [Worker0] [batch] [I005] done=0  gen=0  api=14  patch=2  elapsed=53.1s
2026-03-23 00:39:02,953 [Worker0] [batch] [I006] done=0  gen=0  api=14  patch=2  elapsed=53.7s
2026-03-23 00:39:07,002 [Worker0] [P20330] [S02] PATCHER_ARRIVED  reward=1.00  gt=solve
2026-03-23 00:39:07,073 [Worker0] [batch] [I007] log_probs  n=1  elapsed=0.07s
2026-03-23 00:39:07,073 [Worker0] [P20330] [S02] PATCHER  reward=1.00  answer=True
2026-03-23 00:39:07,073 [Worker0] [P20330] DONE  status=ANSWER  total_steps=3
2026-03-23 00:39:07,073 [Worker0] [batch] [I007] done=1  gen=0  api=14  patch=1  elapsed=57.8s
2026-03-23 00:39:07,073 [Worker0] [P36803] [S01] PATCHER_SUBMIT  reward=0.00
2026-03-23 00:39:07,074 [Worker0] [P53877] [S01] PATCHER_SUBMIT  reward=0.00
2026-03-23 00:39:07,074 [Worker0] [P73435] [S01] PATCHER_SUBMIT  reward=0.00
2026-03-23 00:39:07,631 [Worker0] [batch] [I008] log_probs  n=8  elapsed=0.56s
2026-03-23 00:39:07,632 [Worker0] [P36803] [S01] CORRECT(fail)  reward=0.00  → patcher
2026-03-23 00:39:07,632 [Worker0] [P81722] [S01] CORRECT  reward=1.00  next=solve  answer=False
2026-03-23 00:39:07,632 [Worker0] [P89567] [S01] SOLVE  reward=0.00  next=correct  answer=False
2026-03-23 00:39:07,632 [Worker0] [P72281] [S01] SOLVE  reward=1.00  next=correct  answer=False
2026-03-23 00:39:07,632 [Worker0] [P16824] [S01] SOLVE  reward=0.50  next=correct  answer=False
2026-03-23 00:39:07,632 [Worker0] [P53877] [S01] CORRECT(fail)  reward=0.00  → patcher
2026-03-23 00:39:07,632 [Worker0] [P73435] [S01] CORRECT(fail)  reward=0.00  → patcher
2026-03-23 00:39:07,632 [Worker0] [P22881] [S01] SOLVE  reward=1.00  next=correct  answer=False
2026-03-23 00:39:11,847 [Worker0] [reward] 숫자 없는 응답: "''", 0.0 반환
2026-03-23 00:39:19,925 [Worker0] [batch] [I008] GPU_GEN  batch=5  elapsed=12.29s  pids=['81722', '89567', '72281', '16824', '22881']
2026-03-23 00:39:19,926 [Worker0] [batch] [I008] done=1  gen=0  api=11  patch=4  elapsed=70.7s
2026-03-23 00:39:19,926 [Worker0] [P97729] [S01] PATCHER_SUBMIT  reward=0.00
2026-03-23 00:39:19,926 [Worker0] [P46844] [S01] PATCHER_SUBMIT  reward=0.10
2026-03-23 00:39:22,757 [Worker0] [reward] 숫자 없는 응답: "''", 0.0 반환
2026-03-23 00:39:26,233 [Worker0] [P36803] [S02] PATCHER_ARRIVED  reward=1.00  gt=solve
2026-03-23 00:39:41,143 [Worker0] [reward] 숫자 없는 응답: "''", 0.0 반환
2026-03-23 00:39:41,146 [Worker0] [P26591] [S02] PATCHER_ARRIVED  reward=0.00  gt=correct
2026-03-23 00:39:51,424 [Worker0] [P53877] [S02] PATCHER_ARRIVED  reward=1.00  gt=solve
2026-03-23 00:39:52,975 [Worker0] [P73435] [S02] PATCHER_ARRIVED  reward=0.50  gt=solve
2026-03-23 00:39:53,850 [Worker0] [batch] [I009] log_probs  n=9  elapsed=0.87s
2026-03-23 00:39:53,850 [Worker0] [P97729] [S01] CORRECT(fail)  reward=0.00  → patcher
2026-03-23 00:39:53,850 [Worker0] [P80801] [S01] CORRECT  reward=0.50  next=solve  answer=False
2026-03-23 00:39:53,850 [Worker0] [P47828] [S01] SOLVE  reward=0.00  next=correct  answer=False
2026-03-23 00:39:53,850 [Worker0] [P46844] [S01] CORRECT(fail)  reward=0.10  → patcher
2026-03-23 00:39:53,850 [Worker0] [P17247] [S01] SOLVE  reward=0.00  next=correct  answer=False
2026-03-23 00:39:53,850 [Worker0] [P36803] [S02] PATCHER  reward=1.00  answer=False
2026-03-23 00:39:53,850 [Worker0] [P26591] [S02] PATCHER  reward=0.00  → WRONG  total=3
2026-03-23 00:39:53,850 [Worker0] ────────────────────────────────────────────────────────────
[PATCHER_WRONG] problem_id=26591  steps=3
  pred    : ['<|solve|>', '<|solve|>', '<|end|>']
  gt      : ['<|solve|>', '<|correct|>', '<|correct|>']
  is_gen  : [True, True, False]
  rewards : [0.0, 0.0, 0.0]
2026-03-23 00:39:53,851 [Worker0] [P53877] [S02] PATCHER  reward=1.00  answer=False
2026-03-23 00:39:53,851 [Worker0] [P73435] [S02] PATCHER  reward=0.50  answer=False
2026-03-23 00:40:07,139 [Worker0] [batch] [I009] GPU_GEN  batch=6  elapsed=13.29s  pids=['36803', '80801', '47828', '53877', '73435', '17247']
2026-03-23 00:40:07,139 [Worker0] [batch] [I009] done=2  gen=0  api=12  patch=2  elapsed=117.9s
2026-03-23 00:40:07,139 [Worker0] [P89567] [S02] PATCHER_SUBMIT  reward=0.00
2026-03-23 00:40:07,139 [Worker0] [P16824] [S02] PATCHER_SUBMIT  reward=0.00
2026-03-23 00:40:07,140 [Worker0] [P30379] [S01] PATCHER_SUBMIT  reward=0.00
2026-03-23 00:40:16,409 [Worker0] [P97729] [S02] PATCHER_ARRIVED  reward=1.00  gt=solve
2026-03-23 00:40:18,251 [Worker0] [reward] 숫자 없는 응답: "''", 0.0 반환
2026-03-23 00:40:20,200 [Worker0] [reward] 숫자 없는 응답: "''", 0.0 반환
2026-03-23 00:40:22,531 [Worker0] [P46844] [S02] PATCHER_ARRIVED  reward=1.00  gt=solve
2026-03-23 00:40:23,372 [Worker0] [batch] [I010] log_probs  n=8  elapsed=0.84s
2026-03-23 00:40:23,372 [Worker0] [P81722] [S02] SOLVE  reward=1.00  next=correct  answer=False
2026-03-23 00:40:23,372 [Worker0] [P89567] [S02] CORRECT(fail)  reward=0.00  → patcher
2026-03-23 00:40:23,372 [Worker0] [P72281] [S02] CORRECT  reward=1.00  next=solve  answer=True
2026-03-23 00:40:23,372 [Worker0] [P72281] DONE  status=ANSWER  total_steps=3
2026-03-23 00:40:23,373 [Worker0] [P16824] [S02] CORRECT(fail)  reward=0.00  → patcher
2026-03-23 00:40:23,373 [Worker0] [P30379] [S01] CORRECT(fail)  reward=0.00  → patcher
2026-03-23 00:40:23,373 [Worker0] [P22881] [S02] CORRECT  reward=1.00  next=solve  answer=True
2026-03-23 00:40:23,373 [Worker0] [P22881] DONE  status=ANSWER  total_steps=3
2026-03-23 00:40:23,373 [Worker0] [P97729] [S02] PATCHER  reward=1.00  answer=False
2026-03-23 00:40:23,373 [Worker0] [P46844] [S02] PATCHER  reward=1.00  answer=True
2026-03-23 00:40:23,373 [Worker0] [P46844] DONE  status=ANSWER  total_steps=3
2026-03-23 00:40:23,943 [Worker0] [batch] [I010] GPU_GEN  batch=2  elapsed=0.57s  pids=['97729', '81722']
2026-03-23 00:40:23,943 [Worker0] [batch] [I010] done=5  gen=0  api=8  patch=3  elapsed=134.7s
2026-03-23 00:40:23,943 [Worker0] [P47828] [S02] PATCHER_SUBMIT  reward=0.00
2026-03-23 00:40:23,944 [Worker0] [P17247] [S02] PATCHER_SUBMIT  reward=0.00
2026-03-23 00:40:35,041 [Worker0] [P89567] [S03] PATCHER_ARRIVED  reward=0.50  gt=solve
2026-03-23 00:40:45,093 [Worker0] [reward] 숫자 없는 응답: "''", 0.0 반환
2026-03-23 00:40:49,757 [Worker0] [reward] 숫자 없는 응답: "''", 0.0 반환
2026-03-23 00:40:49,760 [Worker0] [P16824] [S03] PATCHER_ARRIVED  reward=0.00  gt=correct
2026-03-23 00:40:51,716 [Worker0] [P30379] [S02] PATCHER_ARRIVED  reward=1.00  gt=solve
2026-03-23 00:40:52,663 [Worker0] [batch] [I011] log_probs  n=9  elapsed=0.95s
2026-03-23 00:40:52,664 [Worker0] [P36803] [S03] SOLVE  reward=1.00  next=solve  answer=False
2026-03-23 00:40:52,664 [Worker0] [P80801] [S02] SOLVE  reward=0.00  next=correct  answer=False
2026-03-23 00:40:52,664 [Worker0] [P47828] [S02] CORRECT(fail)  reward=0.00  → patcher
2026-03-23 00:40:52,664 [Worker0] [P53877] [S03] SOLVE  reward=0.00  next=correct  answer=False
2026-03-23 00:40:52,664 [Worker0] [P73435] [S03] SOLVE  reward=0.00  next=correct  answer=False
2026-03-23 00:40:52,664 [Worker0] [P17247] [S02] CORRECT(fail)  reward=0.00  → patcher
2026-03-23 00:40:52,664 [Worker0] [P89567] [S03] PATCHER  reward=0.50  answer=True
2026-03-23 00:40:52,664 [Worker0] [P89567] DONE  status=ANSWER  total_steps=4
2026-03-23 00:40:52,664 [Worker0] [P16824] [S03] PATCHER  reward=0.00  → WRONG  total=4
2026-03-23 00:40:52,664 [Worker0] ────────────────────────────────────────────────────────────
[PATCHER_WRONG] problem_id=16824  steps=4
  pred    : ['<|solve|>', '<|end|>', '<|solve|>', '<|solve|>']
  gt      : ['<|solve|>', '<|solve|>', '<|correct|>', '<|correct|>']
  is_gen  : [True, True, True, False]
  rewards : [0.5, 0.5, 0.0, 0.0]
2026-03-23 00:40:52,665 [Worker0] [P30379] [S02] PATCHER  reward=1.00  answer=True
2026-03-23 00:40:52,665 [Worker0] [P30379] DONE  status=ANSWER  total_steps=3
2026-03-23 00:41:04,812 [Worker0] [batch] [I011] GPU_GEN  batch=4  elapsed=12.15s  pids=['36803', '80801', '53877', '73435']
2026-03-23 00:41:04,813 [Worker0] [batch] [I011] done=8  gen=0  api=6  patch=2  elapsed=175.6s
2026-03-23 00:41:04,813 [Worker0] [P81722] [S03] PATCHER_SUBMIT  reward=0.10
2026-03-23 00:41:17,457 [Worker0] [P47828] [S03] PATCHER_ARRIVED  reward=1.00  gt=solve
2026-03-23 00:41:29,212 [Worker0] [P17247] [S03] PATCHER_ARRIVED  reward=0.00  gt=correct
2026-03-23 00:41:29,661 [Worker0] [batch] [I012] log_probs  n=4  elapsed=0.45s
2026-03-23 00:41:29,662 [Worker0] [P97729] [S03] SOLVE  reward=0.00  next=correct  answer=False
2026-03-23 00:41:29,662 [Worker0] [P81722] [S03] CORRECT(fail)  reward=0.10  → patcher
2026-03-23 00:41:29,662 [Worker0] [P47828] [S03] PATCHER  reward=1.00  answer=False
2026-03-23 00:41:29,662 [Worker0] [P17247] [S03] PATCHER  reward=0.00  → WRONG  total=4
2026-03-23 00:41:29,662 [Worker0] ────────────────────────────────────────────────────────────
[PATCHER_WRONG] problem_id=17247  steps=4
  pred    : ['<|solve|>', '<|solve|>', '<|solve|>', '<|solve|>']
  gt      : ['<|solve|>', '<|solve|>', '<|correct|>', '<|correct|>']
  is_gen  : [True, True, True, False]
  rewards : [0.5, 0.0, 0.0, 0.0]
2026-03-23 00:41:41,114 [Worker0] [batch] [I012] GPU_GEN  batch=2  elapsed=11.45s  pids=['97729', '47828']
2026-03-23 00:41:41,115 [Worker0] [batch] [I012] done=9  gen=0  api=6  patch=1  elapsed=211.9s
2026-03-23 00:41:41,115 [Worker0] [P80801] [S03] PATCHER_SUBMIT  reward=0.00
2026-03-23 00:41:41,115 [Worker0] [P53877] [S04] PATCHER_SUBMIT  reward=0.00
2026-03-23 00:41:41,115 [Worker0] [P73435] [S04] PATCHER_SUBMIT  reward=0.00
2026-03-23 00:41:46,160 [Worker0] [P81722] [S04] PATCHER_ARRIVED  reward=0.10  gt=correct
2026-03-23 00:41:46,495 [Worker0] [batch] [I013] log_probs  n=5  elapsed=0.33s
2026-03-23 00:41:46,495 [Worker0] [P36803] [S04] SOLVE  reward=1.00  next=correct  answer=False
2026-03-23 00:41:46,495 [Worker0] [P80801] [S03] CORRECT(fail)  reward=0.00  → patcher
2026-03-23 00:41:46,495 [Worker0] [P53877] [S04] CORRECT(fail)  reward=0.00  → patcher
2026-03-23 00:41:46,496 [Worker0] [P73435] [S04] CORRECT(fail)  reward=0.00  → patcher
2026-03-23 00:41:46,496 [Worker0] [P81722] [S04] PATCHER  reward=0.10  → WRONG  total=5
2026-03-23 00:41:46,496 [Worker0] ────────────────────────────────────────────────────────────
[PATCHER_WRONG] problem_id=81722  steps=5
  pred    : ['<|solve|>', '<|solve|>', '<|solve|>', '<|solve|>', '<|end|>']
  gt      : ['<|solve|>', '<|correct|>', '<|solve|>', '<|correct|>', '<|correct|>']
  is_gen  : [True, True, True, True, False]
  rewards : [0.0, 1.0, 1.0, 0.1, 0.1]
2026-03-23 00:41:54,307 [Worker0] [batch] [I013] GPU_GEN  batch=1  elapsed=7.81s  pids=['36803']
2026-03-23 00:41:54,308 [Worker0] [batch] [I013] done=10  gen=0  api=3  patch=3  elapsed=225.1s
2026-03-23 00:41:54,308 [Worker0] [P97729] [S04] PATCHER_SUBMIT  reward=0.10
2026-03-23 00:41:59,430 [Worker0] [P80801] [S04] PATCHER_ARRIVED  reward=1.00  gt=solve
2026-03-23 00:42:03,374 [Worker0] [P53877] [S05] PATCHER_ARRIVED  reward=1.00  gt=solve
2026-03-23 00:42:09,418 [Worker0] [reward] 숫자 없는 응답: "''", 0.0 반환
2026-03-23 00:42:16,562 [Worker0] [reward] 숫자 없는 응답: "''", 0.0 반환
2026-03-23 00:42:16,566 [Worker0] [P73435] [S05] PATCHER_ARRIVED  reward=0.00  gt=correct
2026-03-23 00:42:17,093 [Worker0] [batch] [I014] log_probs  n=5  elapsed=0.53s
2026-03-23 00:42:17,093 [Worker0] [P97729] [S04] CORRECT(fail)  reward=0.10  → patcher
2026-03-23 00:42:17,093 [Worker0] [P47828] [S04] SOLVE  reward=0.10  next=correct  answer=False
2026-03-23 00:42:17,093 [Worker0] [P80801] [S04] PATCHER  reward=1.00  answer=True
2026-03-23 00:42:17,093 [Worker0] [P80801] DONE  status=ANSWER  total_steps=5
2026-03-23 00:42:17,094 [Worker0] [P53877] [S05] PATCHER  reward=1.00  answer=True
2026-03-23 00:42:17,094 [Worker0] [P53877] DONE  status=ANSWER  total_steps=6
2026-03-23 00:42:17,094 [Worker0] [P73435] [S05] PATCHER  reward=0.00  → WRONG  total=6
2026-03-23 00:42:17,094 [Worker0] ────────────────────────────────────────────────────────────
[PATCHER_WRONG] problem_id=73435  steps=6
  pred    : ['<|solve|>', '<|solve|>', '<|solve|>', '<|solve|>', '<|end|>', '<|solve|>']
  gt      : ['<|solve|>', '<|correct|>', '<|correct|>', '<|solve|>', '<|correct|>', '<|correct|>']
  is_gen  : [True, True, False, True, True, False]
  rewards : [0.0, 0.0, 0.5, 0.0, 0.0, 0.0]
2026-03-23 00:42:18,373 [Worker0] [batch] [I014] GPU_GEN  batch=1  elapsed=1.28s  pids=['47828']
2026-03-23 00:42:18,373 [Worker0] [batch] [I014] done=13  gen=0  api=2  patch=1  elapsed=249.1s
2026-03-23 00:42:18,373 [Worker0] [P36803] [S05] PATCHER_SUBMIT  reward=0.00
2026-03-23 00:42:29,300 [Worker0] [reward] 숫자 없는 응답: "''", 0.0 반환
2026-03-23 00:42:29,303 [Worker0] [P97729] [S05] PATCHER_ARRIVED  reward=0.00  gt=correct
2026-03-23 00:42:29,507 [Worker0] [batch] [I015] log_probs  n=2  elapsed=0.20s
2026-03-23 00:42:29,507 [Worker0] [P36803] [S05] CORRECT(fail)  reward=0.00  → patcher
2026-03-23 00:42:29,507 [Worker0] [P97729] [S05] PATCHER  reward=0.00  → WRONG  total=6
2026-03-23 00:42:29,507 [Worker0] ────────────────────────────────────────────────────────────
[PATCHER_WRONG] problem_id=97729  steps=6
  pred    : ['<|solve|>', '<|end|>', '<|solve|>', '<|solve|>', '<|end|>', '<|solve|>']
  gt      : ['<|solve|>', '<|correct|>', '<|correct|>', '<|solve|>', '<|correct|>', '<|correct|>']
  is_gen  : [True, True, False, True, True, False]
  rewards : [0.0, 0.0, 1.0, 0.0, 0.1, 0.0]
2026-03-23 00:42:29,507 [Worker0] [batch] [I015] done=14  gen=0  api=1  patch=1  elapsed=260.3s
2026-03-23 00:42:29,507 [Worker0] [P47828] [S05] PATCHER_SUBMIT  reward=0.00
2026-03-23 00:42:37,662 [Worker0] [P36803] [S06] PATCHER_ARRIVED  reward=0.10  gt=correct
2026-03-23 00:42:37,834 [Worker0] [batch] [I016] log_probs  n=2  elapsed=0.17s
2026-03-23 00:42:37,835 [Worker0] [P47828] [S05] CORRECT(fail)  reward=0.00  → patcher
2026-03-23 00:42:37,835 [Worker0] [P36803] [S06] PATCHER  reward=0.10  → WRONG  total=7
2026-03-23 00:42:37,835 [Worker0] ────────────────────────────────────────────────────────────
[PATCHER_WRONG] problem_id=36803  steps=7
  pred    : ['<|solve|>', '<|solve|>', '<|solve|>', '<|solve|>', '<|solve|>', '<|end|>', '<|solve|>']
  gt      : ['<|solve|>', '<|correct|>', '<|correct|>', '<|solve|>', '<|solve|>', '<|correct|>', '<|correct|>']
  is_gen  : [True, True, False, True, True, True, False]
  rewards : [0.0, 0.0, 1.0, 1.0, 1.0, 0.0, 0.1]
2026-03-23 00:42:37,835 [Worker0] [batch] [I016] done=15  gen=0  api=0  patch=1  elapsed=268.6s
2026-03-23 00:42:43,167 [Worker0] [batch] [I017] done=15  gen=0  api=0  patch=1  elapsed=273.9s
2026-03-23 00:42:50,036 [Worker0] [P47828] [S06] PATCHER_ARRIVED  reward=1.00  gt=solve
2026-03-23 00:42:50,130 [Worker0] [batch] [I018] log_probs  n=1  elapsed=0.09s
2026-03-23 00:42:50,131 [Worker0] [P47828] [S06] PATCHER  reward=1.00  answer=True
2026-03-23 00:42:50,131 [Worker0] [P47828] DONE  status=ANSWER  total_steps=7
2026-03-23 00:42:50,131 [Worker0] [batch] BATCH_DONE  problems=16  answered=9  total_steps=72  iters=18  elapsed=280.9s
