2026-03-22 23:57:27,261 [INFO] 로그 파일: ../output/prototype/20260322_235727/run.log
2026-03-22 23:57:37,482 [INFO] [load_problems] 16000개 로드 (../datasets/deepmath_16k.parquet)
2026-03-22 23:57:37,793 [INFO] [load_math500] 500개 로드 (../datasets/math500.parquet)
2026-03-22 23:57:37,813 [INFO] Generator 로드 중: /mnt/yoonju/SC/checkpoints/prototype/20260322_224527/iter_0000
2026-03-22 23:57:50,325 [INFO] Generator 로드 완료.
2026-03-22 23:57:50,326 [INFO] Generator 로드 중: /mnt/yoonju/SC/checkpoints/prototype/20260322_224527/iter_0000
2026-03-22 23:57:53,055 [INFO] Generator 로드 완료.
2026-03-22 23:57:54,512 [INFO] PPOTrainer 체크포인트 로드: /mnt/yoonju/SC/checkpoints/prototype/20260322_224527/iter_0000
2026-03-22 23:57:54,512 [INFO] PPOTrainer 초기화 완료 (cuda:4)  training → ../output/prototype/20260322_235727/training.jsonl
2026-03-22 23:57:54,538 [INFO] 문제 16000개  |  ts=20260322_235727
2026-03-22 23:57:54,539 [INFO]   rollout  → ../output/prototype/20260322_235727/rollouts_worker_0.jsonl
2026-03-22 23:57:54,539 [INFO]   rollout  → ../output/prototype/20260322_235727/rollouts_worker_1.jsonl
2026-03-22 23:57:54,539 [INFO]   rollout  → ../output/prototype/20260322_235727/rollouts_worker_2.jsonl
2026-03-22 23:57:54,539 [INFO]   rollout  → ../output/prototype/20260322_235727/rollouts_worker_3.jsonl
2026-03-22 23:57:54,540 [INFO]   training → ../output/prototype/20260322_235727/training.jsonl
2026-03-23 00:02:47,301 [INFO] [iter    0]  generated=64  ppo_usable=64/64  timeout=0  correct=35  boxed=59  total_ppo=64
2026-03-23 00:03:29,686 [INFO]            PPO → loss=0.0845  pg=0.0845  kl=0.000000  entropy=0.3722
2026-03-23 00:03:29,688 [INFO]            validation 시작 (MATH-500)...
2026-03-23 00:15:37,414 [INFO] [validate_math500] accuracy=187/500 (37.4%)
2026-03-23 00:15:37,416 [INFO]            val accuracy=0.3740  (187/500)
2026-03-23 00:18:17,562 [INFO]            ckpt → /mnt/yoonju/SC/prototype/../checkpoints/prototype/20260322_235727/iter_0000
2026-03-23 00:23:37,183 [INFO] [iter    1]  generated=64  ppo_usable=64/64  timeout=0  correct=37  boxed=57  total_ppo=128
2026-03-23 00:24:16,033 [INFO]            PPO → loss=0.0569  pg=0.0568  kl=0.002008  entropy=0.6055
2026-03-23 00:24:16,034 [INFO]            validation 시작 (MATH-500)...
2026-03-23 00:35:37,702 [INFO] [validate_math500] accuracy=181/500 (36.2%)
2026-03-23 00:35:37,704 [INFO]            val accuracy=0.3620  (181/500)
2026-03-23 00:38:09,220 [INFO]            ckpt → /mnt/yoonju/SC/prototype/../checkpoints/prototype/20260322_235727/iter_0001
2026-03-23 00:43:07,453 [INFO] [iter    2]  generated=64  ppo_usable=64/64  timeout=0  correct=39  boxed=60  total_ppo=192
2026-03-23 00:43:49,108 [INFO]            PPO → loss=0.1763  pg=0.1762  kl=0.003611  entropy=0.6526
2026-03-23 00:43:49,109 [INFO]            validation 시작 (MATH-500)...
