2026-03-22 08:42:40,075 [Worker0] Generator 로드 중: /mnt/yoonju/SC/checkpoints/sft/20260322_061039/epoch2
2026-03-22 08:42:40,356 [Worker0]   스페셜 토큰 1개 추가됨: ['<|solve|>', '<|correct|>', '<|end|>']
2026-03-22 08:42:46,670 [Worker0] We will use 90% of the memory on device 0 for storing the model, and 10% for the buffer to avoid OOM. You can set `max_memory` in to a higher value to use more memory (at your own risk).
2026-03-22 08:42:50,086 [Worker0]   임베딩 리사이즈: 151668 vocab
2026-03-22 08:42:50,087 [Worker0] Generator 로드 완료.
2026-03-22 08:42:50,088 [Worker0] Rollout 파일 생성: ../output/prototype/20260322_084228/rollouts_worker_0.jsonl
2026-03-22 08:42:50,088 [Worker0] 준비 완료  rollout → ../output/prototype/20260322_084228/rollouts_worker_0.jsonl  log → ../output/prototype/20260322_084228/log_worker_0.log
2026-03-22 08:42:55,824 [Worker0] [batch] [I000] GPU_GEN  batch=8  elapsed=3.00s  pids=['26665', '8588', '99349', '62500', '13810', '95398', '1322', '11293']
2026-03-22 08:42:55,833 [Worker0] [batch] [I000] done=0  gen=0  api=8  patch=0  elapsed=3.0s
2026-03-22 08:42:57,217 [Worker0] [reward][SAMPLE] messages=
[
  {
    "role": "system",
    "content": "You are a strict mathematical reasoning evaluator.\nEvaluate ONLY the single CURRENT STEP — not the whole solution.\n\nScoring rules (return a single float, nothing else):\n  0.0  — ANY error: wrong arithmetic, wrong algebra, incorrect logic,\n         or contradicts previous steps.\n  0.1  — correct but trivial (restates something already said).\n  0.5  — correct and makes meaningful progress.\n  1.0  — correct, significant progress, or reaches the right final answer.\n\nIMPORTANT: If the current step merely repeats or rephrases what was already\nestablished, assign at most 0.1 even if correct.\nBe strict. Return ONLY the numeric score."
  },
  {
    "role": "user",
    "content": "[Problem]\nProve that for each integer \\( n \\geq 0 \\), the following identity holds: \\[ \\sum_{k=0}^n \\frac{c_k}{(n-k)!} = 1 \\] where the coefficients \\( c_n \\) are defined by the generating function \\( \\sum_{n=0}^{\\infty} c_n x^n = \\frac{e^{-x}}{1-x} \\)."
  },
  {
    "role": "assistant",
    "content": "Understood. Show me each step to evaluate."
  },
  {
    "role": "user",
    "content": "[SOLVE]\nFirst, we need to find the coefficients \\( c_n \\) from the generating function \\( \\sum_{n=0}^{\\infty} c_n x^n = \\frac{e^{-x}}{1-x} \\).<|im_end|>"
  }
]
[reward][SAMPLE] raw_response='0.1'
2026-03-22 08:42:57,217 [Worker0] [batch] [I001] done=0  gen=0  api=8  patch=0  elapsed=4.4s
2026-03-22 08:42:57,317 [Worker0] [batch] [I002] log_probs  n=1  elapsed=0.10s
2026-03-22 08:42:57,318 [Worker0] [P11293] [S00] SOLVE  reward=0.10  next=correct  answer=False
2026-03-22 08:42:58,246 [Worker0] [batch] [I002] GPU_GEN  batch=1  elapsed=0.93s  pids=['11293']
2026-03-22 08:42:58,246 [Worker0] [batch] [I002] done=0  gen=0  api=8  patch=0  elapsed=5.4s
2026-03-22 08:42:58,342 [Worker0] [batch] [I003] log_probs  n=4  elapsed=0.10s
2026-03-22 08:42:58,343 [Worker0] [P26665] [S00] SOLVE  reward=0.00  next=correct  answer=False
2026-03-22 08:42:58,343 [Worker0] [P99349] [S00] SOLVE  reward=0.50  next=solve  answer=False
2026-03-22 08:42:58,343 [Worker0] [P13810] [S00] SOLVE  reward=0.10  next=correct  answer=False
2026-03-22 08:42:58,343 [Worker0] [P95398] [S00] SOLVE  reward=1.00  next=solve  answer=False
2026-03-22 08:43:08,763 [Worker0] [batch] [I003] GPU_GEN  batch=4  elapsed=10.42s  pids=['26665', '99349', '13810', '95398']
2026-03-22 08:43:08,763 [Worker0] [batch] [I003] done=0  gen=0  api=8  patch=0  elapsed=16.0s
2026-03-22 08:43:08,763 [Worker0] [P11293] [S01] PATCHER_SUBMIT  reward=0.10
2026-03-22 08:43:08,863 [Worker0] [batch] [I004] log_probs  n=4  elapsed=0.10s
2026-03-22 08:43:08,863 [Worker0] [P08588] [S00] SOLVE  reward=0.50  next=solve  answer=False
2026-03-22 08:43:08,863 [Worker0] [P62500] [S00] SOLVE  reward=0.00  next=correct  answer=False
2026-03-22 08:43:08,863 [Worker0] [P01322] [S00] SOLVE  reward=0.10  next=correct  answer=False
2026-03-22 08:43:08,863 [Worker0] [P11293] [S01] CORRECT(fail)  reward=0.10  → patcher
2026-03-22 08:43:11,703 [Worker0] [batch] [I004] GPU_GEN  batch=3  elapsed=2.84s  pids=['8588', '62500', '1322']
2026-03-22 08:43:11,703 [Worker0] [batch] [I004] done=0  gen=0  api=7  patch=1  elapsed=18.9s
2026-03-22 08:43:11,733 [Worker0] [batch] [I005] log_probs  n=1  elapsed=0.03s
2026-03-22 08:43:11,734 [Worker0] [P26665] [S01] CORRECT  reward=1.00  next=solve  answer=False
2026-03-22 08:43:11,874 [Worker0] [batch] [I005] GPU_GEN  batch=1  elapsed=0.14s  pids=['26665']
2026-03-22 08:43:11,875 [Worker0] [batch] [I005] done=0  gen=0  api=7  patch=1  elapsed=19.1s
2026-03-22 08:43:12,043 [Worker0] [batch] [I006] done=0  gen=0  api=7  patch=1  elapsed=19.2s
2026-03-22 08:43:12,098 [Worker0] [batch] [I007] log_probs  n=1  elapsed=0.06s
2026-03-22 08:43:12,098 [Worker0] [P99349] [S01] SOLVE  reward=0.50  next=solve  answer=False
2026-03-22 08:43:19,631 [Worker0] [batch] [I007] GPU_GEN  batch=1  elapsed=7.53s  pids=['99349']
2026-03-22 08:43:19,631 [Worker0] [batch] [I007] done=0  gen=0  api=7  patch=1  elapsed=26.8s
2026-03-22 08:43:19,632 [Worker0] [P62500] [S01] PATCHER_SUBMIT  reward=0.10
2026-03-22 08:43:19,632 [Worker0] [P13810] [S01] PATCHER_SUBMIT  reward=0.00
2026-03-22 08:43:19,633 [Worker0] [P01322] [S01] PATCHER_SUBMIT  reward=0.10
2026-03-22 08:43:21,861 [Worker0] [P11293] [S02] PATCHER_ARRIVED  reward=1.00  gt=solve
2026-03-22 08:43:22,156 [Worker0] [batch] [I008] log_probs  n=7  elapsed=0.30s
2026-03-22 08:43:22,157 [Worker0] [P26665] [S02] SOLVE  reward=1.00  next=solve  answer=False
2026-03-22 08:43:22,157 [Worker0] [P08588] [S01] SOLVE  reward=0.50  next=solve  answer=False
2026-03-22 08:43:22,157 [Worker0] [P62500] [S01] CORRECT(fail)  reward=0.10  → patcher
2026-03-22 08:43:22,157 [Worker0] [P13810] [S01] CORRECT(fail)  reward=0.00  → patcher
2026-03-22 08:43:22,157 [Worker0] [P95398] [S01] SOLVE  reward=1.00  next=solve  answer=False
2026-03-22 08:43:22,157 [Worker0] [P01322] [S01] CORRECT(fail)  reward=0.10  → patcher
2026-03-22 08:43:22,157 [Worker0] [P11293] [S02] PATCHER  reward=1.00  answer=False
2026-03-22 08:43:25,457 [Worker0] [batch] [I008] GPU_GEN  batch=4  elapsed=3.30s  pids=['26665', '8588', '95398', '11293']
2026-03-22 08:43:25,458 [Worker0] [batch] [I008] done=0  gen=0  api=5  patch=3  elapsed=32.7s
2026-03-22 08:43:26,917 [Worker0] [P62500] [S02] PATCHER_ARRIVED  reward=0.00  gt=correct
2026-03-22 08:43:28,853 [Worker0] [P01322] [S02] PATCHER_ARRIVED  reward=0.50  gt=solve
2026-03-22 08:43:29,085 [Worker0] [batch] [I009] log_probs  n=3  elapsed=0.23s
2026-03-22 08:43:29,085 [Worker0] [P99349] [S02] SOLVE  reward=0.50  next=solve  answer=False
2026-03-22 08:43:29,085 [Worker0] [P62500] [S02] PATCHER  reward=0.00  → WRONG  total=3
2026-03-22 08:43:29,085 [Worker0] ────────────────────────────────────────────────────────────
[PATCHER_WRONG] problem_id=62500  steps=3
  pred    : ['<|solve|>', '<|solve|>', '<|solve|>']
  gt      : ['<|solve|>', '<|correct|>', '<|correct|>']
  is_gen  : [True, True, False]
  rewards : [0.0, 0.1, 0.0]
2026-03-22 08:43:29,085 [Worker0] [P01322] [S02] PATCHER  reward=0.50  answer=False
2026-03-22 08:43:40,139 [Worker0] [batch] [I009] GPU_GEN  batch=2  elapsed=11.05s  pids=['99349', '1322']
2026-03-22 08:43:40,139 [Worker0] [batch] [I009] done=1  gen=0  api=6  patch=1  elapsed=47.3s
2026-03-22 08:43:43,370 [Worker0] [P13810] [S02] PATCHER_ARRIVED  reward=1.00  gt=solve
2026-03-22 08:43:43,661 [Worker0] [batch] [I010] log_probs  n=5  elapsed=0.29s
2026-03-22 08:43:43,662 [Worker0] [P26665] [S03] SOLVE  reward=0.10  next=correct  answer=False
2026-03-22 08:43:43,662 [Worker0] [P08588] [S02] SOLVE  reward=1.00  next=solve  answer=False
2026-03-22 08:43:43,662 [Worker0] [P95398] [S02] SOLVE  reward=0.50  next=solve  answer=False
2026-03-22 08:43:43,662 [Worker0] [P11293] [S03] SOLVE  reward=0.50  next=solve  answer=False
2026-03-22 08:43:43,662 [Worker0] [P13810] [S02] PATCHER  reward=1.00  answer=False
2026-03-22 08:43:48,069 [Worker0] [reward] 숫자 없는 응답: "''", 0.0 반환
2026-03-22 08:43:48,803 [Worker0] [batch] [I010] GPU_GEN  batch=5  elapsed=5.14s  pids=['26665', '8588', '13810', '95398', '11293']
2026-03-22 08:43:48,803 [Worker0] [batch] [I010] done=1  gen=0  api=7  patch=0  elapsed=56.0s
2026-03-22 08:43:49,011 [Worker0] [batch] [I011] log_probs  n=2  elapsed=0.21s
2026-03-22 08:43:49,012 [Worker0] [P99349] [S03] SOLVE  reward=0.00  next=correct  answer=False
2026-03-22 08:43:49,012 [Worker0] [P01322] [S03] SOLVE  reward=0.50  next=solve  answer=False
2026-03-22 08:44:01,066 [Worker0] [batch] [I011] GPU_GEN  batch=2  elapsed=12.05s  pids=['99349', '1322']
2026-03-22 08:44:01,066 [Worker0] [batch] [I011] done=1  gen=0  api=7  patch=0  elapsed=68.3s
2026-03-22 08:44:01,066 [Worker0] [P26665] [S04] PATCHER_SUBMIT  reward=0.00
2026-03-22 08:44:01,354 [Worker0] [batch] [I012] log_probs  n=5  elapsed=0.29s
2026-03-22 08:44:01,354 [Worker0] [P26665] [S04] CORRECT(fail)  reward=0.00  → patcher
2026-03-22 08:44:01,354 [Worker0] [P08588] [S03] SOLVE  reward=0.50  next=solve  answer=False
2026-03-22 08:44:01,354 [Worker0] [P13810] [S03] SOLVE  reward=0.10  next=correct  answer=False
2026-03-22 08:44:01,355 [Worker0] [P95398] [S03] SOLVE  reward=0.50  next=solve  answer=False
2026-03-22 08:44:01,355 [Worker0] [P11293] [S04] SOLVE  reward=0.50  next=solve  answer=False
2026-03-22 08:44:07,231 [Worker0] [batch] [I012] GPU_GEN  batch=4  elapsed=5.88s  pids=['8588', '13810', '95398', '11293']
2026-03-22 08:44:07,231 [Worker0] [batch] [I012] done=1  gen=0  api=6  patch=1  elapsed=74.4s
2026-03-22 08:44:10,574 [Worker0] [P26665] [S05] PATCHER_ARRIVED  reward=0.10  gt=correct
2026-03-22 08:44:10,608 [Worker0] [batch] [I013] log_probs  n=1  elapsed=0.03s
2026-03-22 08:44:10,608 [Worker0] [P26665] [S05] PATCHER  reward=0.10  → WRONG  total=6
2026-03-22 08:44:10,608 [Worker0] ────────────────────────────────────────────────────────────
[PATCHER_WRONG] problem_id=26665  steps=6
  pred    : ['<|solve|>', '<|solve|>', '<|solve|>', '<|solve|>', '<|solve|>', '<|solve|>']
  gt      : ['<|solve|>', '<|correct|>', '<|solve|>', '<|solve|>', '<|correct|>', '<|correct|>']
  is_gen  : [True, True, True, True, True, False]
  rewards : [0.0, 1.0, 1.0, 0.1, 0.0, 0.1]
2026-03-22 08:44:10,608 [Worker0] [batch] [I013] done=2  gen=0  api=6  patch=0  elapsed=77.8s
2026-03-22 08:44:10,608 [Worker0] [P99349] [S04] PATCHER_SUBMIT  reward=0.00
2026-03-22 08:44:10,940 [Worker0] [batch] [I014] log_probs  n=2  elapsed=0.33s
2026-03-22 08:44:10,940 [Worker0] [P99349] [S04] CORRECT(fail)  reward=0.00  → patcher
2026-03-22 08:44:10,940 [Worker0] [P95398] [S04] SOLVE  reward=0.00  next=correct  answer=False
2026-03-22 08:44:11,762 [Worker0] [batch] [I014] GPU_GEN  batch=1  elapsed=0.82s  pids=['95398']
2026-03-22 08:44:11,762 [Worker0] [batch] [I014] done=2  gen=0  api=5  patch=1  elapsed=79.0s
2026-03-22 08:44:12,003 [Worker0] [batch] [I015] log_probs  n=3  elapsed=0.24s
2026-03-22 08:44:12,003 [Worker0] [P08588] [S04] SOLVE  reward=0.50  next=solve  answer=False
2026-03-22 08:44:12,003 [Worker0] [P13810] [S04] CORRECT  reward=0.50  next=solve  answer=False
2026-03-22 08:44:12,003 [Worker0] [P11293] [S05] SOLVE  reward=0.50  next=solve  answer=False
2026-03-22 08:44:12,178 [Worker0] [reward] 숫자 없는 응답: "''", 0.0 반환
2026-03-22 08:44:22,171 [Worker0] [batch] [I015] GPU_GEN  batch=3  elapsed=10.17s  pids=['8588', '13810', '11293']
2026-03-22 08:44:22,172 [Worker0] [batch] [I015] done=2  gen=0  api=5  patch=1  elapsed=89.4s
2026-03-22 08:44:22,258 [Worker0] [batch] [I016] log_probs  n=2  elapsed=0.09s
2026-03-22 08:44:22,258 [Worker0] [P95398] [S05] CORRECT  reward=0.50  next=solve  answer=False
2026-03-22 08:44:22,258 [Worker0] [P01322] [S04] SOLVE  reward=0.00  next=correct  answer=False
2026-03-22 08:44:26,066 [Worker0] [batch] [I016] GPU_GEN  batch=2  elapsed=3.81s  pids=['95398', '1322']
2026-03-22 08:44:26,066 [Worker0] [batch] [I016] done=2  gen=0  api=5  patch=1  elapsed=93.3s
2026-03-22 08:44:26,223 [Worker0] [batch] [I017] log_probs  n=2  elapsed=0.16s
2026-03-22 08:44:26,223 [Worker0] [P08588] [S05] SOLVE  reward=0.10  next=correct  answer=False
2026-03-22 08:44:26,223 [Worker0] [P13810] [S05] SOLVE  reward=0.10  next=correct  answer=False
2026-03-22 08:44:31,265 [Worker0] [batch] [I017] GPU_GEN  batch=2  elapsed=5.04s  pids=['8588', '13810']
2026-03-22 08:44:31,266 [Worker0] [batch] [I017] done=2  gen=0  api=5  patch=1  elapsed=98.5s
2026-03-22 08:44:31,266 [Worker0] [P01322] [S05] PATCHER_SUBMIT  reward=0.00
2026-03-22 08:44:37,136 [Worker0] [P99349] [S05] PATCHER_ARRIVED  reward=1.00  gt=solve
2026-03-22 08:44:37,890 [Worker0] [batch] [I018] log_probs  n=4  elapsed=0.75s
2026-03-22 08:44:37,890 [Worker0] [P95398] [S06] SOLVE  reward=1.00  next=solve  answer=False
2026-03-22 08:44:37,891 [Worker0] [P01322] [S05] CORRECT(fail)  reward=0.00  → patcher
2026-03-22 08:44:37,891 [Worker0] [P11293] [S06] SOLVE  reward=0.00  next=correct  answer=False
2026-03-22 08:44:37,891 [Worker0] [P99349] [S05] PATCHER  reward=1.00  answer=False
2026-03-22 08:44:42,594 [Worker0] [batch] [I018] GPU_GEN  batch=3  elapsed=4.70s  pids=['99349', '95398', '11293']
2026-03-22 08:44:42,594 [Worker0] [batch] [I018] done=2  gen=0  api=5  patch=1  elapsed=109.8s
2026-03-22 08:44:42,594 [Worker0] [P08588] [S06] PATCHER_SUBMIT  reward=0.10
2026-03-22 08:44:42,594 [Worker0] [P13810] [S06] PATCHER_SUBMIT  reward=0.00
2026-03-22 08:44:46,443 [Worker0] [P01322] [S06] PATCHER_ARRIVED  reward=0.50  gt=solve
2026-03-22 08:44:46,743 [Worker0] [batch] [I019] log_probs  n=3  elapsed=0.30s
2026-03-22 08:44:46,743 [Worker0] [P08588] [S06] CORRECT(fail)  reward=0.10  → patcher
2026-03-22 08:44:46,743 [Worker0] [P13810] [S06] CORRECT(fail)  reward=0.00  → patcher
2026-03-22 08:44:46,743 [Worker0] [P01322] [S06] PATCHER  reward=0.50  answer=False
2026-03-22 08:44:47,667 [Worker0] [batch] [I019] GPU_GEN  batch=1  elapsed=0.92s  pids=['1322']
2026-03-22 08:44:47,667 [Worker0] [batch] [I019] done=2  gen=0  api=4  patch=2  elapsed=114.9s
2026-03-22 08:44:47,667 [Worker0] [P11293] [S07] PATCHER_SUBMIT  reward=0.00
2026-03-22 08:44:48,122 [Worker0] [batch] [I020] log_probs  n=3  elapsed=0.45s
2026-03-22 08:44:48,122 [Worker0] [P99349] [S06] SOLVE  reward=0.10  next=correct  answer=False
2026-03-22 08:44:48,122 [Worker0] [P95398] [S07] SOLVE  reward=0.10  next=correct  answer=False
2026-03-22 08:44:48,122 [Worker0] [P11293] [S07] CORRECT(fail)  reward=0.00  → patcher
2026-03-22 08:44:49,736 [Worker0] [batch] [I020] GPU_GEN  batch=2  elapsed=1.61s  pids=['99349', '95398']
2026-03-22 08:44:49,736 [Worker0] [batch] [I020] done=2  gen=0  api=3  patch=3  elapsed=116.9s
2026-03-22 08:44:50,155 [Worker0] [batch] [I021] done=2  gen=0  api=3  patch=3  elapsed=117.4s
2026-03-22 08:44:50,224 [Worker0] [batch] [I022] log_probs  n=1  elapsed=0.07s
2026-03-22 08:44:50,224 [Worker0] [P01322] [S07] SOLVE  reward=0.50  next=solve  answer=False
2026-03-22 08:44:51,139 [Worker0] [batch] [I022] GPU_GEN  batch=1  elapsed=0.91s  pids=['1322']
2026-03-22 08:44:51,139 [Worker0] [batch] [I022] done=2  gen=0  api=3  patch=3  elapsed=118.3s
2026-03-22 08:44:56,765 [Worker0] [P13810] [S07] PATCHER_ARRIVED  reward=0.50  gt=solve
2026-03-22 08:44:56,879 [Worker0] [batch] [I023] log_probs  n=1  elapsed=0.11s
2026-03-22 08:44:56,880 [Worker0] [P13810] [S07] PATCHER  reward=0.50  answer=False
2026-03-22 08:44:57,619 [Worker0] [batch] [I023] GPU_GEN  batch=1  elapsed=0.74s  pids=['13810']
2026-03-22 08:44:57,619 [Worker0] [batch] [I023] done=2  gen=0  api=4  patch=2  elapsed=124.8s
2026-03-22 08:44:57,619 [Worker0] [P99349] [S07] PATCHER_SUBMIT  reward=0.10
2026-03-22 08:45:00,145 [Worker0] [P11293] [S08] PATCHER_ARRIVED  reward=1.00  gt=solve
2026-03-22 08:45:00,793 [Worker0] [batch] [I024] log_probs  n=4  elapsed=0.65s
2026-03-22 08:45:00,793 [Worker0] [P99349] [S07] CORRECT(fail)  reward=0.10  → patcher
2026-03-22 08:45:00,793 [Worker0] [P95398] [S08] CORRECT  reward=0.50  next=solve  answer=True
2026-03-22 08:45:00,793 [Worker0] [P95398] DONE  status=ANSWER  total_steps=9
2026-03-22 08:45:00,793 [Worker0] [P01322] [S08] SOLVE  reward=0.50  next=solve  answer=False
2026-03-22 08:45:00,793 [Worker0] [P11293] [S08] PATCHER  reward=1.00  answer=False
2026-03-22 08:45:03,835 [Worker0] [batch] [I024] GPU_GEN  batch=2  elapsed=3.04s  pids=['1322', '11293']
2026-03-22 08:45:03,835 [Worker0] [batch] [I024] done=3  gen=0  api=3  patch=2  elapsed=131.0s
2026-03-22 08:45:05,289 [Worker0] [P08588] [S07] PATCHER_ARRIVED  reward=0.00  gt=correct
2026-03-22 08:45:11,272 [Worker0] [P99349] [S08] PATCHER_ARRIVED  reward=0.10  gt=correct
2026-03-22 08:45:11,783 [Worker0] [batch] [I025] log_probs  n=3  elapsed=0.51s
2026-03-22 08:45:11,783 [Worker0] [P13810] [S08] SOLVE  reward=0.10  next=correct  answer=False
2026-03-22 08:45:11,784 [Worker0] [P08588] [S07] PATCHER  reward=0.00  → WRONG  total=8
2026-03-22 08:45:11,784 [Worker0] ────────────────────────────────────────────────────────────
[PATCHER_WRONG] problem_id=8588  steps=8
  pred    : ['<|solve|>', '<|solve|>', '<|solve|>', '<|solve|>', '<|solve|>', '<|solve|>', '<|solve|>', '<|solve|>']
  gt      : ['<|solve|>', '<|solve|>', '<|solve|>', '<|solve|>', '<|solve|>', '<|solve|>', '<|correct|>', '<|correct|>']
  is_gen  : [True, True, True, True, True, True, True, False]
  rewards : [0.5, 0.5, 1.0, 0.5, 0.5, 0.1, 0.1, 0.0]
2026-03-22 08:45:11,784 [Worker0] [P99349] [S08] PATCHER  reward=0.10  → WRONG  total=9
2026-03-22 08:45:11,784 [Worker0] ────────────────────────────────────────────────────────────
[PATCHER_WRONG] problem_id=99349  steps=9
  pred    : ['<|solve|>', '<|solve|>', '<|solve|>', '<|solve|>', '<|solve|>', '<|solve|>', '<|solve|>', '<|solve|>', '<|solve|>']
  gt      : ['<|solve|>', '<|solve|>', '<|solve|>', '<|solve|>', '<|correct|>', '<|correct|>', '<|solve|>', '<|correct|>', '<|correct|>']
  is_gen  : [True, True, True, True, True, False, True, True, False]
  rewards : [0.5, 0.5, 0.5, 0.0, 0.0, 1.0, 0.1, 0.1, 0.1]
2026-03-22 08:45:15,275 [Worker0] [batch] [I025] GPU_GEN  batch=1  elapsed=3.49s  pids=['13810']
2026-03-22 08:45:15,275 [Worker0] [batch] [I025] done=5  gen=0  api=3  patch=0  elapsed=142.5s
2026-03-22 08:45:15,548 [Worker0] [batch] [I026] log_probs  n=2  elapsed=0.27s
2026-03-22 08:45:15,548 [Worker0] [P01322] [S09] SOLVE  reward=0.50  next=solve  answer=False
2026-03-22 08:45:15,548 [Worker0] [P11293] [S09] SOLVE  reward=0.50  next=solve  answer=False
2026-03-22 08:45:27,589 [Worker0] [batch] [I026] GPU_GEN  batch=2  elapsed=12.04s  pids=['1322', '11293']
2026-03-22 08:45:27,589 [Worker0] [batch] [I026] done=5  gen=0  api=3  patch=0  elapsed=154.8s
2026-03-22 08:45:27,589 [Worker0] [P13810] [S09] PATCHER_SUBMIT  reward=0.00
2026-03-22 08:45:27,716 [Worker0] [batch] [I027] log_probs  n=1  elapsed=0.13s
2026-03-22 08:45:27,717 [Worker0] [P13810] [S09] CORRECT(fail)  reward=0.00  → patcher
2026-03-22 08:45:27,717 [Worker0] [batch] [I027] done=5  gen=0  api=2  patch=1  elapsed=154.9s
2026-03-22 08:45:30,231 [Worker0] [batch] [I028] done=5  gen=0  api=2  patch=1  elapsed=157.4s
2026-03-22 08:45:30,377 [Worker0] [batch] [I029] log_probs  n=1  elapsed=0.15s
2026-03-22 08:45:30,377 [Worker0] [P11293] [S10] SOLVE  reward=0.10  next=correct  answer=False
2026-03-22 08:45:34,952 [Worker0] [batch] [I029] GPU_GEN  batch=1  elapsed=4.58s  pids=['11293']
2026-03-22 08:45:34,952 [Worker0] [batch] [I029] done=5  gen=0  api=2  patch=1  elapsed=162.1s
2026-03-22 08:45:38,905 [Worker0] [P13810] [S10] PATCHER_ARRIVED  reward=0.50  gt=solve
2026-03-22 08:45:39,049 [Worker0] [batch] [I030] log_probs  n=1  elapsed=0.14s
2026-03-22 08:45:39,049 [Worker0] [P13810] [S10] PATCHER  reward=0.50  answer=False
2026-03-22 08:45:39,856 [Worker0] [batch] [I030] GPU_GEN  batch=1  elapsed=0.81s  pids=['13810']
2026-03-22 08:45:39,856 [Worker0] [batch] [I030] done=5  gen=0  api=3  patch=0  elapsed=167.1s
2026-03-22 08:45:39,946 [Worker0] [batch] [I031] log_probs  n=1  elapsed=0.09s
2026-03-22 08:45:39,946 [Worker0] [P01322] [S10] SOLVE  reward=0.00  next=correct  answer=False
2026-03-22 08:45:43,532 [Worker0] [batch] [I031] GPU_GEN  batch=1  elapsed=3.59s  pids=['1322']
2026-03-22 08:45:43,532 [Worker0] [batch] [I031] done=5  gen=0  api=3  patch=0  elapsed=170.7s
2026-03-22 08:45:43,532 [Worker0] [P11293] [S11] PATCHER_SUBMIT  reward=0.00
2026-03-22 08:45:43,998 [Worker0] [batch] [I032] log_probs  n=2  elapsed=0.47s
2026-03-22 08:45:43,999 [Worker0] [P13810] [S11] SOLVE  reward=0.10  next=correct  answer=False
2026-03-22 08:45:43,999 [Worker0] [P11293] [S11] CORRECT(fail)  reward=0.00  → patcher
2026-03-22 08:45:47,598 [Worker0] [batch] [I032] GPU_GEN  batch=1  elapsed=3.60s  pids=['13810']
2026-03-22 08:45:47,598 [Worker0] [batch] [I032] done=5  gen=0  api=2  patch=1  elapsed=174.8s
2026-03-22 08:45:50,652 [Worker0] [batch] [I033] done=5  gen=0  api=2  patch=1  elapsed=177.8s
2026-03-22 08:45:53,298 [Worker0] [reward] 숫자 없는 응답: "''", 0.0 반환
2026-03-22 08:45:53,485 [Worker0] [P11293] [S12] PATCHER_ARRIVED  reward=1.00  gt=solve
2026-03-22 08:45:53,683 [Worker0] [batch] [I034] log_probs  n=1  elapsed=0.20s
2026-03-22 08:45:53,683 [Worker0] [P11293] [S12] PATCHER  reward=1.00  answer=False
2026-03-22 08:45:55,294 [Worker0] [batch] [I034] GPU_GEN  batch=1  elapsed=1.61s  pids=['11293']
2026-03-22 08:45:55,295 [Worker0] [batch] [I034] done=5  gen=0  api=3  patch=0  elapsed=182.5s
2026-03-22 08:45:55,295 [Worker0] [P13810] [S12] PATCHER_SUBMIT  reward=0.00
2026-03-22 08:45:55,295 [Worker0] [P01322] [S11] PATCHER_SUBMIT  reward=0.00
2026-03-22 08:45:55,674 [Worker0] [batch] [I035] log_probs  n=2  elapsed=0.38s
2026-03-22 08:45:55,675 [Worker0] [P13810] [S12] CORRECT(fail)  reward=0.00  → patcher
2026-03-22 08:45:55,675 [Worker0] [P01322] [S11] CORRECT(fail)  reward=0.00  → patcher
2026-03-22 08:45:55,675 [Worker0] [batch] [I035] done=5  gen=0  api=1  patch=2  elapsed=182.9s
2026-03-22 08:45:56,356 [Worker0] [batch] [I036] done=5  gen=0  api=1  patch=2  elapsed=183.6s
2026-03-22 08:45:56,542 [Worker0] [batch] [I037] log_probs  n=1  elapsed=0.19s
2026-03-22 08:45:56,542 [Worker0] [P11293] [S13] SOLVE  reward=0.10  next=correct  answer=False
2026-03-22 08:46:04,188 [Worker0] [batch] [I037] GPU_GEN  batch=1  elapsed=7.65s  pids=['11293']
2026-03-22 08:46:04,188 [Worker0] [batch] [I037] done=5  gen=0  api=1  patch=2  elapsed=191.4s
2026-03-22 08:46:07,437 [Worker0] [P13810] [S13] PATCHER_ARRIVED  reward=0.50  gt=solve
2026-03-22 08:46:07,615 [Worker0] [batch] [I038] log_probs  n=1  elapsed=0.18s
2026-03-22 08:46:07,615 [Worker0] [P13810] [S13] PATCHER  reward=0.50  answer=False
2026-03-22 08:46:08,456 [Worker0] [batch] [I038] GPU_GEN  batch=1  elapsed=0.84s  pids=['13810']
2026-03-22 08:46:08,456 [Worker0] [batch] [I038] done=5  gen=0  api=2  patch=1  elapsed=195.7s
2026-03-22 08:46:12,892 [Worker0] [P01322] [S12] PATCHER_ARRIVED  reward=0.50  gt=solve
2026-03-22 08:46:13,011 [Worker0] [batch] [I039] log_probs  n=1  elapsed=0.12s
2026-03-22 08:46:13,011 [Worker0] [P01322] [S12] PATCHER  reward=0.50  answer=False
2026-03-22 08:46:14,217 [Worker0] [batch] [I039] GPU_GEN  batch=1  elapsed=1.21s  pids=['1322']
2026-03-22 08:46:14,217 [Worker0] [batch] [I039] done=5  gen=0  api=3  patch=0  elapsed=201.4s
2026-03-22 08:46:14,218 [Worker0] [P11293] [S14] PATCHER_SUBMIT  reward=0.00
2026-03-22 08:46:14,743 [Worker0] [batch] [I040] log_probs  n=2  elapsed=0.53s
2026-03-22 08:46:14,744 [Worker0] [P13810] [S14] SOLVE  reward=0.10  next=correct  answer=False
2026-03-22 08:46:14,744 [Worker0] [P11293] [S14] CORRECT(fail)  reward=0.00  → patcher
2026-03-22 08:46:18,643 [Worker0] [batch] [I040] GPU_GEN  batch=1  elapsed=3.90s  pids=['13810']
2026-03-22 08:46:18,643 [Worker0] [batch] [I040] done=5  gen=0  api=2  patch=1  elapsed=205.8s
2026-03-22 08:46:20,080 [Worker0] [batch] [I041] done=5  gen=0  api=2  patch=1  elapsed=207.3s
2026-03-22 08:46:20,197 [Worker0] [batch] [I042] log_probs  n=1  elapsed=0.12s
2026-03-22 08:46:20,197 [Worker0] [P01322] [S13] SOLVE  reward=0.50  next=solve  answer=False
2026-03-22 08:46:21,306 [Worker0] [batch] [I042] GPU_GEN  batch=1  elapsed=1.11s  pids=['1322']
2026-03-22 08:46:21,307 [Worker0] [batch] [I042] done=5  gen=0  api=2  patch=1  elapsed=208.5s
2026-03-22 08:46:21,825 [Worker0] [batch] [I043] done=5  gen=0  api=2  patch=1  elapsed=209.0s
2026-03-22 08:46:21,825 [Worker0] [P13810] [S15] PATCHER_SUBMIT  reward=0.00
2026-03-22 08:46:22,022 [Worker0] [batch] [I044] log_probs  n=1  elapsed=0.20s
2026-03-22 08:46:22,022 [Worker0] [P13810] [S15] CORRECT(fail)  reward=0.00  → patcher
2026-03-22 08:46:22,022 [Worker0] [batch] [I044] done=5  gen=0  api=1  patch=2  elapsed=209.2s
2026-03-22 08:46:24,648 [Worker0] [batch] [I045] done=5  gen=0  api=1  patch=2  elapsed=211.8s
2026-03-22 08:46:28,693 [Worker0] [P11293] [S15] PATCHER_ARRIVED  reward=1.00  gt=solve
2026-03-22 08:46:28,915 [Worker0] [batch] [I046] log_probs  n=1  elapsed=0.22s
2026-03-22 08:46:28,915 [Worker0] [P11293] [S15] PATCHER  reward=1.00  answer=False
2026-03-22 08:46:31,572 [Worker0] [batch] [I046] GPU_GEN  batch=1  elapsed=2.66s  pids=['11293']
2026-03-22 08:46:31,572 [Worker0] [batch] [I046] done=5  gen=0  api=2  patch=1  elapsed=218.8s
2026-03-22 08:46:36,870 [Worker0] [P13810] [S16] PATCHER_ARRIVED  reward=0.50  gt=solve
2026-03-22 08:46:37,089 [Worker0] [batch] [I047] log_probs  n=1  elapsed=0.22s
2026-03-22 08:46:37,089 [Worker0] [P13810] [S16] PATCHER  reward=0.50  answer=False
2026-03-22 08:46:37,962 [Worker0] [batch] [I047] GPU_GEN  batch=1  elapsed=0.87s  pids=['13810']
2026-03-22 08:46:37,962 [Worker0] [batch] [I047] done=5  gen=0  api=3  patch=0  elapsed=225.2s
2026-03-22 08:46:38,531 [Worker0] [batch] [I048] log_probs  n=2  elapsed=0.57s
2026-03-22 08:46:38,532 [Worker0] [P01322] [S14] SOLVE  reward=0.50  next=solve  answer=False
2026-03-22 08:46:38,532 [Worker0] [P11293] [S16] SOLVE  reward=1.00  next=correct  answer=False
2026-03-22 08:46:43,485 [Worker0] [batch] [I048] GPU_GEN  batch=2  elapsed=4.95s  pids=['1322', '11293']
2026-03-22 08:46:43,485 [Worker0] [batch] [I048] done=5  gen=0  api=3  patch=0  elapsed=230.7s
2026-03-22 08:46:43,704 [Worker0] [batch] [I049] log_probs  n=1  elapsed=0.22s
2026-03-22 08:46:43,704 [Worker0] [P13810] [S17] SOLVE  reward=0.10  next=correct  answer=False
2026-03-22 08:46:47,659 [Worker0] [batch] [I049] GPU_GEN  batch=1  elapsed=3.96s  pids=['13810']
2026-03-22 08:46:47,659 [Worker0] [batch] [I049] done=5  gen=0  api=3  patch=0  elapsed=234.9s
2026-03-22 08:46:47,660 [Worker0] [P11293] [S17] PATCHER_SUBMIT  reward=0.10
2026-03-22 08:46:48,236 [Worker0] [batch] [I050] log_probs  n=2  elapsed=0.58s
2026-03-22 08:46:48,236 [Worker0] [P01322] [S15] SOLVE  reward=0.50  next=solve  answer=False
2026-03-22 08:46:48,236 [Worker0] [P11293] [S17] CORRECT(fail)  reward=0.10  → patcher
2026-03-22 08:46:49,804 [Worker0] [batch] [I050] GPU_GEN  batch=1  elapsed=1.57s  pids=['1322']
2026-03-22 08:46:49,804 [Worker0] [batch] [I050] done=5  gen=0  api=2  patch=1  elapsed=237.0s
2026-03-22 08:46:49,804 [Worker0] [P13810] [S18] PATCHER_SUBMIT  reward=0.00
2026-03-22 08:46:50,050 [Worker0] [batch] [I051] log_probs  n=1  elapsed=0.25s
2026-03-22 08:46:50,050 [Worker0] [P13810] [S18] CORRECT(fail)  reward=0.00  → patcher
2026-03-22 08:46:50,050 [Worker0] [batch] [I051] done=5  gen=0  api=1  patch=2  elapsed=237.2s
2026-03-22 08:46:51,326 [Worker0] [batch] [I052] done=5  gen=0  api=1  patch=2  elapsed=238.5s
2026-03-22 08:46:53,647 [Worker0] [P11293] [S18] PATCHER_ARRIVED  reward=0.10  gt=correct
2026-03-22 08:46:53,890 [Worker0] [batch] [I053] log_probs  n=1  elapsed=0.24s
2026-03-22 08:46:53,890 [Worker0] [P11293] [S18] PATCHER  reward=0.10  → WRONG  total=19
2026-03-22 08:46:53,891 [Worker0] ────────────────────────────────────────────────────────────
[PATCHER_WRONG] problem_id=11293  steps=19
  pred    : ['<|solve|>', '<|solve|>', '<|solve|>', '<|solve|>', '<|solve|>', '<|solve|>', '<|solve|>', '<|solve|>', '<|solve|>', '<|solve|>', '<|solve|>', '<|solve|>', '<|solve|>', '<|solve|>', '<|solve|>', '<|solve|>', '<|solve|>', '<|solve|>', '<|solve|>']
  gt      : ['<|solve|>', '<|correct|>', '<|correct|>', '<|solve|>', '<|solve|>', '<|solve|>', '<|solve|>', '<|correct|>', '<|correct|>', '<|solve|>', '<|solve|>', '<|correct|>', '<|correct|>', '<|solve|>', '<|correct|>', '<|correct|>', '<|solve|>', '<|correct|>', '<|correct|>']
  is_gen  : [True, True, False, True, True, True, True, True, False, True, True, True, False, True, True, False, True, True, False]
  rewards : [0.1, 0.1, 1.0, 0.5, 0.5, 0.5, 0.0, 0.0, 1.0, 0.5, 0.1, 0.0, 1.0, 0.1, 0.0, 1.0, 1.0, 0.1, 0.1]
2026-03-22 08:46:53,891 [Worker0] [batch] [I053] done=6  gen=0  api=1  patch=1  elapsed=241.1s
2026-03-22 08:46:55,171 [Worker0] [batch] [I054] done=6  gen=0  api=1  patch=1  elapsed=242.4s
2026-03-22 08:46:59,924 [Worker0] [P13810] [S19] PATCHER_ARRIVED  reward=0.50  gt=solve
2026-03-22 08:47:00,184 [Worker0] [batch] [I055] log_probs  n=1  elapsed=0.26s
2026-03-22 08:47:00,185 [Worker0] [P13810] [S19] PATCHER  reward=0.50  answer=False
2026-03-22 08:47:01,113 [Worker0] [batch] [I055] GPU_GEN  batch=1  elapsed=0.93s  pids=['13810']
2026-03-22 08:47:01,113 [Worker0] [batch] [I055] done=6  gen=0  api=2  patch=0  elapsed=248.3s
2026-03-22 08:47:01,249 [Worker0] [batch] [I056] log_probs  n=1  elapsed=0.14s
2026-03-22 08:47:01,249 [Worker0] [P01322] [S16] SOLVE  reward=0.00  next=correct  answer=False
2026-03-22 08:47:02,776 [Worker0] [batch] [I056] GPU_GEN  batch=1  elapsed=1.53s  pids=['1322']
2026-03-22 08:47:02,776 [Worker0] [batch] [I056] done=6  gen=0  api=2  patch=0  elapsed=250.0s
2026-03-22 08:47:03,036 [Worker0] [batch] [I057] log_probs  n=1  elapsed=0.26s
2026-03-22 08:47:03,037 [Worker0] [P13810] [S20] SOLVE  reward=0.10  next=correct  answer=False
2026-03-22 08:47:07,051 [Worker0] [batch] [I057] GPU_GEN  batch=1  elapsed=4.01s  pids=['13810']
2026-03-22 08:47:07,051 [Worker0] [batch] [I057] done=6  gen=0  api=2  patch=0  elapsed=254.2s
2026-03-22 08:47:09,986 [Worker0] [batch] [I058] done=6  gen=0  api=2  patch=0  elapsed=257.2s
2026-03-22 08:47:09,986 [Worker0] [P13810] [S21] PATCHER_SUBMIT  reward=0.00
2026-03-22 08:47:10,266 [Worker0] [batch] [I059] log_probs  n=1  elapsed=0.28s
2026-03-22 08:47:10,266 [Worker0] [P13810] [S21] CORRECT(fail)  reward=0.00  → patcher
2026-03-22 08:47:10,266 [Worker0] [batch] [I059] done=6  gen=0  api=1  patch=1  elapsed=257.5s
2026-03-22 08:47:10,266 [Worker0] [P01322] [S17] PATCHER_SUBMIT  reward=0.00
2026-03-22 08:47:10,429 [Worker0] [batch] [I060] log_probs  n=1  elapsed=0.16s
2026-03-22 08:47:10,429 [Worker0] [P01322] [S17] CORRECT(fail)  reward=0.00  → patcher
2026-03-22 08:47:10,429 [Worker0] [batch] [I060] done=6  gen=0  api=0  patch=2  elapsed=257.6s
2026-03-22 08:47:13,141 [Worker0] [batch] [I061] done=6  gen=0  api=0  patch=2  elapsed=260.3s
2026-03-22 08:47:15,827 [Worker0] [P01322] [S18] PATCHER_ARRIVED  reward=0.50  gt=solve
2026-03-22 08:47:15,979 [Worker0] [batch] [I062] log_probs  n=1  elapsed=0.15s
2026-03-22 08:47:15,979 [Worker0] [P01322] [S18] PATCHER  reward=0.50  answer=False
2026-03-22 08:47:17,508 [Worker0] [batch] [I062] GPU_GEN  batch=1  elapsed=1.53s  pids=['1322']
2026-03-22 08:47:17,508 [Worker0] [batch] [I062] done=6  gen=0  api=1  patch=1  elapsed=264.7s
2026-03-22 08:47:21,186 [Worker0] [P13810] [S22] PATCHER_ARRIVED  reward=0.50  gt=solve
2026-03-22 08:47:21,483 [Worker0] [batch] [I063] log_probs  n=1  elapsed=0.30s
2026-03-22 08:47:21,483 [Worker0] [P13810] [S22] PATCHER  reward=0.50  answer=False
2026-03-22 08:47:22,442 [Worker0] [batch] [I063] GPU_GEN  batch=1  elapsed=0.96s  pids=['13810']
2026-03-22 08:47:22,442 [Worker0] [batch] [I063] done=6  gen=0  api=2  patch=0  elapsed=269.6s
2026-03-22 08:47:23,938 [Worker0] [batch] [I064] done=6  gen=0  api=2  patch=0  elapsed=271.1s
2026-03-22 08:47:24,236 [Worker0] [batch] [I065] log_probs  n=1  elapsed=0.30s
2026-03-22 08:47:24,237 [Worker0] [P13810] [S23] SOLVE  reward=0.10  next=correct  answer=False
2026-03-22 08:47:25,118 [Worker0] [reward] 숫자 없는 응답: "''", 0.0 반환
2026-03-22 08:47:28,282 [Worker0] [batch] [I065] GPU_GEN  batch=1  elapsed=4.05s  pids=['13810']
2026-03-22 08:47:28,283 [Worker0] [batch] [I065] done=6  gen=0  api=2  patch=0  elapsed=275.5s
2026-03-22 08:47:28,434 [Worker0] [batch] [I066] log_probs  n=1  elapsed=0.15s
2026-03-22 08:47:28,435 [Worker0] [P01322] [S19] SOLVE  reward=0.00  next=correct  answer=False
2026-03-22 08:47:29,987 [Worker0] [batch] [I066] GPU_GEN  batch=1  elapsed=1.55s  pids=['1322']
2026-03-22 08:47:29,988 [Worker0] [batch] [I066] done=6  gen=0  api=2  patch=0  elapsed=277.2s
2026-03-22 08:47:31,242 [Worker0] [batch] [I067] done=6  gen=0  api=2  patch=0  elapsed=278.4s
2026-03-22 08:47:31,242 [Worker0] [P13810] [S24] PATCHER_SUBMIT  reward=0.00
2026-03-22 08:47:31,551 [Worker0] [batch] [I068] log_probs  n=1  elapsed=0.31s
2026-03-22 08:47:31,552 [Worker0] [P13810] [S24] CORRECT(fail)  reward=0.00  → patcher
2026-03-22 08:47:31,552 [Worker0] [batch] [I068] done=6  gen=0  api=1  patch=1  elapsed=278.7s
2026-03-22 08:47:38,102 [Worker0] [reward] 숫자 없는 응답: "''", 0.0 반환
2026-03-22 08:47:38,102 [Worker0] [batch] [I069] done=6  gen=0  api=1  patch=1  elapsed=285.3s
2026-03-22 08:47:38,102 [Worker0] [P01322] [S20] PATCHER_SUBMIT  reward=0.00
2026-03-22 08:47:38,273 [Worker0] [batch] [I070] log_probs  n=1  elapsed=0.17s
2026-03-22 08:47:38,274 [Worker0] [P01322] [S20] CORRECT(fail)  reward=0.00  → patcher
2026-03-22 08:47:38,274 [Worker0] [batch] [I070] done=6  gen=0  api=0  patch=2  elapsed=285.5s
2026-03-22 08:47:38,431 [Worker0] [batch] [I071] done=6  gen=0  api=0  patch=2  elapsed=285.6s
2026-03-22 08:47:44,510 [Worker0] [P13810] [S25] PATCHER_ARRIVED  reward=0.50  gt=solve
2026-03-22 08:47:44,839 [Worker0] [batch] [I072] log_probs  n=1  elapsed=0.33s
2026-03-22 08:47:44,839 [Worker0] [P13810] [S25] PATCHER  reward=0.50  answer=False
2026-03-22 08:47:45,835 [Worker0] [batch] [I072] GPU_GEN  batch=1  elapsed=1.00s  pids=['13810']
2026-03-22 08:47:45,836 [Worker0] [batch] [I072] done=6  gen=0  api=1  patch=1  elapsed=293.0s
2026-03-22 08:47:46,846 [Worker0] [batch] [I073] done=6  gen=0  api=1  patch=1  elapsed=294.0s
2026-03-22 08:47:47,173 [Worker0] [batch] [I074] log_probs  n=1  elapsed=0.33s
2026-03-22 08:47:47,173 [Worker0] [P13810] [S26] SOLVE  reward=0.10  next=correct  answer=False
2026-03-22 08:47:51,349 [Worker0] [batch] [I074] GPU_GEN  batch=1  elapsed=4.18s  pids=['13810']
2026-03-22 08:47:51,350 [Worker0] [batch] [I074] done=6  gen=0  api=1  patch=1  elapsed=298.5s
2026-03-22 08:47:53,410 [Worker0] [batch] [I075] done=6  gen=0  api=1  patch=1  elapsed=300.6s
2026-03-22 08:47:53,411 [Worker0] [P13810] [S27] PATCHER_SUBMIT  reward=0.00
2026-03-22 08:47:53,771 [Worker0] [batch] [I076] log_probs  n=1  elapsed=0.36s
2026-03-22 08:47:53,771 [Worker0] [P13810] [S27] CORRECT(fail)  reward=0.00  → patcher
2026-03-22 08:47:53,771 [Worker0] [batch] [I076] done=6  gen=0  api=0  patch=2  elapsed=301.0s
2026-03-22 08:47:55,932 [Worker0] [batch] [I077] done=6  gen=0  api=0  patch=2  elapsed=303.1s
2026-03-22 08:47:59,356 [Worker0] [P01322] [S21] PATCHER_ARRIVED  reward=1.00  gt=solve
2026-03-22 08:47:59,549 [Worker0] [batch] [I078] log_probs  n=1  elapsed=0.19s
2026-03-22 08:47:59,550 [Worker0] [P01322] [S21] PATCHER  reward=1.00  answer=False
2026-03-22 08:48:01,556 [Worker0] [batch] [I078] GPU_GEN  batch=1  elapsed=2.01s  pids=['1322']
2026-03-22 08:48:01,556 [Worker0] [batch] [I078] done=6  gen=0  api=1  patch=1  elapsed=308.8s
2026-03-22 08:48:02,717 [Worker0] [batch] [I079] done=6  gen=0  api=1  patch=1  elapsed=309.9s
2026-03-22 08:48:07,018 [Worker0] [P13810] [S28] PATCHER_ARRIVED  reward=0.50  gt=solve
2026-03-22 08:48:07,399 [Worker0] [batch] [I080] log_probs  n=1  elapsed=0.38s
2026-03-22 08:48:07,399 [Worker0] [P13810] [S28] PATCHER  reward=0.50  answer=False
2026-03-22 08:48:08,449 [Worker0] [batch] [I080] GPU_GEN  batch=1  elapsed=1.05s  pids=['13810']
2026-03-22 08:48:08,449 [Worker0] [batch] [I080] done=6  gen=0  api=2  patch=0  elapsed=315.6s
2026-03-22 08:48:08,644 [Worker0] [batch] [I081] log_probs  n=1  elapsed=0.19s
2026-03-22 08:48:08,644 [Worker0] [P01322] [S22] SOLVE  reward=0.00  next=correct  answer=False
2026-03-22 08:48:08,947 [Worker0] [batch] [I081] GPU_GEN  batch=1  elapsed=0.30s  pids=['1322']
2026-03-22 08:48:08,947 [Worker0] [batch] [I081] done=6  gen=0  api=2  patch=0  elapsed=316.1s
2026-03-22 08:48:09,527 [Worker0] [batch] [I082] done=6  gen=0  api=2  patch=0  elapsed=316.7s
2026-03-22 08:48:09,907 [Worker0] [batch] [I083] log_probs  n=1  elapsed=0.38s
2026-03-22 08:48:09,907 [Worker0] [P13810] [S29] SOLVE  reward=0.10  next=correct  answer=False
2026-03-22 08:48:09,907 [Worker0] [batch] [I083] done=7  gen=0  api=1  patch=0  elapsed=317.1s
2026-03-22 08:48:16,578 [Worker0] [reward] 숫자 없는 응답: "''", 0.0 반환
2026-03-22 08:48:16,578 [Worker0] [batch] [I084] done=7  gen=0  api=1  patch=0  elapsed=323.8s
2026-03-22 08:48:16,579 [Worker0] [P01322] [S23] PATCHER_SUBMIT  reward=0.00
2026-03-22 08:48:16,772 [Worker0] [batch] [I085] log_probs  n=1  elapsed=0.19s
2026-03-22 08:48:16,772 [Worker0] [P01322] [S23] CORRECT(fail)  reward=0.00  → patcher
2026-03-22 08:48:16,772 [Worker0] [batch] [I085] done=7  gen=0  api=0  patch=1  elapsed=324.0s
2026-03-22 08:48:36,219 [Worker0] [batch] [I086] done=7  gen=0  api=0  patch=1  elapsed=343.4s
2026-03-22 08:48:42,047 [Worker0] [reward] 숫자 없는 응답: "''", 0.0 반환
2026-03-22 08:48:42,057 [Worker0] [P01322] [S24] PATCHER_ARRIVED  reward=0.00  gt=correct
2026-03-22 08:48:42,286 [Worker0] [batch] [I087] log_probs  n=1  elapsed=0.23s
2026-03-22 08:48:42,286 [Worker0] [P01322] [S24] PATCHER  reward=0.00  → WRONG  total=25
2026-03-22 08:48:42,286 [Worker0] ────────────────────────────────────────────────────────────
[PATCHER_WRONG] problem_id=1322  steps=25
  pred    : ['<|solve|>', '<|solve|>', '<|solve|>', '<|solve|>', '<|solve|>', '<|solve|>', '<|solve|>', '<|solve|>', '<|solve|>', '<|solve|>', '<|solve|>', '<|solve|>', '<|solve|>', '<|solve|>', '<|solve|>', '<|solve|>', '<|solve|>', '<|solve|>', '<|solve|>', '<|solve|>', '<|solve|>', '<|solve|>', '<|solve|>', '<|solve|>', '<|solve|>']
  gt      : ['<|solve|>', '<|correct|>', '<|correct|>', '<|solve|>', '<|solve|>', '<|correct|>', '<|correct|>', '<|solve|>', '<|solve|>', '<|solve|>', '<|solve|>', '<|correct|>', '<|correct|>', '<|solve|>', '<|solve|>', '<|solve|>', '<|solve|>', '<|correct|>', '<|correct|>', '<|solve|>', '<|correct|>', '<|correct|>', '<|solve|>', '<|correct|>', '<|correct|>']
  is_gen  : [True, True, False, True, True, True, False, True, True, True, True, True, False, True, True, True, True, True, False, True, True, False, True, True, False]
  rewards : [0.1, 0.1, 0.5, 0.5, 0.0, 0.0, 0.5, 0.5, 0.5, 0.5, 0.0, 0.0, 0.5, 0.5, 0.5, 0.5, 0.0, 0.0, 0.5, 0.0, 0.0, 1.0, 0.0, 0.0, 0.0]
2026-03-22 08:48:42,287 [Worker0] [batch] BATCH_DONE  problems=8  answered=1  total_steps=109  iters=87  elapsed=349.5s
2026-03-22 08:48:48,885 [Worker0] [batch] [I000] GPU_GEN  batch=8  elapsed=6.48s  pids=['59363', '66383', '84980', '33283', '101450', '90238', '11373', '39292']
2026-03-22 08:48:48,891 [Worker0] [batch] [I000] done=0  gen=0  api=8  patch=0  elapsed=6.5s
2026-03-22 08:48:50,032 [Worker0] [batch] [I001] done=0  gen=0  api=8  patch=0  elapsed=7.6s
2026-03-22 08:48:50,056 [Worker0] [batch] [I002] log_probs  n=1  elapsed=0.02s
2026-03-22 08:48:50,056 [Worker0] [P101450] [S00] SOLVE  reward=0.50  next=solve  answer=False
2026-03-22 08:48:50,321 [Worker0] [batch] [I002] GPU_GEN  batch=1  elapsed=0.26s  pids=['101450']
2026-03-22 08:48:50,321 [Worker0] [batch] [I002] done=0  gen=0  api=8  patch=0  elapsed=7.9s
2026-03-22 08:48:50,344 [Worker0] [batch] [I003] log_probs  n=1  elapsed=0.02s
2026-03-22 08:48:50,344 [Worker0] [P59363] [S00] SOLVE  reward=0.00  next=correct  answer=False
2026-03-22 08:48:50,928 [Worker0] [batch] [I003] GPU_GEN  batch=1  elapsed=0.58s  pids=['59363']
2026-03-22 08:48:50,928 [Worker0] [batch] [I003] done=0  gen=0  api=8  patch=0  elapsed=8.5s
2026-03-22 08:48:50,978 [Worker0] [batch] [I004] log_probs  n=3  elapsed=0.05s
2026-03-22 08:48:50,978 [Worker0] [P84980] [S00] SOLVE  reward=0.50  next=solve  answer=False
2026-03-22 08:48:50,978 [Worker0] [P33283] [S00] SOLVE  reward=0.10  next=correct  answer=False
2026-03-22 08:48:50,978 [Worker0] [P39292] [S00] SOLVE  reward=0.10  next=correct  answer=False
2026-03-22 08:48:53,147 [Worker0] [batch] [I004] GPU_GEN  batch=3  elapsed=2.17s  pids=['84980', '33283', '39292']
2026-03-22 08:48:53,147 [Worker0] [batch] [I004] done=0  gen=0  api=8  patch=0  elapsed=10.7s
2026-03-22 08:48:53,212 [Worker0] [batch] [I005] log_probs  n=3  elapsed=0.07s
2026-03-22 08:48:53,213 [Worker0] [P66383] [S00] SOLVE  reward=0.50  next=solve  answer=False
2026-03-22 08:48:53,213 [Worker0] [P101450] [S01] SOLVE  reward=0.50  next=solve  answer=False
2026-03-22 08:48:53,213 [Worker0] [P11373] [S00] SOLVE  reward=0.00  next=correct  answer=False
2026-03-22 08:48:57,344 [Worker0] [reward] 숫자 없는 응답: "''", 0.0 반환
2026-03-22 08:49:00,455 [Worker0] [batch] [I005] GPU_GEN  batch=3  elapsed=7.24s  pids=['66383', '101450', '11373']
2026-03-22 08:49:00,455 [Worker0] [batch] [I005] done=0  gen=0  api=8  patch=0  elapsed=18.0s
2026-03-22 08:49:00,455 [Worker0] [P59363] [S01] PATCHER_SUBMIT  reward=0.00
2026-03-22 08:49:00,455 [Worker0] [P33283] [S01] PATCHER_SUBMIT  reward=0.10
2026-03-22 08:49:00,455 [Worker0] [P39292] [S01] PATCHER_SUBMIT  reward=0.10
2026-03-22 08:49:00,640 [Worker0] [batch] [I006] log_probs  n=5  elapsed=0.18s
2026-03-22 08:49:00,640 [Worker0] [P59363] [S01] CORRECT(fail)  reward=0.00  → patcher
2026-03-22 08:49:00,640 [Worker0] [P84980] [S01] SOLVE  reward=0.10  next=correct  answer=False
2026-03-22 08:49:00,640 [Worker0] [P33283] [S01] CORRECT(fail)  reward=0.10  → patcher
2026-03-22 08:49:00,640 [Worker0] [P90238] [S00] SOLVE  reward=0.00  next=correct  answer=False
2026-03-22 08:49:00,640 [Worker0] [P39292] [S01] CORRECT(fail)  reward=0.10  → patcher
2026-03-22 08:49:03,049 [Worker0] [batch] [I006] GPU_GEN  batch=2  elapsed=2.41s  pids=['84980', '90238']
2026-03-22 08:49:03,050 [Worker0] [batch] [I006] done=0  gen=0  api=5  patch=3  elapsed=20.6s
2026-03-22 08:49:03,077 [Worker0] [batch] [I007] log_probs  n=1  elapsed=0.03s
2026-03-22 08:49:03,077 [Worker0] [P101450] [S02] SOLVE  reward=1.00  next=solve  answer=False
2026-03-22 08:49:03,250 [Worker0] [batch] [I007] GPU_GEN  batch=1  elapsed=0.17s  pids=['101450']
2026-03-22 08:49:03,250 [Worker0] [batch] [I007] done=0  gen=0  api=5  patch=3  elapsed=20.8s
2026-03-22 08:49:03,293 [Worker0] [batch] [I008] log_probs  n=1  elapsed=0.04s
2026-03-22 08:49:03,293 [Worker0] [P11373] [S01] CORRECT  reward=0.50  next=solve  answer=False
2026-03-22 08:49:04,187 [Worker0] [batch] [I008] GPU_GEN  batch=1  elapsed=0.89s  pids=['11373']
2026-03-22 08:49:04,187 [Worker0] [batch] [I008] done=0  gen=0  api=5  patch=3  elapsed=21.8s
2026-03-22 08:49:04,431 [Worker0] [batch] [I009] done=0  gen=0  api=5  patch=3  elapsed=22.0s
2026-03-22 08:49:04,456 [Worker0] [batch] [I010] log_probs  n=1  elapsed=0.02s
2026-03-22 08:49:04,456 [Worker0] [P101450] [S03] SOLVE  reward=1.00  next=correct  answer=False
2026-03-22 08:49:05,307 [Worker0] [batch] [I010] GPU_GEN  batch=1  elapsed=0.85s  pids=['101450']
2026-03-22 08:49:05,307 [Worker0] [batch] [I010] done=0  gen=0  api=5  patch=3  elapsed=22.9s
2026-03-22 08:49:05,307 [Worker0] [P84980] [S02] PATCHER_SUBMIT  reward=0.00
2026-03-22 08:49:07,027 [Worker0] [P33283] [S02] PATCHER_ARRIVED  reward=0.10  gt=correct
2026-03-22 08:49:08,320 [Worker0] [P39292] [S02] PATCHER_ARRIVED  reward=1.00  gt=solve
2026-03-22 08:49:08,481 [Worker0] [batch] [I011] log_probs  n=4  elapsed=0.16s
2026-03-22 08:49:08,481 [Worker0] [P66383] [S01] SOLVE  reward=0.00  next=correct  answer=False
2026-03-22 08:49:08,481 [Worker0] [P84980] [S02] CORRECT(fail)  reward=0.00  → patcher
2026-03-22 08:49:08,481 [Worker0] [P33283] [S02] PATCHER  reward=0.10  → WRONG  total=3
2026-03-22 08:49:08,481 [Worker0] ────────────────────────────────────────────────────────────
[PATCHER_WRONG] problem_id=33283  steps=3
  pred    : ['<|solve|>', '<|solve|>', '<|solve|>']
  gt      : ['<|solve|>', '<|correct|>', '<|correct|>']
  is_gen  : [True, True, False]
  rewards : [0.1, 0.1, 0.1]
2026-03-22 08:49:08,481 [Worker0] [P39292] [S02] PATCHER  reward=1.00  answer=False
2026-03-22 08:49:16,688 [Worker0] [batch] [I011] GPU_GEN  batch=2  elapsed=8.21s  pids=['66383', '39292']
2026-03-22 08:49:16,688 [Worker0] [batch] [I011] done=1  gen=0  api=5  patch=2  elapsed=34.3s
2026-03-22 08:49:16,688 [Worker0] [P101450] [S04] PATCHER_SUBMIT  reward=0.10
2026-03-22 08:49:19,374 [Worker0] [P59363] [S02] PATCHER_ARRIVED  reward=0.50  gt=solve
2026-03-22 08:49:21,637 [Worker0] [P84980] [S03] PATCHER_ARRIVED  reward=0.10  gt=correct
2026-03-22 08:49:21,949 [Worker0] [batch] [I012] log_probs  n=5  elapsed=0.31s
2026-03-22 08:49:21,949 [Worker0] [P101450] [S04] CORRECT(fail)  reward=0.10  → patcher
2026-03-22 08:49:21,949 [Worker0] [P90238] [S01] CORRECT  reward=1.00  next=solve  answer=False
2026-03-22 08:49:21,949 [Worker0] [P11373] [S02] SOLVE  reward=0.50  next=solve  answer=False
2026-03-22 08:49:21,949 [Worker0] [P59363] [S02] PATCHER  reward=0.50  answer=False
2026-03-22 08:49:21,950 [Worker0] [P84980] [S03] PATCHER  reward=0.10  → WRONG  total=4
2026-03-22 08:49:21,950 [Worker0] ────────────────────────────────────────────────────────────
[PATCHER_WRONG] problem_id=84980  steps=4
  pred    : ['<|solve|>', '<|solve|>', '<|solve|>', '<|solve|>']
  gt      : ['<|solve|>', '<|solve|>', '<|correct|>', '<|correct|>']
  is_gen  : [True, True, True, False]
  rewards : [0.5, 0.1, 0.0, 0.1]
2026-03-22 08:49:23,541 [Worker0] [batch] [I012] GPU_GEN  batch=3  elapsed=1.59s  pids=['59363', '90238', '11373']
2026-03-22 08:49:23,541 [Worker0] [batch] [I012] done=2  gen=0  api=5  patch=1  elapsed=41.1s
2026-03-22 08:49:23,541 [Worker0] [P66383] [S02] PATCHER_SUBMIT  reward=0.00
2026-03-22 08:49:24,974 [Worker0] [P101450] [S05] PATCHER_ARRIVED  reward=0.10  gt=correct
2026-03-22 08:49:25,254 [Worker0] [batch] [I013] log_probs  n=3  elapsed=0.28s
2026-03-22 08:49:25,254 [Worker0] [P66383] [S02] CORRECT(fail)  reward=0.00  → patcher
2026-03-22 08:49:25,254 [Worker0] [P39292] [S03] SOLVE  reward=0.50  next=solve  answer=False
2026-03-22 08:49:25,254 [Worker0] [P101450] [S05] PATCHER  reward=0.10  → WRONG  total=6
2026-03-22 08:49:25,254 [Worker0] ────────────────────────────────────────────────────────────
[PATCHER_WRONG] problem_id=101450  steps=6
  pred    : ['<|solve|>', '<|solve|>', '<|solve|>', '<|solve|>', '<|solve|>', '<|solve|>']
  gt      : ['<|solve|>', '<|solve|>', '<|solve|>', '<|solve|>', '<|correct|>', '<|correct|>']
  is_gen  : [True, True, True, True, True, False]
  rewards : [0.5, 0.5, 1.0, 1.0, 0.1, 0.1]
2026-03-22 08:49:27,160 [Worker0] [batch] [I013] GPU_GEN  batch=1  elapsed=1.91s  pids=['39292']
2026-03-22 08:49:27,160 [Worker0] [batch] [I013] done=3  gen=0  api=4  patch=1  elapsed=44.8s
2026-03-22 08:49:27,245 [Worker0] [batch] [I014] log_probs  n=2  elapsed=0.09s
2026-03-22 08:49:27,246 [Worker0] [P59363] [S03] SOLVE  reward=0.50  next=solve  answer=False
2026-03-22 08:49:27,246 [Worker0] [P90238] [S02] SOLVE  reward=0.10  next=correct  answer=False
2026-03-22 08:49:28,609 [Worker0] [batch] [I014] GPU_GEN  batch=2  elapsed=1.36s  pids=['59363', '90238']
2026-03-22 08:49:28,610 [Worker0] [batch] [I014] done=3  gen=0  api=4  patch=1  elapsed=46.2s
2026-03-22 08:49:28,621 [Worker0] [batch] [I015] done=3  gen=0  api=4  patch=1  elapsed=46.2s
2026-03-22 08:49:28,672 [Worker0] [batch] [I016] log_probs  n=1  elapsed=0.05s
2026-03-22 08:49:28,673 [Worker0] [P11373] [S03] SOLVE  reward=0.00  next=correct  answer=False
2026-03-22 08:49:29,806 [Worker0] [batch] [I016] GPU_GEN  batch=1  elapsed=1.13s  pids=['11373']
2026-03-22 08:49:29,806 [Worker0] [batch] [I016] done=3  gen=0  api=4  patch=1  elapsed=47.4s
2026-03-22 08:49:30,303 [Worker0] [batch] [I017] done=3  gen=0  api=4  patch=1  elapsed=47.9s
2026-03-22 08:49:30,343 [Worker0] [batch] [I018] log_probs  n=1  elapsed=0.04s
2026-03-22 08:49:30,343 [Worker0] [P59363] [S04] SOLVE  reward=0.50  next=solve  answer=False
2026-03-22 08:49:31,317 [Worker0] [batch] [I018] GPU_GEN  batch=1  elapsed=0.97s  pids=['59363']
2026-03-22 08:49:31,317 [Worker0] [batch] [I018] done=3  gen=0  api=4  patch=1  elapsed=48.9s
2026-03-22 08:49:32,003 [Worker0] [batch] [I019] done=3  gen=0  api=4  patch=1  elapsed=49.6s
2026-03-22 08:49:39,653 [Worker0] [P66383] [S03] PATCHER_ARRIVED  reward=0.00  gt=correct
2026-03-22 08:49:39,765 [Worker0] [batch] [I020] log_probs  n=1  elapsed=0.11s
2026-03-22 08:49:39,765 [Worker0] [P66383] [S03] PATCHER  reward=0.00  → WRONG  total=4
2026-03-22 08:49:39,765 [Worker0] ────────────────────────────────────────────────────────────
[PATCHER_WRONG] problem_id=66383  steps=4
  pred    : ['<|solve|>', '<|solve|>', '<|solve|>', '<|solve|>']
  gt      : ['<|solve|>', '<|solve|>', '<|correct|>', '<|correct|>']
  is_gen  : [True, True, True, False]
  rewards : [0.5, 0.0, 0.0, 0.0]
2026-03-22 08:49:39,765 [Worker0] [batch] [I020] done=4  gen=0  api=4  patch=0  elapsed=57.4s
2026-03-22 08:49:39,765 [Worker0] [P90238] [S03] PATCHER_SUBMIT  reward=0.10
2026-03-22 08:49:39,765 [Worker0] [P11373] [S04] PATCHER_SUBMIT  reward=0.00
2026-03-22 08:49:39,969 [Worker0] [batch] [I021] log_probs  n=4  elapsed=0.20s
2026-03-22 08:49:39,970 [Worker0] [P59363] [S05] SOLVE  reward=0.10  next=correct  answer=False
2026-03-22 08:49:39,970 [Worker0] [P90238] [S03] CORRECT(fail)  reward=0.10  → patcher
2026-03-22 08:49:39,970 [Worker0] [P11373] [S04] CORRECT(fail)  reward=0.00  → patcher
2026-03-22 08:49:39,970 [Worker0] [P39292] [S04] SOLVE  reward=0.10  next=correct  answer=False
2026-03-22 08:49:45,277 [Worker0] [batch] [I021] GPU_GEN  batch=2  elapsed=5.31s  pids=['59363', '39292']
2026-03-22 08:49:45,278 [Worker0] [batch] [I021] done=4  gen=0  api=2  patch=2  elapsed=62.9s
2026-03-22 08:49:50,784 [Worker0] [P11373] [S05] PATCHER_ARRIVED  reward=0.50  gt=solve
2026-03-22 08:49:50,843 [Worker0] [batch] [I022] log_probs  n=1  elapsed=0.06s
2026-03-22 08:49:50,844 [Worker0] [P11373] [S05] PATCHER  reward=0.50  answer=False
2026-03-22 08:49:52,427 [Worker0] [batch] [I022] GPU_GEN  batch=1  elapsed=1.58s  pids=['11373']
2026-03-22 08:49:52,427 [Worker0] [batch] [I022] done=4  gen=0  api=3  patch=1  elapsed=70.0s
2026-03-22 08:49:52,427 [Worker0] [P39292] [S05] PATCHER_SUBMIT  reward=0.10
2026-03-22 08:49:56,328 [Worker0] [P90238] [S04] PATCHER_ARRIVED  reward=0.10  gt=correct
2026-03-22 08:49:56,483 [Worker0] [batch] [I023] log_probs  n=2  elapsed=0.16s
2026-03-22 08:49:56,484 [Worker0] [P39292] [S05] CORRECT(fail)  reward=0.10  → patcher
2026-03-22 08:49:56,484 [Worker0] [P90238] [S04] PATCHER  reward=0.10  → WRONG  total=5
2026-03-22 08:49:56,484 [Worker0] ────────────────────────────────────────────────────────────
[PATCHER_WRONG] problem_id=90238  steps=5
  pred    : ['<|solve|>', '<|solve|>', '<|solve|>', '<|solve|>', '<|solve|>']
  gt      : ['<|solve|>', '<|correct|>', '<|solve|>', '<|correct|>', '<|correct|>']
  is_gen  : [True, True, True, True, False]
  rewards : [0.0, 1.0, 0.1, 0.1, 0.1]
2026-03-22 08:49:56,484 [Worker0] [batch] [I023] done=5  gen=0  api=2  patch=1  elapsed=74.1s
2026-03-22 08:49:56,549 [Worker0] [batch] [I024] log_probs  n=1  elapsed=0.06s
2026-03-22 08:49:56,549 [Worker0] [P11373] [S06] SOLVE  reward=0.00  next=correct  answer=False
2026-03-22 08:49:58,506 [Worker0] [batch] [I024] GPU_GEN  batch=1  elapsed=1.96s  pids=['11373']
2026-03-22 08:49:58,506 [Worker0] [batch] [I024] done=5  gen=0  api=2  patch=1  elapsed=76.1s
2026-03-22 08:50:00,329 [Worker0] [P39292] [S06] PATCHER_ARRIVED  reward=0.10  gt=correct
2026-03-22 08:50:00,409 [Worker0] [batch] [I025] log_probs  n=1  elapsed=0.08s
2026-03-22 08:50:00,410 [Worker0] [P39292] [S06] PATCHER  reward=0.10  → WRONG  total=7
2026-03-22 08:50:00,410 [Worker0] ────────────────────────────────────────────────────────────
[PATCHER_WRONG] problem_id=39292  steps=7
  pred    : ['<|solve|>', '<|solve|>', '<|solve|>', '<|solve|>', '<|solve|>', '<|solve|>', '<|solve|>']
  gt      : ['<|solve|>', '<|correct|>', '<|correct|>', '<|solve|>', '<|solve|>', '<|correct|>', '<|correct|>']
  is_gen  : [True, True, False, True, True, True, False]
  rewards : [0.1, 0.1, 1.0, 0.5, 0.1, 0.1, 0.1]
2026-03-22 08:50:00,410 [Worker0] [batch] [I025] done=6  gen=0  api=2  patch=0  elapsed=78.0s
2026-03-22 08:50:01,982 [Worker0] [batch] [I026] done=6  gen=0  api=2  patch=0  elapsed=79.6s
2026-03-22 08:50:01,982 [Worker0] [P59363] [S06] PATCHER_SUBMIT  reward=0.00
2026-03-22 08:50:02,033 [Worker0] [batch] [I027] log_probs  n=1  elapsed=0.05s
2026-03-22 08:50:02,033 [Worker0] [P59363] [S06] CORRECT(fail)  reward=0.00  → patcher
2026-03-22 08:50:02,033 [Worker0] [batch] [I027] done=6  gen=0  api=1  patch=1  elapsed=79.6s
2026-03-22 08:50:04,989 [Worker0] [reward] 숫자 없는 응답: "''", 0.0 반환
2026-03-22 08:50:04,989 [Worker0] [batch] [I028] done=6  gen=0  api=1  patch=1  elapsed=82.6s
2026-03-22 08:50:04,990 [Worker0] [P11373] [S07] PATCHER_SUBMIT  reward=0.00
2026-03-22 08:50:05,070 [Worker0] [batch] [I029] log_probs  n=1  elapsed=0.08s
2026-03-22 08:50:05,070 [Worker0] [P11373] [S07] CORRECT(fail)  reward=0.00  → patcher
2026-03-22 08:50:05,070 [Worker0] [batch] [I029] done=6  gen=0  api=0  patch=2  elapsed=82.7s
2026-03-22 08:50:06,817 [Worker0] [batch] [I030] done=6  gen=0  api=0  patch=2  elapsed=84.4s
2026-03-22 08:50:08,332 [Worker0] [P59363] [S07] PATCHER_ARRIVED  reward=0.10  gt=correct
2026-03-22 08:50:08,386 [Worker0] [batch] [I031] log_probs  n=1  elapsed=0.05s
2026-03-22 08:50:08,386 [Worker0] [P59363] [S07] PATCHER  reward=0.10  → WRONG  total=8
2026-03-22 08:50:08,386 [Worker0] ────────────────────────────────────────────────────────────
[PATCHER_WRONG] problem_id=59363  steps=8
  pred    : ['<|solve|>', '<|solve|>', '<|solve|>', '<|solve|>', '<|solve|>', '<|solve|>', '<|solve|>', '<|solve|>']
  gt      : ['<|solve|>', '<|correct|>', '<|correct|>', '<|solve|>', '<|solve|>', '<|solve|>', '<|correct|>', '<|correct|>']
  is_gen  : [True, True, False, True, True, True, True, False]
  rewards : [0.0, 0.0, 0.5, 0.5, 0.5, 0.1, 0.0, 0.1]
2026-03-22 08:50:08,386 [Worker0] [batch] [I031] done=7  gen=0  api=0  patch=1  elapsed=86.0s
2026-03-22 08:50:14,273 [Worker0] [batch] [I032] done=7  gen=0  api=0  patch=1  elapsed=91.9s
2026-03-22 08:50:17,181 [Worker0] [P11373] [S08] PATCHER_ARRIVED  reward=1.00  gt=solve
2026-03-22 08:50:17,262 [Worker0] [batch] [I033] log_probs  n=1  elapsed=0.08s
2026-03-22 08:50:17,263 [Worker0] [P11373] [S08] PATCHER  reward=1.00  answer=False
2026-03-22 08:50:19,515 [Worker0] [batch] [I033] GPU_GEN  batch=1  elapsed=2.25s  pids=['11373']
2026-03-22 08:50:19,515 [Worker0] [batch] [I033] done=7  gen=0  api=1  patch=0  elapsed=97.1s
2026-03-22 08:50:23,394 [Worker0] [batch] [I034] done=7  gen=0  api=1  patch=0  elapsed=101.0s
2026-03-22 08:50:23,475 [Worker0] [batch] [I035] log_probs  n=1  elapsed=0.08s
2026-03-22 08:50:23,475 [Worker0] [P11373] [S09] SOLVE  reward=1.00  next=correct  answer=False
2026-03-22 08:50:25,928 [Worker0] [batch] [I035] GPU_GEN  batch=1  elapsed=2.45s  pids=['11373']
2026-03-22 08:50:25,928 [Worker0] [batch] [I035] done=7  gen=0  api=1  patch=0  elapsed=103.5s
2026-03-22 08:50:29,784 [Worker0] [batch] [I036] done=7  gen=0  api=1  patch=0  elapsed=107.4s
2026-03-22 08:50:29,875 [Worker0] [batch] [I037] log_probs  n=1  elapsed=0.09s
2026-03-22 08:50:29,875 [Worker0] [P11373] [S10] CORRECT  reward=1.00  next=solve  answer=True
2026-03-22 08:50:29,875 [Worker0] [P11373] DONE  status=ANSWER  total_steps=11
2026-03-22 08:50:29,875 [Worker0] [batch] BATCH_DONE  problems=8  answered=1  total_steps=48  iters=37  elapsed=107.5s
2026-03-22 08:50:45,538 [Worker0] [batch] [I000] GPU_GEN  batch=8  elapsed=2.91s  pids=['26429', '57381', '60226', '93353', '19852', '39714', '89657', '2495']
2026-03-22 08:50:45,544 [Worker0] [batch] [I000] done=0  gen=0  api=8  patch=0  elapsed=2.9s
2026-03-22 08:50:46,871 [Worker0] [batch] [I001] done=0  gen=0  api=8  patch=0  elapsed=4.2s
2026-03-22 08:50:46,906 [Worker0] [batch] [I002] log_probs  n=1  elapsed=0.03s
2026-03-22 08:50:46,906 [Worker0] [P39714] [S00] SOLVE  reward=0.50  next=solve  answer=False
2026-03-22 08:50:47,452 [Worker0] [batch] [I002] GPU_GEN  batch=1  elapsed=0.55s  pids=['39714']
2026-03-22 08:50:47,452 [Worker0] [batch] [I002] done=0  gen=0  api=8  patch=0  elapsed=4.8s
2026-03-22 08:50:47,534 [Worker0] [batch] [I003] log_probs  n=4  elapsed=0.08s
2026-03-22 08:50:47,534 [Worker0] [P57381] [S00] SOLVE  reward=0.10  next=correct  answer=False
2026-03-22 08:50:47,534 [Worker0] [P93353] [S00] SOLVE  reward=0.50  next=solve  answer=False
2026-03-22 08:50:47,534 [Worker0] [P89657] [S00] SOLVE  reward=0.10  next=correct  answer=False
2026-03-22 08:50:47,534 [Worker0] [P02495] [S00] SOLVE  reward=0.10  next=correct  answer=False
2026-03-22 08:50:49,641 [Worker0] [batch] [I003] GPU_GEN  batch=4  elapsed=2.11s  pids=['57381', '93353', '89657', '2495']
2026-03-22 08:50:49,641 [Worker0] [batch] [I003] done=0  gen=0  api=8  patch=0  elapsed=7.0s
2026-03-22 08:50:49,714 [Worker0] [batch] [I004] log_probs  n=3  elapsed=0.07s
2026-03-22 08:50:49,714 [Worker0] [P26429] [S00] SOLVE  reward=0.50  next=solve  answer=False
2026-03-22 08:50:49,714 [Worker0] [P19852] [S00] SOLVE  reward=1.00  next=solve  answer=False
2026-03-22 08:50:49,714 [Worker0] [P39714] [S01] SOLVE  reward=0.50  next=solve  answer=False
2026-03-22 08:50:54,599 [Worker0] [batch] [I004] GPU_GEN  batch=3  elapsed=4.88s  pids=['26429', '19852', '39714']
2026-03-22 08:50:54,599 [Worker0] [batch] [I004] done=0  gen=0  api=8  patch=0  elapsed=12.0s
2026-03-22 08:50:54,599 [Worker0] [P57381] [S01] PATCHER_SUBMIT  reward=0.10
2026-03-22 08:50:54,599 [Worker0] [P89657] [S01] PATCHER_SUBMIT  reward=0.10
2026-03-22 08:50:54,599 [Worker0] [P02495] [S01] PATCHER_SUBMIT  reward=0.00
2026-03-22 08:50:54,726 [Worker0] [batch] [I005] log_probs  n=4  elapsed=0.13s
2026-03-22 08:50:54,726 [Worker0] [P57381] [S01] CORRECT(fail)  reward=0.10  → patcher
2026-03-22 08:50:54,726 [Worker0] [P60226] [S00] SOLVE  reward=0.00  next=correct  answer=False
2026-03-22 08:50:54,726 [Worker0] [P89657] [S01] CORRECT(fail)  reward=0.10  → patcher
2026-03-22 08:50:54,726 [Worker0] [P02495] [S01] CORRECT(fail)  reward=0.00  → patcher
2026-03-22 08:50:55,068 [Worker0] [batch] [I005] GPU_GEN  batch=1  elapsed=0.34s  pids=['60226']
2026-03-22 08:50:55,068 [Worker0] [batch] [I005] done=0  gen=0  api=5  patch=3  elapsed=12.4s
2026-03-22 08:50:56,295 [Worker0] [batch] [I006] done=0  gen=0  api=5  patch=3  elapsed=13.7s
2026-03-22 08:50:56,328 [Worker0] [batch] [I007] log_probs  n=1  elapsed=0.03s
2026-03-22 08:50:56,329 [Worker0] [P39714] [S02] SOLVE  reward=0.50  next=solve  answer=False
2026-03-22 08:50:57,264 [Worker0] [batch] [I007] GPU_GEN  batch=1  elapsed=0.94s  pids=['39714']
2026-03-22 08:50:57,265 [Worker0] [batch] [I007] done=0  gen=0  api=5  patch=3  elapsed=14.6s
2026-03-22 08:50:58,592 [Worker0] [batch] [I008] done=0  gen=0  api=5  patch=3  elapsed=16.0s
2026-03-22 08:50:58,635 [Worker0] [batch] [I009] log_probs  n=1  elapsed=0.04s
2026-03-22 08:50:58,635 [Worker0] [P26429] [S01] SOLVE  reward=0.50  next=solve  answer=False
2026-03-22 08:50:59,556 [Worker0] [reward] 숫자 없는 응답: "''", 0.0 반환
2026-03-22 08:51:00,563 [Worker0] [batch] [I009] GPU_GEN  batch=1  elapsed=1.93s  pids=['26429']
2026-03-22 08:51:00,563 [Worker0] [batch] [I009] done=0  gen=0  api=5  patch=3  elapsed=17.9s
2026-03-22 08:51:00,563 [Worker0] [P60226] [S01] PATCHER_SUBMIT  reward=0.00
2026-03-22 08:51:00,693 [Worker0] [batch] [I010] log_probs  n=4  elapsed=0.13s
2026-03-22 08:51:00,693 [Worker0] [P60226] [S01] CORRECT(fail)  reward=0.00  → patcher
2026-03-22 08:51:00,693 [Worker0] [P93353] [S01] SOLVE  reward=0.00  next=correct  answer=False
2026-03-22 08:51:00,694 [Worker0] [P19852] [S01] SOLVE  reward=0.00  next=correct  answer=False
2026-03-22 08:51:00,694 [Worker0] [P39714] [S03] SOLVE  reward=0.50  next=solve  answer=False
2026-03-22 08:51:03,664 [Worker0] [batch] [I010] GPU_GEN  batch=3  elapsed=2.97s  pids=['93353', '19852', '39714']
2026-03-22 08:51:03,664 [Worker0] [batch] [I010] done=0  gen=0  api=4  patch=4  elapsed=21.0s
2026-03-22 08:51:10,754 [Worker0] [P57381] [S02] PATCHER_ARRIVED  reward=0.00  gt=correct
2026-03-22 08:51:12,406 [Worker0] [reward] 숫자 없는 응답: "''", 0.0 반환
2026-03-22 08:51:12,865 [Worker0] [reward] 숫자 없는 응답: "''", 0.0 반환
2026-03-22 08:51:14,908 [Worker0] [P89657] [S02] PATCHER_ARRIVED  reward=0.50  gt=solve
2026-03-22 08:51:22,591 [Worker0] [reward] 숫자 없는 응답: "''", 0.0 반환
2026-03-22 08:51:22,594 [Worker0] [P02495] [S02] PATCHER_ARRIVED  reward=0.00  gt=correct
2026-03-22 08:51:22,775 [Worker0] [batch] [I011] log_probs  n=4  elapsed=0.18s
2026-03-22 08:51:22,776 [Worker0] [P26429] [S02] SOLVE  reward=0.10  next=correct  answer=False
2026-03-22 08:51:22,776 [Worker0] [P57381] [S02] PATCHER  reward=0.00  → WRONG  total=3
2026-03-22 08:51:22,776 [Worker0] ────────────────────────────────────────────────────────────
[PATCHER_WRONG] problem_id=57381  steps=3
  pred    : ['<|solve|>', '<|solve|>', '<|solve|>']
  gt      : ['<|solve|>', '<|correct|>', '<|correct|>']
  is_gen  : [True, True, False]
  rewards : [0.1, 0.1, 0.0]
2026-03-22 08:51:22,776 [Worker0] [P89657] [S02] PATCHER  reward=0.50  answer=False
2026-03-22 08:51:22,776 [Worker0] [P02495] [S02] PATCHER  reward=0.00  → WRONG  total=3
2026-03-22 08:51:22,776 [Worker0] ────────────────────────────────────────────────────────────
[PATCHER_WRONG] problem_id=2495  steps=3
  pred    : ['<|solve|>', '<|solve|>', '<|solve|>']
  gt      : ['<|solve|>', '<|correct|>', '<|correct|>']
  is_gen  : [True, True, False]
  rewards : [0.1, 0.0, 0.0]
2026-03-22 08:51:25,770 [Worker0] [batch] [I011] GPU_GEN  batch=2  elapsed=2.99s  pids=['26429', '89657']
2026-03-22 08:51:25,770 [Worker0] [batch] [I011] done=2  gen=0  api=5  patch=1  elapsed=43.1s
2026-03-22 08:51:25,770 [Worker0] [P93353] [S02] PATCHER_SUBMIT  reward=0.00
2026-03-22 08:51:25,770 [Worker0] [P19852] [S02] PATCHER_SUBMIT  reward=0.00
2026-03-22 08:51:34,650 [Worker0] [reward] 숫자 없는 응답: "''", 0.0 반환
2026-03-22 08:51:34,651 [Worker0] [P60226] [S02] PATCHER_ARRIVED  reward=0.00  gt=correct
2026-03-22 08:51:34,847 [Worker0] [batch] [I012] log_probs  n=4  elapsed=0.20s
2026-03-22 08:51:34,847 [Worker0] [P93353] [S02] CORRECT(fail)  reward=0.00  → patcher
2026-03-22 08:51:34,847 [Worker0] [P19852] [S02] CORRECT(fail)  reward=0.00  → patcher
2026-03-22 08:51:34,847 [Worker0] [P39714] [S04] SOLVE  reward=0.00  next=correct  answer=False
2026-03-22 08:51:34,847 [Worker0] [P60226] [S02] PATCHER  reward=0.00  → WRONG  total=3
2026-03-22 08:51:34,847 [Worker0] ────────────────────────────────────────────────────────────
[PATCHER_WRONG] problem_id=60226  steps=3
  pred    : ['<|solve|>', '<|solve|>', '<|solve|>']
  gt      : ['<|solve|>', '<|correct|>', '<|correct|>']
  is_gen  : [True, True, False]
  rewards : [0.0, 0.0, 0.0]
2026-03-22 08:51:36,298 [Worker0] [batch] [I012] GPU_GEN  batch=1  elapsed=1.45s  pids=['39714']
2026-03-22 08:51:36,298 [Worker0] [batch] [I012] done=3  gen=0  api=3  patch=2  elapsed=53.7s
2026-03-22 08:51:36,298 [Worker0] [P26429] [S03] PATCHER_SUBMIT  reward=0.10
2026-03-22 08:51:42,688 [Worker0] [P93353] [S03] PATCHER_ARRIVED  reward=0.00  gt=correct
2026-03-22 08:51:48,456 [Worker0] [P19852] [S03] PATCHER_ARRIVED  reward=1.00  gt=solve
2026-03-22 08:51:48,709 [Worker0] [batch] [I013] log_probs  n=4  elapsed=0.25s
2026-03-22 08:51:48,710 [Worker0] [P26429] [S03] CORRECT(fail)  reward=0.10  → patcher
2026-03-22 08:51:48,710 [Worker0] [P89657] [S03] SOLVE  reward=0.10  next=correct  answer=False
2026-03-22 08:51:48,710 [Worker0] [P93353] [S03] PATCHER  reward=0.00  → WRONG  total=4
2026-03-22 08:51:48,710 [Worker0] ────────────────────────────────────────────────────────────
[PATCHER_WRONG] problem_id=93353  steps=4
  pred    : ['<|solve|>', '<|solve|>', '<|solve|>', '<|solve|>']
  gt      : ['<|solve|>', '<|solve|>', '<|correct|>', '<|correct|>']
  is_gen  : [True, True, True, False]
  rewards : [0.5, 0.0, 0.0, 0.0]
2026-03-22 08:51:48,710 [Worker0] [P19852] [S03] PATCHER  reward=1.00  answer=False
2026-03-22 08:51:50,640 [Worker0] [batch] [I013] GPU_GEN  batch=2  elapsed=1.93s  pids=['19852', '89657']
2026-03-22 08:51:50,641 [Worker0] [batch] [I013] done=4  gen=0  api=3  patch=1  elapsed=68.0s
2026-03-22 08:51:50,641 [Worker0] [P39714] [S05] PATCHER_SUBMIT  reward=0.00
2026-03-22 08:51:52,269 [Worker0] [P26429] [S04] PATCHER_ARRIVED  reward=0.10  gt=correct
2026-03-22 08:51:52,431 [Worker0] [batch] [I014] log_probs  n=2  elapsed=0.16s
2026-03-22 08:51:52,431 [Worker0] [P39714] [S05] CORRECT(fail)  reward=0.00  → patcher
2026-03-22 08:51:52,431 [Worker0] [P26429] [S04] PATCHER  reward=0.10  → WRONG  total=5
2026-03-22 08:51:52,431 [Worker0] ────────────────────────────────────────────────────────────
[PATCHER_WRONG] problem_id=26429  steps=5
  pred    : ['<|solve|>', '<|solve|>', '<|solve|>', '<|solve|>', '<|solve|>']
  gt      : ['<|solve|>', '<|solve|>', '<|solve|>', '<|correct|>', '<|correct|>']
  is_gen  : [True, True, True, True, False]
  rewards : [0.5, 0.5, 0.1, 0.1, 0.1]
2026-03-22 08:51:52,431 [Worker0] [batch] [I014] done=5  gen=0  api=2  patch=1  elapsed=69.8s
2026-03-22 08:51:53,992 [Worker0] [batch] [I015] done=5  gen=0  api=2  patch=1  elapsed=71.4s
2026-03-22 08:51:55,603 [Worker0] [P39714] [S06] PATCHER_ARRIVED  reward=1.00  gt=solve
2026-03-22 08:51:55,666 [Worker0] [batch] [I016] log_probs  n=1  elapsed=0.06s
2026-03-22 08:51:55,667 [Worker0] [P39714] [S06] PATCHER  reward=1.00  answer=False
2026-03-22 08:51:55,781 [Worker0] [batch] [I016] GPU_GEN  batch=1  elapsed=0.11s  pids=['39714']
2026-03-22 08:51:55,782 [Worker0] [batch] [I016] done=5  gen=0  api=3  patch=0  elapsed=73.2s
2026-03-22 08:51:57,520 [Worker0] [reward] GPT 실패 (Error code: 400 - {'error': {'message': 'Failed to generate output due to special tokens in the input.', 'type': 'invalid_request_error', 'param': None, 'code': None}}), 0.0 반환
2026-03-22 08:51:57,520 [Worker0] [batch] [I017] done=5  gen=0  api=3  patch=0  elapsed=74.9s
2026-03-22 08:51:57,520 [Worker0] [P89657] [S04] PATCHER_SUBMIT  reward=0.00
2026-03-22 08:51:57,571 [Worker0] [batch] [I018] log_probs  n=1  elapsed=0.05s
2026-03-22 08:51:57,571 [Worker0] [P89657] [S04] CORRECT(fail)  reward=0.00  → patcher
2026-03-22 08:51:57,571 [Worker0] [batch] [I018] done=5  gen=0  api=2  patch=1  elapsed=74.9s
2026-03-22 08:51:57,625 [Worker0] [batch] [I019] log_probs  n=1  elapsed=0.05s
2026-03-22 08:51:57,625 [Worker0] [P39714] [S07] SOLVE  reward=0.10  next=correct  answer=False
2026-03-22 08:51:59,295 [Worker0] [batch] [I019] GPU_GEN  batch=1  elapsed=1.67s  pids=['39714']
2026-03-22 08:51:59,295 [Worker0] [batch] [I019] done=5  gen=0  api=2  patch=1  elapsed=76.7s
2026-03-22 08:51:59,347 [Worker0] [batch] [I020] log_probs  n=1  elapsed=0.05s
2026-03-22 08:51:59,347 [Worker0] [P19852] [S04] SOLVE  reward=0.00  next=correct  answer=False
2026-03-22 08:51:59,648 [Worker0] [batch] [I020] GPU_GEN  batch=1  elapsed=0.30s  pids=['19852']
2026-03-22 08:51:59,648 [Worker0] [batch] [I020] done=5  gen=0  api=2  patch=1  elapsed=77.0s
2026-03-22 08:52:00,456 [Worker0] [batch] [I021] done=5  gen=0  api=2  patch=1  elapsed=77.8s
2026-03-22 08:52:00,456 [Worker0] [P39714] [S08] PATCHER_SUBMIT  reward=0.10
2026-03-22 08:52:00,519 [Worker0] [batch] [I022] log_probs  n=1  elapsed=0.06s
2026-03-22 08:52:00,520 [Worker0] [P39714] [S08] CORRECT(fail)  reward=0.10  → patcher
2026-03-22 08:52:00,520 [Worker0] [batch] [I022] done=5  gen=0  api=1  patch=2  elapsed=77.9s
2026-03-22 08:52:01,131 [Worker0] [batch] [I023] done=5  gen=0  api=1  patch=2  elapsed=78.5s
2026-03-22 08:52:02,981 [Worker0] [P89657] [S05] PATCHER_ARRIVED  reward=0.50  gt=solve
2026-03-22 08:52:03,034 [Worker0] [batch] [I024] log_probs  n=1  elapsed=0.05s
2026-03-22 08:52:03,034 [Worker0] [P89657] [S05] PATCHER  reward=0.50  answer=False
2026-03-22 08:52:04,844 [Worker0] [batch] [I024] GPU_GEN  batch=1  elapsed=1.81s  pids=['89657']
2026-03-22 08:52:04,844 [Worker0] [batch] [I024] done=5  gen=0  api=2  patch=1  elapsed=82.2s
2026-03-22 08:52:06,966 [Worker0] [P39714] [S09] PATCHER_ARRIVED  reward=0.10  gt=correct
2026-03-22 08:52:07,100 [Worker0] [batch] [I025] log_probs  n=2  elapsed=0.13s
2026-03-22 08:52:07,101 [Worker0] [P19852] [S05] CORRECT  reward=1.00  next=solve  answer=True
2026-03-22 08:52:07,101 [Worker0] [P19852] DONE  status=ANSWER  total_steps=6
2026-03-22 08:52:07,101 [Worker0] [P39714] [S09] PATCHER  reward=0.10  → WRONG  total=10
2026-03-22 08:52:07,101 [Worker0] ────────────────────────────────────────────────────────────
[PATCHER_WRONG] problem_id=39714  steps=10
  pred    : ['<|solve|>', '<|solve|>', '<|solve|>', '<|solve|>', '<|solve|>', '<|solve|>', '<|solve|>', '<|solve|>', '<|solve|>', '<|solve|>']
  gt      : ['<|solve|>', '<|solve|>', '<|solve|>', '<|solve|>', '<|solve|>', '<|correct|>', '<|correct|>', '<|solve|>', '<|correct|>', '<|correct|>']
  is_gen  : [True, True, True, True, True, True, False, True, True, False]
  rewards : [0.5, 0.5, 0.5, 0.5, 0.0, 0.0, 1.0, 0.1, 0.1, 0.1]
2026-03-22 08:52:07,101 [Worker0] [batch] [I025] done=7  gen=0  api=1  patch=0  elapsed=84.5s
2026-03-22 08:52:09,066 [Worker0] [batch] [I026] done=7  gen=0  api=1  patch=0  elapsed=86.4s
2026-03-22 08:52:09,120 [Worker0] [batch] [I027] log_probs  n=1  elapsed=0.05s
2026-03-22 08:52:09,120 [Worker0] [P89657] [S06] SOLVE  reward=0.00  next=correct  answer=False
2026-03-22 08:52:10,953 [Worker0] [batch] [I027] GPU_GEN  batch=1  elapsed=1.83s  pids=['89657']
2026-03-22 08:52:10,954 [Worker0] [batch] [I027] done=7  gen=0  api=1  patch=0  elapsed=88.3s
2026-03-22 08:52:14,981 [Worker0] [batch] [I028] done=7  gen=0  api=1  patch=0  elapsed=92.4s
2026-03-22 08:52:14,982 [Worker0] [P89657] [S07] PATCHER_SUBMIT  reward=0.00
2026-03-22 08:52:15,059 [Worker0] [batch] [I029] log_probs  n=1  elapsed=0.08s
2026-03-22 08:52:15,059 [Worker0] [P89657] [S07] CORRECT(fail)  reward=0.00  → patcher
2026-03-22 08:52:15,059 [Worker0] [batch] [I029] done=7  gen=0  api=0  patch=1  elapsed=92.4s
2026-03-22 08:52:20,167 [Worker0] [batch] [I030] done=7  gen=0  api=0  patch=1  elapsed=97.5s
2026-03-22 08:52:22,162 [Worker0] [P89657] [S08] PATCHER_ARRIVED  reward=0.50  gt=solve
2026-03-22 08:52:22,243 [Worker0] [batch] [I031] log_probs  n=1  elapsed=0.08s
2026-03-22 08:52:22,243 [Worker0] [P89657] [S08] PATCHER  reward=0.50  answer=False
2026-03-22 08:52:23,909 [Worker0] [batch] [I031] GPU_GEN  batch=1  elapsed=1.67s  pids=['89657']
2026-03-22 08:52:23,909 [Worker0] [batch] [I031] done=7  gen=0  api=1  patch=0  elapsed=101.3s
2026-03-22 08:52:27,967 [Worker0] [batch] [I032] done=7  gen=0  api=1  patch=0  elapsed=105.3s
2026-03-22 08:52:28,045 [Worker0] [batch] [I033] log_probs  n=1  elapsed=0.08s
2026-03-22 08:52:28,045 [Worker0] [P89657] [S09] SOLVE  reward=0.10  next=correct  answer=False
2026-03-22 08:52:29,720 [Worker0] [batch] [I033] GPU_GEN  batch=1  elapsed=1.67s  pids=['89657']
2026-03-22 08:52:29,721 [Worker0] [batch] [I033] done=7  gen=0  api=1  patch=0  elapsed=107.1s
2026-03-22 08:52:31,977 [Worker0] [batch] [I034] done=7  gen=0  api=1  patch=0  elapsed=109.4s
2026-03-22 08:52:31,978 [Worker0] [P89657] [S10] PATCHER_SUBMIT  reward=0.10
2026-03-22 08:52:32,069 [Worker0] [batch] [I035] log_probs  n=1  elapsed=0.09s
2026-03-22 08:52:32,069 [Worker0] [P89657] [S10] CORRECT(fail)  reward=0.10  → patcher
2026-03-22 08:52:32,069 [Worker0] [batch] [I035] done=7  gen=0  api=0  patch=1  elapsed=109.4s
2026-03-22 08:52:40,706 [Worker0] [batch] [I036] done=7  gen=0  api=0  patch=1  elapsed=118.1s
2026-03-22 08:52:43,352 [Worker0] [P89657] [S11] PATCHER_ARRIVED  reward=0.10  gt=correct
2026-03-22 08:52:43,448 [Worker0] [batch] [I037] log_probs  n=1  elapsed=0.10s
2026-03-22 08:52:43,448 [Worker0] [P89657] [S11] PATCHER  reward=0.10  → WRONG  total=12
2026-03-22 08:52:43,448 [Worker0] ────────────────────────────────────────────────────────────
[PATCHER_WRONG] problem_id=89657  steps=12
  pred    : ['<|solve|>', '<|solve|>', '<|solve|>', '<|solve|>', '<|solve|>', '<|solve|>', '<|solve|>', '<|solve|>', '<|solve|>', '<|solve|>', '<|solve|>', '<|solve|>']
  gt      : ['<|solve|>', '<|correct|>', '<|correct|>', '<|solve|>', '<|correct|>', '<|correct|>', '<|solve|>', '<|correct|>', '<|correct|>', '<|solve|>', '<|correct|>', '<|correct|>']
  is_gen  : [True, True, False, True, True, False, True, True, False, True, True, False]
  rewards : [0.1, 0.1, 0.5, 0.1, 0.0, 0.5, 0.0, 0.0, 0.5, 0.1, 0.1, 0.1]
2026-03-22 08:52:43,448 [Worker0] [batch] BATCH_DONE  problems=8  answered=1  total_steps=46  iters=37  elapsed=120.8s
