2026-03-22 08:42:40,236 [Worker3] Generator 로드 중: /mnt/yoonju/SC/checkpoints/sft/20260322_061039/epoch2
2026-03-22 08:42:40,516 [Worker3]   스페셜 토큰 1개 추가됨: ['<|solve|>', '<|correct|>', '<|end|>']
2026-03-22 08:42:47,660 [Worker3] We will use 90% of the memory on device 0 for storing the model, and 10% for the buffer to avoid OOM. You can set `max_memory` in to a higher value to use more memory (at your own risk).
2026-03-22 08:42:50,825 [Worker3]   임베딩 리사이즈: 151668 vocab
2026-03-22 08:42:50,826 [Worker3] Generator 로드 완료.
2026-03-22 08:42:50,827 [Worker3] Rollout 파일 생성: ../output/prototype/20260322_084228/rollouts_worker_3.jsonl
2026-03-22 08:42:50,827 [Worker3] 준비 완료  rollout → ../output/prototype/20260322_084228/rollouts_worker_3.jsonl  log → ../output/prototype/20260322_084228/log_worker_3.log
2026-03-22 08:42:55,901 [Worker3] [batch] [I000] GPU_GEN  batch=8  elapsed=3.08s  pids=['1045', '46411', '48327', '51766', '27758', '22056', '24804', '99827']
2026-03-22 08:42:55,908 [Worker3] [batch] [I000] done=0  gen=0  api=8  patch=0  elapsed=3.1s
2026-03-22 08:42:57,554 [Worker3] [reward][SAMPLE] messages=
[
  {
    "role": "system",
    "content": "You are a strict mathematical reasoning evaluator.\nEvaluate ONLY the single CURRENT STEP — not the whole solution.\n\nScoring rules (return a single float, nothing else):\n  0.0  — ANY error: wrong arithmetic, wrong algebra, incorrect logic,\n         or contradicts previous steps.\n  0.1  — correct but trivial (restates something already said).\n  0.5  — correct and makes meaningful progress.\n  1.0  — correct, significant progress, or reaches the right final answer.\n\nIMPORTANT: If the current step merely repeats or rephrases what was already\nestablished, assign at most 0.1 even if correct.\nBe strict. Return ONLY the numeric score."
  },
  {
    "role": "user",
    "content": "[Problem]\nCalculate the limit: \\[ \\lim_{n \\to \\infty} \\sqrt[n]{\\frac{(3n)!}{n!(2n+1)!}} \\]"
  },
  {
    "role": "assistant",
    "content": "Understood. Show me each step to evaluate."
  },
  {
    "role": "user",
    "content": "[SOLVE]\n\\lim_{n \\to \\infty} \\sqrt[n]{\\frac{(3n)!}{n!(2n+1)!}} = \\lim_{n \\to \\infty} \\left( \\frac{(3n)!}{n!(2n+1)!} \\right)^{\\frac{1}{n}}<|im_end|>"
  }
]
[reward][SAMPLE] raw_response='0.1'
2026-03-22 08:42:57,555 [Worker3] [batch] [I001] done=0  gen=0  api=8  patch=0  elapsed=4.8s
2026-03-22 08:42:57,758 [Worker3] [batch] [I002] log_probs  n=1  elapsed=0.20s
2026-03-22 08:42:57,758 [Worker3] [P22056] [S00] SOLVE  reward=0.10  next=correct  answer=False
2026-03-22 08:42:59,017 [Worker3] [batch] [I002] GPU_GEN  batch=1  elapsed=1.26s  pids=['22056']
2026-03-22 08:42:59,017 [Worker3] [batch] [I002] done=0  gen=0  api=8  patch=0  elapsed=6.2s
2026-03-22 08:42:59,241 [Worker3] [batch] [I003] log_probs  n=3  elapsed=0.22s
2026-03-22 08:42:59,241 [Worker3] [P46411] [S00] SOLVE  reward=0.50  next=solve  answer=False
2026-03-22 08:42:59,241 [Worker3] [P51766] [S00] SOLVE  reward=1.00  next=solve  answer=False
2026-03-22 08:42:59,241 [Worker3] [P27758] [S00] SOLVE  reward=0.00  next=correct  answer=False
2026-03-22 08:43:01,956 [Worker3] [batch] [I003] GPU_GEN  batch=3  elapsed=2.71s  pids=['46411', '51766', '27758']
2026-03-22 08:43:01,957 [Worker3] [batch] [I003] done=0  gen=0  api=8  patch=0  elapsed=9.2s
2026-03-22 08:43:01,957 [Worker3] [P22056] [S01] PATCHER_SUBMIT  reward=0.10
2026-03-22 08:43:02,041 [Worker3] [batch] [I004] log_probs  n=3  elapsed=0.08s
2026-03-22 08:43:02,041 [Worker3] [P01045] [S00] SOLVE  reward=0.50  next=solve  answer=False
2026-03-22 08:43:02,041 [Worker3] [P22056] [S01] CORRECT(fail)  reward=0.10  → patcher
2026-03-22 08:43:02,041 [Worker3] [P99827] [S00] SOLVE  reward=0.50  next=solve  answer=False
2026-03-22 08:43:03,307 [Worker3] [reward] 숫자 없는 응답: "''", 0.0 반환
2026-03-22 08:43:03,657 [Worker3] [batch] [I004] GPU_GEN  batch=2  elapsed=1.62s  pids=['1045', '99827']
2026-03-22 08:43:03,657 [Worker3] [batch] [I004] done=0  gen=0  api=7  patch=1  elapsed=10.9s
2026-03-22 08:43:03,657 [Worker3] [P27758] [S01] PATCHER_SUBMIT  reward=0.00
2026-03-22 08:43:03,775 [Worker3] [batch] [I005] log_probs  n=4  elapsed=0.12s
2026-03-22 08:43:03,775 [Worker3] [P46411] [S01] SOLVE  reward=0.10  next=correct  answer=False
2026-03-22 08:43:03,775 [Worker3] [P48327] [S00] SOLVE  reward=0.00  next=correct  answer=False
2026-03-22 08:43:03,775 [Worker3] [P27758] [S01] CORRECT(fail)  reward=0.00  → patcher
2026-03-22 08:43:03,775 [Worker3] [P24804] [S00] SOLVE  reward=0.00  next=correct  answer=False
2026-03-22 08:43:09,321 [Worker3] [batch] [I005] GPU_GEN  batch=3  elapsed=5.55s  pids=['46411', '48327', '24804']
2026-03-22 08:43:09,321 [Worker3] [batch] [I005] done=0  gen=0  api=6  patch=2  elapsed=16.5s
2026-03-22 08:43:11,835 [Worker3] [P27758] [S02] PATCHER_ARRIVED  reward=1.00  gt=solve
2026-03-22 08:43:13,115 [Worker3] [P22056] [S02] PATCHER_ARRIVED  reward=0.50  gt=solve
2026-03-22 08:43:13,281 [Worker3] [batch] [I006] log_probs  n=5  elapsed=0.17s
2026-03-22 08:43:13,282 [Worker3] [P01045] [S01] SOLVE  reward=0.10  next=correct  answer=False
2026-03-22 08:43:13,282 [Worker3] [P51766] [S01] SOLVE  reward=1.00  next=solve  answer=False
2026-03-22 08:43:13,283 [Worker3] [P99827] [S01] SOLVE  reward=1.00  next=solve  answer=False
2026-03-22 08:43:13,283 [Worker3] [P27758] [S02] PATCHER  reward=1.00  answer=False
2026-03-22 08:43:13,283 [Worker3] [P22056] [S02] PATCHER  reward=0.50  answer=False
2026-03-22 08:43:15,661 [Worker3] [batch] [I006] GPU_GEN  batch=5  elapsed=2.38s  pids=['1045', '51766', '27758', '22056', '99827']
2026-03-22 08:43:15,661 [Worker3] [batch] [I006] done=0  gen=0  api=8  patch=0  elapsed=22.9s
2026-03-22 08:43:15,661 [Worker3] [P46411] [S02] PATCHER_SUBMIT  reward=0.10
2026-03-22 08:43:15,661 [Worker3] [P24804] [S01] PATCHER_SUBMIT  reward=0.00
2026-03-22 08:43:15,824 [Worker3] [batch] [I007] log_probs  n=3  elapsed=0.16s
2026-03-22 08:43:15,824 [Worker3] [P46411] [S02] CORRECT(fail)  reward=0.10  → patcher
2026-03-22 08:43:15,824 [Worker3] [P48327] [S01] CORRECT  reward=1.00  next=solve  answer=False
2026-03-22 08:43:15,824 [Worker3] [P24804] [S01] CORRECT(fail)  reward=0.00  → patcher
2026-03-22 08:43:16,471 [Worker3] [batch] [I007] GPU_GEN  batch=1  elapsed=0.65s  pids=['48327']
2026-03-22 08:43:16,471 [Worker3] [batch] [I007] done=0  gen=0  api=6  patch=2  elapsed=23.7s
2026-03-22 08:43:16,927 [Worker3] [batch] [I008] done=0  gen=0  api=6  patch=2  elapsed=24.1s
2026-03-22 08:43:16,963 [Worker3] [batch] [I009] log_probs  n=1  elapsed=0.04s
2026-03-22 08:43:16,963 [Worker3] [P99827] [S02] SOLVE  reward=1.00  next=correct  answer=False
2026-03-22 08:43:18,193 [Worker3] [batch] [I009] GPU_GEN  batch=1  elapsed=1.23s  pids=['99827']
2026-03-22 08:43:18,193 [Worker3] [batch] [I009] done=0  gen=0  api=6  patch=2  elapsed=25.4s
2026-03-22 08:43:18,194 [Worker3] [P01045] [S02] PATCHER_SUBMIT  reward=0.10
2026-03-22 08:43:18,317 [Worker3] [batch] [I010] log_probs  n=4  elapsed=0.12s
2026-03-22 08:43:18,317 [Worker3] [P01045] [S02] CORRECT(fail)  reward=0.10  → patcher
2026-03-22 08:43:18,317 [Worker3] [P48327] [S02] SOLVE  reward=0.10  next=correct  answer=False
2026-03-22 08:43:18,317 [Worker3] [P51766] [S02] SOLVE  reward=0.10  next=correct  answer=False
2026-03-22 08:43:18,317 [Worker3] [P22056] [S03] SOLVE  reward=0.10  next=correct  answer=False
2026-03-22 08:43:19,929 [Worker3] [batch] [I010] GPU_GEN  batch=3  elapsed=1.61s  pids=['48327', '51766', '22056']
2026-03-22 08:43:19,929 [Worker3] [batch] [I010] done=0  gen=0  api=5  patch=3  elapsed=27.1s
2026-03-22 08:43:19,974 [Worker3] [batch] [I011] log_probs  n=1  elapsed=0.04s
2026-03-22 08:43:19,974 [Worker3] [P27758] [S03] SOLVE  reward=1.00  next=solve  answer=False
2026-03-22 08:43:21,356 [Worker3] [batch] [I011] GPU_GEN  batch=1  elapsed=1.38s  pids=['27758']
2026-03-22 08:43:21,357 [Worker3] [batch] [I011] done=0  gen=0  api=5  patch=3  elapsed=28.6s
2026-03-22 08:43:21,397 [Worker3] [batch] [I012] log_probs  n=1  elapsed=0.04s
2026-03-22 08:43:21,397 [Worker3] [P99827] [S03] CORRECT  reward=1.00  next=solve  answer=True
2026-03-22 08:43:21,397 [Worker3] [P99827] DONE  status=ANSWER  total_steps=4
2026-03-22 08:43:21,397 [Worker3] [batch] [I012] done=1  gen=0  api=4  patch=3  elapsed=28.6s
2026-03-22 08:43:21,843 [Worker3] [batch] [I013] done=1  gen=0  api=4  patch=3  elapsed=29.0s
2026-03-22 08:43:21,843 [Worker3] [P48327] [S03] PATCHER_SUBMIT  reward=0.10
2026-03-22 08:43:21,888 [Worker3] [batch] [I014] log_probs  n=1  elapsed=0.05s
2026-03-22 08:43:21,889 [Worker3] [P48327] [S03] CORRECT(fail)  reward=0.10  → patcher
2026-03-22 08:43:21,889 [Worker3] [batch] [I014] done=1  gen=0  api=3  patch=4  elapsed=29.1s
2026-03-22 08:43:21,993 [Worker3] [batch] [I015] done=1  gen=0  api=3  patch=4  elapsed=29.2s
2026-03-22 08:43:21,993 [Worker3] [P51766] [S03] PATCHER_SUBMIT  reward=0.00
2026-03-22 08:43:22,042 [Worker3] [batch] [I016] log_probs  n=1  elapsed=0.05s
2026-03-22 08:43:22,043 [Worker3] [P51766] [S03] CORRECT(fail)  reward=0.00  → patcher
2026-03-22 08:43:22,043 [Worker3] [batch] [I016] done=1  gen=0  api=2  patch=5  elapsed=29.2s
2026-03-22 08:43:22,166 [Worker3] [batch] [I017] done=1  gen=0  api=2  patch=5  elapsed=29.4s
2026-03-22 08:43:22,167 [Worker3] [P22056] [S04] PATCHER_SUBMIT  reward=0.10
2026-03-22 08:43:22,218 [Worker3] [batch] [I018] log_probs  n=1  elapsed=0.05s
2026-03-22 08:43:22,218 [Worker3] [P22056] [S04] CORRECT(fail)  reward=0.10  → patcher
2026-03-22 08:43:22,218 [Worker3] [batch] [I018] done=1  gen=0  api=1  patch=6  elapsed=29.4s
2026-03-22 08:43:22,702 [Worker3] [batch] [I019] done=1  gen=0  api=1  patch=6  elapsed=29.9s
2026-03-22 08:43:24,880 [Worker3] [P46411] [S03] PATCHER_ARRIVED  reward=1.00  gt=solve
2026-03-22 08:43:24,930 [Worker3] [batch] [I020] log_probs  n=1  elapsed=0.05s
2026-03-22 08:43:24,930 [Worker3] [P46411] [S03] PATCHER  reward=1.00  answer=False
2026-03-22 08:43:25,050 [Worker3] [batch] [I020] GPU_GEN  batch=1  elapsed=0.12s  pids=['46411']
2026-03-22 08:43:25,050 [Worker3] [batch] [I020] done=1  gen=0  api=2  patch=5  elapsed=32.2s
2026-03-22 08:43:27,103 [Worker3] [P01045] [S03] PATCHER_ARRIVED  reward=1.00  gt=solve
2026-03-22 08:43:31,885 [Worker3] [P24804] [S02] PATCHER_ARRIVED  reward=1.00  gt=solve
2026-03-22 08:43:32,113 [Worker3] [batch] [I021] log_probs  n=3  elapsed=0.23s
2026-03-22 08:43:32,113 [Worker3] [P27758] [S04] SOLVE  reward=1.00  next=solve  answer=False
2026-03-22 08:43:32,113 [Worker3] [P01045] [S03] PATCHER  reward=1.00  answer=False
2026-03-22 08:43:32,113 [Worker3] [P24804] [S02] PATCHER  reward=1.00  answer=False
2026-03-22 08:43:40,359 [Worker3] [batch] [I021] GPU_GEN  batch=3  elapsed=8.25s  pids=['1045', '27758', '24804']
2026-03-22 08:43:40,360 [Worker3] [batch] [I021] done=1  gen=0  api=4  patch=3  elapsed=47.6s
2026-03-22 08:43:46,026 [Worker3] [P48327] [S04] PATCHER_ARRIVED  reward=0.00  gt=correct
2026-03-22 08:43:48,685 [Worker3] [P51766] [S04] PATCHER_ARRIVED  reward=1.00  gt=solve
2026-03-22 08:43:49,725 [Worker3] [P22056] [S05] PATCHER_ARRIVED  reward=0.10  gt=correct
2026-03-22 08:43:49,933 [Worker3] [batch] [I022] log_probs  n=4  elapsed=0.21s
2026-03-22 08:43:49,933 [Worker3] [P46411] [S04] SOLVE  reward=0.10  next=correct  answer=False
2026-03-22 08:43:49,933 [Worker3] [P48327] [S04] PATCHER  reward=0.00  → WRONG  total=5
2026-03-22 08:43:49,933 [Worker3] ────────────────────────────────────────────────────────────
[PATCHER_WRONG] problem_id=48327  steps=5
  pred    : ['<|solve|>', '<|solve|>', '<|solve|>', '<|solve|>', '<|solve|>']
  gt      : ['<|solve|>', '<|correct|>', '<|solve|>', '<|correct|>', '<|correct|>']
  is_gen  : [True, True, True, True, False]
  rewards : [0.0, 1.0, 0.1, 0.1, 0.0]
2026-03-22 08:43:49,933 [Worker3] [P51766] [S04] PATCHER  reward=1.00  answer=False
2026-03-22 08:43:49,933 [Worker3] [P22056] [S05] PATCHER  reward=0.10  → WRONG  total=6
2026-03-22 08:43:49,933 [Worker3] ────────────────────────────────────────────────────────────
[PATCHER_WRONG] problem_id=22056  steps=6
  pred    : ['<|solve|>', '<|solve|>', '<|solve|>', '<|solve|>', '<|solve|>', '<|solve|>']
  gt      : ['<|solve|>', '<|correct|>', '<|correct|>', '<|solve|>', '<|correct|>', '<|correct|>']
  is_gen  : [True, True, False, True, True, False]
  rewards : [0.1, 0.1, 0.5, 0.1, 0.1, 0.1]
2026-03-22 08:43:53,697 [Worker3] [batch] [I022] GPU_GEN  batch=2  elapsed=3.76s  pids=['46411', '51766']
2026-03-22 08:43:53,697 [Worker3] [batch] [I022] done=3  gen=0  api=5  patch=0  elapsed=60.9s
2026-03-22 08:43:53,976 [Worker3] [batch] [I023] log_probs  n=3  elapsed=0.28s
2026-03-22 08:43:53,976 [Worker3] [P01045] [S04] SOLVE  reward=0.10  next=correct  answer=False
2026-03-22 08:43:53,976 [Worker3] [P27758] [S05] SOLVE  reward=1.00  next=correct  answer=False
2026-03-22 08:43:53,976 [Worker3] [P24804] [S03] SOLVE  reward=0.00  next=correct  answer=False
2026-03-22 08:44:03,974 [Worker3] [batch] [I023] GPU_GEN  batch=3  elapsed=10.00s  pids=['1045', '27758', '24804']
2026-03-22 08:44:03,974 [Worker3] [batch] [I023] done=3  gen=0  api=5  patch=0  elapsed=71.2s
2026-03-22 08:44:03,974 [Worker3] [P46411] [S05] PATCHER_SUBMIT  reward=0.10
2026-03-22 08:44:04,080 [Worker3] [batch] [I024] log_probs  n=2  elapsed=0.11s
2026-03-22 08:44:04,080 [Worker3] [P46411] [S05] CORRECT(fail)  reward=0.10  → patcher
2026-03-22 08:44:04,080 [Worker3] [P51766] [S05] SOLVE  reward=1.00  next=correct  answer=False
2026-03-22 08:44:06,131 [Worker3] [batch] [I024] GPU_GEN  batch=1  elapsed=2.05s  pids=['51766']
2026-03-22 08:44:06,131 [Worker3] [batch] [I024] done=3  gen=0  api=4  patch=1  elapsed=73.3s
2026-03-22 08:44:06,131 [Worker3] [P01045] [S05] PATCHER_SUBMIT  reward=0.10
2026-03-22 08:44:06,233 [Worker3] [batch] [I025] log_probs  n=2  elapsed=0.10s
2026-03-22 08:44:06,234 [Worker3] [P01045] [S05] CORRECT(fail)  reward=0.10  → patcher
2026-03-22 08:44:06,234 [Worker3] [P27758] [S06] CORRECT  reward=1.00  next=solve  answer=True
2026-03-22 08:44:06,234 [Worker3] [P27758] DONE  status=ANSWER  total_steps=7
2026-03-22 08:44:06,234 [Worker3] [batch] [I025] done=4  gen=0  api=2  patch=2  elapsed=73.4s
2026-03-22 08:44:08,549 [Worker3] [batch] [I026] done=4  gen=0  api=2  patch=2  elapsed=75.7s
2026-03-22 08:44:08,595 [Worker3] [batch] [I027] log_probs  n=1  elapsed=0.05s
2026-03-22 08:44:08,595 [Worker3] [P51766] [S06] CORRECT  reward=1.00  next=solve  answer=True
2026-03-22 08:44:08,595 [Worker3] [P51766] DONE  status=ANSWER  total_steps=7
2026-03-22 08:44:08,595 [Worker3] [batch] [I027] done=5  gen=0  api=1  patch=2  elapsed=75.8s
2026-03-22 08:44:09,229 [Worker3] [batch] [I028] done=5  gen=0  api=1  patch=2  elapsed=76.4s
2026-03-22 08:44:09,229 [Worker3] [P24804] [S04] PATCHER_SUBMIT  reward=0.00
2026-03-22 08:44:09,369 [Worker3] [batch] [I029] log_probs  n=1  elapsed=0.14s
2026-03-22 08:44:09,369 [Worker3] [P24804] [S04] CORRECT(fail)  reward=0.00  → patcher
2026-03-22 08:44:09,369 [Worker3] [batch] [I029] done=5  gen=0  api=0  patch=3  elapsed=76.6s
2026-03-22 08:44:10,326 [Worker3] [batch] [I030] done=5  gen=0  api=0  patch=3  elapsed=77.5s
2026-03-22 08:44:11,896 [Worker3] [P46411] [S06] PATCHER_ARRIVED  reward=0.10  gt=correct
2026-03-22 08:44:11,967 [Worker3] [batch] [I031] log_probs  n=1  elapsed=0.07s
2026-03-22 08:44:11,967 [Worker3] [P46411] [S06] PATCHER  reward=0.10  → WRONG  total=7
2026-03-22 08:44:11,967 [Worker3] ────────────────────────────────────────────────────────────
[PATCHER_WRONG] problem_id=46411  steps=7
  pred    : ['<|solve|>', '<|solve|>', '<|solve|>', '<|solve|>', '<|solve|>', '<|solve|>', '<|solve|>']
  gt      : ['<|solve|>', '<|solve|>', '<|correct|>', '<|correct|>', '<|solve|>', '<|correct|>', '<|correct|>']
  is_gen  : [True, True, True, False, True, True, False]
  rewards : [0.5, 0.1, 0.1, 1.0, 0.1, 0.1, 0.1]
2026-03-22 08:44:11,967 [Worker3] [batch] [I031] done=6  gen=0  api=0  patch=2  elapsed=79.2s
2026-03-22 08:44:16,140 [Worker3] [P01045] [S06] PATCHER_ARRIVED  reward=1.00  gt=solve
2026-03-22 08:44:16,203 [Worker3] [batch] [I032] log_probs  n=1  elapsed=0.06s
2026-03-22 08:44:16,203 [Worker3] [P01045] [S06] PATCHER  reward=1.00  answer=True
2026-03-22 08:44:16,203 [Worker3] [P01045] DONE  status=ANSWER  total_steps=7
2026-03-22 08:44:16,204 [Worker3] [batch] [I032] done=7  gen=0  api=0  patch=1  elapsed=83.4s
2026-03-22 08:44:24,225 [Worker3] [reward] 숫자 없는 응답: "''", 0.0 반환
2026-03-22 08:44:24,234 [Worker3] [P24804] [S05] PATCHER_ARRIVED  reward=0.00  gt=correct
2026-03-22 08:44:24,387 [Worker3] [batch] [I033] log_probs  n=1  elapsed=0.15s
2026-03-22 08:44:24,387 [Worker3] [P24804] [S05] PATCHER  reward=0.00  → WRONG  total=6
2026-03-22 08:44:24,387 [Worker3] ────────────────────────────────────────────────────────────
[PATCHER_WRONG] problem_id=24804  steps=6
  pred    : ['<|solve|>', '<|solve|>', '<|solve|>', '<|solve|>', '<|solve|>', '<|solve|>']
  gt      : ['<|solve|>', '<|correct|>', '<|correct|>', '<|solve|>', '<|correct|>', '<|correct|>']
  is_gen  : [True, True, False, True, True, False]
  rewards : [0.0, 0.0, 1.0, 0.0, 0.0, 0.0]
2026-03-22 08:44:24,388 [Worker3] [batch] BATCH_DONE  problems=8  answered=4  total_steps=49  iters=33  elapsed=91.6s
2026-03-22 08:48:49,938 [Worker3] [batch] [I000] GPU_GEN  batch=8  elapsed=7.53s  pids=['92161', '39596', '102926', '17539', '76116', '77696', '62503', '35475']
2026-03-22 08:48:49,942 [Worker3] [batch] [I000] done=0  gen=0  api=8  patch=0  elapsed=7.5s
2026-03-22 08:48:51,082 [Worker3] [batch] [I001] done=0  gen=0  api=8  patch=0  elapsed=8.7s
2026-03-22 08:48:51,106 [Worker3] [batch] [I002] log_probs  n=1  elapsed=0.02s
2026-03-22 08:48:51,107 [Worker3] [P17539] [S00] SOLVE  reward=0.10  next=correct  answer=False
2026-03-22 08:48:51,482 [Worker3] [batch] [I002] GPU_GEN  batch=1  elapsed=0.37s  pids=['17539']
2026-03-22 08:48:51,482 [Worker3] [batch] [I002] done=0  gen=0  api=8  patch=0  elapsed=9.1s
2026-03-22 08:48:51,567 [Worker3] [batch] [I003] log_probs  n=2  elapsed=0.09s
2026-03-22 08:48:51,567 [Worker3] [P92161] [S00] SOLVE  reward=0.10  next=correct  answer=False
2026-03-22 08:48:51,567 [Worker3] [P77696] [S00] SOLVE  reward=0.10  next=correct  answer=False
2026-03-22 08:48:54,654 [Worker3] [batch] [I003] GPU_GEN  batch=2  elapsed=3.09s  pids=['92161', '77696']
2026-03-22 08:48:54,654 [Worker3] [batch] [I003] done=0  gen=0  api=8  patch=0  elapsed=12.2s
2026-03-22 08:48:54,655 [Worker3] [P17539] [S01] PATCHER_SUBMIT  reward=0.10
2026-03-22 08:48:54,750 [Worker3] [batch] [I004] log_probs  n=5  elapsed=0.09s
2026-03-22 08:48:54,750 [Worker3] [P39596] [S00] SOLVE  reward=0.00  next=correct  answer=False
2026-03-22 08:48:54,750 [Worker3] [P102926] [S00] SOLVE  reward=0.50  next=solve  answer=False
2026-03-22 08:48:54,750 [Worker3] [P17539] [S01] CORRECT(fail)  reward=0.10  → patcher
2026-03-22 08:48:54,750 [Worker3] [P62503] [S00] SOLVE  reward=0.10  next=correct  answer=False
2026-03-22 08:48:54,750 [Worker3] [P35475] [S00] SOLVE  reward=0.00  next=correct  answer=False
2026-03-22 08:48:56,933 [Worker3] [batch] [I004] GPU_GEN  batch=4  elapsed=2.18s  pids=['39596', '102926', '62503', '35475']
2026-03-22 08:48:56,934 [Worker3] [batch] [I004] done=0  gen=0  api=7  patch=1  elapsed=14.5s
2026-03-22 08:48:56,934 [Worker3] [P77696] [S01] PATCHER_SUBMIT  reward=0.10
2026-03-22 08:48:56,997 [Worker3] [batch] [I005] log_probs  n=1  elapsed=0.06s
2026-03-22 08:48:56,997 [Worker3] [P77696] [S01] CORRECT(fail)  reward=0.10  → patcher
2026-03-22 08:48:56,997 [Worker3] [batch] [I005] done=0  gen=0  api=6  patch=2  elapsed=14.6s
2026-03-22 08:48:56,997 [Worker3] [P92161] [S01] PATCHER_SUBMIT  reward=0.00
2026-03-22 08:48:57,037 [Worker3] [batch] [I006] log_probs  n=1  elapsed=0.04s
2026-03-22 08:48:57,038 [Worker3] [P92161] [S01] CORRECT(fail)  reward=0.00  → patcher
2026-03-22 08:48:57,038 [Worker3] [batch] [I006] done=0  gen=0  api=5  patch=3  elapsed=14.6s
2026-03-22 08:48:57,266 [Worker3] [batch] [I007] done=0  gen=0  api=5  patch=3  elapsed=14.9s
2026-03-22 08:48:58,286 [Worker3] [P17539] [S02] PATCHER_ARRIVED  reward=0.10  gt=correct
2026-03-22 08:48:58,327 [Worker3] [batch] [I008] log_probs  n=1  elapsed=0.04s
2026-03-22 08:48:58,327 [Worker3] [P17539] [S02] PATCHER  reward=0.10  → WRONG  total=3
2026-03-22 08:48:58,328 [Worker3] ────────────────────────────────────────────────────────────
[PATCHER_WRONG] problem_id=17539  steps=3
  pred    : ['<|solve|>', '<|solve|>', '<|solve|>']
  gt      : ['<|solve|>', '<|correct|>', '<|correct|>']
  is_gen  : [True, True, False]
  rewards : [0.1, 0.1, 0.1]
2026-03-22 08:48:58,328 [Worker3] [batch] [I008] done=1  gen=0  api=5  patch=2  elapsed=15.9s
2026-03-22 08:48:58,328 [Worker3] [P62503] [S01] PATCHER_SUBMIT  reward=0.10
2026-03-22 08:48:58,372 [Worker3] [batch] [I009] log_probs  n=1  elapsed=0.04s
2026-03-22 08:48:58,372 [Worker3] [P62503] [S01] CORRECT(fail)  reward=0.10  → patcher
2026-03-22 08:48:58,372 [Worker3] [batch] [I009] done=1  gen=0  api=4  patch=3  elapsed=16.0s
2026-03-22 08:48:58,684 [Worker3] [batch] [I010] done=1  gen=0  api=4  patch=3  elapsed=16.3s
2026-03-22 08:48:58,726 [Worker3] [batch] [I011] log_probs  n=1  elapsed=0.04s
2026-03-22 08:48:58,727 [Worker3] [P76116] [S00] SOLVE  reward=0.00  next=correct  answer=False
2026-03-22 08:49:01,660 [Worker3] [batch] [I011] GPU_GEN  batch=1  elapsed=2.93s  pids=['76116']
2026-03-22 08:49:01,660 [Worker3] [batch] [I011] done=1  gen=0  api=4  patch=3  elapsed=19.3s
2026-03-22 08:49:01,660 [Worker3] [P35475] [S01] PATCHER_SUBMIT  reward=0.00
2026-03-22 08:49:01,756 [Worker3] [batch] [I012] log_probs  n=3  elapsed=0.10s
2026-03-22 08:49:01,756 [Worker3] [P39596] [S01] CORRECT  reward=0.50  next=solve  answer=False
2026-03-22 08:49:01,756 [Worker3] [P102926] [S01] SOLVE  reward=1.00  next=solve  answer=False
2026-03-22 08:49:01,756 [Worker3] [P35475] [S01] CORRECT(fail)  reward=0.00  → patcher
2026-03-22 08:49:03,768 [Worker3] [batch] [I012] GPU_GEN  batch=2  elapsed=2.01s  pids=['39596', '102926']
2026-03-22 08:49:03,768 [Worker3] [batch] [I012] done=1  gen=0  api=3  patch=4  elapsed=21.4s
2026-03-22 08:49:04,054 [Worker3] [batch] [I013] done=1  gen=0  api=3  patch=4  elapsed=21.6s
2026-03-22 08:49:06,057 [Worker3] [P62503] [S02] PATCHER_ARRIVED  reward=1.00  gt=solve
2026-03-22 08:49:06,101 [Worker3] [batch] [I014] log_probs  n=1  elapsed=0.04s
2026-03-22 08:49:06,101 [Worker3] [P62503] [S02] PATCHER  reward=1.00  answer=False
2026-03-22 08:49:07,956 [Worker3] [batch] [I014] GPU_GEN  batch=1  elapsed=1.86s  pids=['62503']
2026-03-22 08:49:07,957 [Worker3] [batch] [I014] done=1  gen=0  api=4  patch=3  elapsed=25.5s
2026-03-22 08:49:07,957 [Worker3] [P76116] [S01] PATCHER_SUBMIT  reward=0.00
2026-03-22 08:49:13,124 [Worker3] [P77696] [S02] PATCHER_ARRIVED  reward=1.00  gt=solve
2026-03-22 08:49:15,636 [Worker3] [P35475] [S02] PATCHER_ARRIVED  reward=0.50  gt=solve
2026-03-22 08:49:16,006 [Worker3] [batch] [I015] log_probs  n=5  elapsed=0.37s
2026-03-22 08:49:16,006 [Worker3] [P39596] [S02] SOLVE  reward=0.10  next=correct  answer=False
2026-03-22 08:49:16,006 [Worker3] [P102926] [S02] SOLVE  reward=1.00  next=solve  answer=False
2026-03-22 08:49:16,006 [Worker3] [P76116] [S01] CORRECT(fail)  reward=0.00  → patcher
2026-03-22 08:49:16,006 [Worker3] [P77696] [S02] PATCHER  reward=1.00  answer=False
2026-03-22 08:49:16,006 [Worker3] [P35475] [S02] PATCHER  reward=0.50  answer=False
2026-03-22 08:49:18,432 [Worker3] [batch] [I015] GPU_GEN  batch=4  elapsed=2.42s  pids=['39596', '102926', '77696', '35475']
2026-03-22 08:49:18,432 [Worker3] [batch] [I015] done=1  gen=0  api=5  patch=2  elapsed=36.0s
2026-03-22 08:49:26,342 [Worker3] [reward] 숫자 없는 응답: "''", 0.0 반환
2026-03-22 08:49:26,344 [Worker3] [P92161] [S02] PATCHER_ARRIVED  reward=0.00  gt=correct
2026-03-22 08:49:35,179 [Worker3] [reward] 숫자 없는 응답: "''", 0.0 반환
2026-03-22 08:49:35,181 [Worker3] [P76116] [S02] PATCHER_ARRIVED  reward=0.00  gt=correct
2026-03-22 08:49:35,354 [Worker3] [batch] [I016] log_probs  n=3  elapsed=0.17s
2026-03-22 08:49:35,355 [Worker3] [P62503] [S03] SOLVE  reward=1.00  next=solve  answer=False
2026-03-22 08:49:35,355 [Worker3] [P92161] [S02] PATCHER  reward=0.00  → WRONG  total=3
2026-03-22 08:49:35,355 [Worker3] ────────────────────────────────────────────────────────────
[PATCHER_WRONG] problem_id=92161  steps=3
  pred    : ['<|solve|>', '<|solve|>', '<|solve|>']
  gt      : ['<|solve|>', '<|correct|>', '<|correct|>']
  is_gen  : [True, True, False]
  rewards : [0.1, 0.0, 0.0]
2026-03-22 08:49:35,355 [Worker3] [P76116] [S02] PATCHER  reward=0.00  → WRONG  total=3
2026-03-22 08:49:35,355 [Worker3] ────────────────────────────────────────────────────────────
[PATCHER_WRONG] problem_id=76116  steps=3
  pred    : ['<|solve|>', '<|solve|>', '<|solve|>']
  gt      : ['<|solve|>', '<|correct|>', '<|correct|>']
  is_gen  : [True, True, False]
  rewards : [0.0, 0.0, 0.0]
2026-03-22 08:49:36,439 [Worker3] [batch] [I016] GPU_GEN  batch=1  elapsed=1.08s  pids=['62503']
2026-03-22 08:49:36,439 [Worker3] [batch] [I016] done=3  gen=0  api=5  patch=0  elapsed=54.0s
2026-03-22 08:49:36,440 [Worker3] [P39596] [S03] PATCHER_SUBMIT  reward=0.00
2026-03-22 08:49:36,730 [Worker3] [batch] [I017] log_probs  n=4  elapsed=0.29s
2026-03-22 08:49:36,730 [Worker3] [P39596] [S03] CORRECT(fail)  reward=0.00  → patcher
2026-03-22 08:49:36,730 [Worker3] [P102926] [S03] SOLVE  reward=1.00  next=correct  answer=False
2026-03-22 08:49:36,730 [Worker3] [P77696] [S03] SOLVE  reward=0.10  next=correct  answer=False
2026-03-22 08:49:36,730 [Worker3] [P35475] [S03] SOLVE  reward=0.10  next=correct  answer=False
2026-03-22 08:49:38,715 [Worker3] [batch] [I017] GPU_GEN  batch=3  elapsed=1.98s  pids=['102926', '77696', '35475']
2026-03-22 08:49:38,715 [Worker3] [batch] [I017] done=3  gen=0  api=4  patch=1  elapsed=56.3s
2026-03-22 08:49:38,888 [Worker3] [batch] [I018] done=3  gen=0  api=4  patch=1  elapsed=56.5s
2026-03-22 08:49:40,662 [Worker3] [P39596] [S04] PATCHER_ARRIVED  reward=0.10  gt=correct
2026-03-22 08:49:40,717 [Worker3] [batch] [I019] log_probs  n=1  elapsed=0.05s
2026-03-22 08:49:40,717 [Worker3] [P39596] [S04] PATCHER  reward=0.10  → WRONG  total=5
2026-03-22 08:49:40,717 [Worker3] ────────────────────────────────────────────────────────────
[PATCHER_WRONG] problem_id=39596  steps=5
  pred    : ['<|solve|>', '<|solve|>', '<|solve|>', '<|solve|>', '<|solve|>']
  gt      : ['<|solve|>', '<|correct|>', '<|solve|>', '<|correct|>', '<|correct|>']
  is_gen  : [True, True, True, True, False]
  rewards : [0.0, 0.5, 0.1, 0.0, 0.1]
2026-03-22 08:49:40,718 [Worker3] [batch] [I019] done=4  gen=0  api=4  patch=0  elapsed=58.3s
2026-03-22 08:49:40,718 [Worker3] [P102926] [S04] PATCHER_SUBMIT  reward=0.10
2026-03-22 08:49:40,718 [Worker3] [P77696] [S04] PATCHER_SUBMIT  reward=0.10
2026-03-22 08:49:40,718 [Worker3] [P35475] [S04] PATCHER_SUBMIT  reward=0.10
2026-03-22 08:49:41,058 [Worker3] [batch] [I020] log_probs  n=4  elapsed=0.34s
2026-03-22 08:49:41,059 [Worker3] [P102926] [S04] CORRECT(fail)  reward=0.10  → patcher
2026-03-22 08:49:41,059 [Worker3] [P77696] [S04] CORRECT(fail)  reward=0.10  → patcher
2026-03-22 08:49:41,059 [Worker3] [P62503] [S04] SOLVE  reward=1.00  next=solve  answer=False
2026-03-22 08:49:41,059 [Worker3] [P35475] [S04] CORRECT(fail)  reward=0.10  → patcher
2026-03-22 08:49:41,749 [Worker3] [batch] [I020] GPU_GEN  batch=1  elapsed=0.69s  pids=['62503']
2026-03-22 08:49:41,749 [Worker3] [batch] [I020] done=4  gen=0  api=1  patch=3  elapsed=59.3s
2026-03-22 08:49:43,915 [Worker3] [batch] [I021] done=4  gen=0  api=1  patch=3  elapsed=61.5s
2026-03-22 08:49:45,141 [Worker3] [P102926] [S05] PATCHER_ARRIVED  reward=0.10  gt=correct
2026-03-22 08:49:45,186 [Worker3] [batch] [I022] log_probs  n=1  elapsed=0.04s
2026-03-22 08:49:45,186 [Worker3] [P102926] [S05] PATCHER  reward=0.10  → WRONG  total=6
2026-03-22 08:49:45,186 [Worker3] ────────────────────────────────────────────────────────────
[PATCHER_WRONG] problem_id=102926  steps=6
  pred    : ['<|solve|>', '<|solve|>', '<|solve|>', '<|solve|>', '<|solve|>', '<|solve|>']
  gt      : ['<|solve|>', '<|solve|>', '<|solve|>', '<|solve|>', '<|correct|>', '<|correct|>']
  is_gen  : [True, True, True, True, True, False]
  rewards : [0.5, 1.0, 1.0, 1.0, 0.1, 0.1]
2026-03-22 08:49:45,186 [Worker3] [batch] [I022] done=5  gen=0  api=1  patch=2  elapsed=62.8s
2026-03-22 08:49:45,232 [Worker3] [batch] [I023] done=5  gen=0  api=1  patch=2  elapsed=62.8s
2026-03-22 08:49:48,019 [Worker3] [P35475] [S05] PATCHER_ARRIVED  reward=1.00  gt=solve
2026-03-22 08:49:48,072 [Worker3] [batch] [I024] log_probs  n=1  elapsed=0.05s
2026-03-22 08:49:48,073 [Worker3] [P35475] [S05] PATCHER  reward=1.00  answer=False
2026-03-22 08:49:49,833 [Worker3] [batch] [I024] GPU_GEN  batch=1  elapsed=1.76s  pids=['35475']
2026-03-22 08:49:49,834 [Worker3] [batch] [I024] done=5  gen=0  api=2  patch=1  elapsed=67.4s
2026-03-22 08:49:52,337 [Worker3] [P77696] [S05] PATCHER_ARRIVED  reward=1.00  gt=solve
2026-03-22 08:49:52,529 [Worker3] [batch] [I025] log_probs  n=2  elapsed=0.19s
2026-03-22 08:49:52,530 [Worker3] [P62503] [S05] SOLVE  reward=1.00  next=solve  answer=False
2026-03-22 08:49:52,530 [Worker3] [P77696] [S05] PATCHER  reward=1.00  answer=True
2026-03-22 08:49:52,530 [Worker3] [P77696] DONE  status=ANSWER  total_steps=6
2026-03-22 08:49:53,379 [Worker3] [batch] [I025] GPU_GEN  batch=1  elapsed=0.85s  pids=['62503']
2026-03-22 08:49:53,379 [Worker3] [batch] [I025] done=6  gen=0  api=2  patch=0  elapsed=71.0s
2026-03-22 08:49:53,696 [Worker3] [batch] [I026] done=6  gen=0  api=2  patch=0  elapsed=71.3s
2026-03-22 08:49:53,750 [Worker3] [batch] [I027] log_probs  n=1  elapsed=0.05s
2026-03-22 08:49:53,750 [Worker3] [P35475] [S06] SOLVE  reward=0.50  next=solve  answer=False
2026-03-22 08:50:01,155 [Worker3] [batch] [I027] GPU_GEN  batch=1  elapsed=7.40s  pids=['35475']
2026-03-22 08:50:01,156 [Worker3] [batch] [I027] done=6  gen=0  api=2  patch=0  elapsed=78.7s
2026-03-22 08:50:01,207 [Worker3] [batch] [I028] log_probs  n=1  elapsed=0.05s
2026-03-22 08:50:01,207 [Worker3] [P62503] [S06] SOLVE  reward=1.00  next=solve  answer=False
2026-03-22 08:50:02,227 [Worker3] [batch] [I028] GPU_GEN  batch=1  elapsed=1.02s  pids=['62503']
2026-03-22 08:50:02,228 [Worker3] [batch] [I028] done=6  gen=0  api=2  patch=0  elapsed=79.8s
2026-03-22 08:50:05,692 [Worker3] [batch] [I029] done=6  gen=0  api=2  patch=0  elapsed=83.3s
2026-03-22 08:50:05,744 [Worker3] [batch] [I030] log_probs  n=1  elapsed=0.05s
2026-03-22 08:50:05,744 [Worker3] [P62503] [S07] SOLVE  reward=1.00  next=correct  answer=False
2026-03-22 08:50:06,495 [Worker3] [batch] [I030] GPU_GEN  batch=1  elapsed=0.75s  pids=['62503']
2026-03-22 08:50:06,495 [Worker3] [batch] [I030] done=6  gen=0  api=2  patch=0  elapsed=84.1s
2026-03-22 08:50:10,572 [Worker3] [batch] [I031] done=6  gen=0  api=2  patch=0  elapsed=88.2s
2026-03-22 08:50:10,626 [Worker3] [batch] [I032] log_probs  n=1  elapsed=0.05s
2026-03-22 08:50:10,626 [Worker3] [P62503] [S08] CORRECT  reward=0.50  next=solve  answer=True
2026-03-22 08:50:10,626 [Worker3] [P62503] DONE  status=ANSWER  total_steps=9
2026-03-22 08:50:10,626 [Worker3] [batch] [I032] done=7  gen=0  api=1  patch=0  elapsed=88.2s
2026-03-22 08:50:11,956 [Worker3] [batch] [I033] done=7  gen=0  api=1  patch=0  elapsed=89.5s
2026-03-22 08:50:12,036 [Worker3] [batch] [I034] log_probs  n=1  elapsed=0.08s
2026-03-22 08:50:12,036 [Worker3] [P35475] [S07] SOLVE  reward=0.00  next=correct  answer=False
2026-03-22 08:50:17,846 [Worker3] [batch] [I034] GPU_GEN  batch=1  elapsed=5.81s  pids=['35475']
2026-03-22 08:50:17,847 [Worker3] [batch] [I034] done=7  gen=0  api=1  patch=0  elapsed=95.4s
2026-03-22 08:50:26,715 [Worker3] [reward] 숫자 없는 응답: "''", 0.0 반환
2026-03-22 08:50:26,715 [Worker3] [batch] [I035] done=7  gen=0  api=1  patch=0  elapsed=104.3s
2026-03-22 08:50:26,716 [Worker3] [P35475] [S08] PATCHER_SUBMIT  reward=0.00
2026-03-22 08:50:26,837 [Worker3] [batch] [I036] log_probs  n=1  elapsed=0.12s
2026-03-22 08:50:26,837 [Worker3] [P35475] [S08] CORRECT(fail)  reward=0.00  → patcher
2026-03-22 08:50:26,837 [Worker3] [batch] [I036] done=7  gen=0  api=0  patch=1  elapsed=104.4s
2026-03-22 08:50:32,967 [Worker3] [batch] [I037] done=7  gen=0  api=0  patch=1  elapsed=110.6s
2026-03-22 08:50:42,402 [Worker3] [reward] 숫자 없는 응답: "''", 0.0 반환
2026-03-22 08:50:42,410 [Worker3] [P35475] [S09] PATCHER_ARRIVED  reward=0.00  gt=correct
2026-03-22 08:50:42,550 [Worker3] [batch] [I038] log_probs  n=1  elapsed=0.14s
2026-03-22 08:50:42,550 [Worker3] [P35475] [S09] PATCHER  reward=0.00  → WRONG  total=10
2026-03-22 08:50:42,550 [Worker3] ────────────────────────────────────────────────────────────
[PATCHER_WRONG] problem_id=35475  steps=10
  pred    : ['<|solve|>', '<|solve|>', '<|solve|>', '<|solve|>', '<|solve|>', '<|solve|>', '<|solve|>', '<|solve|>', '<|solve|>', '<|solve|>']
  gt      : ['<|solve|>', '<|correct|>', '<|correct|>', '<|solve|>', '<|correct|>', '<|correct|>', '<|solve|>', '<|solve|>', '<|correct|>', '<|correct|>']
  is_gen  : [True, True, False, True, True, False, True, True, True, False]
  rewards : [0.0, 0.0, 0.5, 0.1, 0.1, 1.0, 0.5, 0.0, 0.0, 0.0]
2026-03-22 08:50:42,550 [Worker3] [batch] BATCH_DONE  problems=8  answered=2  total_steps=45  iters=38  elapsed=120.1s
2026-03-22 08:50:51,299 [Worker3] [batch] [I000] GPU_GEN  batch=8  elapsed=8.67s  pids=['59091', '53425', '83364', '48579', '21666', '52272', '41636', '5866']
2026-03-22 08:50:51,320 [Worker3] [batch] [I000] done=0  gen=0  api=8  patch=0  elapsed=8.7s
2026-03-22 08:50:52,765 [Worker3] [batch] [I001] done=0  gen=0  api=8  patch=0  elapsed=10.1s
2026-03-22 08:50:52,800 [Worker3] [batch] [I002] log_probs  n=1  elapsed=0.03s
2026-03-22 08:50:52,800 [Worker3] [P48579] [S00] SOLVE  reward=0.00  next=correct  answer=False
2026-03-22 08:50:54,150 [Worker3] [batch] [I002] GPU_GEN  batch=1  elapsed=1.35s  pids=['48579']
2026-03-22 08:50:54,150 [Worker3] [batch] [I002] done=0  gen=0  api=8  patch=0  elapsed=11.5s
2026-03-22 08:50:54,267 [Worker3] [batch] [I003] log_probs  n=5  elapsed=0.12s
2026-03-22 08:50:54,267 [Worker3] [P59091] [S00] SOLVE  reward=0.00  next=correct  answer=False
2026-03-22 08:50:54,267 [Worker3] [P53425] [S00] SOLVE  reward=0.10  next=correct  answer=False
2026-03-22 08:50:54,267 [Worker3] [P52272] [S00] SOLVE  reward=0.00  next=correct  answer=False
2026-03-22 08:50:54,267 [Worker3] [P41636] [S00] SOLVE  reward=0.50  next=solve  answer=False
2026-03-22 08:50:54,267 [Worker3] [P05866] [S00] SOLVE  reward=0.50  next=solve  answer=False
2026-03-22 08:50:59,855 [Worker3] [batch] [I003] GPU_GEN  batch=5  elapsed=5.59s  pids=['59091', '53425', '52272', '41636', '5866']
2026-03-22 08:50:59,855 [Worker3] [batch] [I003] done=0  gen=0  api=8  patch=0  elapsed=17.2s
2026-03-22 08:50:59,976 [Worker3] [batch] [I004] log_probs  n=3  elapsed=0.12s
2026-03-22 08:50:59,977 [Worker3] [P83364] [S00] SOLVE  reward=0.00  next=correct  answer=False
2026-03-22 08:50:59,977 [Worker3] [P48579] [S01] CORRECT  reward=0.50  next=solve  answer=False
2026-03-22 08:50:59,977 [Worker3] [P21666] [S00] SOLVE  reward=1.00  next=solve  answer=False
2026-03-22 08:51:02,080 [Worker3] [batch] [I004] GPU_GEN  batch=3  elapsed=2.10s  pids=['83364', '48579', '21666']
2026-03-22 08:51:02,081 [Worker3] [batch] [I004] done=0  gen=0  api=8  patch=0  elapsed=19.5s
2026-03-22 08:51:02,138 [Worker3] [batch] [I005] log_probs  n=2  elapsed=0.06s
2026-03-22 08:51:02,138 [Worker3] [P41636] [S01] SOLVE  reward=0.50  next=solve  answer=False
2026-03-22 08:51:02,138 [Worker3] [P05866] [S01] SOLVE  reward=0.00  next=correct  answer=False
2026-03-22 08:51:06,633 [Worker3] [batch] [I005] GPU_GEN  batch=2  elapsed=4.49s  pids=['41636', '5866']
2026-03-22 08:51:06,633 [Worker3] [batch] [I005] done=0  gen=0  api=8  patch=0  elapsed=24.0s
2026-03-22 08:51:06,633 [Worker3] [P59091] [S01] PATCHER_SUBMIT  reward=0.00
2026-03-22 08:51:06,633 [Worker3] [P52272] [S01] PATCHER_SUBMIT  reward=0.00
2026-03-22 08:51:06,822 [Worker3] [batch] [I006] log_probs  n=4  elapsed=0.19s
2026-03-22 08:51:06,822 [Worker3] [P59091] [S01] CORRECT(fail)  reward=0.00  → patcher
2026-03-22 08:51:06,822 [Worker3] [P48579] [S02] SOLVE  reward=0.00  next=correct  answer=False
2026-03-22 08:51:06,822 [Worker3] [P21666] [S01] SOLVE  reward=0.10  next=correct  answer=False
2026-03-22 08:51:06,822 [Worker3] [P52272] [S01] CORRECT(fail)  reward=0.00  → patcher
2026-03-22 08:51:08,887 [Worker3] [batch] [I006] GPU_GEN  batch=2  elapsed=2.07s  pids=['48579', '21666']
2026-03-22 08:51:08,888 [Worker3] [batch] [I006] done=0  gen=0  api=6  patch=2  elapsed=26.3s
2026-03-22 08:51:08,888 [Worker3] [P53425] [S01] PATCHER_SUBMIT  reward=0.00
2026-03-22 08:51:08,888 [Worker3] [P83364] [S01] PATCHER_SUBMIT  reward=0.00
2026-03-22 08:51:08,957 [Worker3] [batch] [I007] log_probs  n=2  elapsed=0.07s
2026-03-22 08:51:08,957 [Worker3] [P53425] [S01] CORRECT(fail)  reward=0.00  → patcher
2026-03-22 08:51:08,957 [Worker3] [P83364] [S01] CORRECT(fail)  reward=0.00  → patcher
2026-03-22 08:51:08,957 [Worker3] [batch] [I007] done=0  gen=0  api=4  patch=4  elapsed=26.3s
2026-03-22 08:51:09,911 [Worker3] [batch] [I008] done=0  gen=0  api=4  patch=4  elapsed=27.3s
2026-03-22 08:51:09,957 [Worker3] [batch] [I009] log_probs  n=1  elapsed=0.05s
2026-03-22 08:51:09,957 [Worker3] [P41636] [S02] SOLVE  reward=0.50  next=solve  answer=False
2026-03-22 08:51:11,350 [Worker3] [batch] [I009] GPU_GEN  batch=1  elapsed=1.39s  pids=['41636']
2026-03-22 08:51:11,350 [Worker3] [batch] [I009] done=0  gen=0  api=4  patch=4  elapsed=28.7s
2026-03-22 08:51:11,351 [Worker3] [P21666] [S02] PATCHER_SUBMIT  reward=0.10
2026-03-22 08:51:11,351 [Worker3] [P05866] [S02] PATCHER_SUBMIT  reward=0.00
2026-03-22 08:51:11,457 [Worker3] [batch] [I010] log_probs  n=2  elapsed=0.11s
2026-03-22 08:51:11,457 [Worker3] [P21666] [S02] CORRECT(fail)  reward=0.10  → patcher
2026-03-22 08:51:11,457 [Worker3] [P05866] [S02] CORRECT(fail)  reward=0.00  → patcher
2026-03-22 08:51:11,457 [Worker3] [batch] [I010] done=0  gen=0  api=2  patch=6  elapsed=28.8s
2026-03-22 08:51:12,026 [Worker3] [batch] [I011] done=0  gen=0  api=2  patch=6  elapsed=29.4s
2026-03-22 08:51:14,273 [Worker3] [P59091] [S02] PATCHER_ARRIVED  reward=0.50  gt=solve
2026-03-22 08:51:14,316 [Worker3] [batch] [I012] log_probs  n=1  elapsed=0.04s
2026-03-22 08:51:14,316 [Worker3] [P59091] [S02] PATCHER  reward=0.50  answer=False
2026-03-22 08:51:14,691 [Worker3] [batch] [I012] GPU_GEN  batch=1  elapsed=0.37s  pids=['59091']
2026-03-22 08:51:14,691 [Worker3] [batch] [I012] done=0  gen=0  api=3  patch=5  elapsed=32.1s
2026-03-22 08:51:14,692 [Worker3] [P48579] [S03] PATCHER_SUBMIT  reward=0.00
2026-03-22 08:51:14,793 [Worker3] [batch] [I013] log_probs  n=2  elapsed=0.10s
2026-03-22 08:51:14,794 [Worker3] [P48579] [S03] CORRECT(fail)  reward=0.00  → patcher
2026-03-22 08:51:14,794 [Worker3] [P41636] [S03] SOLVE  reward=1.00  next=solve  answer=False
2026-03-22 08:51:15,911 [Worker3] [batch] [I013] GPU_GEN  batch=1  elapsed=1.12s  pids=['41636']
2026-03-22 08:51:15,911 [Worker3] [batch] [I013] done=0  gen=0  api=2  patch=6  elapsed=33.3s
2026-03-22 08:51:16,124 [Worker3] [batch] [I014] done=0  gen=0  api=2  patch=6  elapsed=33.5s
2026-03-22 08:51:17,279 [Worker3] [P21666] [S03] PATCHER_ARRIVED  reward=0.10  gt=correct
2026-03-22 08:51:17,334 [Worker3] [batch] [I015] log_probs  n=1  elapsed=0.05s
2026-03-22 08:51:17,334 [Worker3] [P21666] [S03] PATCHER  reward=0.10  → WRONG  total=4
2026-03-22 08:51:17,334 [Worker3] ────────────────────────────────────────────────────────────
[PATCHER_WRONG] problem_id=21666  steps=4
  pred    : ['<|solve|>', '<|solve|>', '<|solve|>', '<|solve|>']
  gt      : ['<|solve|>', '<|solve|>', '<|correct|>', '<|correct|>']
  is_gen  : [True, True, True, False]
  rewards : [1.0, 0.1, 0.1, 0.1]
2026-03-22 08:51:17,335 [Worker3] [batch] [I015] done=1  gen=0  api=2  patch=5  elapsed=34.7s
2026-03-22 08:51:17,374 [Worker3] [batch] [I016] log_probs  n=1  elapsed=0.04s
2026-03-22 08:51:17,375 [Worker3] [P59091] [S03] SOLVE  reward=0.10  next=correct  answer=False
2026-03-22 08:51:19,235 [Worker3] [batch] [I016] GPU_GEN  batch=1  elapsed=1.86s  pids=['59091']
2026-03-22 08:51:19,235 [Worker3] [batch] [I016] done=1  gen=0  api=2  patch=5  elapsed=36.6s
2026-03-22 08:51:23,613 [Worker3] [P52272] [S02] PATCHER_ARRIVED  reward=1.00  gt=solve
2026-03-22 08:51:23,674 [Worker3] [batch] [I017] log_probs  n=1  elapsed=0.06s
2026-03-22 08:51:23,675 [Worker3] [P52272] [S02] PATCHER  reward=1.00  answer=False
2026-03-22 08:51:27,041 [Worker3] [batch] [I017] GPU_GEN  batch=1  elapsed=3.37s  pids=['52272']
2026-03-22 08:51:27,041 [Worker3] [batch] [I017] done=1  gen=0  api=3  patch=4  elapsed=44.4s
2026-03-22 08:51:27,041 [Worker3] [P59091] [S04] PATCHER_SUBMIT  reward=0.00
2026-03-22 08:51:33,309 [Worker3] [P53425] [S02] PATCHER_ARRIVED  reward=0.00  gt=correct
2026-03-22 08:51:38,389 [Worker3] [P83364] [S02] PATCHER_ARRIVED  reward=0.50  gt=solve
2026-03-22 08:51:40,476 [Worker3] [P48579] [S04] PATCHER_ARRIVED  reward=0.50  gt=solve
2026-03-22 08:51:43,113 [Worker3] [P05866] [S03] PATCHER_ARRIVED  reward=0.50  gt=solve
2026-03-22 08:51:43,463 [Worker3] [batch] [I018] log_probs  n=6  elapsed=0.35s
2026-03-22 08:51:43,464 [Worker3] [P59091] [S04] CORRECT(fail)  reward=0.00  → patcher
2026-03-22 08:51:43,464 [Worker3] [P41636] [S04] SOLVE  reward=0.00  next=correct  answer=False
2026-03-22 08:51:43,464 [Worker3] [P53425] [S02] PATCHER  reward=0.00  → WRONG  total=3
2026-03-22 08:51:43,465 [Worker3] ────────────────────────────────────────────────────────────
[PATCHER_WRONG] problem_id=53425  steps=3
  pred    : ['<|solve|>', '<|solve|>', '<|solve|>']
  gt      : ['<|solve|>', '<|correct|>', '<|correct|>']
  is_gen  : [True, True, False]
  rewards : [0.1, 0.0, 0.0]
2026-03-22 08:51:43,465 [Worker3] [P83364] [S02] PATCHER  reward=0.50  answer=False
2026-03-22 08:51:43,465 [Worker3] [P48579] [S04] PATCHER  reward=0.50  answer=False
2026-03-22 08:51:43,465 [Worker3] [P05866] [S03] PATCHER  reward=0.50  answer=False
2026-03-22 08:51:51,805 [Worker3] [batch] [I018] GPU_GEN  batch=4  elapsed=8.34s  pids=['83364', '48579', '41636', '5866']
2026-03-22 08:51:51,805 [Worker3] [batch] [I018] done=2  gen=0  api=5  patch=1  elapsed=69.2s
2026-03-22 08:51:54,757 [Worker3] [P59091] [S05] PATCHER_ARRIVED  reward=0.10  gt=correct
2026-03-22 08:51:54,883 [Worker3] [batch] [I019] log_probs  n=2  elapsed=0.13s
2026-03-22 08:51:54,883 [Worker3] [P52272] [S03] SOLVE  reward=0.00  next=correct  answer=False
2026-03-22 08:51:54,883 [Worker3] [P59091] [S05] PATCHER  reward=0.10  → WRONG  total=6
2026-03-22 08:51:54,883 [Worker3] ────────────────────────────────────────────────────────────
[PATCHER_WRONG] problem_id=59091  steps=6
  pred    : ['<|solve|>', '<|solve|>', '<|solve|>', '<|solve|>', '<|solve|>', '<|solve|>']
  gt      : ['<|solve|>', '<|correct|>', '<|correct|>', '<|solve|>', '<|correct|>', '<|correct|>']
  is_gen  : [True, True, False, True, True, False]
  rewards : [0.0, 0.0, 0.5, 0.1, 0.0, 0.1]
2026-03-22 08:51:58,201 [Worker3] [batch] [I019] GPU_GEN  batch=1  elapsed=3.32s  pids=['52272']
2026-03-22 08:51:58,202 [Worker3] [batch] [I019] done=3  gen=0  api=5  patch=0  elapsed=75.6s
2026-03-22 08:51:58,202 [Worker3] [P41636] [S05] PATCHER_SUBMIT  reward=0.00
2026-03-22 08:51:58,470 [Worker3] [reward] 숫자 없는 응답: "''", 0.0 반환
2026-03-22 08:51:58,470 [Worker3] [batch] [I020] log_probs  n=3  elapsed=0.27s
2026-03-22 08:51:58,470 [Worker3] [P83364] [S03] SOLVE  reward=0.50  next=solve  answer=False
2026-03-22 08:51:58,470 [Worker3] [P41636] [S05] CORRECT(fail)  reward=0.00  → patcher
2026-03-22 08:51:58,470 [Worker3] [P05866] [S04] SOLVE  reward=0.00  next=correct  answer=False
2026-03-22 08:51:59,949 [Worker3] [batch] [I020] GPU_GEN  batch=2  elapsed=1.48s  pids=['83364', '5866']
2026-03-22 08:51:59,950 [Worker3] [batch] [I020] done=3  gen=0  api=4  patch=1  elapsed=77.3s
2026-03-22 08:52:00,019 [Worker3] [batch] [I021] log_probs  n=1  elapsed=0.07s
2026-03-22 08:52:00,019 [Worker3] [P48579] [S05] SOLVE  reward=0.00  next=correct  answer=False
2026-03-22 08:52:01,513 [Worker3] [batch] [I021] GPU_GEN  batch=1  elapsed=1.49s  pids=['48579']
2026-03-22 08:52:01,513 [Worker3] [batch] [I021] done=3  gen=0  api=4  patch=1  elapsed=78.9s
2026-03-22 08:52:01,831 [Worker3] [batch] [I022] done=3  gen=0  api=4  patch=1  elapsed=79.2s
2026-03-22 08:52:01,866 [Worker3] [batch] [I023] log_probs  n=1  elapsed=0.03s
2026-03-22 08:52:01,866 [Worker3] [P83364] [S04] SOLVE  reward=0.10  next=correct  answer=False
2026-03-22 08:52:02,406 [Worker3] [batch] [I023] GPU_GEN  batch=1  elapsed=0.54s  pids=['83364']
2026-03-22 08:52:02,406 [Worker3] [batch] [I023] done=3  gen=0  api=4  patch=1  elapsed=79.8s
2026-03-22 08:52:03,861 [Worker3] [batch] [I024] done=3  gen=0  api=4  patch=1  elapsed=81.2s
2026-03-22 08:52:07,490 [Worker3] [P41636] [S06] PATCHER_ARRIVED  reward=1.00  gt=solve
2026-03-22 08:52:07,581 [Worker3] [batch] [I025] log_probs  n=1  elapsed=0.09s
2026-03-22 08:52:07,582 [Worker3] [P41636] [S06] PATCHER  reward=1.00  answer=False
2026-03-22 08:52:07,799 [Worker3] [batch] [I025] GPU_GEN  batch=1  elapsed=0.22s  pids=['41636']
2026-03-22 08:52:07,800 [Worker3] [batch] [I025] done=3  gen=0  api=5  patch=0  elapsed=85.2s
2026-03-22 08:52:07,800 [Worker3] [P48579] [S06] PATCHER_SUBMIT  reward=0.00
2026-03-22 08:52:07,800 [Worker3] [P52272] [S04] PATCHER_SUBMIT  reward=0.00
2026-03-22 08:52:07,800 [Worker3] [P05866] [S05] PATCHER_SUBMIT  reward=0.00
2026-03-22 08:52:08,073 [Worker3] [batch] [I026] log_probs  n=3  elapsed=0.27s
2026-03-22 08:52:08,073 [Worker3] [P48579] [S06] CORRECT(fail)  reward=0.00  → patcher
2026-03-22 08:52:08,073 [Worker3] [P52272] [S04] CORRECT(fail)  reward=0.00  → patcher
2026-03-22 08:52:08,073 [Worker3] [P05866] [S05] CORRECT(fail)  reward=0.00  → patcher
2026-03-22 08:52:08,073 [Worker3] [batch] [I026] done=3  gen=0  api=2  patch=3  elapsed=85.4s
2026-03-22 08:52:08,173 [Worker3] [batch] [I027] done=3  gen=0  api=2  patch=3  elapsed=85.5s
2026-03-22 08:52:08,173 [Worker3] [P83364] [S05] PATCHER_SUBMIT  reward=0.00
2026-03-22 08:52:08,219 [Worker3] [batch] [I028] log_probs  n=1  elapsed=0.05s
2026-03-22 08:52:08,219 [Worker3] [P83364] [S05] CORRECT(fail)  reward=0.00  → patcher
2026-03-22 08:52:08,219 [Worker3] [batch] [I028] done=3  gen=0  api=1  patch=4  elapsed=85.6s
2026-03-22 08:52:09,271 [Worker3] [batch] [I029] done=3  gen=0  api=1  patch=4  elapsed=86.6s
2026-03-22 08:52:09,355 [Worker3] [batch] [I030] log_probs  n=1  elapsed=0.08s
2026-03-22 08:52:09,355 [Worker3] [P41636] [S07] SOLVE  reward=0.10  next=correct  answer=False
2026-03-22 08:52:09,545 [Worker3] [batch] [I030] GPU_GEN  batch=1  elapsed=0.19s  pids=['41636']
2026-03-22 08:52:09,545 [Worker3] [batch] [I030] done=3  gen=0  api=1  patch=4  elapsed=86.9s
2026-03-22 08:52:10,888 [Worker3] [batch] [I031] done=3  gen=0  api=1  patch=4  elapsed=88.3s
2026-03-22 08:52:10,888 [Worker3] [P41636] [S08] PATCHER_SUBMIT  reward=0.10
2026-03-22 08:52:10,972 [Worker3] [batch] [I032] log_probs  n=1  elapsed=0.08s
2026-03-22 08:52:10,972 [Worker3] [P41636] [S08] CORRECT(fail)  reward=0.10  → patcher
2026-03-22 08:52:10,972 [Worker3] [batch] [I032] done=3  gen=0  api=0  patch=5  elapsed=88.3s
2026-03-22 08:52:11,545 [Worker3] [batch] [I033] done=3  gen=0  api=0  patch=5  elapsed=88.9s
2026-03-22 08:52:15,967 [Worker3] [P05866] [S06] PATCHER_ARRIVED  reward=1.00  gt=solve
2026-03-22 08:52:16,030 [Worker3] [batch] [I034] log_probs  n=1  elapsed=0.06s
2026-03-22 08:52:16,030 [Worker3] [P05866] [S06] PATCHER  reward=1.00  answer=False
2026-03-22 08:52:18,239 [Worker3] [batch] [I034] GPU_GEN  batch=1  elapsed=2.21s  pids=['5866']
2026-03-22 08:52:18,240 [Worker3] [batch] [I034] done=3  gen=0  api=1  patch=4  elapsed=95.6s
2026-03-22 08:52:24,420 [Worker3] [P83364] [S06] PATCHER_ARRIVED  reward=0.10  gt=correct
2026-03-22 08:52:27,197 [Worker3] [P48579] [S07] PATCHER_ARRIVED  reward=0.10  gt=correct
2026-03-22 08:52:33,697 [Worker3] [P52272] [S05] PATCHER_ARRIVED  reward=1.00  gt=solve
2026-03-22 08:52:36,991 [Worker3] [P41636] [S09] PATCHER_ARRIVED  reward=1.00  gt=solve
2026-03-22 08:52:37,417 [Worker3] [batch] [I035] log_probs  n=4  elapsed=0.43s
2026-03-22 08:52:37,417 [Worker3] [P83364] [S06] PATCHER  reward=0.10  → WRONG  total=7
2026-03-22 08:52:37,418 [Worker3] ────────────────────────────────────────────────────────────
[PATCHER_WRONG] problem_id=83364  steps=7
  pred    : ['<|solve|>', '<|solve|>', '<|solve|>', '<|solve|>', '<|solve|>', '<|solve|>', '<|solve|>']
  gt      : ['<|solve|>', '<|correct|>', '<|correct|>', '<|solve|>', '<|solve|>', '<|correct|>', '<|correct|>']
  is_gen  : [True, True, False, True, True, True, False]
  rewards : [0.0, 0.0, 0.5, 0.5, 0.1, 0.0, 0.1]
2026-03-22 08:52:37,418 [Worker3] [P48579] [S07] PATCHER  reward=0.10  → WRONG  total=8
2026-03-22 08:52:37,418 [Worker3] ────────────────────────────────────────────────────────────
[PATCHER_WRONG] problem_id=48579  steps=8
  pred    : ['<|solve|>', '<|solve|>', '<|solve|>', '<|solve|>', '<|solve|>', '<|solve|>', '<|solve|>', '<|solve|>']
  gt      : ['<|solve|>', '<|correct|>', '<|solve|>', '<|correct|>', '<|correct|>', '<|solve|>', '<|correct|>', '<|correct|>']
  is_gen  : [True, True, True, True, False, True, True, False]
  rewards : [0.0, 0.5, 0.0, 0.0, 0.5, 0.0, 0.0, 0.1]
2026-03-22 08:52:37,418 [Worker3] [P52272] [S05] PATCHER  reward=1.00  answer=True
2026-03-22 08:52:37,418 [Worker3] [P52272] DONE  status=ANSWER  total_steps=6
2026-03-22 08:52:37,418 [Worker3] [P41636] [S09] PATCHER  reward=1.00  answer=True
2026-03-22 08:52:37,418 [Worker3] [P41636] DONE  status=ANSWER  total_steps=10
2026-03-22 08:52:37,418 [Worker3] [batch] [I035] done=7  gen=0  api=1  patch=0  elapsed=114.8s
2026-03-22 08:52:37,494 [Worker3] [batch] [I036] log_probs  n=1  elapsed=0.08s
2026-03-22 08:52:37,494 [Worker3] [P05866] [S07] SOLVE  reward=1.00  next=solve  answer=False
2026-03-22 08:52:44,879 [Worker3] [batch] [I036] GPU_GEN  batch=1  elapsed=7.38s  pids=['5866']
2026-03-22 08:52:44,879 [Worker3] [batch] [I036] done=7  gen=0  api=1  patch=0  elapsed=122.3s
2026-03-22 08:52:51,364 [Worker3] [batch] [I037] done=7  gen=0  api=1  patch=0  elapsed=128.7s
2026-03-22 08:52:51,456 [Worker3] [batch] [I038] log_probs  n=1  elapsed=0.09s
2026-03-22 08:52:51,456 [Worker3] [P05866] [S08] SOLVE  reward=0.00  next=correct  answer=False
2026-03-22 08:52:58,318 [Worker3] [batch] [I038] GPU_GEN  batch=1  elapsed=6.86s  pids=['5866']
2026-03-22 08:52:58,319 [Worker3] [batch] [I038] done=7  gen=0  api=1  patch=0  elapsed=135.7s
2026-03-22 08:53:02,944 [Worker3] [batch] [I039] done=7  gen=0  api=1  patch=0  elapsed=140.3s
2026-03-22 08:53:02,945 [Worker3] [P05866] [S09] PATCHER_SUBMIT  reward=0.00
2026-03-22 08:53:03,082 [Worker3] [batch] [I040] log_probs  n=1  elapsed=0.14s
2026-03-22 08:53:03,082 [Worker3] [P05866] [S09] CORRECT(fail)  reward=0.00  → patcher
2026-03-22 08:53:03,083 [Worker3] [batch] [I040] done=7  gen=0  api=0  patch=1  elapsed=140.5s
2026-03-22 08:53:22,585 [Worker3] [batch] [I041] done=7  gen=0  api=0  patch=1  elapsed=160.0s
2026-03-22 08:53:25,295 [Worker3] [P05866] [S10] PATCHER_ARRIVED  reward=1.00  gt=solve
2026-03-22 08:53:25,450 [Worker3] [batch] [I042] log_probs  n=1  elapsed=0.16s
2026-03-22 08:53:25,450 [Worker3] [P05866] [S10] PATCHER  reward=1.00  answer=False
2026-03-22 08:53:31,658 [Worker3] [batch] [I042] GPU_GEN  batch=1  elapsed=6.21s  pids=['5866']
2026-03-22 08:53:31,659 [Worker3] [batch] [I042] done=7  gen=0  api=1  patch=0  elapsed=169.0s
2026-03-22 08:53:43,917 [Worker3] [reward] 숫자 없는 응답: "''", 0.0 반환
2026-03-22 08:53:43,917 [Worker3] [batch] [I043] done=7  gen=0  api=1  patch=0  elapsed=181.3s
2026-03-22 08:53:44,069 [Worker3] [batch] [I044] log_probs  n=1  elapsed=0.15s
2026-03-22 08:53:44,070 [Worker3] [P05866] [S11] SOLVE  reward=0.00  next=correct  answer=False
2026-03-22 08:53:46,682 [Worker3] [batch] [I044] GPU_GEN  batch=1  elapsed=2.61s  pids=['5866']
2026-03-22 08:53:46,682 [Worker3] [batch] [I044] done=7  gen=0  api=1  patch=0  elapsed=184.1s
2026-03-22 08:53:52,777 [Worker3] [batch] [I045] done=7  gen=0  api=1  patch=0  elapsed=190.1s
2026-03-22 08:53:52,777 [Worker3] [P05866] [S12] PATCHER_SUBMIT  reward=0.00
2026-03-22 08:53:52,967 [Worker3] [batch] [I046] log_probs  n=1  elapsed=0.19s
2026-03-22 08:53:52,967 [Worker3] [P05866] [S12] CORRECT(fail)  reward=0.00  → patcher
2026-03-22 08:53:52,967 [Worker3] [batch] [I046] done=7  gen=0  api=0  patch=1  elapsed=190.3s
2026-03-22 08:54:13,703 [Worker3] [batch] [I047] done=7  gen=0  api=0  patch=1  elapsed=211.1s
2026-03-22 08:54:18,266 [Worker3] [P05866] [S13] PATCHER_ARRIVED  reward=0.00  gt=correct
2026-03-22 08:54:18,476 [Worker3] [batch] [I048] log_probs  n=1  elapsed=0.21s
2026-03-22 08:54:18,476 [Worker3] [P05866] [S13] PATCHER  reward=0.00  → WRONG  total=14
2026-03-22 08:54:18,476 [Worker3] ────────────────────────────────────────────────────────────
[PATCHER_WRONG] problem_id=5866  steps=14
  pred    : ['<|solve|>', '<|solve|>', '<|solve|>', '<|solve|>', '<|solve|>', '<|solve|>', '<|solve|>', '<|solve|>', '<|solve|>', '<|solve|>', '<|solve|>', '<|solve|>', '<|solve|>', '<|solve|>']
  gt      : ['<|solve|>', '<|solve|>', '<|correct|>', '<|correct|>', '<|solve|>', '<|correct|>', '<|correct|>', '<|solve|>', '<|solve|>', '<|correct|>', '<|correct|>', '<|solve|>', '<|correct|>', '<|correct|>']
  is_gen  : [True, True, True, False, True, True, False, True, True, True, False, True, True, False]
  rewards : [0.5, 0.0, 0.0, 0.5, 0.0, 0.0, 1.0, 1.0, 0.0, 0.0, 1.0, 0.0, 0.0, 0.0]
2026-03-22 08:54:18,477 [Worker3] [batch] BATCH_DONE  problems=8  answered=2  total_steps=58  iters=48  elapsed=215.9s
