2026-03-22 08:42:28,572 [INFO] 로그 파일: ../output/prototype/20260322_084228/run.log
2026-03-22 08:42:36,992 [INFO] [load_problems] 16000개 로드 (../datasets/deepmath_16k.parquet)
2026-03-22 08:42:37,297 [INFO] [load_math500] 500개 로드 (../datasets/math500.parquet)
2026-03-22 08:42:37,311 [INFO] Generator 로드 중: /mnt/yoonju/SC/checkpoints/sft/20260322_061039/epoch2
2026-03-22 08:42:37,587 [INFO]   스페셜 토큰 1개 추가됨: ['<|solve|>', '<|correct|>', '<|end|>']
2026-03-22 08:42:46,008 [INFO]   임베딩 리사이즈: 151668 vocab
2026-03-22 08:42:46,009 [INFO] Generator 로드 완료.
2026-03-22 08:42:46,010 [INFO] Generator 로드 중: /mnt/yoonju/SC/checkpoints/sft/20260322_061039/epoch2
2026-03-22 08:42:46,265 [INFO]   스페셜 토큰 1개 추가됨: ['<|solve|>', '<|correct|>', '<|end|>']
2026-03-22 08:42:49,242 [INFO]   임베딩 리사이즈: 151668 vocab
2026-03-22 08:42:49,244 [INFO] Generator 로드 완료.
2026-03-22 08:42:50,810 [INFO] PPOTrainer 체크포인트 로드: /mnt/yoonju/SC/checkpoints/sft/20260322_061039/epoch2
2026-03-22 08:42:50,810 [INFO] PPOTrainer 초기화 완료 (cuda:4)  training → ../output/prototype/20260322_084228/training.jsonl
2026-03-22 08:42:50,838 [INFO] 문제 16000개  |  ts=20260322_084228
2026-03-22 08:42:50,839 [INFO]   rollout  → ../output/prototype/20260322_084228/rollouts_worker_0.jsonl
2026-03-22 08:42:50,839 [INFO]   rollout  → ../output/prototype/20260322_084228/rollouts_worker_1.jsonl
2026-03-22 08:42:50,839 [INFO]   rollout  → ../output/prototype/20260322_084228/rollouts_worker_2.jsonl
2026-03-22 08:42:50,839 [INFO]   rollout  → ../output/prototype/20260322_084228/rollouts_worker_3.jsonl
2026-03-22 08:42:50,839 [INFO]   training → ../output/prototype/20260322_084228/training.jsonl
2026-03-22 08:54:18,581 [INFO] [iter    0]  collected=64  correct=13  boxed=26  sub_iters=3  total_finished=64
2026-03-22 08:54:55,913 [WARNING] socket.send() raised exception.
2026-03-22 08:54:55,914 [WARNING] socket.send() raised exception.
